#
# There is insufficient memory for the Java Runtime Environment to continue.
# Native memory allocation (mmap) failed to map 33554432 bytes for Failed to commit area from 0x0000000089c00000 to 0x000000008bc00000 of length 33554432.
# Possible reasons:
#   The system is out of physical RAM or swap space
#   The process is running with CompressedOops enabled, and the Java Heap may be blocking the growth of the native heap
# Possible solutions:
#   Reduce memory load on the system
#   Increase physical memory or swap space
#   Check if swap backing store is full
#   Decrease Java heap size (-Xmx/-Xms)
#   Decrease number of Java threads
#   Decrease Java thread stack sizes (-Xss)
#   Set larger code cache with -XX:ReservedCodeCacheSize=
#   JVM is running with Unscaled Compressed Oops mode in which the Java heap is
#     placed in the first 4GB address space. The Java Heap base address is the
#     maximum limit for the native heap growth. Please use -XX:HeapBaseMinAddress
#     to set the Java Heap base and to place the Java Heap above 4GB virtual address.
# This output file may be truncated or incomplete.
#
#  Out of Memory Error (./src/hotspot/os/windows/os_windows.cpp:3301), pid=8664, tid=6996
#
# JRE version: OpenJDK Runtime Environment (11.0.10) (build 11.0.10+0-b96-7249189)
# Java VM: OpenJDK 64-Bit Server VM (11.0.10+0-b96-7249189, mixed mode, tiered, compressed oops, g1 gc, windows-amd64)
# No core dump will be written. Minidumps are not enabled by default on client versions of Windows
#

---------------  S U M M A R Y ------------

Command Line: --add-opens=java.base/java.util=ALL-UNNAMED --add-opens=java.base/java.lang=ALL-UNNAMED --add-opens=java.base/java.lang.invoke=ALL-UNNAMED --add-opens=java.base/java.util=ALL-UNNAMED --add-opens=java.prefs/java.util.prefs=ALL-UNNAMED --add-opens=java.prefs/java.util.prefs=ALL-UNNAMED --add-opens=java.base/java.nio.charset=ALL-UNNAMED --add-opens=java.base/java.net=ALL-UNNAMED --add-opens=java.base/java.util.concurrent.atomic=ALL-UNNAMED -Xmx2048m -Dfile.encoding=UTF-8 -Duser.country=US -Duser.language=en -Duser.variant org.gradle.launcher.daemon.bootstrap.GradleDaemon 7.0.2

Host: Intel(R) Celeron(R) N4020 CPU @ 1.10GHz, 2 cores, 3G,  Windows 10 , 64 bit Build 19041 (10.0.19041.1889)
Time: Fri Feb 24 16:16:43 2023 Haiti Standard Time elapsed time: 42.370886 seconds (0d 0h 0m 42s)

---------------  T H R E A D  ---------------

Current thread (0x00000202a6688800):  VMThread "VM Thread" [stack: 0x000000dfb6800000,0x000000dfb6900000] [id=6996]

Stack: [0x000000dfb6800000,0x000000dfb6900000]
[error occurred during error reporting (printing stack bounds), id 0xc0000005, EXCEPTION_ACCESS_VIOLATION (0xc0000005) at pc=0x0000020290ab0f3d]

Native frames: (J=compiled Java code, j=interpreted, Vv=VM code, C=native code)
V  [jvm.dll+0x5ecfaa]
V  [jvm.dll+0x722bd5]
V  [jvm.dll+0x72412d]
V  [jvm.dll+0x724745]
V  [jvm.dll+0x7246fb]
V  [jvm.dll+0x5ec348]
V  [jvm.dll+0x5ecad8]
C  [ntdll.dll+0xa241f]
C  [ntdll.dll+0x514a4]
C  [ntdll.dll+0xa0f4e]
C  0x0000020290ab0f3d

VM_Operation (0x000000dfb7af6430): G1CollectForAllocation, mode: safepoint, requested by thread 0x00000202a8127800


---------------  P R O C E S S  ---------------

Threads class SMR info:
_java_thread_list=0x00000202a92802b0, length=42, elements={
0x000002028cfbd800, 0x00000202a668f800, 0x00000202a6691800, 0x00000202a66ed800,
0x00000202a66ee800, 0x00000202a66f0000, 0x00000202a66f4000, 0x00000202a66f5800,
0x00000202a66fb800, 0x00000202a715e000, 0x00000202a8473000, 0x00000202a8bc4800,
0x00000202a9641000, 0x00000202a854d800, 0x00000202a854e000, 0x00000202a925b800,
0x00000202a8127800, 0x00000202a7e59000, 0x00000202a89fc000, 0x00000202a7559800,
0x00000202a7558000, 0x00000202a755b800, 0x00000202a755e000, 0x00000202a755e800,
0x00000202a7559000, 0x00000202a755d000, 0x00000202a755c000, 0x00000202a755a800,
0x00000202ab49d800, 0x00000202ab49f800, 0x00000202ab49a000, 0x00000202ab4a0800,
0x00000202ab49f000, 0x00000202ab49b800, 0x00000202ab4a4000, 0x00000202ab4a3000,
0x00000202ab4a7000, 0x00000202ab4a6800, 0x00000202ab4a8000, 0x00000202ab4a8800,
0x00000202ab4a4800, 0x00000202a9e87800
}

Java Threads: ( => current thread )
  0x000002028cfbd800 JavaThread "main" [_thread_blocked, id=5880, stack(0x000000dfb6200000,0x000000dfb6300000)]
  0x00000202a668f800 JavaThread "Reference Handler" daemon [_thread_blocked, id=6800, stack(0x000000dfb6900000,0x000000dfb6a00000)]
  0x00000202a6691800 JavaThread "Finalizer" daemon [_thread_blocked, id=5980, stack(0x000000dfb6a00000,0x000000dfb6b00000)]
  0x00000202a66ed800 JavaThread "Signal Dispatcher" daemon [_thread_blocked, id=7984, stack(0x000000dfb6b00000,0x000000dfb6c00000)]
  0x00000202a66ee800 JavaThread "Attach Listener" daemon [_thread_blocked, id=4744, stack(0x000000dfb6c00000,0x000000dfb6d00000)]
  0x00000202a66f0000 JavaThread "Service Thread" daemon [_thread_blocked, id=10148, stack(0x000000dfb6d00000,0x000000dfb6e00000)]
  0x00000202a66f4000 JavaThread "C2 CompilerThread0" daemon [_thread_in_native, id=4852, stack(0x000000dfb6e00000,0x000000dfb6f00000)]
  0x00000202a66f5800 JavaThread "C1 CompilerThread0" daemon [_thread_blocked, id=4848, stack(0x000000dfb6f00000,0x000000dfb7000000)]
  0x00000202a66fb800 JavaThread "Sweeper thread" daemon [_thread_blocked, id=2696, stack(0x000000dfb7000000,0x000000dfb7100000)]
  0x00000202a715e000 JavaThread "Common-Cleaner" daemon [_thread_blocked, id=9100, stack(0x000000dfb7100000,0x000000dfb7200000)]
  0x00000202a8473000 JavaThread "Daemon health stats" [_thread_blocked, id=8648, stack(0x000000dfb7400000,0x000000dfb7500000)]
  0x00000202a8bc4800 JavaThread "Incoming local TCP Connector on port 49975" [_thread_in_native, id=4416, stack(0x000000dfb7500000,0x000000dfb7600000)]
  0x00000202a9641000 JavaThread "Daemon" [_thread_blocked, id=6156, stack(0x000000dfb7600000,0x000000dfb7700000)]
  0x00000202a854d800 JavaThread "Daemon periodic checks" [_thread_blocked, id=4348, stack(0x000000dfb7700000,0x000000dfb7800000)]
  0x00000202a854e000 JavaThread "Handler for socket connection from /127.0.0.1:49975 to /127.0.0.1:49976" [_thread_in_native, id=1840, stack(0x000000dfb7800000,0x000000dfb7900000)]
  0x00000202a925b800 JavaThread "Cancel handler" [_thread_blocked, id=2120, stack(0x000000dfb7900000,0x000000dfb7a00000)]
  0x00000202a8127800 JavaThread "Daemon worker" [_thread_blocked, id=3668, stack(0x000000dfb7a00000,0x000000dfb7b00000)]
  0x00000202a7e59000 JavaThread "Asynchronous log dispatcher for DefaultDaemonConnection: socket connection from /127.0.0.1:49975 to /127.0.0.1:49976" [_thread_blocked, id=2804, stack(0x000000dfb7b00000,0x000000dfb7c00000)]
  0x00000202a89fc000 JavaThread "Stdin handler" [_thread_blocked, id=4788, stack(0x000000dfb7c00000,0x000000dfb7d00000)]
  0x00000202a7559800 JavaThread "Daemon client event forwarder" [_thread_blocked, id=10028, stack(0x000000dfb7d00000,0x000000dfb7e00000)]
  0x00000202a7558000 JavaThread "Cache worker for file hash cache (C:\Users\sander kerby\.gradle\caches\7.0.2\fileHashes)" [_thread_blocked, id=3424, stack(0x000000dfb7e00000,0x000000dfb7f00000)]
  0x00000202a755b800 JavaThread "File lock request listener" [_thread_in_native, id=32, stack(0x000000dfb7f00000,0x000000dfb8000000)]
  0x00000202a755e000 JavaThread "Cache worker for journal cache (C:\Users\sander kerby\.gradle\caches\journal-1)" [_thread_blocked, id=4404, stack(0x000000dfb8000000,0x000000dfb8100000)]
  0x00000202a755e800 JavaThread "Cache worker for file hash cache (C:\Users\sander kerby\AndroidStudioProjects\Image-Classification-App-with-Teachable-Machine-main\Image-Classification-App-with-Teachable-Machine-main\.gradle\7.0.2\fileHashes)" [_thread_blocked, id=8884, stack(0x000000dfb8100000,0x000000dfb8200000)]
  0x00000202a7559000 JavaThread "File watcher server" daemon [_thread_blocked, id=9508, stack(0x000000dfb8200000,0x000000dfb8300000)]
  0x00000202a755d000 JavaThread "File watcher consumer" daemon [_thread_blocked, id=3344, stack(0x000000dfb8300000,0x000000dfb8400000)]
  0x00000202a755c000 JavaThread "Cache worker for checksums cache (C:\Users\sander kerby\AndroidStudioProjects\Image-Classification-App-with-Teachable-Machine-main\Image-Classification-App-with-Teachable-Machine-main\.gradle\checksums)" [_thread_blocked, id=5368, stack(0x000000dfb8400000,0x000000dfb8500000)]
  0x00000202a755a800 JavaThread "Cache worker for cache directory md-supplier (C:\Users\sander kerby\.gradle\caches\7.0.2\md-supplier)" [_thread_blocked, id=5624, stack(0x000000dfb8500000,0x000000dfb8600000)]
  0x00000202ab49d800 JavaThread "Cache worker for cache directory md-rule (C:\Users\sander kerby\.gradle\caches\7.0.2\md-rule)" [_thread_blocked, id=8408, stack(0x000000dfb8600000,0x000000dfb8700000)]
  0x00000202ab49f800 JavaThread "Cache worker for execution history cache (C:\Users\sander kerby\.gradle\caches\7.0.2\executionHistory)" [_thread_blocked, id=4220, stack(0x000000dfb8700000,0x000000dfb8800000)]
  0x00000202ab49a000 JavaThread "jar transforms" [_thread_blocked, id=9940, stack(0x000000dfb8800000,0x000000dfb8900000)]
  0x00000202ab4a0800 JavaThread "jar transforms Thread 2" [_thread_blocked, id=3624, stack(0x000000dfb8900000,0x000000dfb8a00000)]
  0x00000202ab49f000 JavaThread "Cache worker for file content cache (C:\Users\sander kerby\.gradle\caches\7.0.2\fileContent)" [_thread_blocked, id=8376, stack(0x000000dfb8a00000,0x000000dfb8b00000)]
  0x00000202ab49b800 JavaThread "Cache worker for dependencies-accessors (C:\Users\sander kerby\AndroidStudioProjects\Image-Classification-App-with-Teachable-Machine-main\Image-Classification-App-with-Teachable-Machine-main\.gradle\7.0.2\dependencies-accessors)" [_thread_blocked, id=2384, stack(0x000000dfb8b00000,0x000000dfb8c00000)]
  0x00000202ab4a4000 JavaThread "Cache worker for Build Output Cleanup Cache (C:\Users\sander kerby\AndroidStudioProjects\Image-Classification-App-with-Teachable-Machine-main\Image-Classification-App-with-Teachable-Machine-main\.gradle\buildOutputCleanup)" [_thread_blocked, id=3368, stack(0x000000dfb8c00000,0x000000dfb8d00000)]
  0x00000202ab4a3000 JavaThread "Build operations" [_thread_blocked, id=2676, stack(0x000000dfb8d00000,0x000000dfb8e00000)]
  0x00000202ab4a7000 JavaThread "Build operations Thread 2" [_thread_blocked, id=3200, stack(0x000000dfb8e00000,0x000000dfb8f00000)]
  0x00000202ab4a6800 JavaThread "Memory manager" [_thread_blocked, id=7196, stack(0x000000dfb8f00000,0x000000dfb9000000)]
  0x00000202ab4a8000 JavaThread "build event listener" [_thread_blocked, id=8584, stack(0x000000dfb9000000,0x000000dfb9100000)]
  0x00000202ab4a8800 JavaThread "Execution worker for ':'" [_thread_blocked, id=1780, stack(0x000000dfb9100000,0x000000dfb9200000)]
  0x00000202ab4a4800 JavaThread "Cache worker for execution history cache (C:\Users\sander kerby\AndroidStudioProjects\Image-Classification-App-with-Teachable-Machine-main\Image-Classification-App-with-Teachable-Machine-main\.gradle\7.0.2\executionHistory)" [_thread_blocked, id=9496, stack(0x000000dfb9200000,0x000000dfb9300000)]
  0x00000202a9e87800 JavaThread "WorkerExecutor Queue" [_thread_blocked, id=2340, stack(0x000000dfb9500000,0x000000dfb9600000)]

Other Threads:
=>0x00000202a6688800 VMThread "VM Thread" [stack: 0x000000dfb6800000,0x000000dfb6900000] [id=6996]
  0x00000202a71b1000 WatcherThread [stack: 0x000000dfb7200000,0x000000dfb7300000] [id=3384]
  0x000002028cfd6800 GCTaskThread "GC Thread#0" [stack: 0x000000dfb6300000,0x000000dfb6400000] [id=6048]
  0x00000202a725b000 GCTaskThread "GC Thread#1" [stack: 0x000000dfb7300000,0x000000dfb7400000] [id=1260]
  0x000002028d007000 ConcurrentGCThread "G1 Main Marker" [stack: 0x000000dfb6400000,0x000000dfb6500000] [id=5828]
  0x000002028d008800 ConcurrentGCThread "G1 Conc#0" [stack: 0x000000dfb6500000,0x000000dfb6600000] [id=7464]
  0x000002028d058800 ConcurrentGCThread "G1 Refine#0" [stack: 0x000000dfb6600000,0x000000dfb6700000] [id=844]
  0x000002028d059800 ConcurrentGCThread "G1 Young RemSet Sampling" [stack: 0x000000dfb6700000,0x000000dfb6800000] [id=4176]

Threads with active compile tasks:
C2 CompilerThread0  42388 9732       4       com.android.utils.XmlUtils::append (647 bytes)

VM state:at safepoint (normal execution)

VM Mutex/Monitor currently owned by a thread:  ([mutex/lock_event])
[0x000002028cfb9300] Threads_lock - owner thread: 0x00000202a6688800
[0x000002028cfb99c0] Heap_lock - owner thread: 0x00000202a8127800

Heap address: 0x0000000080000000, size: 2048 MB, Compressed Oops mode: 32-bit
Narrow klass base: 0x0000000000000000, Narrow klass shift: 3
Compressed class space size: 1073741824 Address: 0x0000000100000000

Heap:
 garbage-first heap   total 192512K, used 89561K [0x0000000080000000, 0x0000000100000000)
  region size 1024K, 1 young (1024K), 1 survivors (1024K)
 Metaspace       used 82148K, capacity 84242K, committed 84476K, reserved 1122304K
  class space    used 10567K, capacity 11319K, committed 11392K, reserved 1048576K
Heap Regions: E=young(eden), S=young(survivor), O=old, HS=humongous(starts), HC=humongous(continues), CS=collection set, F=free, A=archive, TAMS=top-at-mark-start (previous, next)
|   0|0x0000000080000000, 0x0000000080100000, 0x0000000080100000|100%| O|  |TAMS 0x0000000080100000, 0x0000000080100000| Untracked 
|   1|0x0000000080100000, 0x0000000080200000, 0x0000000080200000|100%| O|  |TAMS 0x0000000080200000, 0x0000000080200000| Untracked 
|   2|0x0000000080200000, 0x0000000080300000, 0x0000000080300000|100%| O|  |TAMS 0x0000000080300000, 0x0000000080300000| Untracked 
|   3|0x0000000080300000, 0x0000000080400000, 0x0000000080400000|100%| O|  |TAMS 0x0000000080400000, 0x0000000080400000| Untracked 
|   4|0x0000000080400000, 0x0000000080500000, 0x0000000080500000|100%|HS|  |TAMS 0x0000000080500000, 0x0000000080500000| Complete 
|   5|0x0000000080500000, 0x0000000080600000, 0x0000000080600000|100%|HC|  |TAMS 0x0000000080600000, 0x0000000080600000| Complete 
|   6|0x0000000080600000, 0x0000000080700000, 0x0000000080700000|100%|HC|  |TAMS 0x0000000080700000, 0x0000000080700000| Complete 
|   7|0x0000000080700000, 0x0000000080800000, 0x0000000080800000|100%| O|  |TAMS 0x0000000080800000, 0x0000000080800000| Untracked 
|   8|0x0000000080800000, 0x0000000080900000, 0x0000000080900000|100%| O|  |TAMS 0x0000000080900000, 0x0000000080900000| Untracked 
|   9|0x0000000080900000, 0x0000000080a00000, 0x0000000080a00000|100%| O|  |TAMS 0x0000000080a00000, 0x0000000080a00000| Untracked 
|  10|0x0000000080a00000, 0x0000000080b00000, 0x0000000080b00000|100%| O|  |TAMS 0x0000000080b00000, 0x0000000080b00000| Untracked 
|  11|0x0000000080b00000, 0x0000000080c00000, 0x0000000080c00000|100%| O|  |TAMS 0x0000000080c00000, 0x0000000080c00000| Untracked 
|  12|0x0000000080c00000, 0x0000000080d00000, 0x0000000080d00000|100%| O|  |TAMS 0x0000000080d00000, 0x0000000080d00000| Untracked 
|  13|0x0000000080d00000, 0x0000000080e00000, 0x0000000080e00000|100%| O|  |TAMS 0x0000000080e00000, 0x0000000080e00000| Untracked 
|  14|0x0000000080e00000, 0x0000000080f00000, 0x0000000080f00000|100%| O|  |TAMS 0x0000000080f00000, 0x0000000080f00000| Untracked 
|  15|0x0000000080f00000, 0x0000000081000000, 0x0000000081000000|100%| O|  |TAMS 0x0000000081000000, 0x0000000081000000| Untracked 
|  16|0x0000000081000000, 0x0000000081100000, 0x0000000081100000|100%| O|  |TAMS 0x0000000081100000, 0x0000000081100000| Untracked 
|  17|0x0000000081100000, 0x0000000081200000, 0x0000000081200000|100%| O|  |TAMS 0x0000000081200000, 0x0000000081200000| Untracked 
|  18|0x0000000081200000, 0x0000000081300000, 0x0000000081300000|100%| O|  |TAMS 0x0000000081300000, 0x0000000081300000| Untracked 
|  19|0x0000000081300000, 0x0000000081400000, 0x0000000081400000|100%| O|  |TAMS 0x0000000081400000, 0x0000000081400000| Untracked 
|  20|0x0000000081400000, 0x0000000081500000, 0x0000000081500000|100%| O|  |TAMS 0x0000000081500000, 0x0000000081500000| Untracked 
|  21|0x0000000081500000, 0x0000000081600000, 0x0000000081600000|100%| O|  |TAMS 0x0000000081600000, 0x0000000081600000| Untracked 
|  22|0x0000000081600000, 0x0000000081700000, 0x0000000081700000|100%| O|  |TAMS 0x0000000081700000, 0x0000000081700000| Untracked 
|  23|0x0000000081700000, 0x0000000081800000, 0x0000000081800000|100%| O|  |TAMS 0x0000000081800000, 0x0000000081800000| Untracked 
|  24|0x0000000081800000, 0x0000000081900000, 0x0000000081900000|100%| O|  |TAMS 0x0000000081900000, 0x0000000081900000| Untracked 
|  25|0x0000000081900000, 0x0000000081a00000, 0x0000000081a00000|100%| O|  |TAMS 0x0000000081a00000, 0x0000000081a00000| Untracked 
|  26|0x0000000081a00000, 0x0000000081b00000, 0x0000000081b00000|100%| O|  |TAMS 0x0000000081b00000, 0x0000000081b00000| Untracked 
|  27|0x0000000081b00000, 0x0000000081c00000, 0x0000000081c00000|100%|HS|  |TAMS 0x0000000081c00000, 0x0000000081c00000| Complete 
|  28|0x0000000081c00000, 0x0000000081d00000, 0x0000000081d00000|100%|HS|  |TAMS 0x0000000081d00000, 0x0000000081d00000| Complete 
|  29|0x0000000081d00000, 0x0000000081e00000, 0x0000000081e00000|100%|HS|  |TAMS 0x0000000081e00000, 0x0000000081e00000| Complete 
|  30|0x0000000081e00000, 0x0000000081f00000, 0x0000000081f00000|100%|HC|  |TAMS 0x0000000081f00000, 0x0000000081f00000| Complete 
|  31|0x0000000081f00000, 0x0000000082000000, 0x0000000082000000|100%| O|  |TAMS 0x0000000082000000, 0x0000000082000000| Untracked 
|  32|0x0000000082000000, 0x0000000082100000, 0x0000000082100000|100%| O|  |TAMS 0x0000000082100000, 0x0000000082100000| Untracked 
|  33|0x0000000082100000, 0x0000000082200000, 0x0000000082200000|100%| O|  |TAMS 0x0000000082200000, 0x0000000082200000| Untracked 
|  34|0x0000000082200000, 0x0000000082300000, 0x0000000082300000|100%| O|  |TAMS 0x0000000082300000, 0x0000000082300000| Untracked 
|  35|0x0000000082300000, 0x0000000082400000, 0x0000000082400000|100%| O|  |TAMS 0x0000000082400000, 0x0000000082400000| Untracked 
|  36|0x0000000082400000, 0x0000000082500000, 0x0000000082500000|100%| O|  |TAMS 0x0000000082500000, 0x0000000082500000| Untracked 
|  37|0x0000000082500000, 0x0000000082600000, 0x0000000082600000|100%| O|  |TAMS 0x0000000082600000, 0x0000000082600000| Untracked 
|  38|0x0000000082600000, 0x0000000082700000, 0x0000000082700000|100%| O|  |TAMS 0x0000000082700000, 0x0000000082700000| Untracked 
|  39|0x0000000082700000, 0x0000000082800000, 0x0000000082800000|100%| O|  |TAMS 0x0000000082800000, 0x0000000082800000| Untracked 
|  40|0x0000000082800000, 0x0000000082900000, 0x0000000082900000|100%| O|  |TAMS 0x0000000082900000, 0x0000000082900000| Untracked 
|  41|0x0000000082900000, 0x0000000082a00000, 0x0000000082a00000|100%| O|  |TAMS 0x0000000082a00000, 0x0000000082a00000| Untracked 
|  42|0x0000000082a00000, 0x0000000082b00000, 0x0000000082b00000|100%| O|  |TAMS 0x0000000082b00000, 0x0000000082b00000| Untracked 
|  43|0x0000000082b00000, 0x0000000082c00000, 0x0000000082c00000|100%| O|  |TAMS 0x0000000082c00000, 0x0000000082c00000| Untracked 
|  44|0x0000000082c00000, 0x0000000082d00000, 0x0000000082d00000|100%| O|  |TAMS 0x0000000082d00000, 0x0000000082d00000| Untracked 
|  45|0x0000000082d00000, 0x0000000082e00000, 0x0000000082e00000|100%| O|  |TAMS 0x0000000082e00000, 0x0000000082e00000| Untracked 
|  46|0x0000000082e00000, 0x0000000082f00000, 0x0000000082f00000|100%| O|  |TAMS 0x0000000082f00000, 0x0000000082f00000| Untracked 
|  47|0x0000000082f00000, 0x0000000083000000, 0x0000000083000000|100%| O|  |TAMS 0x0000000083000000, 0x0000000083000000| Untracked 
|  48|0x0000000083000000, 0x0000000083100000, 0x0000000083100000|100%| O|  |TAMS 0x0000000083100000, 0x0000000083100000| Untracked 
|  49|0x0000000083100000, 0x0000000083200000, 0x0000000083200000|100%| O|  |TAMS 0x0000000083200000, 0x0000000083200000| Untracked 
|  50|0x0000000083200000, 0x0000000083300000, 0x0000000083300000|100%| O|  |TAMS 0x0000000083300000, 0x0000000083300000| Untracked 
|  51|0x0000000083300000, 0x0000000083400000, 0x0000000083400000|100%| O|  |TAMS 0x0000000083400000, 0x0000000083400000| Untracked 
|  52|0x0000000083400000, 0x0000000083500000, 0x0000000083500000|100%| O|  |TAMS 0x0000000083500000, 0x0000000083500000| Untracked 
|  53|0x0000000083500000, 0x0000000083600000, 0x0000000083600000|100%| O|  |TAMS 0x0000000083600000, 0x0000000083600000| Untracked 
|  54|0x0000000083600000, 0x0000000083700000, 0x0000000083700000|100%| O|  |TAMS 0x0000000083700000, 0x0000000083700000| Untracked 
|  55|0x0000000083700000, 0x0000000083800000, 0x0000000083800000|100%| O|  |TAMS 0x0000000083800000, 0x0000000083800000| Untracked 
|  56|0x0000000083800000, 0x0000000083900000, 0x0000000083900000|100%| O|  |TAMS 0x0000000083900000, 0x0000000083900000| Untracked 
|  57|0x0000000083900000, 0x0000000083a00000, 0x0000000083a00000|100%| O|  |TAMS 0x0000000083a00000, 0x0000000083a00000| Untracked 
|  58|0x0000000083a00000, 0x0000000083b00000, 0x0000000083b00000|100%| O|  |TAMS 0x0000000083b00000, 0x0000000083b00000| Untracked 
|  59|0x0000000083b00000, 0x0000000083c00000, 0x0000000083c00000|100%| O|  |TAMS 0x0000000083c00000, 0x0000000083c00000| Untracked 
|  60|0x0000000083c00000, 0x0000000083d00000, 0x0000000083d00000|100%| O|  |TAMS 0x0000000083d00000, 0x0000000083d00000| Untracked 
|  61|0x0000000083d00000, 0x0000000083e00000, 0x0000000083e00000|100%| O|  |TAMS 0x0000000083e00000, 0x0000000083e00000| Untracked 
|  62|0x0000000083e00000, 0x0000000083f00000, 0x0000000083f00000|100%| O|  |TAMS 0x0000000083f00000, 0x0000000083f00000| Untracked 
|  63|0x0000000083f00000, 0x0000000084000000, 0x0000000084000000|100%| O|  |TAMS 0x0000000084000000, 0x0000000084000000| Untracked 
|  64|0x0000000084000000, 0x0000000084100000, 0x0000000084100000|100%| O|  |TAMS 0x0000000084100000, 0x0000000084100000| Untracked 
|  65|0x0000000084100000, 0x0000000084200000, 0x0000000084200000|100%| O|  |TAMS 0x0000000084200000, 0x0000000084200000| Untracked 
|  66|0x0000000084200000, 0x0000000084300000, 0x0000000084300000|100%| O|  |TAMS 0x0000000084300000, 0x0000000084300000| Untracked 
|  67|0x0000000084300000, 0x0000000084400000, 0x0000000084400000|100%| O|  |TAMS 0x0000000084400000, 0x0000000084400000| Untracked 
|  68|0x0000000084400000, 0x0000000084500000, 0x0000000084500000|100%|HS|  |TAMS 0x0000000084500000, 0x0000000084500000| Complete 
|  69|0x0000000084500000, 0x0000000084600000, 0x0000000084600000|100%| O|  |TAMS 0x0000000084600000, 0x0000000084600000| Untracked 
|  70|0x0000000084600000, 0x0000000084700000, 0x0000000084700000|100%| O|  |TAMS 0x0000000084700000, 0x0000000084700000| Untracked 
|  71|0x0000000084700000, 0x0000000084800000, 0x0000000084800000|100%| O|  |TAMS 0x0000000084800000, 0x0000000084800000| Untracked 
|  72|0x0000000084800000, 0x0000000084900000, 0x0000000084900000|100%| O|  |TAMS 0x0000000084900000, 0x0000000084900000| Untracked 
|  73|0x0000000084900000, 0x0000000084a00000, 0x0000000084a00000|100%| O|  |TAMS 0x0000000084a00000, 0x0000000084a00000| Untracked 
|  74|0x0000000084a00000, 0x0000000084b00000, 0x0000000084b00000|100%| O|  |TAMS 0x0000000084b00000, 0x0000000084b00000| Untracked 
|  75|0x0000000084b00000, 0x0000000084c00000, 0x0000000084c00000|100%| O|  |TAMS 0x0000000084c00000, 0x0000000084c00000| Untracked 
|  76|0x0000000084c00000, 0x0000000084d00000, 0x0000000084d00000|100%| O|  |TAMS 0x0000000084d00000, 0x0000000084d00000| Untracked 
|  77|0x0000000084d00000, 0x0000000084e00000, 0x0000000084e00000|100%| O|  |TAMS 0x0000000084e00000, 0x0000000084e00000| Untracked 
|  78|0x0000000084e00000, 0x0000000084f00000, 0x0000000084f00000|100%| O|  |TAMS 0x0000000084f00000, 0x0000000084f00000| Untracked 
|  79|0x0000000084f00000, 0x0000000085000000, 0x0000000085000000|100%| O|  |TAMS 0x0000000085000000, 0x0000000085000000| Untracked 
|  80|0x0000000085000000, 0x0000000085100000, 0x0000000085100000|100%| O|  |TAMS 0x0000000085100000, 0x0000000085100000| Untracked 
|  81|0x0000000085100000, 0x0000000085200000, 0x0000000085200000|100%| O|  |TAMS 0x0000000085200000, 0x0000000085200000| Untracked 
|  82|0x0000000085200000, 0x0000000085300000, 0x0000000085300000|100%| O|  |TAMS 0x0000000085300000, 0x0000000085300000| Untracked 
|  83|0x0000000085300000, 0x0000000085400000, 0x0000000085400000|100%| O|  |TAMS 0x0000000085400000, 0x0000000085400000| Untracked 
|  84|0x0000000085400000, 0x0000000085480000, 0x0000000085500000| 50%| O|  |TAMS 0x0000000085480000, 0x0000000085480000| Untracked 
|  85|0x0000000085500000, 0x0000000085500000, 0x0000000085600000|  0%| F|  |TAMS 0x0000000085500000, 0x0000000085500000| Untracked 
|  86|0x0000000085600000, 0x0000000085700000, 0x0000000085700000|100%|HS|  |TAMS 0x0000000085600000, 0x0000000085700000| Complete 
|  87|0x0000000085700000, 0x0000000085800000, 0x0000000085800000|100%|HC|  |TAMS 0x0000000085700000, 0x0000000085800000| Complete 
|  88|0x0000000085800000, 0x0000000085800000, 0x0000000085900000|  0%| F|  |TAMS 0x0000000085800000, 0x0000000085800000| Untracked 
|  89|0x0000000085900000, 0x0000000085900000, 0x0000000085a00000|  0%| F|  |TAMS 0x0000000085900000, 0x0000000085900000| Untracked 
|  90|0x0000000085a00000, 0x0000000085a00000, 0x0000000085b00000|  0%| F|  |TAMS 0x0000000085a00000, 0x0000000085a00000| Untracked 
|  91|0x0000000085b00000, 0x0000000085b00000, 0x0000000085c00000|  0%| F|  |TAMS 0x0000000085b00000, 0x0000000085b00000| Untracked 
|  92|0x0000000085c00000, 0x0000000085c00000, 0x0000000085d00000|  0%| F|  |TAMS 0x0000000085c00000, 0x0000000085c00000| Untracked 
|  93|0x0000000085d00000, 0x0000000085d00000, 0x0000000085e00000|  0%| F|  |TAMS 0x0000000085d00000, 0x0000000085d00000| Untracked 
|  94|0x0000000085e00000, 0x0000000085e00000, 0x0000000085f00000|  0%| F|  |TAMS 0x0000000085e00000, 0x0000000085e00000| Untracked 
|  95|0x0000000085f00000, 0x0000000085f00000, 0x0000000086000000|  0%| F|  |TAMS 0x0000000085f00000, 0x0000000085f00000| Untracked 
|  96|0x0000000086000000, 0x0000000086000000, 0x0000000086100000|  0%| F|  |TAMS 0x0000000086000000, 0x0000000086000000| Untracked 
|  97|0x0000000086100000, 0x0000000086100000, 0x0000000086200000|  0%| F|  |TAMS 0x0000000086100000, 0x0000000086100000| Untracked 
|  98|0x0000000086200000, 0x0000000086200000, 0x0000000086300000|  0%| F|  |TAMS 0x0000000086200000, 0x0000000086200000| Untracked 
|  99|0x0000000086300000, 0x0000000086300000, 0x0000000086400000|  0%| F|  |TAMS 0x0000000086300000, 0x0000000086300000| Untracked 
| 100|0x0000000086400000, 0x0000000086400000, 0x0000000086500000|  0%| F|  |TAMS 0x0000000086400000, 0x0000000086400000| Untracked 
| 101|0x0000000086500000, 0x0000000086500000, 0x0000000086600000|  0%| F|  |TAMS 0x0000000086500000, 0x0000000086500000| Untracked 
| 102|0x0000000086600000, 0x0000000086600000, 0x0000000086700000|  0%| F|  |TAMS 0x0000000086600000, 0x0000000086600000| Untracked 
| 103|0x0000000086700000, 0x0000000086700000, 0x0000000086800000|  0%| F|  |TAMS 0x0000000086700000, 0x0000000086700000| Untracked 
| 104|0x0000000086800000, 0x0000000086800000, 0x0000000086900000|  0%| F|  |TAMS 0x0000000086800000, 0x0000000086800000| Untracked 
| 105|0x0000000086900000, 0x0000000086900000, 0x0000000086a00000|  0%| F|  |TAMS 0x0000000086900000, 0x0000000086900000| Untracked 
| 106|0x0000000086a00000, 0x0000000086a00000, 0x0000000086b00000|  0%| F|  |TAMS 0x0000000086a00000, 0x0000000086a00000| Untracked 
| 107|0x0000000086b00000, 0x0000000086b00000, 0x0000000086c00000|  0%| F|  |TAMS 0x0000000086b00000, 0x0000000086b00000| Untracked 
| 108|0x0000000086c00000, 0x0000000086c00000, 0x0000000086d00000|  0%| F|  |TAMS 0x0000000086c00000, 0x0000000086c00000| Untracked 
| 109|0x0000000086d00000, 0x0000000086d00000, 0x0000000086e00000|  0%| F|  |TAMS 0x0000000086d00000, 0x0000000086d00000| Untracked 
| 110|0x0000000086e00000, 0x0000000086e00000, 0x0000000086f00000|  0%| F|  |TAMS 0x0000000086e00000, 0x0000000086e00000| Untracked 
| 111|0x0000000086f00000, 0x0000000086f00000, 0x0000000087000000|  0%| F|  |TAMS 0x0000000086f00000, 0x0000000086f00000| Untracked 
| 112|0x0000000087000000, 0x0000000087000000, 0x0000000087100000|  0%| F|  |TAMS 0x0000000087000000, 0x0000000087000000| Untracked 
| 113|0x0000000087100000, 0x0000000087100000, 0x0000000087200000|  0%| F|  |TAMS 0x0000000087100000, 0x0000000087100000| Untracked 
| 114|0x0000000087200000, 0x0000000087200000, 0x0000000087300000|  0%| F|  |TAMS 0x0000000087200000, 0x0000000087200000| Untracked 
| 115|0x0000000087300000, 0x0000000087300000, 0x0000000087400000|  0%| F|  |TAMS 0x0000000087300000, 0x0000000087300000| Untracked 
| 116|0x0000000087400000, 0x0000000087400000, 0x0000000087500000|  0%| F|  |TAMS 0x0000000087400000, 0x0000000087400000| Untracked 
| 117|0x0000000087500000, 0x0000000087500000, 0x0000000087600000|  0%| F|  |TAMS 0x0000000087500000, 0x0000000087500000| Untracked 
| 118|0x0000000087600000, 0x0000000087600000, 0x0000000087700000|  0%| F|  |TAMS 0x0000000087600000, 0x0000000087600000| Untracked 
| 119|0x0000000087700000, 0x0000000087700000, 0x0000000087800000|  0%| F|  |TAMS 0x0000000087700000, 0x0000000087700000| Untracked 
| 120|0x0000000087800000, 0x0000000087800000, 0x0000000087900000|  0%| F|  |TAMS 0x0000000087800000, 0x0000000087800000| Untracked 
| 121|0x0000000087900000, 0x0000000087900000, 0x0000000087a00000|  0%| F|  |TAMS 0x0000000087900000, 0x0000000087900000| Untracked 
| 122|0x0000000087a00000, 0x0000000087a00000, 0x0000000087b00000|  0%| F|  |TAMS 0x0000000087a00000, 0x0000000087a00000| Untracked 
| 123|0x0000000087b00000, 0x0000000087b00000, 0x0000000087c00000|  0%| F|  |TAMS 0x0000000087b00000, 0x0000000087b00000| Untracked 
| 124|0x0000000087c00000, 0x0000000087c00000, 0x0000000087d00000|  0%| F|  |TAMS 0x0000000087c00000, 0x0000000087c00000| Untracked 
| 125|0x0000000087d00000, 0x0000000087d00000, 0x0000000087e00000|  0%| F|  |TAMS 0x0000000087d00000, 0x0000000087d00000| Untracked 
| 126|0x0000000087e00000, 0x0000000087e00000, 0x0000000087f00000|  0%| F|  |TAMS 0x0000000087e00000, 0x0000000087e00000| Untracked 
| 127|0x0000000087f00000, 0x0000000087f00000, 0x0000000088000000|  0%| F|  |TAMS 0x0000000087f00000, 0x0000000087f00000| Untracked 
| 128|0x0000000088000000, 0x0000000088000000, 0x0000000088100000|  0%| F|  |TAMS 0x0000000088000000, 0x0000000088000000| Untracked 
| 129|0x0000000088100000, 0x0000000088100000, 0x0000000088200000|  0%| F|  |TAMS 0x0000000088100000, 0x0000000088100000| Untracked 
| 130|0x0000000088200000, 0x0000000088200000, 0x0000000088300000|  0%| F|  |TAMS 0x0000000088200000, 0x0000000088200000| Untracked 
| 131|0x0000000088300000, 0x0000000088300000, 0x0000000088400000|  0%| F|  |TAMS 0x0000000088300000, 0x0000000088300000| Untracked 
| 132|0x0000000088400000, 0x0000000088400000, 0x0000000088500000|  0%| F|  |TAMS 0x0000000088400000, 0x0000000088400000| Untracked 
| 133|0x0000000088500000, 0x0000000088500000, 0x0000000088600000|  0%| F|  |TAMS 0x0000000088500000, 0x0000000088500000| Untracked 
| 134|0x0000000088600000, 0x0000000088600000, 0x0000000088700000|  0%| F|  |TAMS 0x0000000088600000, 0x0000000088600000| Untracked 
| 135|0x0000000088700000, 0x0000000088700000, 0x0000000088800000|  0%| F|  |TAMS 0x0000000088700000, 0x0000000088700000| Untracked 
| 136|0x0000000088800000, 0x0000000088800000, 0x0000000088900000|  0%| F|  |TAMS 0x0000000088800000, 0x0000000088800000| Untracked 
| 137|0x0000000088900000, 0x0000000088900000, 0x0000000088a00000|  0%| F|  |TAMS 0x0000000088900000, 0x0000000088900000| Untracked 
| 138|0x0000000088a00000, 0x0000000088a00000, 0x0000000088b00000|  0%| F|  |TAMS 0x0000000088a00000, 0x0000000088a00000| Untracked 
| 139|0x0000000088b00000, 0x0000000088b00000, 0x0000000088c00000|  0%| F|  |TAMS 0x0000000088b00000, 0x0000000088b00000| Untracked 
| 140|0x0000000088c00000, 0x0000000088c00000, 0x0000000088d00000|  0%| F|  |TAMS 0x0000000088c00000, 0x0000000088c00000| Untracked 
| 141|0x0000000088d00000, 0x0000000088d00000, 0x0000000088e00000|  0%| F|  |TAMS 0x0000000088d00000, 0x0000000088d00000| Untracked 
| 142|0x0000000088e00000, 0x0000000088e00000, 0x0000000088f00000|  0%| F|  |TAMS 0x0000000088e00000, 0x0000000088e00000| Untracked 
| 143|0x0000000088f00000, 0x0000000088f00000, 0x0000000089000000|  0%| F|  |TAMS 0x0000000088f00000, 0x0000000088f00000| Untracked 
| 144|0x0000000089000000, 0x0000000089000000, 0x0000000089100000|  0%| F|  |TAMS 0x0000000089000000, 0x0000000089000000| Untracked 
| 145|0x0000000089100000, 0x0000000089100000, 0x0000000089200000|  0%| F|  |TAMS 0x0000000089100000, 0x0000000089100000| Untracked 
| 146|0x0000000089200000, 0x0000000089200000, 0x0000000089300000|  0%| F|  |TAMS 0x0000000089200000, 0x0000000089200000| Untracked 
| 147|0x0000000089300000, 0x0000000089300000, 0x0000000089400000|  0%| F|  |TAMS 0x0000000089300000, 0x0000000089300000| Untracked 
| 148|0x0000000089400000, 0x0000000089400000, 0x0000000089500000|  0%| F|  |TAMS 0x0000000089400000, 0x0000000089400000| Untracked 
| 149|0x0000000089500000, 0x0000000089500000, 0x0000000089600000|  0%| F|  |TAMS 0x0000000089500000, 0x0000000089500000| Untracked 
| 150|0x0000000089600000, 0x0000000089600000, 0x0000000089700000|  0%| F|  |TAMS 0x0000000089600000, 0x0000000089600000| Untracked 
| 151|0x0000000089700000, 0x0000000089700000, 0x0000000089800000|  0%| F|  |TAMS 0x0000000089700000, 0x0000000089700000| Untracked 
| 152|0x0000000089800000, 0x0000000089800000, 0x0000000089900000|  0%| F|  |TAMS 0x0000000089800000, 0x0000000089800000| Untracked 
| 153|0x0000000089900000, 0x00000000899f6410, 0x0000000089a00000| 96%| S|CS|TAMS 0x0000000089900000, 0x0000000089900000| Complete 
| 154|0x0000000089a00000, 0x0000000089a00000, 0x0000000089b00000|  0%| F|  |TAMS 0x0000000089a00000, 0x0000000089a00000| Untracked 
| 155|0x0000000089b00000, 0x0000000089b00000, 0x0000000089c00000|  0%| F|  |TAMS 0x0000000089b00000, 0x0000000089b00000| Untracked 

Card table byte_map: [0x000002029fab0000,0x000002029feb0000] _byte_map_base: 0x000002029f6b0000

Marking Bits (Prev, Next): (CMBitMap*) 0x000002028cffe1b0, (CMBitMap*) 0x000002028cffe178
 Prev Bits: [0x00000202a22b0000, 0x00000202a42b0000)
 Next Bits: [0x00000202a02b0000, 0x00000202a22b0000)

Polling page: 0x000002028af90000

Metaspace:

Usage:
  Non-class:     71.21 MB capacity,    69.90 MB ( 98%) used,     1.09 MB (  2%) free+waste,   227.56 KB ( <1%) overhead. 
      Class:     11.05 MB capacity,    10.32 MB ( 93%) used,   648.30 KB (  6%) free+waste,   103.19 KB ( <1%) overhead. 
       Both:     82.27 MB capacity,    80.22 MB ( 98%) used,     1.72 MB (  2%) free+waste,   330.75 KB ( <1%) overhead. 

Virtual space:
  Non-class space:       72.00 MB reserved,      71.37 MB (>99%) committed 
      Class space:        1.00 GB reserved,      11.13 MB (  1%) committed 
             Both:        1.07 GB reserved,      82.50 MB (  8%) committed 

Chunk freelists:
   Non-Class:  33.00 KB
       Class:  41.00 KB
        Both:  74.00 KB

MaxMetaspaceSize: 17179869184.00 GB
CompressedClassSpaceSize: 1.00 GB

CodeHeap 'non-profiled nmethods': size=120064Kb used=4786Kb max_used=4786Kb free=115277Kb
 bounds [0x0000020298570000, 0x0000020298a20000, 0x000002029fab0000]
CodeHeap 'profiled nmethods': size=120000Kb used=20881Kb max_used=20881Kb free=99118Kb
 bounds [0x0000020291040000, 0x00000202924b0000, 0x0000020298570000]
CodeHeap 'non-nmethods': size=5696Kb used=2265Kb max_used=2296Kb free=3430Kb
 bounds [0x0000020290ab0000, 0x0000020290d20000, 0x0000020291040000]
 total_blobs=10512 nmethods=9638 adapters=786
 compilation: enabled
              stopped_count=0, restarted_count=0
 full_count=0

Compilation events (20 events):
Event: 41.832 Thread 0x00000202a66f4000 nmethod 9722 0x0000020298a1a510 code [0x0000020298a1a6e0, 0x0000020298a1b0b8]
Event: 41.833 Thread 0x00000202a66f5800 9723       3       com.google.common.base.CharMatcher::is (9 bytes)
Event: 41.833 Thread 0x00000202a66f5800 nmethod 9723 0x00000202924a0c90 code [0x00000202924a0e60, 0x00000202924a1118]
Event: 41.833 Thread 0x00000202a66f5800 9724       3       com.google.common.base.CharMatcher$Is::<init> (10 bytes)
Event: 41.833 Thread 0x00000202a66f5800 nmethod 9724 0x00000202924a1290 code [0x00000202924a1460, 0x00000202924a1678]
Event: 41.833 Thread 0x00000202a66f5800 9725       3       com.google.common.base.CharMatcher$FastMatcher::<init> (5 bytes)
Event: 41.833 Thread 0x00000202a66f5800 nmethod 9725 0x00000202924a1790 code [0x00000202924a1940, 0x00000202924a1af8]
Event: 41.834 Thread 0x00000202a66f5800 9726       3       com.google.common.base.CharMatcher::<init> (5 bytes)
Event: 41.834 Thread 0x00000202a66f5800 nmethod 9726 0x00000202924a1c10 code [0x00000202924a1dc0, 0x00000202924a1f18]
Event: 41.834 Thread 0x00000202a66f5800 9727       3       java.lang.String::lastIndexOf (12 bytes)
Event: 41.835 Thread 0x00000202a66f5800 nmethod 9727 0x00000202924a2010 code [0x00000202924a2200, 0x00000202924a25d8]
Event: 41.835 Thread 0x00000202a66f5800 9728       3       java.lang.StringBuilder::append (8 bytes)
Event: 41.835 Thread 0x00000202a66f5800 nmethod 9728 0x00000202924a2790 code [0x00000202924a2940, 0x00000202924a2a88]
Event: 41.835 Thread 0x00000202a66f5800 9729       3       com.android.utils.XmlUtils$PositionAwareStringBuilder::append (69 bytes)
Event: 41.836 Thread 0x00000202a66f5800 nmethod 9729 0x00000202924a2b10 code [0x00000202924a2da0, 0x00000202924a3838]
Event: 41.836 Thread 0x00000202a66f5800 9730       3       org.apache.xerces.dom.ElementImpl::getAttributes (36 bytes)
Event: 41.837 Thread 0x00000202a66f5800 nmethod 9730 0x00000202924a3c90 code [0x00000202924a3e80, 0x00000202924a43c8]
Event: 41.839 Thread 0x00000202a66f4000 9731       4       com.android.utils.XmlUtils$PositionAwareStringBuilder::append (69 bytes)
Event: 41.878 Thread 0x00000202a66f4000 nmethod 9731 0x0000020298a1b690 code [0x0000020298a1b880, 0x0000020298a1c388]
Event: 41.879 Thread 0x00000202a66f4000 9732       4       com.android.utils.XmlUtils::append (647 bytes)

GC Heap History (20 events):
Event: 30.342 GC heap after
{Heap after GC invocations=26 (full 0):
 garbage-first heap   total 110592K, used 54071K [0x0000000080000000, 0x0000000100000000)
  region size 1024K, 4 young (4096K), 4 survivors (4096K)
 Metaspace       used 69162K, capacity 70798K, committed 70908K, reserved 1110016K
  class space    used 8925K, capacity 9506K, committed 9600K, reserved 1048576K
}
Event: 31.576 GC heap before
{Heap before GC invocations=27 (full 0):
 garbage-first heap   total 110592K, used 82743K [0x0000000080000000, 0x0000000100000000)
  region size 1024K, 32 young (32768K), 4 survivors (4096K)
 Metaspace       used 71388K, capacity 73012K, committed 73212K, reserved 1112064K
  class space    used 9242K, capacity 9849K, committed 9856K, reserved 1048576K
}
Event: 31.604 GC heap after
{Heap after GC invocations=28 (full 0):
 garbage-first heap   total 110592K, used 55905K [0x0000000080000000, 0x0000000100000000)
  region size 1024K, 4 young (4096K), 4 survivors (4096K)
 Metaspace       used 71388K, capacity 73012K, committed 73212K, reserved 1112064K
  class space    used 9242K, capacity 9849K, committed 9856K, reserved 1048576K
}
Event: 32.845 GC heap before
{Heap before GC invocations=28 (full 0):
 garbage-first heap   total 110592K, used 84577K [0x0000000080000000, 0x0000000100000000)
  region size 1024K, 32 young (32768K), 4 survivors (4096K)
 Metaspace       used 75435K, capacity 77209K, committed 77436K, reserved 1116160K
  class space    used 9803K, capacity 10427K, committed 10496K, reserved 1048576K
}
Event: 32.869 GC heap after
{Heap after GC invocations=29 (full 0):
 garbage-first heap   total 133120K, used 57788K [0x0000000080000000, 0x0000000100000000)
  region size 1024K, 4 young (4096K), 4 survivors (4096K)
 Metaspace       used 75435K, capacity 77209K, committed 77436K, reserved 1116160K
  class space    used 9803K, capacity 10427K, committed 10496K, reserved 1048576K
}
Event: 35.169 GC heap before
{Heap before GC invocations=30 (full 0):
 garbage-first heap   total 133120K, used 94652K [0x0000000080000000, 0x0000000100000000)
  region size 1024K, 40 young (40960K), 4 survivors (4096K)
 Metaspace       used 78404K, capacity 80307K, committed 80508K, reserved 1118208K
  class space    used 10251K, capacity 10966K, committed 11008K, reserved 1048576K
}
Event: 35.196 GC heap after
{Heap after GC invocations=31 (full 0):
 garbage-first heap   total 133120K, used 60271K [0x0000000080000000, 0x0000000100000000)
  region size 1024K, 5 young (5120K), 5 survivors (5120K)
 Metaspace       used 78404K, capacity 80307K, committed 80508K, reserved 1118208K
  class space    used 10251K, capacity 10966K, committed 11008K, reserved 1048576K
}
Event: 36.534 GC heap before
{Heap before GC invocations=31 (full 0):
 garbage-first heap   total 133120K, used 96111K [0x0000000080000000, 0x0000000100000000)
  region size 1024K, 41 young (41984K), 5 survivors (5120K)
 Metaspace       used 78911K, capacity 80840K, committed 81020K, reserved 1120256K
  class space    used 10285K, capacity 11005K, committed 11008K, reserved 1048576K
}
Event: 36.560 GC heap after
{Heap after GC invocations=32 (full 0):
 garbage-first heap   total 133120K, used 62800K [0x0000000080000000, 0x0000000100000000)
  region size 1024K, 5 young (5120K), 5 survivors (5120K)
 Metaspace       used 78911K, capacity 80840K, committed 81020K, reserved 1120256K
  class space    used 10285K, capacity 11005K, committed 11008K, reserved 1048576K
}
Event: 38.495 GC heap before
{Heap before GC invocations=32 (full 0):
 garbage-first heap   total 133120K, used 99664K [0x0000000080000000, 0x0000000100000000)
  region size 1024K, 42 young (43008K), 5 survivors (5120K)
 Metaspace       used 80935K, capacity 83001K, committed 83068K, reserved 1122304K
  class space    used 10468K, capacity 11203K, committed 11264K, reserved 1048576K
}
Event: 38.522 GC heap after
{Heap after GC invocations=33 (full 0):
 garbage-first heap   total 133120K, used 65286K [0x0000000080000000, 0x0000000100000000)
  region size 1024K, 5 young (5120K), 5 survivors (5120K)
 Metaspace       used 80935K, capacity 83001K, committed 83068K, reserved 1122304K
  class space    used 10468K, capacity 11203K, committed 11264K, reserved 1048576K
}
Event: 39.677 GC heap before
{Heap before GC invocations=33 (full 0):
 garbage-first heap   total 133120K, used 102150K [0x0000000080000000, 0x0000000100000000)
  region size 1024K, 42 young (43008K), 5 survivors (5120K)
 Metaspace       used 81203K, capacity 83193K, committed 83324K, reserved 1122304K
  class space    used 10468K, capacity 11203K, committed 11264K, reserved 1048576K
}
Event: 39.740 GC heap after
{Heap after GC invocations=34 (full 0):
 garbage-first heap   total 159744K, used 73728K [0x0000000080000000, 0x0000000100000000)
  region size 1024K, 6 young (6144K), 6 survivors (6144K)
 Metaspace       used 81203K, capacity 83193K, committed 83324K, reserved 1122304K
  class space    used 10468K, capacity 11203K, committed 11264K, reserved 1048576K
}
Event: 41.063 GC heap before
{Heap before GC invocations=35 (full 0):
 garbage-first heap   total 159744K, used 119808K [0x0000000080000000, 0x0000000100000000)
  region size 1024K, 48 young (49152K), 6 survivors (6144K)
 Metaspace       used 81829K, capacity 83891K, committed 84220K, reserved 1122304K
  class space    used 10529K, capacity 11290K, committed 11392K, reserved 1048576K
}
Event: 41.121 GC heap after
{Heap after GC invocations=36 (full 0):
 garbage-first heap   total 159744K, used 86528K [0x0000000080000000, 0x0000000100000000)
  region size 1024K, 6 young (6144K), 6 survivors (6144K)
 Metaspace       used 81829K, capacity 83891K, committed 84220K, reserved 1122304K
  class space    used 10529K, capacity 11290K, committed 11392K, reserved 1048576K
}
Event: 41.378 GC heap before
{Heap before GC invocations=36 (full 0):
 garbage-first heap   total 159744K, used 93696K [0x0000000080000000, 0x0000000100000000)
  region size 1024K, 14 young (14336K), 6 survivors (6144K)
 Metaspace       used 82162K, capacity 84272K, committed 84476K, reserved 1122304K
  class space    used 10572K, capacity 11329K, committed 11392K, reserved 1048576K
}
Event: 41.404 GC heap after
{Heap after GC invocations=37 (full 0):
 garbage-first heap   total 159744K, used 88576K [0x0000000080000000, 0x0000000100000000)
  region size 1024K, 2 young (2048K), 2 survivors (2048K)
 Metaspace       used 82162K, capacity 84272K, committed 84476K, reserved 1122304K
  class space    used 10572K, capacity 11329K, committed 11392K, reserved 1048576K
}
Event: 41.882 GC heap before
{Heap before GC invocations=38 (full 0):
 garbage-first heap   total 159744K, used 89600K [0x0000000080000000, 0x0000000100000000)
  region size 1024K, 3 young (3072K), 2 survivors (2048K)
 Metaspace       used 82143K, capacity 84242K, committed 84476K, reserved 1122304K
  class space    used 10566K, capacity 11319K, committed 11392K, reserved 1048576K
}
Event: 41.900 GC heap after
{Heap after GC invocations=39 (full 0):
 garbage-first heap   total 159744K, used 88527K [0x0000000080000000, 0x0000000100000000)
  region size 1024K, 1 young (1024K), 1 survivors (1024K)
 Metaspace       used 82143K, capacity 84242K, committed 84476K, reserved 1122304K
  class space    used 10566K, capacity 11319K, committed 11392K, reserved 1048576K
}
Event: 42.349 GC heap before
{Heap before GC invocations=40 (full 0):
 garbage-first heap   total 159744K, used 90575K [0x0000000080000000, 0x0000000100000000)
  region size 1024K, 2 young (2048K), 1 survivors (1024K)
 Metaspace       used 82148K, capacity 84242K, committed 84476K, reserved 1122304K
  class space    used 10567K, capacity 11319K, committed 11392K, reserved 1048576K
}

Deoptimization events (20 events):
Event: 41.832 Thread 0x00000202a8127800 Uncommon trap: trap_request=0xffffff4d fr.pc=0x00000202985a259c relative=0x000000000000045c
Event: 41.832 Thread 0x00000202a8127800 Uncommon trap: reason=unstable_if action=reinterpret pc=0x00000202985a259c method=java.lang.AbstractStringBuilder.putStringAt(ILjava/lang/String;)V @ 8 c2
Event: 41.832 Thread 0x00000202a8127800 DEOPT PACKING pc=0x00000202985a259c sp=0x000000dfb7af6730
Event: 41.832 Thread 0x00000202a8127800 DEOPT UNPACKING pc=0x0000020290ad6ca9 sp=0x000000dfb7af6638 mode 2
Event: 41.833 Thread 0x00000202a8127800 Uncommon trap: trap_request=0xffffff4d fr.pc=0x00000202985ba374 relative=0x00000000000001d4
Event: 41.833 Thread 0x00000202a8127800 Uncommon trap: reason=unstable_if action=reinterpret pc=0x00000202985ba374 method=java.lang.String.lastIndexOf(II)I @ 4 c2
Event: 41.833 Thread 0x00000202a8127800 DEOPT PACKING pc=0x00000202985ba374 sp=0x000000dfb7af6780
Event: 41.833 Thread 0x00000202a8127800 DEOPT UNPACKING pc=0x0000020290ad6ca9 sp=0x000000dfb7af66b0 mode 2
Event: 42.349 Thread 0x00000202a8127800 Uncommon trap: trap_request=0xffffffde fr.pc=0x0000020298a15d2c relative=0x00000000000001cc
Event: 42.349 Thread 0x00000202a8127800 Uncommon trap: reason=class_check action=maybe_recompile pc=0x0000020298a15d2c method=org.apache.xerces.dom.NodeImpl.getUserData(Ljava/lang/String;)Ljava/lang/Object; @ 1 c2
Event: 42.349 Thread 0x00000202a8127800 DEOPT PACKING pc=0x0000020298a15d2c sp=0x000000dfb7af6ca0
Event: 42.349 Thread 0x00000202a8127800 DEOPT UNPACKING pc=0x0000020290ad6ca9 sp=0x000000dfb7af6c70 mode 2
Event: 42.349 Thread 0x00000202a8127800 Uncommon trap: trap_request=0xffffffde fr.pc=0x0000020298a15d2c relative=0x00000000000001cc
Event: 42.349 Thread 0x00000202a8127800 Uncommon trap: reason=class_check action=maybe_recompile pc=0x0000020298a15d2c method=org.apache.xerces.dom.NodeImpl.getUserData(Ljava/lang/String;)Ljava/lang/Object; @ 1 c2
Event: 42.349 Thread 0x00000202a8127800 DEOPT PACKING pc=0x0000020298a15d2c sp=0x000000dfb7af6910
Event: 42.349 Thread 0x00000202a8127800 DEOPT UNPACKING pc=0x0000020290ad6ca9 sp=0x000000dfb7af68d0 mode 2
Event: 42.349 Thread 0x00000202a8127800 Uncommon trap: trap_request=0xffffff4d fr.pc=0x00000202985e5b20 relative=0x0000000000000360
Event: 42.349 Thread 0x00000202a8127800 Uncommon trap: reason=unstable_if action=reinterpret pc=0x00000202985e5b20 method=java.lang.AbstractStringBuilder.isLatin1()Z @ 10 c2
Event: 42.349 Thread 0x00000202a8127800 DEOPT PACKING pc=0x00000202985e5b20 sp=0x000000dfb7af6e40
Event: 42.349 Thread 0x00000202a8127800 DEOPT UNPACKING pc=0x0000020290ad6ca9 sp=0x000000dfb7af6dc0 mode 2

Classes redefined (0 events):
No events

Internal exceptions (20 events):
Event: 34.450 Thread 0x00000202a8127800 Exception <a 'java/lang/IncompatibleClassChangeError'{0x0000000086b8f4f0}: Found class java.lang.Object, but interface was expected> (0x0000000086b8f4f0) thrown at [./src/hotspot/share/interpreter/linkResolver.cpp, line 839]
Event: 34.515 Thread 0x00000202a8127800 Exception <a 'java/lang/NoSuchMethodError'{0x0000000086978878}: 'int java.lang.invoke.DirectMethodHandle$Holder.invokeStaticInit(java.lang.Object, java.lang.Object, java.lang.Object, java.lang.Object, java.lang.Object)'> (0x0000000086978878) thrown at [./src/hotspot/share/interpreter/linkResolver.cpp, line 773]
Event: 35.238 Thread 0x00000202ab4a7000 Exception <a 'java/lang/NoSuchMethodError'{0x00000000880a1b28}: 'java.lang.Object java.lang.invoke.DirectMethodHandle$Holder.invokeSpecialIFC(java.lang.Object, java.lang.Object, java.lang.Object)'> (0x00000000880a1b28) thrown at [./src/hotspot/share/interpreter/linkResolver.cpp, line 773]
Event: 37.172 Thread 0x00000202a8127800 Exception <a 'java/lang/NoSuchMethodError'{0x00000000870458d8}: 'void java.lang.invoke.DirectMethodHandle$Holder.invokeVirtual(java.lang.Object, java.lang.Object)'> (0x00000000870458d8) thrown at [./src/hotspot/share/interpreter/linkResolver.cpp, line 773]
Event: 40.997 Thread 0x00000202a8127800 Exception <a 'java/lang/NoSuchMethodError'{0x00000000874f2e60}: <clinit>> (0x00000000874f2e60) thrown at [./src/hotspot/share/prims/jni.cpp, line 1362]
Event: 41.016 Thread 0x00000202a8127800 Exception <a 'java/lang/NoSuchMethodError'{0x0000000087308610}: <clinit>> (0x0000000087308610) thrown at [./src/hotspot/share/prims/jni.cpp, line 1362]
Event: 41.030 Thread 0x00000202a8127800 Exception <a 'java/lang/NoSuchMethodError'{0x0000000087394bd0}: <clinit>> (0x0000000087394bd0) thrown at [./src/hotspot/share/prims/jni.cpp, line 1362]
Event: 41.031 Thread 0x00000202a8127800 Exception <a 'java/lang/NoSuchMethodError'{0x0000000087397f90}: <clinit>> (0x0000000087397f90) thrown at [./src/hotspot/share/prims/jni.cpp, line 1362]
Event: 41.032 Thread 0x00000202a8127800 Exception <a 'java/lang/NoSuchMethodError'{0x000000008739d168}: <clinit>> (0x000000008739d168) thrown at [./src/hotspot/share/prims/jni.cpp, line 1362]
Event: 41.036 Thread 0x00000202a8127800 Exception <a 'java/lang/NoSuchMethodError'{0x00000000873a9100}: <clinit>> (0x00000000873a9100) thrown at [./src/hotspot/share/prims/jni.cpp, line 1362]
Event: 41.046 Thread 0x00000202a8127800 Exception <a 'java/lang/NoSuchMethodError'{0x00000000872271c0}: <clinit>> (0x00000000872271c0) thrown at [./src/hotspot/share/prims/jni.cpp, line 1362]
Event: 41.050 Thread 0x00000202a8127800 Exception <a 'java/lang/NoSuchMethodError'{0x0000000087269c40}: <clinit>> (0x0000000087269c40) thrown at [./src/hotspot/share/prims/jni.cpp, line 1362]
Event: 41.050 Thread 0x00000202a8127800 Exception <a 'java/lang/NoSuchMethodError'{0x000000008726d8a0}: <clinit>> (0x000000008726d8a0) thrown at [./src/hotspot/share/prims/jni.cpp, line 1362]
Event: 41.050 Thread 0x00000202a8127800 Exception <a 'java/lang/NoSuchMethodError'{0x0000000087270fb0}: <clinit>> (0x0000000087270fb0) thrown at [./src/hotspot/share/prims/jni.cpp, line 1362]
Event: 41.052 Thread 0x00000202a8127800 Exception <a 'java/lang/NoSuchMethodError'{0x00000000872904c8}: <clinit>> (0x00000000872904c8) thrown at [./src/hotspot/share/prims/jni.cpp, line 1362]
Event: 41.054 Thread 0x00000202a8127800 Exception <a 'java/lang/NoSuchMethodError'{0x00000000872aeaf0}: <clinit>> (0x00000000872aeaf0) thrown at [./src/hotspot/share/prims/jni.cpp, line 1362]
Event: 41.056 Thread 0x00000202a8127800 Exception <a 'java/lang/NoSuchMethodError'{0x00000000872c94f8}: <clinit>> (0x00000000872c94f8) thrown at [./src/hotspot/share/prims/jni.cpp, line 1362]
Event: 41.061 Thread 0x00000202a8127800 Exception <a 'java/lang/NoSuchMethodError'{0x00000000872f5f58}: <clinit>> (0x00000000872f5f58) thrown at [./src/hotspot/share/prims/jni.cpp, line 1362]
Event: 41.124 Thread 0x00000202a8127800 Exception <a 'java/lang/NoSuchMethodError'{0x0000000089b27a70}: <clinit>> (0x0000000089b27a70) thrown at [./src/hotspot/share/prims/jni.cpp, line 1362]
Event: 41.126 Thread 0x00000202a8127800 Exception <a 'java/lang/NoSuchMethodError'{0x0000000089b3f488}: <clinit>> (0x0000000089b3f488) thrown at [./src/hotspot/share/prims/jni.cpp, line 1362]

Events (20 events):
Event: 41.309 loading class com/android/utils/XmlUtils$PositionAwareStringBuilder done
Event: 41.311 loading class com/google/common/base/Objects
Event: 41.311 loading class com/google/common/base/Objects done
Event: 41.311 loading class com/google/common/base/ExtraObjectsMethodsForWeb
Event: 41.311 loading class com/google/common/base/ExtraObjectsMethodsForWeb done
Event: 41.378 Executing VM operation: G1CollectForAllocation
Event: 41.405 Executing VM operation: G1CollectForAllocation done
Event: 41.678 Executing VM operation: CGC_Operation
Event: 41.730 Executing VM operation: CGC_Operation done
Event: 41.878 Executing VM operation: CGC_Operation
Event: 41.878 Executing VM operation: CGC_Operation done
Event: 41.881 Executing VM operation: G1CollectForAllocation
Event: 41.900 Executing VM operation: G1CollectForAllocation done
Event: 42.179 Executing VM operation: CGC_Operation
Event: 42.211 Executing VM operation: CGC_Operation done
Event: 42.343 Executing VM operation: CGC_Operation
Event: 42.344 Executing VM operation: CGC_Operation done
Event: 42.345 loading class org/gradle/internal/work/AsyncWorkTracker$ProjectLockRetention
Event: 42.345 loading class org/gradle/internal/work/AsyncWorkTracker$ProjectLockRetention done
Event: 42.349 Executing VM operation: G1CollectForAllocation


Dynamic libraries:
0x00007ff6be780000 - 0x00007ff6be78a000 	C:\Program Files\Android\Android Studio\jre\bin\java.exe
0x00007ffeddd10000 - 0x00007ffeddf08000 	C:\windows\SYSTEM32\ntdll.dll
0x00007ffeddc10000 - 0x00007ffeddccd000 	C:\windows\System32\KERNEL32.DLL
0x00007ffedb8c0000 - 0x00007ffedbb92000 	C:\windows\System32\KERNELBASE.dll
0x00007ffedb660000 - 0x00007ffedb760000 	C:\windows\System32\ucrtbase.dll
0x00007ffed7cb0000 - 0x00007ffed7cc9000 	C:\Program Files\Android\Android Studio\jre\bin\jli.dll
0x00007ffed5270000 - 0x00007ffed5287000 	C:\Program Files\Android\Android Studio\jre\bin\VCRUNTIME140.dll
0x00007ffedc600000 - 0x00007ffedc79d000 	C:\windows\System32\USER32.dll
0x00007ffedbd40000 - 0x00007ffedbd62000 	C:\windows\System32\win32u.dll
0x00007ffedc1e0000 - 0x00007ffedc20b000 	C:\windows\System32\GDI32.dll
0x00007ffedbc30000 - 0x00007ffedbd3f000 	C:\windows\System32\gdi32full.dll
0x00007ffedb520000 - 0x00007ffedb5bd000 	C:\windows\System32\msvcp_win.dll
0x00007ffec0a30000 - 0x00007ffec0cca000 	C:\windows\WinSxS\amd64_microsoft.windows.common-controls_6595b64144ccf1df_6.0.19041.1110_none_60b5254171f9507e\COMCTL32.dll
0x00007ffedd3c0000 - 0x00007ffedd45e000 	C:\windows\System32\msvcrt.dll
0x00007ffedc7a0000 - 0x00007ffedc7d0000 	C:\windows\System32\IMM32.DLL
0x00007ffec1080000 - 0x00007ffec111d000 	C:\Program Files\Android\Android Studio\jre\bin\msvcp140.dll
0x00007ffe6e300000 - 0x00007ffe6edcf000 	C:\Program Files\Android\Android Studio\jre\bin\server\jvm.dll
0x00007ffedc2f0000 - 0x00007ffedc39e000 	C:\windows\System32\ADVAPI32.dll
0x00007ffedc7e0000 - 0x00007ffedc87c000 	C:\windows\System32\sechost.dll
0x00007ffedc890000 - 0x00007ffedc9b5000 	C:\windows\System32\RPCRT4.dll
0x00007ffedc7d0000 - 0x00007ffedc7d8000 	C:\windows\System32\PSAPI.DLL
0x00007ffed7c90000 - 0x00007ffed7c99000 	C:\windows\SYSTEM32\WSOCK32.dll
0x00007ffedd280000 - 0x00007ffedd2eb000 	C:\windows\System32\WS2_32.dll
0x00007ffeb87f0000 - 0x00007ffeb8817000 	C:\windows\SYSTEM32\WINMM.dll
0x00007ffed0030000 - 0x00007ffed003a000 	C:\windows\SYSTEM32\VERSION.dll
0x00007ffed9c70000 - 0x00007ffed9c82000 	C:\windows\SYSTEM32\kernel.appcore.dll
0x00007ffed7c70000 - 0x00007ffed7c81000 	C:\Program Files\Android\Android Studio\jre\bin\verify.dll
0x00007ffed9990000 - 0x00007ffed9b74000 	C:\windows\SYSTEM32\DBGHELP.DLL
0x00007ffebbad0000 - 0x00007ffebbafc000 	C:\windows\SYSTEM32\dbgcore.DLL
0x00007ffedbba0000 - 0x00007ffedbc22000 	C:\windows\System32\bcryptPrimitives.dll
0x00007ffed7360000 - 0x00007ffed7389000 	C:\Program Files\Android\Android Studio\jre\bin\java.dll
0x00007ffed7350000 - 0x00007ffed735b000 	C:\Program Files\Android\Android Studio\jre\bin\jimage.dll
0x00007ffed5f20000 - 0x00007ffed5f38000 	C:\Program Files\Android\Android Studio\jre\bin\zip.dll
0x00007ffedd460000 - 0x00007ffeddba3000 	C:\windows\System32\SHELL32.dll
0x00007ffed9120000 - 0x00007ffed98b1000 	C:\windows\SYSTEM32\windows.storage.dll
0x00007ffedcf20000 - 0x00007ffedd274000 	C:\windows\System32\combase.dll
0x00007ffedada0000 - 0x00007ffedadd0000 	C:\windows\SYSTEM32\Wldp.dll
0x00007ffedc550000 - 0x00007ffedc5fd000 	C:\windows\System32\SHCORE.dll
0x00007ffedcaf0000 - 0x00007ffedcb45000 	C:\windows\System32\shlwapi.dll
0x00007ffedb360000 - 0x00007ffedb37f000 	C:\windows\SYSTEM32\profapi.dll
0x00007ffed5950000 - 0x00007ffed596a000 	C:\Program Files\Android\Android Studio\jre\bin\net.dll
0x00007ffec0920000 - 0x00007ffec0a2d000 	C:\windows\SYSTEM32\WINHTTP.dll
0x00007ffedab00000 - 0x00007ffedab6a000 	C:\windows\system32\mswsock.dll
0x00007ffed5240000 - 0x00007ffed5254000 	C:\Program Files\Android\Android Studio\jre\bin\nio.dll
0x00007ffec1610000 - 0x00007ffec1637000 	C:\Users\sander kerby\.gradle\native\8bec1ad78214c89d9ad589b4d07fe93259594b29d510b10fafb7a158f7737e5d\windows-amd64\native-platform.dll
0x00007ffeb93e0000 - 0x00007ffeb951d000 	C:\Users\sander kerby\.gradle\native\53dbd7edfb1c66fb8903c78663c9afc45aea4f116125fa6feffd364cf09443e8\windows-amd64\native-platform-file-events.dll
0x00007ffed7340000 - 0x00007ffed734a000 	C:\Program Files\Android\Android Studio\jre\bin\management.dll
0x00007ffed61e0000 - 0x00007ffed61ec000 	C:\Program Files\Android\Android Studio\jre\bin\management_ext.dll
0x00007ffedad00000 - 0x00007ffedad18000 	C:\windows\SYSTEM32\CRYPTSP.dll
0x00007ffeda420000 - 0x00007ffeda454000 	C:\windows\system32\rsaenh.dll
0x00007ffedb630000 - 0x00007ffedb657000 	C:\windows\System32\bcrypt.dll
0x00007ffedb2e0000 - 0x00007ffedb30e000 	C:\windows\SYSTEM32\USERENV.dll
0x00007ffedacf0000 - 0x00007ffedacfc000 	C:\windows\SYSTEM32\CRYPTBASE.dll
0x00007ffeda7f0000 - 0x00007ffeda82b000 	C:\windows\SYSTEM32\IPHLPAPI.DLL
0x00007ffedc880000 - 0x00007ffedc888000 	C:\windows\System32\NSI.dll
0x00007ffecb660000 - 0x00007ffecb677000 	C:\windows\SYSTEM32\dhcpcsvc6.DLL
0x00007ffecfe60000 - 0x00007ffecfe7d000 	C:\windows\SYSTEM32\dhcpcsvc.DLL
0x00007ffeda830000 - 0x00007ffeda8fa000 	C:\windows\SYSTEM32\DNSAPI.dll

dbghelp: loaded successfully - version: 4.0.5 - missing functions: none
symbol engine: initialized successfully - sym options: 0x614 - pdb path: .;C:\Program Files\Android\Android Studio\jre\bin;C:\windows\SYSTEM32;C:\windows\WinSxS\amd64_microsoft.windows.common-controls_6595b64144ccf1df_6.0.19041.1110_none_60b5254171f9507e;C:\Program Files\Android\Android Studio\jre\bin\server;C:\Users\sander kerby\.gradle\native\8bec1ad78214c89d9ad589b4d07fe93259594b29d510b10fafb7a158f7737e5d\windows-amd64;C:\Users\sander kerby\.gradle\native\53dbd7edfb1c66fb8903c78663c9afc45aea4f116125fa6feffd364cf09443e8\windows-amd64

VM Arguments:
jvm_args: --add-opens=java.base/java.util=ALL-UNNAMED --add-opens=java.base/java.lang=ALL-UNNAMED --add-opens=java.base/java.lang.invoke=ALL-UNNAMED --add-opens=java.base/java.util=ALL-UNNAMED --add-opens=java.prefs/java.util.prefs=ALL-UNNAMED --add-opens=java.prefs/java.util.prefs=ALL-UNNAMED --add-opens=java.base/java.nio.charset=ALL-UNNAMED --add-opens=java.base/java.net=ALL-UNNAMED --add-opens=java.base/java.util.concurrent.atomic=ALL-UNNAMED -Xmx2048m -Dfile.encoding=UTF-8 -Duser.country=US -Duser.language=en -Duser.variant 
java_command: org.gradle.launcher.daemon.bootstrap.GradleDaemon 7.0.2
java_class_path (initial): C:\Users\sander kerby\.gradle\wrapper\dists\gradle-7.0.2-bin\857tjihv64xamwrf0h14cai3r\gradle-7.0.2\lib\gradle-launcher-7.0.2.jar
Launcher Type: SUN_STANDARD

[Global flags]
     intx CICompilerCount                          = 2                                         {product} {ergonomic}
     uint ConcGCThreads                            = 1                                         {product} {ergonomic}
     uint G1ConcRefinementThreads                  = 2                                         {product} {ergonomic}
   size_t G1HeapRegionSize                         = 1048576                                   {product} {ergonomic}
    uintx GCDrainStackTargetSize                   = 64                                        {product} {ergonomic}
   size_t InitialHeapSize                          = 65011712                                  {product} {ergonomic}
   size_t MarkStackSize                            = 4194304                                   {product} {ergonomic}
   size_t MaxHeapSize                              = 2147483648                                {product} {command line}
   size_t MaxNewSize                               = 1287651328                                {product} {ergonomic}
   size_t MinHeapDeltaBytes                        = 1048576                                   {product} {ergonomic}
    uintx NonNMethodCodeHeapSize                   = 5825164                                {pd product} {ergonomic}
    uintx NonProfiledCodeHeapSize                  = 122916538                              {pd product} {ergonomic}
    uintx ProfiledCodeHeapSize                     = 122916538                              {pd product} {ergonomic}
    uintx ReservedCodeCacheSize                    = 251658240                              {pd product} {ergonomic}
     bool SegmentedCodeCache                       = true                                      {product} {ergonomic}
     bool UseCompressedClassPointers               = true                                 {lp64_product} {ergonomic}
     bool UseCompressedOops                        = true                                 {lp64_product} {ergonomic}
     bool UseG1GC                                  = true                                      {product} {ergonomic}
     bool UseLargePagesIndividualAllocation        = false                                  {pd product} {ergonomic}

Logging:
Log output configuration:
 #0: stdout all=warning uptime,level,tags
 #1: stderr all=off uptime,level,tags

Environment Variables:
JAVA_HOME=C:\Program Files\Java\jdk-16.0.2
PATH=C:\Program Files\Common Files\Oracle\Java\javapath;C:\app\sanderkerby\product\11.2.0\dbhome_1\bin;C:\windows\system32;C:\windows;C:\windows\System32\Wbem;C:\windows\System32\WindowsPowerShell\v1.0\;C:\windows\System32\OpenSSH\;C:\Windows\System32;C:\Program Files\Java\jdk-16.0.2\bin;C:\Program Files\Git\cmd;C:\Users\sander kerby\AppData\Local\Programs\Python\Python38;C:\Users\sander kerby\AppData\Local\Programs\Python\Python38\Scripts;C:\Users\sander kerby\AppData\Roaming\npm\yarn.ps1;C:\Users\sander kerby\AppData\Local\Microsoft\WindowsApps;C:\Program Files\JetBrains\PyCharm Community Edition 2021.1.3\bin;;C:\Windows\System32;D:\tout\cours pour 2022\php-8.1.2-nts-Win32-vs16-x64;C:\Users\sander kerby\AppData\Local\Programs\Python\Python38;C:\Users\sander kerby\AppData\Local\Programs\Python\Python38\Scripts;E:\tout\VS CODE\Microsoft VS Code\bin;C:\Users\sander kerby\AppData\Roaming\npm\node_modules\yarn;C:\Users\sander kerby\AppData\Roaming\npm\yarn.ps1;E:\tout\nodejs
USERNAME=sander kerby
OS=Windows_NT
PROCESSOR_IDENTIFIER=Intel64 Family 6 Model 122 Stepping 8, GenuineIntel



---------------  S Y S T E M  ---------------

OS: Windows 10 , 64 bit Build 19041 (10.0.19041.1889)
OS uptime: 0 days 1:53 hours

CPU:total 2 (initial active 2) (2 cores per cpu, 1 threads per core) family 6 model 122 stepping 8 microcode 0x1c, cmov, cx8, fxsr, mmx, sse, sse2, sse3, ssse3, sse4.1, sse4.2, popcnt, aes, clmul, erms, 3dnowpref, tsc, tscinvbit, sha

Memory: 4k page, system-wide physical 3912M (963M free)
TotalPageFile size 5494M (AvailPageFile size 13M)
current process WorkingSet (physical memory assigned to process): 379M, peak: 379M
current process commit charge ("private bytes"): 402M, peak: 433M

vm_info: OpenJDK 64-Bit Server VM (11.0.10+0-b96-7249189) for windows-amd64 JRE (11.0.10+0-b96-7249189), built on Mar 31 2021 21:44:00 by "builder" with MS VC++ 14.0 (VS2015)

END.
