#
# There is insufficient memory for the Java Runtime Environment to continue.
# Native memory allocation (mmap) failed to map 46137344 bytes for Failed to commit area from 0x0000000089e00000 to 0x000000008ca00000 of length 46137344.
# Possible reasons:
#   The system is out of physical RAM or swap space
#   The process is running with CompressedOops enabled, and the Java Heap may be blocking the growth of the native heap
# Possible solutions:
#   Reduce memory load on the system
#   Increase physical memory or swap space
#   Check if swap backing store is full
#   Decrease Java heap size (-Xmx/-Xms)
#   Decrease number of Java threads
#   Decrease Java thread stack sizes (-Xss)
#   Set larger code cache with -XX:ReservedCodeCacheSize=
#   JVM is running with Unscaled Compressed Oops mode in which the Java heap is
#     placed in the first 4GB address space. The Java Heap base address is the
#     maximum limit for the native heap growth. Please use -XX:HeapBaseMinAddress
#     to set the Java Heap base and to place the Java Heap above 4GB virtual address.
# This output file may be truncated or incomplete.
#
#  Out of Memory Error (./src/hotspot/os/windows/os_windows.cpp:3301), pid=2176, tid=7324
#
# JRE version: OpenJDK Runtime Environment (11.0.10) (build 11.0.10+0-b96-7249189)
# Java VM: OpenJDK 64-Bit Server VM (11.0.10+0-b96-7249189, mixed mode, tiered, compressed oops, g1 gc, windows-amd64)
# No core dump will be written. Minidumps are not enabled by default on client versions of Windows
#

---------------  S U M M A R Y ------------

Command Line: --add-opens=java.base/java.util=ALL-UNNAMED --add-opens=java.base/java.lang=ALL-UNNAMED --add-opens=java.base/java.lang.invoke=ALL-UNNAMED --add-opens=java.base/java.util=ALL-UNNAMED --add-opens=java.prefs/java.util.prefs=ALL-UNNAMED --add-opens=java.prefs/java.util.prefs=ALL-UNNAMED --add-opens=java.base/java.nio.charset=ALL-UNNAMED --add-opens=java.base/java.net=ALL-UNNAMED --add-opens=java.base/java.util.concurrent.atomic=ALL-UNNAMED -Xmx2048m -Dfile.encoding=UTF-8 -Duser.country=US -Duser.language=en -Duser.variant org.gradle.launcher.daemon.bootstrap.GradleDaemon 7.0.2

Host: Intel(R) Celeron(R) N4020 CPU @ 1.10GHz, 2 cores, 3G,  Windows 10 , 64 bit Build 19041 (10.0.19041.1889)
Time: Fri Feb 24 16:14:07 2023 Haiti Standard Time elapsed time: 39.172988 seconds (0d 0h 0m 39s)

---------------  T H R E A D  ---------------

Current thread (0x00000196bb996000):  VMThread "VM Thread" [stack: 0x0000008586a00000,0x0000008586b00000] [id=7324]

Stack: [0x0000008586a00000,0x0000008586b00000]
[error occurred during error reporting (printing stack bounds), id 0xc0000005, EXCEPTION_ACCESS_VIOLATION (0xc0000005) at pc=0x00000196a5dc0f3d]

Native frames: (J=compiled Java code, j=interpreted, Vv=VM code, C=native code)
V  [jvm.dll+0x5ecfaa]
V  [jvm.dll+0x722bd5]
V  [jvm.dll+0x72412d]
V  [jvm.dll+0x724745]
V  [jvm.dll+0x7246fb]
V  [jvm.dll+0x5ec348]
V  [jvm.dll+0x5ecad8]
C  [ntdll.dll+0xa241f]
C  [ntdll.dll+0x514a4]
C  [ntdll.dll+0xa0f4e]
C  0x00000196a5dc0f3d

VM_Operation (0x0000008587cf6b50): G1CollectForAllocation, mode: safepoint, requested by thread 0x00000196be229800


---------------  P R O C E S S  ---------------

Threads class SMR info:
_java_thread_list=0x00000196c2e918d0, length=41, elements={
0x00000196a22d1800, 0x00000196bb99c000, 0x00000196bb99f800, 0x00000196bb9fc000,
0x00000196bb9fd000, 0x00000196bb9fe000, 0x00000196bba00000, 0x00000196bba0e800,
0x00000196bba14000, 0x00000196bc485800, 0x00000196bdde4800, 0x00000196bdb28800,
0x00000196be298800, 0x00000196bd607800, 0x00000196bd606800, 0x00000196bdc0e800,
0x00000196be229800, 0x00000196bdb82000, 0x00000196bde3a800, 0x00000196be1aa800,
0x00000196be1a6800, 0x00000196be1a8000, 0x00000196be1a5000, 0x00000196be1a9000,
0x00000196be1ab800, 0x00000196be1a5800, 0x00000196be1a7000, 0x00000196be1a9800,
0x00000196c0a76800, 0x00000196c0a77800, 0x00000196c0a7a800, 0x00000196c0a78000,
0x00000196c0a7b800, 0x00000196c0a79000, 0x00000196c0a7c800, 0x00000196c0a83000,
0x00000196c0a82000, 0x00000196c0a7e000, 0x00000196c0a80800, 0x00000196c0a81000,
0x00000196c0a7d000
}

Java Threads: ( => current thread )
  0x00000196a22d1800 JavaThread "main" [_thread_blocked, id=5532, stack(0x0000008586400000,0x0000008586500000)]
  0x00000196bb99c000 JavaThread "Reference Handler" daemon [_thread_blocked, id=1856, stack(0x0000008586b00000,0x0000008586c00000)]
  0x00000196bb99f800 JavaThread "Finalizer" daemon [_thread_blocked, id=9692, stack(0x0000008586c00000,0x0000008586d00000)]
  0x00000196bb9fc000 JavaThread "Signal Dispatcher" daemon [_thread_blocked, id=4472, stack(0x0000008586d00000,0x0000008586e00000)]
  0x00000196bb9fd000 JavaThread "Attach Listener" daemon [_thread_blocked, id=9528, stack(0x0000008586e00000,0x0000008586f00000)]
  0x00000196bb9fe000 JavaThread "Service Thread" daemon [_thread_blocked, id=1560, stack(0x0000008586f00000,0x0000008587000000)]
  0x00000196bba00000 JavaThread "C2 CompilerThread0" daemon [_thread_blocked, id=4912, stack(0x0000008587000000,0x0000008587100000)]
  0x00000196bba0e800 JavaThread "C1 CompilerThread0" daemon [_thread_blocked, id=6656, stack(0x0000008587100000,0x0000008587200000)]
  0x00000196bba14000 JavaThread "Sweeper thread" daemon [_thread_blocked, id=6968, stack(0x0000008587200000,0x0000008587300000)]
  0x00000196bc485800 JavaThread "Common-Cleaner" daemon [_thread_blocked, id=5440, stack(0x0000008587300000,0x0000008587400000)]
  0x00000196bdde4800 JavaThread "Daemon health stats" [_thread_blocked, id=7472, stack(0x0000008587600000,0x0000008587700000)]
  0x00000196bdb28800 JavaThread "Incoming local TCP Connector on port 49962" [_thread_in_native, id=9236, stack(0x0000008587700000,0x0000008587800000)]
  0x00000196be298800 JavaThread "Daemon" [_thread_blocked, id=7632, stack(0x0000008587800000,0x0000008587900000)]
  0x00000196bd607800 JavaThread "Handler for socket connection from /127.0.0.1:49962 to /127.0.0.1:49963" [_thread_in_native, id=6264, stack(0x0000008587900000,0x0000008587a00000)]
  0x00000196bd606800 JavaThread "Daemon periodic checks" [_thread_blocked, id=976, stack(0x0000008587a00000,0x0000008587b00000)]
  0x00000196bdc0e800 JavaThread "Cancel handler" [_thread_blocked, id=4232, stack(0x0000008587b00000,0x0000008587c00000)]
  0x00000196be229800 JavaThread "Daemon worker" [_thread_blocked, id=7828, stack(0x0000008587c00000,0x0000008587d00000)]
  0x00000196bdb82000 JavaThread "Asynchronous log dispatcher for DefaultDaemonConnection: socket connection from /127.0.0.1:49962 to /127.0.0.1:49963" [_thread_blocked, id=7728, stack(0x0000008587d00000,0x0000008587e00000)]
  0x00000196bde3a800 JavaThread "Stdin handler" [_thread_blocked, id=9548, stack(0x0000008587e00000,0x0000008587f00000)]
  0x00000196be1aa800 JavaThread "Daemon client event forwarder" [_thread_blocked, id=6104, stack(0x0000008587f00000,0x0000008588000000)]
  0x00000196be1a6800 JavaThread "Cache worker for file hash cache (C:\Users\sander kerby\.gradle\caches\7.0.2\fileHashes)" [_thread_blocked, id=2012, stack(0x0000008588000000,0x0000008588100000)]
  0x00000196be1a8000 JavaThread "File lock request listener" [_thread_in_native, id=4356, stack(0x0000008588100000,0x0000008588200000)]
  0x00000196be1a5000 JavaThread "Cache worker for journal cache (C:\Users\sander kerby\.gradle\caches\journal-1)" [_thread_blocked, id=9836, stack(0x0000008588200000,0x0000008588300000)]
  0x00000196be1a9000 JavaThread "Cache worker for file hash cache (C:\Users\sander kerby\AndroidStudioProjects\Image-Classification-App-with-Teachable-Machine-main\Image-Classification-App-with-Teachable-Machine-main\.gradle\7.0.2\fileHashes)" [_thread_blocked, id=8752, stack(0x0000008588300000,0x0000008588400000)]
  0x00000196be1ab800 JavaThread "File watcher server" daemon [_thread_blocked, id=8756, stack(0x0000008588400000,0x0000008588500000)]
  0x00000196be1a5800 JavaThread "File watcher consumer" daemon [_thread_blocked, id=4880, stack(0x0000008588500000,0x0000008588600000)]
  0x00000196be1a7000 JavaThread "Cache worker for checksums cache (C:\Users\sander kerby\AndroidStudioProjects\Image-Classification-App-with-Teachable-Machine-main\Image-Classification-App-with-Teachable-Machine-main\.gradle\checksums)" [_thread_blocked, id=7408, stack(0x0000008588600000,0x0000008588700000)]
  0x00000196be1a9800 JavaThread "Cache worker for cache directory md-supplier (C:\Users\sander kerby\.gradle\caches\7.0.2\md-supplier)" [_thread_blocked, id=2356, stack(0x0000008588700000,0x0000008588800000)]
  0x00000196c0a76800 JavaThread "Cache worker for cache directory md-rule (C:\Users\sander kerby\.gradle\caches\7.0.2\md-rule)" [_thread_blocked, id=9016, stack(0x0000008588800000,0x0000008588900000)]
  0x00000196c0a77800 JavaThread "Cache worker for execution history cache (C:\Users\sander kerby\.gradle\caches\7.0.2\executionHistory)" [_thread_blocked, id=6600, stack(0x0000008588900000,0x0000008588a00000)]
  0x00000196c0a7a800 JavaThread "jar transforms" [_thread_blocked, id=9972, stack(0x0000008588a00000,0x0000008588b00000)]
  0x00000196c0a78000 JavaThread "jar transforms Thread 2" [_thread_blocked, id=7180, stack(0x0000008588b00000,0x0000008588c00000)]
  0x00000196c0a7b800 JavaThread "Cache worker for file content cache (C:\Users\sander kerby\.gradle\caches\7.0.2\fileContent)" [_thread_blocked, id=6108, stack(0x0000008588c00000,0x0000008588d00000)]
  0x00000196c0a79000 JavaThread "Cache worker for dependencies-accessors (C:\Users\sander kerby\AndroidStudioProjects\Image-Classification-App-with-Teachable-Machine-main\Image-Classification-App-with-Teachable-Machine-main\.gradle\7.0.2\dependencies-accessors)" [_thread_blocked, id=9920, stack(0x0000008588d00000,0x0000008588e00000)]
  0x00000196c0a7c800 JavaThread "Cache worker for Build Output Cleanup Cache (C:\Users\sander kerby\AndroidStudioProjects\Image-Classification-App-with-Teachable-Machine-main\Image-Classification-App-with-Teachable-Machine-main\.gradle\buildOutputCleanup)" [_thread_blocked, id=5052, stack(0x0000008588e00000,0x0000008588f00000)]
  0x00000196c0a83000 JavaThread "Build operations" [_thread_blocked, id=10192, stack(0x0000008588f00000,0x0000008589000000)]
  0x00000196c0a82000 JavaThread "Build operations Thread 2" [_thread_blocked, id=4452, stack(0x0000008589000000,0x0000008589100000)]
  0x00000196c0a7e000 JavaThread "Memory manager" [_thread_blocked, id=5340, stack(0x0000008589100000,0x0000008589200000)]
  0x00000196c0a80800 JavaThread "build event listener" [_thread_blocked, id=9988, stack(0x0000008589200000,0x0000008589300000)]
  0x00000196c0a81000 JavaThread "Execution worker for ':'" [_thread_blocked, id=3816, stack(0x0000008589300000,0x0000008589400000)]
  0x00000196c0a7d000 JavaThread "Cache worker for execution history cache (C:\Users\sander kerby\AndroidStudioProjects\Image-Classification-App-with-Teachable-Machine-main\Image-Classification-App-with-Teachable-Machine-main\.gradle\7.0.2\executionHistory)" [_thread_blocked, id=4832, stack(0x0000008589400000,0x0000008589500000)]

Other Threads:
=>0x00000196bb996000 VMThread "VM Thread" [stack: 0x0000008586a00000,0x0000008586b00000] [id=7324]
  0x00000196bc4a0800 WatcherThread [stack: 0x0000008587400000,0x0000008587500000] [id=3132]
  0x00000196a22ef000 GCTaskThread "GC Thread#0" [stack: 0x0000008586500000,0x0000008586600000] [id=7720]
  0x00000196bc5c6000 GCTaskThread "GC Thread#1" [stack: 0x0000008587500000,0x0000008587600000] [id=316]
  0x00000196a2324800 ConcurrentGCThread "G1 Main Marker" [stack: 0x0000008586600000,0x0000008586700000] [id=9224]
  0x00000196a2325800 ConcurrentGCThread "G1 Conc#0" [stack: 0x0000008586700000,0x0000008586800000] [id=7840]
  0x00000196a2369800 ConcurrentGCThread "G1 Refine#0" [stack: 0x0000008586800000,0x0000008586900000] [id=3732]
  0x00000196a236a800 ConcurrentGCThread "G1 Young RemSet Sampling" [stack: 0x0000008586900000,0x0000008586a00000] [id=4188]

Threads with active compile tasks:
C2 CompilerThread0  39201 9712       4       org.apache.xerces.impl.XMLEntityScanner::scanData (1105 bytes)

VM state:at safepoint (normal execution)

VM Mutex/Monitor currently owned by a thread:  ([mutex/lock_event])
[0x00000196a22cd9a0] Threads_lock - owner thread: 0x00000196bb996000
[0x00000196a22cd130] Heap_lock - owner thread: 0x00000196be229800

Heap address: 0x0000000080000000, size: 2048 MB, Compressed Oops mode: 32-bit
Narrow klass base: 0x0000000000000000, Narrow klass shift: 3
Compressed class space size: 1073741824 Address: 0x0000000100000000

Heap:
 garbage-first heap   total 206848K, used 88064K [0x0000000080000000, 0x0000000100000000)
  region size 1024K, 6 young (6144K), 6 survivors (6144K)
 Metaspace       used 81682K, capacity 83791K, committed 83876K, reserved 1122304K
  class space    used 10538K, capacity 11316K, committed 11392K, reserved 1048576K
Heap Regions: E=young(eden), S=young(survivor), O=old, HS=humongous(starts), HC=humongous(continues), CS=collection set, F=free, A=archive, TAMS=top-at-mark-start (previous, next)
|   0|0x0000000080000000, 0x0000000080100000, 0x0000000080100000|100%| O|  |TAMS 0x0000000080100000, 0x0000000080100000| Untracked 
|   1|0x0000000080100000, 0x0000000080200000, 0x0000000080200000|100%| O|  |TAMS 0x0000000080200000, 0x0000000080200000| Untracked 
|   2|0x0000000080200000, 0x0000000080300000, 0x0000000080300000|100%| O|  |TAMS 0x0000000080300000, 0x0000000080300000| Untracked 
|   3|0x0000000080300000, 0x0000000080400000, 0x0000000080400000|100%| O|  |TAMS 0x0000000080400000, 0x0000000080400000| Untracked 
|   4|0x0000000080400000, 0x0000000080500000, 0x0000000080500000|100%|HS|  |TAMS 0x0000000080500000, 0x0000000080500000| Complete 
|   5|0x0000000080500000, 0x0000000080600000, 0x0000000080600000|100%|HC|  |TAMS 0x0000000080600000, 0x0000000080600000| Complete 
|   6|0x0000000080600000, 0x0000000080700000, 0x0000000080700000|100%|HC|  |TAMS 0x0000000080700000, 0x0000000080700000| Complete 
|   7|0x0000000080700000, 0x0000000080800000, 0x0000000080800000|100%| O|  |TAMS 0x0000000080800000, 0x0000000080800000| Untracked 
|   8|0x0000000080800000, 0x0000000080900000, 0x0000000080900000|100%| O|  |TAMS 0x0000000080900000, 0x0000000080900000| Untracked 
|   9|0x0000000080900000, 0x0000000080a00000, 0x0000000080a00000|100%| O|  |TAMS 0x0000000080a00000, 0x0000000080a00000| Untracked 
|  10|0x0000000080a00000, 0x0000000080b00000, 0x0000000080b00000|100%| O|  |TAMS 0x0000000080b00000, 0x0000000080b00000| Untracked 
|  11|0x0000000080b00000, 0x0000000080c00000, 0x0000000080c00000|100%| O|  |TAMS 0x0000000080c00000, 0x0000000080c00000| Untracked 
|  12|0x0000000080c00000, 0x0000000080d00000, 0x0000000080d00000|100%| O|  |TAMS 0x0000000080d00000, 0x0000000080d00000| Untracked 
|  13|0x0000000080d00000, 0x0000000080e00000, 0x0000000080e00000|100%| O|  |TAMS 0x0000000080e00000, 0x0000000080e00000| Untracked 
|  14|0x0000000080e00000, 0x0000000080f00000, 0x0000000080f00000|100%| O|  |TAMS 0x0000000080f00000, 0x0000000080f00000| Untracked 
|  15|0x0000000080f00000, 0x0000000081000000, 0x0000000081000000|100%| O|  |TAMS 0x0000000081000000, 0x0000000081000000| Untracked 
|  16|0x0000000081000000, 0x0000000081100000, 0x0000000081100000|100%| O|  |TAMS 0x0000000081100000, 0x0000000081100000| Untracked 
|  17|0x0000000081100000, 0x0000000081200000, 0x0000000081200000|100%| O|  |TAMS 0x0000000081200000, 0x0000000081200000| Untracked 
|  18|0x0000000081200000, 0x0000000081300000, 0x0000000081300000|100%| O|  |TAMS 0x0000000081300000, 0x0000000081300000| Untracked 
|  19|0x0000000081300000, 0x0000000081400000, 0x0000000081400000|100%| O|  |TAMS 0x0000000081400000, 0x0000000081400000| Untracked 
|  20|0x0000000081400000, 0x0000000081500000, 0x0000000081500000|100%| O|  |TAMS 0x0000000081500000, 0x0000000081500000| Untracked 
|  21|0x0000000081500000, 0x0000000081600000, 0x0000000081600000|100%| O|  |TAMS 0x0000000081600000, 0x0000000081600000| Untracked 
|  22|0x0000000081600000, 0x0000000081700000, 0x0000000081700000|100%| O|  |TAMS 0x0000000081700000, 0x0000000081700000| Untracked 
|  23|0x0000000081700000, 0x0000000081800000, 0x0000000081800000|100%| O|  |TAMS 0x0000000081800000, 0x0000000081800000| Untracked 
|  24|0x0000000081800000, 0x0000000081900000, 0x0000000081900000|100%|HS|  |TAMS 0x0000000081900000, 0x0000000081900000| Complete 
|  25|0x0000000081900000, 0x0000000081a00000, 0x0000000081a00000|100%| O|  |TAMS 0x0000000081a00000, 0x0000000081a00000| Untracked 
|  26|0x0000000081a00000, 0x0000000081b00000, 0x0000000081b00000|100%| O|  |TAMS 0x0000000081b00000, 0x0000000081b00000| Untracked 
|  27|0x0000000081b00000, 0x0000000081c00000, 0x0000000081c00000|100%|HS|  |TAMS 0x0000000081c00000, 0x0000000081c00000| Complete 
|  28|0x0000000081c00000, 0x0000000081d00000, 0x0000000081d00000|100%|HS|  |TAMS 0x0000000081d00000, 0x0000000081d00000| Complete 
|  29|0x0000000081d00000, 0x0000000081e00000, 0x0000000081e00000|100%|HC|  |TAMS 0x0000000081e00000, 0x0000000081e00000| Complete 
|  30|0x0000000081e00000, 0x0000000081f00000, 0x0000000081f00000|100%| O|  |TAMS 0x0000000081f00000, 0x0000000081f00000| Untracked 
|  31|0x0000000081f00000, 0x0000000082000000, 0x0000000082000000|100%| O|  |TAMS 0x0000000082000000, 0x0000000082000000| Untracked 
|  32|0x0000000082000000, 0x0000000082100000, 0x0000000082100000|100%| O|  |TAMS 0x0000000082100000, 0x0000000082100000| Untracked 
|  33|0x0000000082100000, 0x0000000082200000, 0x0000000082200000|100%| O|  |TAMS 0x0000000082200000, 0x0000000082200000| Untracked 
|  34|0x0000000082200000, 0x0000000082300000, 0x0000000082300000|100%| O|  |TAMS 0x0000000082300000, 0x0000000082300000| Untracked 
|  35|0x0000000082300000, 0x0000000082400000, 0x0000000082400000|100%| O|  |TAMS 0x0000000082400000, 0x0000000082400000| Untracked 
|  36|0x0000000082400000, 0x0000000082500000, 0x0000000082500000|100%| O|  |TAMS 0x0000000082500000, 0x0000000082500000| Untracked 
|  37|0x0000000082500000, 0x0000000082600000, 0x0000000082600000|100%| O|  |TAMS 0x0000000082600000, 0x0000000082600000| Untracked 
|  38|0x0000000082600000, 0x0000000082700000, 0x0000000082700000|100%| O|  |TAMS 0x0000000082700000, 0x0000000082700000| Untracked 
|  39|0x0000000082700000, 0x0000000082800000, 0x0000000082800000|100%| O|  |TAMS 0x0000000082800000, 0x0000000082800000| Untracked 
|  40|0x0000000082800000, 0x0000000082900000, 0x0000000082900000|100%| O|  |TAMS 0x0000000082900000, 0x0000000082900000| Untracked 
|  41|0x0000000082900000, 0x0000000082a00000, 0x0000000082a00000|100%| O|  |TAMS 0x0000000082900000, 0x0000000082a00000| Untracked 
|  42|0x0000000082a00000, 0x0000000082b00000, 0x0000000082b00000|100%| O|  |TAMS 0x0000000082a00000, 0x0000000082b00000| Untracked 
|  43|0x0000000082b00000, 0x0000000082c00000, 0x0000000082c00000|100%| O|  |TAMS 0x0000000082b00000, 0x0000000082c00000| Untracked 
|  44|0x0000000082c00000, 0x0000000082d00000, 0x0000000082d00000|100%| O|  |TAMS 0x0000000082c00000, 0x0000000082d00000| Untracked 
|  45|0x0000000082d00000, 0x0000000082e00000, 0x0000000082e00000|100%| O|  |TAMS 0x0000000082d00000, 0x0000000082e00000| Untracked 
|  46|0x0000000082e00000, 0x0000000082f00000, 0x0000000082f00000|100%| O|  |TAMS 0x0000000082e00000, 0x0000000082f00000| Untracked 
|  47|0x0000000082f00000, 0x0000000083000000, 0x0000000083000000|100%| O|  |TAMS 0x0000000082f00000, 0x0000000083000000| Untracked 
|  48|0x0000000083000000, 0x0000000083100000, 0x0000000083100000|100%| O|  |TAMS 0x0000000083000000, 0x0000000083100000| Untracked 
|  49|0x0000000083100000, 0x0000000083200000, 0x0000000083200000|100%| O|  |TAMS 0x0000000083100000, 0x0000000083200000| Untracked 
|  50|0x0000000083200000, 0x0000000083300000, 0x0000000083300000|100%| O|  |TAMS 0x0000000083200000, 0x0000000083300000| Untracked 
|  51|0x0000000083300000, 0x0000000083400000, 0x0000000083400000|100%| O|  |TAMS 0x0000000083300000, 0x0000000083400000| Untracked 
|  52|0x0000000083400000, 0x0000000083500000, 0x0000000083500000|100%| O|  |TAMS 0x0000000083400000, 0x0000000083500000| Untracked 
|  53|0x0000000083500000, 0x0000000083600000, 0x0000000083600000|100%| O|  |TAMS 0x0000000083500000, 0x0000000083600000| Untracked 
|  54|0x0000000083600000, 0x0000000083700000, 0x0000000083700000|100%| O|  |TAMS 0x0000000083600000, 0x0000000083700000| Untracked 
|  55|0x0000000083700000, 0x0000000083800000, 0x0000000083800000|100%| O|  |TAMS 0x0000000083700000, 0x0000000083800000| Untracked 
|  56|0x0000000083800000, 0x0000000083900000, 0x0000000083900000|100%| O|  |TAMS 0x0000000083800000, 0x0000000083900000| Untracked 
|  57|0x0000000083900000, 0x0000000083a00000, 0x0000000083a00000|100%| O|  |TAMS 0x0000000083900000, 0x0000000083a00000| Untracked 
|  58|0x0000000083a00000, 0x0000000083b00000, 0x0000000083b00000|100%| O|  |TAMS 0x0000000083a00000, 0x0000000083b00000| Untracked 
|  59|0x0000000083b00000, 0x0000000083c00000, 0x0000000083c00000|100%| O|  |TAMS 0x0000000083b00000, 0x0000000083c00000| Untracked 
|  60|0x0000000083c00000, 0x0000000083d00000, 0x0000000083d00000|100%| O|  |TAMS 0x0000000083c00000, 0x0000000083d00000| Untracked 
|  61|0x0000000083d00000, 0x0000000083e00000, 0x0000000083e00000|100%| O|  |TAMS 0x0000000083d00000, 0x0000000083e00000| Untracked 
|  62|0x0000000083e00000, 0x0000000083f00000, 0x0000000083f00000|100%| O|  |TAMS 0x0000000083e00000, 0x0000000083f00000| Untracked 
|  63|0x0000000083f00000, 0x0000000084000000, 0x0000000084000000|100%| O|  |TAMS 0x0000000083f00000, 0x0000000084000000| Untracked 
|  64|0x0000000084000000, 0x0000000084100000, 0x0000000084100000|100%| O|  |TAMS 0x0000000084000000, 0x0000000084100000| Untracked 
|  65|0x0000000084100000, 0x0000000084200000, 0x0000000084200000|100%| O|  |TAMS 0x0000000084100000, 0x0000000084200000| Untracked 
|  66|0x0000000084200000, 0x0000000084300000, 0x0000000084300000|100%| O|  |TAMS 0x0000000084200000, 0x0000000084300000| Untracked 
|  67|0x0000000084300000, 0x0000000084400000, 0x0000000084400000|100%| O|  |TAMS 0x0000000084300000, 0x0000000084400000| Untracked 
|  68|0x0000000084400000, 0x0000000084500000, 0x0000000084500000|100%| O|  |TAMS 0x0000000084400000, 0x0000000084500000| Untracked 
|  69|0x0000000084500000, 0x0000000084600000, 0x0000000084600000|100%| O|  |TAMS 0x0000000084500000, 0x0000000084600000| Untracked 
|  70|0x0000000084600000, 0x0000000084700000, 0x0000000084700000|100%| O|  |TAMS 0x0000000084600000, 0x0000000084700000| Untracked 
|  71|0x0000000084700000, 0x0000000084800000, 0x0000000084800000|100%| O|  |TAMS 0x0000000084700000, 0x0000000084800000| Untracked 
|  72|0x0000000084800000, 0x0000000084900000, 0x0000000084900000|100%| O|  |TAMS 0x0000000084800000, 0x0000000084900000| Untracked 
|  73|0x0000000084900000, 0x0000000084a00000, 0x0000000084a00000|100%| O|  |TAMS 0x0000000084900000, 0x0000000084a00000| Untracked 
|  74|0x0000000084a00000, 0x0000000084b00000, 0x0000000084b00000|100%| O|  |TAMS 0x0000000084a00000, 0x0000000084b00000| Untracked 
|  75|0x0000000084b00000, 0x0000000084c00000, 0x0000000084c00000|100%| O|  |TAMS 0x0000000084b00000, 0x0000000084c00000| Untracked 
|  76|0x0000000084c00000, 0x0000000084d00000, 0x0000000084d00000|100%| O|  |TAMS 0x0000000084c00000, 0x0000000084d00000| Untracked 
|  77|0x0000000084d00000, 0x0000000084e00000, 0x0000000084e00000|100%| O|  |TAMS 0x0000000084d00000, 0x0000000084e00000| Untracked 
|  78|0x0000000084e00000, 0x0000000084f00000, 0x0000000084f00000|100%| O|  |TAMS 0x0000000084e00000, 0x0000000084f00000| Untracked 
|  79|0x0000000084f00000, 0x0000000085000000, 0x0000000085000000|100%| O|  |TAMS 0x0000000084f00000, 0x0000000085000000| Untracked 
|  80|0x0000000085000000, 0x0000000085000000, 0x0000000085100000|  0%| F|  |TAMS 0x0000000085000000, 0x0000000085000000| Untracked 
|  81|0x0000000085100000, 0x0000000085100000, 0x0000000085200000|  0%| F|  |TAMS 0x0000000085100000, 0x0000000085100000| Untracked 
|  82|0x0000000085200000, 0x0000000085200000, 0x0000000085300000|  0%| F|  |TAMS 0x0000000085200000, 0x0000000085200000| Untracked 
|  83|0x0000000085300000, 0x0000000085300000, 0x0000000085400000|  0%| F|  |TAMS 0x0000000085300000, 0x0000000085300000| Untracked 
|  84|0x0000000085400000, 0x0000000085400000, 0x0000000085500000|  0%| F|  |TAMS 0x0000000085400000, 0x0000000085400000| Untracked 
|  85|0x0000000085500000, 0x0000000085500000, 0x0000000085600000|  0%| F|  |TAMS 0x0000000085500000, 0x0000000085500000| Untracked 
|  86|0x0000000085600000, 0x0000000085600000, 0x0000000085700000|  0%| F|  |TAMS 0x0000000085600000, 0x0000000085600000| Untracked 
|  87|0x0000000085700000, 0x0000000085700000, 0x0000000085800000|  0%| F|  |TAMS 0x0000000085700000, 0x0000000085700000| Untracked 
|  88|0x0000000085800000, 0x0000000085800000, 0x0000000085900000|  0%| F|  |TAMS 0x0000000085800000, 0x0000000085800000| Untracked 
|  89|0x0000000085900000, 0x0000000085900000, 0x0000000085a00000|  0%| F|  |TAMS 0x0000000085900000, 0x0000000085900000| Untracked 
|  90|0x0000000085a00000, 0x0000000085a00000, 0x0000000085b00000|  0%| F|  |TAMS 0x0000000085a00000, 0x0000000085a00000| Untracked 
|  91|0x0000000085b00000, 0x0000000085b00000, 0x0000000085c00000|  0%| F|  |TAMS 0x0000000085b00000, 0x0000000085b00000| Untracked 
|  92|0x0000000085c00000, 0x0000000085c00000, 0x0000000085d00000|  0%| F|  |TAMS 0x0000000085c00000, 0x0000000085c00000| Untracked 
|  93|0x0000000085d00000, 0x0000000085d00000, 0x0000000085e00000|  0%| F|  |TAMS 0x0000000085d00000, 0x0000000085d00000| Untracked 
|  94|0x0000000085e00000, 0x0000000085e00000, 0x0000000085f00000|  0%| F|  |TAMS 0x0000000085e00000, 0x0000000085e00000| Untracked 
|  95|0x0000000085f00000, 0x0000000085f00000, 0x0000000086000000|  0%| F|  |TAMS 0x0000000085f00000, 0x0000000085f00000| Untracked 
|  96|0x0000000086000000, 0x0000000086000000, 0x0000000086100000|  0%| F|  |TAMS 0x0000000086000000, 0x0000000086000000| Untracked 
|  97|0x0000000086100000, 0x0000000086100000, 0x0000000086200000|  0%| F|  |TAMS 0x0000000086100000, 0x0000000086100000| Untracked 
|  98|0x0000000086200000, 0x0000000086200000, 0x0000000086300000|  0%| F|  |TAMS 0x0000000086200000, 0x0000000086200000| Untracked 
|  99|0x0000000086300000, 0x0000000086300000, 0x0000000086400000|  0%| F|  |TAMS 0x0000000086300000, 0x0000000086300000| Untracked 
| 100|0x0000000086400000, 0x0000000086400000, 0x0000000086500000|  0%| F|  |TAMS 0x0000000086400000, 0x0000000086400000| Untracked 
| 101|0x0000000086500000, 0x0000000086500000, 0x0000000086600000|  0%| F|  |TAMS 0x0000000086500000, 0x0000000086500000| Untracked 
| 102|0x0000000086600000, 0x0000000086600000, 0x0000000086700000|  0%| F|  |TAMS 0x0000000086600000, 0x0000000086600000| Untracked 
| 103|0x0000000086700000, 0x0000000086700000, 0x0000000086800000|  0%| F|  |TAMS 0x0000000086700000, 0x0000000086700000| Untracked 
| 104|0x0000000086800000, 0x0000000086800000, 0x0000000086900000|  0%| F|  |TAMS 0x0000000086800000, 0x0000000086800000| Untracked 
| 105|0x0000000086900000, 0x0000000086900000, 0x0000000086a00000|  0%| F|  |TAMS 0x0000000086900000, 0x0000000086900000| Untracked 
| 106|0x0000000086a00000, 0x0000000086a00000, 0x0000000086b00000|  0%| F|  |TAMS 0x0000000086a00000, 0x0000000086a00000| Untracked 
| 107|0x0000000086b00000, 0x0000000086b00000, 0x0000000086c00000|  0%| F|  |TAMS 0x0000000086b00000, 0x0000000086b00000| Untracked 
| 108|0x0000000086c00000, 0x0000000086c00000, 0x0000000086d00000|  0%| F|  |TAMS 0x0000000086c00000, 0x0000000086c00000| Untracked 
| 109|0x0000000086d00000, 0x0000000086d00000, 0x0000000086e00000|  0%| F|  |TAMS 0x0000000086d00000, 0x0000000086d00000| Untracked 
| 110|0x0000000086e00000, 0x0000000086e00000, 0x0000000086f00000|  0%| F|  |TAMS 0x0000000086e00000, 0x0000000086e00000| Untracked 
| 111|0x0000000086f00000, 0x0000000086f00000, 0x0000000087000000|  0%| F|  |TAMS 0x0000000086f00000, 0x0000000086f00000| Untracked 
| 112|0x0000000087000000, 0x0000000087000000, 0x0000000087100000|  0%| F|  |TAMS 0x0000000087000000, 0x0000000087000000| Untracked 
| 113|0x0000000087100000, 0x0000000087100000, 0x0000000087200000|  0%| F|  |TAMS 0x0000000087100000, 0x0000000087100000| Untracked 
| 114|0x0000000087200000, 0x0000000087200000, 0x0000000087300000|  0%| F|  |TAMS 0x0000000087200000, 0x0000000087200000| Untracked 
| 115|0x0000000087300000, 0x0000000087300000, 0x0000000087400000|  0%| F|  |TAMS 0x0000000087300000, 0x0000000087300000| Untracked 
| 116|0x0000000087400000, 0x0000000087400000, 0x0000000087500000|  0%| F|  |TAMS 0x0000000087400000, 0x0000000087400000| Untracked 
| 117|0x0000000087500000, 0x0000000087500000, 0x0000000087600000|  0%| F|  |TAMS 0x0000000087500000, 0x0000000087500000| Untracked 
| 118|0x0000000087600000, 0x0000000087600000, 0x0000000087700000|  0%| F|  |TAMS 0x0000000087600000, 0x0000000087600000| Untracked 
| 119|0x0000000087700000, 0x0000000087700000, 0x0000000087800000|  0%| F|  |TAMS 0x0000000087700000, 0x0000000087700000| Untracked 
| 120|0x0000000087800000, 0x0000000087800000, 0x0000000087900000|  0%| F|  |TAMS 0x0000000087800000, 0x0000000087800000| Untracked 
| 121|0x0000000087900000, 0x0000000087900000, 0x0000000087a00000|  0%| F|  |TAMS 0x0000000087900000, 0x0000000087900000| Untracked 
| 122|0x0000000087a00000, 0x0000000087a00000, 0x0000000087b00000|  0%| F|  |TAMS 0x0000000087a00000, 0x0000000087a00000| Untracked 
| 123|0x0000000087b00000, 0x0000000087b00000, 0x0000000087c00000|  0%| F|  |TAMS 0x0000000087b00000, 0x0000000087b00000| Untracked 
| 124|0x0000000087c00000, 0x0000000087c00000, 0x0000000087d00000|  0%| F|  |TAMS 0x0000000087c00000, 0x0000000087c00000| Untracked 
| 125|0x0000000087d00000, 0x0000000087d00000, 0x0000000087e00000|  0%| F|  |TAMS 0x0000000087d00000, 0x0000000087d00000| Untracked 
| 126|0x0000000087e00000, 0x0000000087e00000, 0x0000000087f00000|  0%| F|  |TAMS 0x0000000087e00000, 0x0000000087e00000| Untracked 
| 127|0x0000000087f00000, 0x0000000087f00000, 0x0000000088000000|  0%| F|  |TAMS 0x0000000087f00000, 0x0000000087f00000| Untracked 
| 128|0x0000000088000000, 0x0000000088000000, 0x0000000088100000|  0%| F|  |TAMS 0x0000000088000000, 0x0000000088000000| Untracked 
| 129|0x0000000088100000, 0x0000000088200000, 0x0000000088200000|100%| S|CS|TAMS 0x0000000088100000, 0x0000000088100000| Complete 
| 130|0x0000000088200000, 0x0000000088300000, 0x0000000088300000|100%| S|CS|TAMS 0x0000000088200000, 0x0000000088200000| Complete 
| 131|0x0000000088300000, 0x0000000088400000, 0x0000000088400000|100%| S|CS|TAMS 0x0000000088300000, 0x0000000088300000| Complete 
| 132|0x0000000088400000, 0x0000000088500000, 0x0000000088500000|100%| S|CS|TAMS 0x0000000088400000, 0x0000000088400000| Complete 
| 133|0x0000000088500000, 0x0000000088600000, 0x0000000088600000|100%| S|CS|TAMS 0x0000000088500000, 0x0000000088500000| Complete 
| 134|0x0000000088600000, 0x0000000088700000, 0x0000000088700000|100%| S|CS|TAMS 0x0000000088600000, 0x0000000088600000| Complete 
| 135|0x0000000088700000, 0x0000000088700000, 0x0000000088800000|  0%| F|  |TAMS 0x0000000088700000, 0x0000000088700000| Untracked 
| 136|0x0000000088800000, 0x0000000088800000, 0x0000000088900000|  0%| F|  |TAMS 0x0000000088800000, 0x0000000088800000| Untracked 
| 137|0x0000000088900000, 0x0000000088900000, 0x0000000088a00000|  0%| F|  |TAMS 0x0000000088900000, 0x0000000088900000| Untracked 
| 138|0x0000000088a00000, 0x0000000088a00000, 0x0000000088b00000|  0%| F|  |TAMS 0x0000000088a00000, 0x0000000088a00000| Untracked 
| 139|0x0000000088b00000, 0x0000000088b00000, 0x0000000088c00000|  0%| F|  |TAMS 0x0000000088b00000, 0x0000000088b00000| Untracked 
| 140|0x0000000088c00000, 0x0000000088c00000, 0x0000000088d00000|  0%| F|  |TAMS 0x0000000088c00000, 0x0000000088c00000| Untracked 
| 141|0x0000000088d00000, 0x0000000088d00000, 0x0000000088e00000|  0%| F|  |TAMS 0x0000000088d00000, 0x0000000088d00000| Untracked 
| 142|0x0000000088e00000, 0x0000000088e00000, 0x0000000088f00000|  0%| F|  |TAMS 0x0000000088e00000, 0x0000000088e00000| Untracked 
| 143|0x0000000088f00000, 0x0000000088f00000, 0x0000000089000000|  0%| F|  |TAMS 0x0000000088f00000, 0x0000000088f00000| Untracked 
| 144|0x0000000089000000, 0x0000000089000000, 0x0000000089100000|  0%| F|  |TAMS 0x0000000089000000, 0x0000000089000000| Untracked 
| 145|0x0000000089100000, 0x0000000089100000, 0x0000000089200000|  0%| F|  |TAMS 0x0000000089100000, 0x0000000089100000| Untracked 
| 146|0x0000000089200000, 0x0000000089200000, 0x0000000089300000|  0%| F|  |TAMS 0x0000000089200000, 0x0000000089200000| Untracked 
| 147|0x0000000089300000, 0x0000000089300000, 0x0000000089400000|  0%| F|  |TAMS 0x0000000089300000, 0x0000000089300000| Untracked 
| 148|0x0000000089400000, 0x0000000089400000, 0x0000000089500000|  0%| F|  |TAMS 0x0000000089400000, 0x0000000089400000| Untracked 
| 149|0x0000000089500000, 0x0000000089500000, 0x0000000089600000|  0%| F|  |TAMS 0x0000000089500000, 0x0000000089500000| Untracked 
| 150|0x0000000089600000, 0x0000000089600000, 0x0000000089700000|  0%| F|  |TAMS 0x0000000089600000, 0x0000000089600000| Untracked 
| 151|0x0000000089700000, 0x0000000089700000, 0x0000000089800000|  0%| F|  |TAMS 0x0000000089700000, 0x0000000089700000| Untracked 
| 152|0x0000000089800000, 0x0000000089800000, 0x0000000089900000|  0%| F|  |TAMS 0x0000000089800000, 0x0000000089800000| Untracked 
| 153|0x0000000089900000, 0x0000000089900000, 0x0000000089a00000|  0%| F|  |TAMS 0x0000000089900000, 0x0000000089900000| Untracked 
| 154|0x0000000089a00000, 0x0000000089a00000, 0x0000000089b00000|  0%| F|  |TAMS 0x0000000089a00000, 0x0000000089a00000| Untracked 
| 155|0x0000000089b00000, 0x0000000089b00000, 0x0000000089c00000|  0%| F|  |TAMS 0x0000000089b00000, 0x0000000089b00000| Untracked 
| 156|0x0000000089c00000, 0x0000000089c00000, 0x0000000089d00000|  0%| F|  |TAMS 0x0000000089c00000, 0x0000000089c00000| Untracked 
| 157|0x0000000089d00000, 0x0000000089d00000, 0x0000000089e00000|  0%| F|  |TAMS 0x0000000089d00000, 0x0000000089d00000| Untracked 

Card table byte_map: [0x00000196b4dc0000,0x00000196b51c0000] _byte_map_base: 0x00000196b49c0000

Marking Bits (Prev, Next): (CMBitMap*) 0x00000196a231bcd0, (CMBitMap*) 0x00000196a231bc98
 Prev Bits: [0x00000196b75c0000, 0x00000196b95c0000)
 Next Bits: [0x00000196b55c0000, 0x00000196b75c0000)

Polling page: 0x00000196a01b0000

Metaspace:

Usage:
  Non-class:     70.78 MB capacity,    69.48 MB ( 98%) used,     1.08 MB (  2%) free+waste,   226.56 KB ( <1%) overhead. 
      Class:     11.05 MB capacity,    10.29 MB ( 93%) used,   674.83 KB (  6%) free+waste,   103.00 KB ( <1%) overhead. 
       Both:     81.83 MB capacity,    79.77 MB ( 97%) used,     1.74 MB (  2%) free+waste,   329.56 KB ( <1%) overhead. 

Virtual space:
  Non-class space:       72.00 MB reserved,      70.79 MB ( 98%) committed 
      Class space:        1.00 GB reserved,      11.13 MB (  1%) committed 
             Both:        1.07 GB reserved,      81.91 MB (  7%) committed 

Chunk freelists:
   Non-Class:  9.00 KB
       Class:  12.00 KB
        Both:  21.00 KB

MaxMetaspaceSize: 17179869184.00 GB
CompressedClassSpaceSize: 1.00 GB

CodeHeap 'non-profiled nmethods': size=120064Kb used=4957Kb max_used=4957Kb free=115106Kb
 bounds [0x00000196ad880000, 0x00000196add60000, 0x00000196b4dc0000]
CodeHeap 'profiled nmethods': size=120000Kb used=21244Kb max_used=21244Kb free=98755Kb
 bounds [0x00000196a6350000, 0x00000196a7810000, 0x00000196ad880000]
CodeHeap 'non-nmethods': size=5696Kb used=2262Kb max_used=2311Kb free=3434Kb
 bounds [0x00000196a5dc0000, 0x00000196a6030000, 0x00000196a6350000]
 total_blobs=10519 nmethods=9648 adapters=783
 compilation: enabled
              stopped_count=0, restarted_count=0
 full_count=0

Compilation events (20 events):
Event: 38.899 Thread 0x00000196bba0e800 nmethod 9700% 0x00000196a780cd90 code [0x00000196a780cf60, 0x00000196a780d268]
Event: 38.911 Thread 0x00000196bba00000 9701       4       org.apache.xerces.impl.XMLDocumentScannerImpl::setFeature (75 bytes)
Event: 38.914 Thread 0x00000196bba0e800 9702       3       java.util.regex.Pattern$Begin::match (62 bytes)
Event: 38.915 Thread 0x00000196bba0e800 nmethod 9702 0x00000196a780d410 code [0x00000196a780d5e0, 0x00000196a780d908]
Event: 38.940 Thread 0x00000196bba00000 nmethod 9701 0x00000196add54d90 code [0x00000196add54f40, 0x00000196add55818]
Event: 38.963 Thread 0x00000196bba0e800 9703       3       org.apache.xerces.dom.ParentNode::item (6 bytes)
Event: 38.963 Thread 0x00000196bba0e800 nmethod 9703 0x00000196a780da90 code [0x00000196a780dc40, 0x00000196a780dd68]
Event: 38.982 Thread 0x00000196bba00000 9704       4       org.apache.xerces.impl.XMLScanner::setFeature (32 bytes)
Event: 38.986 Thread 0x00000196bba00000 nmethod 9704 0x00000196add55c10 code [0x00000196add55da0, 0x00000196add56078]
Event: 38.990 Thread 0x00000196bba00000 9705       4       com.android.ide.common.resources.DataItem::isRemoved (15 bytes)
Event: 38.991 Thread 0x00000196bba00000 nmethod 9705 0x00000196add56190 code [0x00000196add56320, 0x00000196add56398]
Event: 39.005 Thread 0x00000196bba00000 9706       4       org.apache.xerces.dom.CoreDocumentImpl::checkNamespaceWF (51 bytes)
Event: 39.006 Thread 0x00000196bba00000 nmethod 9706 0x00000196add56410 code [0x00000196add565a0, 0x00000196add56698]
Event: 39.008 Thread 0x00000196bba00000 9707       4       org.apache.xerces.dom.CoreDocumentImpl::checkQName (95 bytes)
Event: 39.022 Thread 0x00000196bba0e800 9708       3       org.apache.xerces.dom.CoreDocumentImpl::getUserData (56 bytes)
Event: 39.023 Thread 0x00000196bba0e800 nmethod 9708 0x00000196a780de10 code [0x00000196a780e000, 0x00000196a780e558]
Event: 39.023 Thread 0x00000196bba0e800 9709       3       org.apache.xerces.parsers.AbstractSAXParser::endNamespaceMapping (47 bytes)
Event: 39.024 Thread 0x00000196bba0e800 nmethod 9709 0x00000196a780e710 code [0x00000196a780e900, 0x00000196a780ede8]
Event: 39.036 Thread 0x00000196bba00000 nmethod 9707 0x00000196add56810 code [0x00000196add569c0, 0x00000196add57218]
Event: 39.037 Thread 0x00000196bba00000 9712       4       org.apache.xerces.impl.XMLEntityScanner::scanData (1105 bytes)

GC Heap History (20 events):
Event: 16.849 GC heap after
{Heap after GC invocations=19 (full 0):
 garbage-first heap   total 110592K, used 41458K [0x0000000080000000, 0x0000000100000000)
  region size 1024K, 7 young (7168K), 7 survivors (7168K)
 Metaspace       used 51146K, capacity 52393K, committed 52476K, reserved 1095680K
  class space    used 6496K, capacity 6961K, committed 7040K, reserved 1048576K
}
Event: 18.427 GC heap before
{Heap before GC invocations=19 (full 0):
 garbage-first heap   total 110592K, used 80370K [0x0000000080000000, 0x0000000100000000)
  region size 1024K, 45 young (46080K), 7 survivors (7168K)
 Metaspace       used 57466K, capacity 58955K, committed 59132K, reserved 1101824K
  class space    used 7263K, capacity 7802K, committed 7808K, reserved 1048576K
}
Event: 18.465 GC heap after
{Heap after GC invocations=20 (full 0):
 garbage-first heap   total 110592K, used 43992K [0x0000000080000000, 0x0000000100000000)
  region size 1024K, 2 young (2048K), 2 survivors (2048K)
 Metaspace       used 57466K, capacity 58955K, committed 59132K, reserved 1101824K
  class space    used 7263K, capacity 7802K, committed 7808K, reserved 1048576K
}
Event: 18.784 GC heap before
{Heap before GC invocations=20 (full 0):
 garbage-first heap   total 110592K, used 52184K [0x0000000080000000, 0x0000000100000000)
  region size 1024K, 11 young (11264K), 2 survivors (2048K)
 Metaspace       used 58377K, capacity 59856K, committed 59940K, reserved 1101824K
  class space    used 7387K, capacity 7932K, committed 7936K, reserved 1048576K
}
Event: 18.813 GC heap after
{Heap after GC invocations=21 (full 0):
 garbage-first heap   total 133120K, used 44654K [0x0000000080000000, 0x0000000100000000)
  region size 1024K, 3 young (3072K), 3 survivors (3072K)
 Metaspace       used 58377K, capacity 59856K, committed 59940K, reserved 1101824K
  class space    used 7387K, capacity 7932K, committed 7936K, reserved 1048576K
}
Event: 21.917 GC heap before
{Heap before GC invocations=22 (full 0):
 garbage-first heap   total 133120K, used 85614K [0x0000000080000000, 0x0000000100000000)
  region size 1024K, 44 young (45056K), 3 survivors (3072K)
 Metaspace       used 62651K, capacity 64155K, committed 64420K, reserved 1105920K
  class space    used 7915K, capacity 8459K, committed 8576K, reserved 1048576K
}
Event: 21.945 GC heap after
{Heap after GC invocations=23 (full 0):
 garbage-first heap   total 133120K, used 48016K [0x0000000080000000, 0x0000000100000000)
  region size 1024K, 6 young (6144K), 6 survivors (6144K)
 Metaspace       used 62651K, capacity 64155K, committed 64420K, reserved 1105920K
  class space    used 7915K, capacity 8459K, committed 8576K, reserved 1048576K
}
Event: 23.001 GC heap before
{Heap before GC invocations=23 (full 0):
 garbage-first heap   total 133120K, used 91024K [0x0000000080000000, 0x0000000100000000)
  region size 1024K, 48 young (49152K), 6 survivors (6144K)
 Metaspace       used 64860K, capacity 66454K, committed 66724K, reserved 1107968K
  class space    used 8227K, capacity 8794K, committed 8832K, reserved 1048576K
}
Event: 23.061 GC heap after
{Heap after GC invocations=24 (full 0):
 garbage-first heap   total 133120K, used 51862K [0x0000000080000000, 0x0000000100000000)
  region size 1024K, 4 young (4096K), 4 survivors (4096K)
 Metaspace       used 64860K, capacity 66454K, committed 66724K, reserved 1107968K
  class space    used 8227K, capacity 8794K, committed 8832K, reserved 1048576K
}
Event: 25.641 GC heap before
{Heap before GC invocations=24 (full 0):
 garbage-first heap   total 133120K, used 94870K [0x0000000080000000, 0x0000000100000000)
  region size 1024K, 46 young (47104K), 4 survivors (4096K)
 Metaspace       used 69661K, capacity 71269K, committed 71460K, reserved 1112064K
  class space    used 9006K, capacity 9619K, committed 9728K, reserved 1048576K
}
Event: 25.672 GC heap after
{Heap after GC invocations=25 (full 0):
 garbage-first heap   total 133120K, used 55119K [0x0000000080000000, 0x0000000100000000)
  region size 1024K, 3 young (3072K), 3 survivors (3072K)
 Metaspace       used 69661K, capacity 71269K, committed 71460K, reserved 1112064K
  class space    used 9006K, capacity 9619K, committed 9728K, reserved 1048576K
}
Event: 27.348 GC heap before
{Heap before GC invocations=25 (full 0):
 garbage-first heap   total 133120K, used 98127K [0x0000000080000000, 0x0000000100000000)
  region size 1024K, 45 young (46080K), 3 survivors (3072K)
 Metaspace       used 74785K, capacity 76582K, committed 76836K, reserved 1116160K
  class space    used 9729K, capacity 10392K, committed 10496K, reserved 1048576K
}
Event: 27.371 GC heap after
{Heap after GC invocations=26 (full 0):
 garbage-first heap   total 161792K, used 57012K [0x0000000080000000, 0x0000000100000000)
  region size 1024K, 5 young (5120K), 5 survivors (5120K)
 Metaspace       used 74785K, capacity 76582K, committed 76836K, reserved 1116160K
  class space    used 9729K, capacity 10392K, committed 10496K, reserved 1048576K
}
Event: 31.405 GC heap before
{Heap before GC invocations=26 (full 0):
 garbage-first heap   total 161792K, used 111284K [0x0000000080000000, 0x0000000100000000)
  region size 1024K, 58 young (59392K), 5 survivors (5120K)
 Metaspace       used 78710K, capacity 80665K, committed 80932K, reserved 1120256K
  class space    used 10280K, capacity 10995K, committed 11008K, reserved 1048576K
}
Event: 31.467 GC heap after
{Heap after GC invocations=27 (full 0):
 garbage-first heap   total 161792K, used 61581K [0x0000000080000000, 0x0000000100000000)
  region size 1024K, 7 young (7168K), 7 survivors (7168K)
 Metaspace       used 78710K, capacity 80665K, committed 80932K, reserved 1120256K
  class space    used 10280K, capacity 10995K, committed 11008K, reserved 1048576K
}
Event: 34.645 GC heap before
{Heap before GC invocations=27 (full 0):
 garbage-first heap   total 161792K, used 115853K [0x0000000080000000, 0x0000000100000000)
  region size 1024K, 61 young (62464K), 7 survivors (7168K)
 Metaspace       used 80210K, capacity 82311K, committed 82468K, reserved 1120256K
  class space    used 10422K, capacity 11208K, committed 11264K, reserved 1048576K
}
Event: 34.690 GC heap after
{Heap after GC invocations=28 (full 0):
 garbage-first heap   total 161792K, used 64653K [0x0000000080000000, 0x0000000100000000)
  region size 1024K, 8 young (8192K), 8 survivors (8192K)
 Metaspace       used 80210K, capacity 82311K, committed 82468K, reserved 1120256K
  class space    used 10422K, capacity 11208K, committed 11264K, reserved 1048576K
}
Event: 38.010 GC heap before
{Heap before GC invocations=28 (full 0):
 garbage-first heap   total 161792K, used 125069K [0x0000000080000000, 0x0000000100000000)
  region size 1024K, 66 young (67584K), 8 survivors (8192K)
 Metaspace       used 81667K, capacity 83727K, committed 83876K, reserved 1122304K
  class space    used 10538K, capacity 11316K, committed 11392K, reserved 1048576K
}
Event: 38.178 GC heap after
{Heap after GC invocations=29 (full 0):
 garbage-first heap   total 161792K, used 81320K [0x0000000080000000, 0x0000000100000000)
  region size 1024K, 9 young (9216K), 9 survivors (9216K)
 Metaspace       used 81667K, capacity 83727K, committed 83876K, reserved 1122304K
  class space    used 10538K, capacity 11316K, committed 11392K, reserved 1048576K
}
Event: 39.065 GC heap before
{Heap before GC invocations=29 (full 0):
 garbage-first heap   total 161792K, used 103848K [0x0000000080000000, 0x0000000100000000)
  region size 1024K, 32 young (32768K), 9 survivors (9216K)
 Metaspace       used 81682K, capacity 83791K, committed 83876K, reserved 1122304K
  class space    used 10538K, capacity 11316K, committed 11392K, reserved 1048576K
}

Deoptimization events (20 events):
Event: 37.627 Thread 0x00000196be229800 DEOPT PACKING pc=0x00000196a7701a13 sp=0x0000008587cf6b00
Event: 37.627 Thread 0x00000196be229800 DEOPT UNPACKING pc=0x00000196a5de6abf sp=0x0000008587cf5fd8 mode 0
Event: 37.641 Thread 0x00000196be229800 DEOPT PACKING pc=0x00000196a7701a13 sp=0x0000008587cf6810
Event: 37.641 Thread 0x00000196be229800 DEOPT UNPACKING pc=0x00000196a5de6abf sp=0x0000008587cf5ce8 mode 0
Event: 37.660 Thread 0x00000196be229800 DEOPT PACKING pc=0x00000196a7720c6a sp=0x0000008587cf6d10
Event: 37.660 Thread 0x00000196be229800 DEOPT UNPACKING pc=0x00000196a5de6abf sp=0x0000008587cf6230 mode 0
Event: 37.673 Thread 0x00000196be229800 DEOPT PACKING pc=0x00000196a7720c6a sp=0x0000008587cf6d10
Event: 37.673 Thread 0x00000196be229800 DEOPT UNPACKING pc=0x00000196a5de6abf sp=0x0000008587cf6230 mode 0
Event: 37.697 Thread 0x00000196be229800 DEOPT PACKING pc=0x00000196a7720a17 sp=0x0000008587cf6d50
Event: 37.697 Thread 0x00000196be229800 DEOPT UNPACKING pc=0x00000196a5de6abf sp=0x0000008587cf6270 mode 0
Event: 37.713 Thread 0x00000196be229800 DEOPT PACKING pc=0x00000196a7720c6a sp=0x0000008587cf6d50
Event: 37.713 Thread 0x00000196be229800 DEOPT UNPACKING pc=0x00000196a5de6abf sp=0x0000008587cf6270 mode 0
Event: 37.727 Thread 0x00000196be229800 DEOPT PACKING pc=0x00000196a7720a17 sp=0x0000008587cf6d50
Event: 37.727 Thread 0x00000196be229800 DEOPT UNPACKING pc=0x00000196a5de6abf sp=0x0000008587cf6270 mode 0
Event: 37.732 Thread 0x00000196be229800 DEOPT PACKING pc=0x00000196a7606d56 sp=0x0000008587cf7340
Event: 37.733 Thread 0x00000196be229800 DEOPT UNPACKING pc=0x00000196a5de6abf sp=0x0000008587cf67e8 mode 0
Event: 37.786 Thread 0x00000196be229800 DEOPT PACKING pc=0x00000196a70b855f sp=0x0000008587cf3830
Event: 37.786 Thread 0x00000196be229800 DEOPT UNPACKING pc=0x00000196a5de6abf sp=0x0000008587cf2cb8 mode 0
Event: 38.347 Thread 0x00000196be229800 DEOPT PACKING pc=0x00000196a76d5465 sp=0x0000008587cf7180
Event: 38.347 Thread 0x00000196be229800 DEOPT UNPACKING pc=0x00000196a5de6abf sp=0x0000008587cf66c0 mode 0

Classes redefined (0 events):
No events

Internal exceptions (20 events):
Event: 27.153 Thread 0x00000196be229800 Exception <a 'sun/nio/fs/WindowsException'{0x0000000085d18918}> (0x0000000085d18918) thrown at [./src/hotspot/share/prims/jni.cpp, line 615]
Event: 27.153 Thread 0x00000196be229800 Exception <a 'sun/nio/fs/WindowsException'{0x0000000085d19a68}> (0x0000000085d19a68) thrown at [./src/hotspot/share/prims/jni.cpp, line 615]
Event: 27.154 Thread 0x00000196be229800 Exception <a 'sun/nio/fs/WindowsException'{0x0000000085d1abb8}> (0x0000000085d1abb8) thrown at [./src/hotspot/share/prims/jni.cpp, line 615]
Event: 27.406 Thread 0x00000196be229800 Implicit null exception at 0x00000196adbdae7d to 0x00000196adbdc248
Event: 28.679 Thread 0x00000196be229800 Exception <a 'java/lang/NoSuchMethodError'{0x00000000891fa650}: 'java.lang.Object java.lang.invoke.Invokers$Holder.linkToTargetMethod(java.lang.Object, int, int, java.lang.Object)'> (0x00000000891fa650) thrown at [./src/hotspot/share/interpreter/linkResolver.cpp, line 773]
Event: 29.263 Thread 0x00000196be1aa800 Exception <a 'java/lang/NoSuchMethodError'{0x0000000088590ee8}: <clinit>> (0x0000000088590ee8) thrown at [./src/hotspot/share/prims/jni.cpp, line 1362]
Event: 29.271 Thread 0x00000196be1aa800 Exception <a 'java/lang/NoSuchMethodError'{0x0000000088412e58}: <clinit>> (0x0000000088412e58) thrown at [./src/hotspot/share/prims/jni.cpp, line 1362]
Event: 29.274 Thread 0x00000196be1aa800 Exception <a 'java/lang/NoSuchMethodError'{0x000000008841f6a8}: <clinit>> (0x000000008841f6a8) thrown at [./src/hotspot/share/prims/jni.cpp, line 1362]
Event: 29.277 Thread 0x00000196be1aa800 Exception <a 'java/lang/NoSuchMethodError'{0x0000000088433980}: <clinit>> (0x0000000088433980) thrown at [./src/hotspot/share/prims/jni.cpp, line 1362]
Event: 29.277 Thread 0x00000196be1aa800 Exception <a 'java/lang/NoSuchMethodError'{0x00000000884350f8}: <clinit>> (0x00000000884350f8) thrown at [./src/hotspot/share/prims/jni.cpp, line 1362]
Event: 29.365 Thread 0x00000196c0a80800 Exception <a 'java/lang/NoSuchMethodError'{0x00000000882011c8}: <clinit>> (0x00000000882011c8) thrown at [./src/hotspot/share/prims/jni.cpp, line 1362]
Event: 29.379 Thread 0x00000196c0a80800 Exception <a 'java/lang/NoSuchMethodError'{0x00000000882155b0}: <clinit>> (0x00000000882155b0) thrown at [./src/hotspot/share/prims/jni.cpp, line 1362]
Event: 29.425 Thread 0x00000196c0a80800 Exception <a 'java/lang/NoSuchMethodError'{0x000000008815ca58}: <clinit>> (0x000000008815ca58) thrown at [./src/hotspot/share/prims/jni.cpp, line 1362]
Event: 29.481 Thread 0x00000196be1aa800 Exception <a 'java/lang/NoSuchMethodError'{0x00000000880bff00}: <clinit>> (0x00000000880bff00) thrown at [./src/hotspot/share/prims/jni.cpp, line 1362]
Event: 29.797 Thread 0x00000196c0a81000 Exception <a 'java/lang/NoSuchMethodError'{0x0000000087fcfeb0}: 'java.lang.Object java.lang.invoke.Invokers$Holder.linkToTargetMethod(java.lang.Object, java.lang.Object, java.lang.Object, int, java.lang.Object, java.lang.Object)'> (0x0000000087fcfeb0) thrown at [./src/hotspot/share/interpreter/linkResolver.cpp, line 773]
Event: 29.825 Thread 0x00000196c0a81000 Exception <a 'java/lang/IncompatibleClassChangeError'{0x0000000087e31860}: Found class java.lang.Object, but interface was expected> (0x0000000087e31860) thrown at [./src/hotspot/share/interpreter/linkResolver.cpp, line 839]
Event: 29.885 Thread 0x00000196c0a81000 Exception <a 'java/lang/NoSuchMethodError'{0x0000000087dfa368}: 'int java.lang.invoke.DirectMethodHandle$Holder.invokeStaticInit(java.lang.Object, java.lang.Object, java.lang.Object, java.lang.Object, java.lang.Object)'> (0x0000000087dfa368) thrown at [./src/hotspot/share/interpreter/linkResolver.cpp, line 773]
Event: 31.011 Thread 0x00000196c0a82000 Exception <a 'java/lang/NoSuchMethodError'{0x0000000086f36cd8}: 'java.lang.Object java.lang.invoke.DirectMethodHandle$Holder.invokeSpecialIFC(java.lang.Object, java.lang.Object, java.lang.Object)'> (0x0000000086f36cd8) thrown at [./src/hotspot/share/interpreter/linkResolver.cpp, line 773]
Event: 31.755 Thread 0x00000196c0a82000 Exception <a 'java/lang/NoSuchMethodError'{0x0000000089511d38}: 'void java.lang.invoke.DirectMethodHandle$Holder.invokeVirtual(java.lang.Object, java.lang.Object)'> (0x0000000089511d38) thrown at [./src/hotspot/share/interpreter/linkResolver.cpp, line 773]
Event: 31.837 Thread 0x00000196c0a82000 Exception <a 'java/lang/NoSuchMethodError'{0x000000008930a278}: 'void java.lang.invoke.DirectMethodHandle$Holder.invokeStatic(java.lang.Object, java.lang.Object, java.lang.Object, java.lang.Object, java.lang.Object, java.lang.Object, java.lang.Object)'> (0x000000008930a278) thrown at [./src/hotspot/share/interpreter/linkResolver.cpp, line 773]

Events (20 events):
Event: 36.260 loading class org/apache/xerces/parsers/AbstractSAXParser done
Event: 36.266 loading class org/apache/xerces/parsers/AbstractSAXParser$AttributesProxy
Event: 36.266 loading class org/apache/xerces/parsers/AbstractSAXParser$AttributesProxy done
Event: 36.275 loading class org/apache/xerces/dom/ParentNode$UserDataRecord
Event: 36.275 loading class org/apache/xerces/dom/ParentNode$UserDataRecord done
Event: 36.277 loading class org/apache/xerces/util/EntityResolver2Wrapper
Event: 36.277 loading class org/apache/xerces/util/EntityResolver2Wrapper done
Event: 36.277 loading class org/apache/xerces/impl/ExternalSubsetResolver
Event: 36.277 loading class org/apache/xerces/impl/ExternalSubsetResolver done
Event: 36.279 loading class org/apache/xerces/util/ErrorHandlerWrapper
Event: 36.279 loading class org/apache/xerces/util/ErrorHandlerWrapper done
Event: 36.280 loading class org/apache/xerces/parsers/AbstractSAXParser$LocatorProxy
Event: 36.280 loading class org/apache/xerces/parsers/AbstractSAXParser$LocatorProxy done
Event: 36.281 loading class com/android/utils/PositionXmlParser$Position
Event: 36.281 loading class com/android/utils/PositionXmlParser$Position done
Event: 38.010 Executing VM operation: G1CollectForAllocation
Event: 38.178 Executing VM operation: G1CollectForAllocation done
Event: 38.829 Executing VM operation: ICBufferFull
Event: 38.829 Executing VM operation: ICBufferFull done
Event: 39.065 Executing VM operation: G1CollectForAllocation


Dynamic libraries:
0x00007ff6be780000 - 0x00007ff6be78a000 	C:\Program Files\Android\Android Studio\jre\bin\java.exe
0x00007ffeddd10000 - 0x00007ffeddf08000 	C:\windows\SYSTEM32\ntdll.dll
0x00007ffeddc10000 - 0x00007ffeddccd000 	C:\windows\System32\KERNEL32.DLL
0x00007ffedb8c0000 - 0x00007ffedbb92000 	C:\windows\System32\KERNELBASE.dll
0x00007ffedb660000 - 0x00007ffedb760000 	C:\windows\System32\ucrtbase.dll
0x00007ffed3d40000 - 0x00007ffed3d59000 	C:\Program Files\Android\Android Studio\jre\bin\jli.dll
0x00007ffedc600000 - 0x00007ffedc79d000 	C:\windows\System32\USER32.dll
0x00007ffedbd40000 - 0x00007ffedbd62000 	C:\windows\System32\win32u.dll
0x00007ffedc1e0000 - 0x00007ffedc20b000 	C:\windows\System32\GDI32.dll
0x00007ffedbc30000 - 0x00007ffedbd3f000 	C:\windows\System32\gdi32full.dll
0x00007ffedb520000 - 0x00007ffedb5bd000 	C:\windows\System32\msvcp_win.dll
0x00007ffed0470000 - 0x00007ffed0487000 	C:\Program Files\Android\Android Studio\jre\bin\VCRUNTIME140.dll
0x00007ffec0a30000 - 0x00007ffec0cca000 	C:\windows\WinSxS\amd64_microsoft.windows.common-controls_6595b64144ccf1df_6.0.19041.1110_none_60b5254171f9507e\COMCTL32.dll
0x00007ffedd3c0000 - 0x00007ffedd45e000 	C:\windows\System32\msvcrt.dll
0x00007ffedc7a0000 - 0x00007ffedc7d0000 	C:\windows\System32\IMM32.DLL
0x00007ffec1080000 - 0x00007ffec111d000 	C:\Program Files\Android\Android Studio\jre\bin\msvcp140.dll
0x00007ffe6e300000 - 0x00007ffe6edcf000 	C:\Program Files\Android\Android Studio\jre\bin\server\jvm.dll
0x00007ffedc2f0000 - 0x00007ffedc39e000 	C:\windows\System32\ADVAPI32.dll
0x00007ffedc7e0000 - 0x00007ffedc87c000 	C:\windows\System32\sechost.dll
0x00007ffedc890000 - 0x00007ffedc9b5000 	C:\windows\System32\RPCRT4.dll
0x00007ffedc7d0000 - 0x00007ffedc7d8000 	C:\windows\System32\PSAPI.DLL
0x00007ffed7c90000 - 0x00007ffed7c99000 	C:\windows\SYSTEM32\WSOCK32.dll
0x00007ffedd280000 - 0x00007ffedd2eb000 	C:\windows\System32\WS2_32.dll
0x00007ffed0030000 - 0x00007ffed003a000 	C:\windows\SYSTEM32\VERSION.dll
0x00007ffeb87f0000 - 0x00007ffeb8817000 	C:\windows\SYSTEM32\WINMM.dll
0x00007ffed9c70000 - 0x00007ffed9c82000 	C:\windows\SYSTEM32\kernel.appcore.dll
0x00007ffed7c70000 - 0x00007ffed7c81000 	C:\Program Files\Android\Android Studio\jre\bin\verify.dll
0x00007ffed9990000 - 0x00007ffed9b74000 	C:\windows\SYSTEM32\DBGHELP.DLL
0x00007ffebbad0000 - 0x00007ffebbafc000 	C:\windows\SYSTEM32\dbgcore.DLL
0x00007ffedbba0000 - 0x00007ffedbc22000 	C:\windows\System32\bcryptPrimitives.dll
0x00007ffed7360000 - 0x00007ffed7389000 	C:\Program Files\Android\Android Studio\jre\bin\java.dll
0x00007ffed7350000 - 0x00007ffed735b000 	C:\Program Files\Android\Android Studio\jre\bin\jimage.dll
0x00007ffed5f20000 - 0x00007ffed5f38000 	C:\Program Files\Android\Android Studio\jre\bin\zip.dll
0x00007ffedd460000 - 0x00007ffeddba3000 	C:\windows\System32\SHELL32.dll
0x00007ffed9120000 - 0x00007ffed98b1000 	C:\windows\SYSTEM32\windows.storage.dll
0x00007ffedcf20000 - 0x00007ffedd274000 	C:\windows\System32\combase.dll
0x00007ffedada0000 - 0x00007ffedadd0000 	C:\windows\SYSTEM32\Wldp.dll
0x00007ffedc550000 - 0x00007ffedc5fd000 	C:\windows\System32\SHCORE.dll
0x00007ffedcaf0000 - 0x00007ffedcb45000 	C:\windows\System32\shlwapi.dll
0x00007ffedb360000 - 0x00007ffedb37f000 	C:\windows\SYSTEM32\profapi.dll
0x00007ffed5950000 - 0x00007ffed596a000 	C:\Program Files\Android\Android Studio\jre\bin\net.dll
0x00007ffec0920000 - 0x00007ffec0a2d000 	C:\windows\SYSTEM32\WINHTTP.dll
0x00007ffedab00000 - 0x00007ffedab6a000 	C:\windows\system32\mswsock.dll
0x00007ffed5240000 - 0x00007ffed5254000 	C:\Program Files\Android\Android Studio\jre\bin\nio.dll
0x00007ffec1610000 - 0x00007ffec1637000 	C:\Users\sander kerby\.gradle\native\8bec1ad78214c89d9ad589b4d07fe93259594b29d510b10fafb7a158f7737e5d\windows-amd64\native-platform.dll
0x00007ffeb93e0000 - 0x00007ffeb951d000 	C:\Users\sander kerby\.gradle\native\53dbd7edfb1c66fb8903c78663c9afc45aea4f116125fa6feffd364cf09443e8\windows-amd64\native-platform-file-events.dll
0x00007ffed7340000 - 0x00007ffed734a000 	C:\Program Files\Android\Android Studio\jre\bin\management.dll
0x00007ffed61e0000 - 0x00007ffed61ec000 	C:\Program Files\Android\Android Studio\jre\bin\management_ext.dll
0x00007ffedad00000 - 0x00007ffedad18000 	C:\windows\SYSTEM32\CRYPTSP.dll
0x00007ffeda420000 - 0x00007ffeda454000 	C:\windows\system32\rsaenh.dll
0x00007ffedb630000 - 0x00007ffedb657000 	C:\windows\System32\bcrypt.dll
0x00007ffedb2e0000 - 0x00007ffedb30e000 	C:\windows\SYSTEM32\USERENV.dll
0x00007ffedacf0000 - 0x00007ffedacfc000 	C:\windows\SYSTEM32\CRYPTBASE.dll
0x00007ffeda7f0000 - 0x00007ffeda82b000 	C:\windows\SYSTEM32\IPHLPAPI.DLL
0x00007ffedc880000 - 0x00007ffedc888000 	C:\windows\System32\NSI.dll
0x00007ffecb660000 - 0x00007ffecb677000 	C:\windows\SYSTEM32\dhcpcsvc6.DLL
0x00007ffecfe60000 - 0x00007ffecfe7d000 	C:\windows\SYSTEM32\dhcpcsvc.DLL
0x00007ffeda830000 - 0x00007ffeda8fa000 	C:\windows\SYSTEM32\DNSAPI.dll

dbghelp: loaded successfully - version: 4.0.5 - missing functions: none
symbol engine: initialized successfully - sym options: 0x614 - pdb path: .;C:\Program Files\Android\Android Studio\jre\bin;C:\windows\SYSTEM32;C:\windows\WinSxS\amd64_microsoft.windows.common-controls_6595b64144ccf1df_6.0.19041.1110_none_60b5254171f9507e;C:\Program Files\Android\Android Studio\jre\bin\server;C:\Users\sander kerby\.gradle\native\8bec1ad78214c89d9ad589b4d07fe93259594b29d510b10fafb7a158f7737e5d\windows-amd64;C:\Users\sander kerby\.gradle\native\53dbd7edfb1c66fb8903c78663c9afc45aea4f116125fa6feffd364cf09443e8\windows-amd64

VM Arguments:
jvm_args: --add-opens=java.base/java.util=ALL-UNNAMED --add-opens=java.base/java.lang=ALL-UNNAMED --add-opens=java.base/java.lang.invoke=ALL-UNNAMED --add-opens=java.base/java.util=ALL-UNNAMED --add-opens=java.prefs/java.util.prefs=ALL-UNNAMED --add-opens=java.prefs/java.util.prefs=ALL-UNNAMED --add-opens=java.base/java.nio.charset=ALL-UNNAMED --add-opens=java.base/java.net=ALL-UNNAMED --add-opens=java.base/java.util.concurrent.atomic=ALL-UNNAMED -Xmx2048m -Dfile.encoding=UTF-8 -Duser.country=US -Duser.language=en -Duser.variant 
java_command: org.gradle.launcher.daemon.bootstrap.GradleDaemon 7.0.2
java_class_path (initial): C:\Users\sander kerby\.gradle\wrapper\dists\gradle-7.0.2-bin\857tjihv64xamwrf0h14cai3r\gradle-7.0.2\lib\gradle-launcher-7.0.2.jar
Launcher Type: SUN_STANDARD

[Global flags]
     intx CICompilerCount                          = 2                                         {product} {ergonomic}
     uint ConcGCThreads                            = 1                                         {product} {ergonomic}
     uint G1ConcRefinementThreads                  = 2                                         {product} {ergonomic}
   size_t G1HeapRegionSize                         = 1048576                                   {product} {ergonomic}
    uintx GCDrainStackTargetSize                   = 64                                        {product} {ergonomic}
   size_t InitialHeapSize                          = 65011712                                  {product} {ergonomic}
   size_t MarkStackSize                            = 4194304                                   {product} {ergonomic}
   size_t MaxHeapSize                              = 2147483648                                {product} {command line}
   size_t MaxNewSize                               = 1287651328                                {product} {ergonomic}
   size_t MinHeapDeltaBytes                        = 1048576                                   {product} {ergonomic}
    uintx NonNMethodCodeHeapSize                   = 5825164                                {pd product} {ergonomic}
    uintx NonProfiledCodeHeapSize                  = 122916538                              {pd product} {ergonomic}
    uintx ProfiledCodeHeapSize                     = 122916538                              {pd product} {ergonomic}
    uintx ReservedCodeCacheSize                    = 251658240                              {pd product} {ergonomic}
     bool SegmentedCodeCache                       = true                                      {product} {ergonomic}
     bool UseCompressedClassPointers               = true                                 {lp64_product} {ergonomic}
     bool UseCompressedOops                        = true                                 {lp64_product} {ergonomic}
     bool UseG1GC                                  = true                                      {product} {ergonomic}
     bool UseLargePagesIndividualAllocation        = false                                  {pd product} {ergonomic}

Logging:
Log output configuration:
 #0: stdout all=warning uptime,level,tags
 #1: stderr all=off uptime,level,tags

Environment Variables:
JAVA_HOME=C:\Program Files\Java\jdk-16.0.2
PATH=C:\Program Files\Common Files\Oracle\Java\javapath;C:\app\sanderkerby\product\11.2.0\dbhome_1\bin;C:\windows\system32;C:\windows;C:\windows\System32\Wbem;C:\windows\System32\WindowsPowerShell\v1.0\;C:\windows\System32\OpenSSH\;C:\Windows\System32;C:\Program Files\Java\jdk-16.0.2\bin;C:\Program Files\Git\cmd;C:\Users\sander kerby\AppData\Local\Programs\Python\Python38;C:\Users\sander kerby\AppData\Local\Programs\Python\Python38\Scripts;C:\Users\sander kerby\AppData\Roaming\npm\yarn.ps1;C:\Users\sander kerby\AppData\Local\Microsoft\WindowsApps;C:\Program Files\JetBrains\PyCharm Community Edition 2021.1.3\bin;;C:\Windows\System32;D:\tout\cours pour 2022\php-8.1.2-nts-Win32-vs16-x64;C:\Users\sander kerby\AppData\Local\Programs\Python\Python38;C:\Users\sander kerby\AppData\Local\Programs\Python\Python38\Scripts;E:\tout\VS CODE\Microsoft VS Code\bin;C:\Users\sander kerby\AppData\Roaming\npm\node_modules\yarn;C:\Users\sander kerby\AppData\Roaming\npm\yarn.ps1;E:\tout\nodejs
USERNAME=sander kerby
OS=Windows_NT
PROCESSOR_IDENTIFIER=Intel64 Family 6 Model 122 Stepping 8, GenuineIntel



---------------  S Y S T E M  ---------------

OS: Windows 10 , 64 bit Build 19041 (10.0.19041.1889)
OS uptime: 0 days 1:51 hours

CPU:total 2 (initial active 2) (2 cores per cpu, 1 threads per core) family 6 model 122 stepping 8 microcode 0x1c, cmov, cx8, fxsr, mmx, sse, sse2, sse3, ssse3, sse4.1, sse4.2, popcnt, aes, clmul, erms, 3dnowpref, tsc, tscinvbit, sha

Memory: 4k page, system-wide physical 3912M (215M free)
TotalPageFile size 5494M (AvailPageFile size 37M)
current process WorkingSet (physical memory assigned to process): 299M, peak: 299M
current process commit charge ("private bytes"): 406M, peak: 450M

vm_info: OpenJDK 64-Bit Server VM (11.0.10+0-b96-7249189) for windows-amd64 JRE (11.0.10+0-b96-7249189), built on Mar 31 2021 21:44:00 by "builder" with MS VC++ 14.0 (VS2015)

END.
