#
# There is insufficient memory for the Java Runtime Environment to continue.
# Native memory allocation (malloc) failed to allocate 1409456 bytes for Chunk::new
# Possible reasons:
#   The system is out of physical RAM or swap space
#   The process is running with CompressedOops enabled, and the Java Heap may be blocking the growth of the native heap
# Possible solutions:
#   Reduce memory load on the system
#   Increase physical memory or swap space
#   Check if swap backing store is full
#   Decrease Java heap size (-Xmx/-Xms)
#   Decrease number of Java threads
#   Decrease Java thread stack sizes (-Xss)
#   Set larger code cache with -XX:ReservedCodeCacheSize=
#   JVM is running with Unscaled Compressed Oops mode in which the Java heap is
#     placed in the first 4GB address space. The Java Heap base address is the
#     maximum limit for the native heap growth. Please use -XX:HeapBaseMinAddress
#     to set the Java Heap base and to place the Java Heap above 4GB virtual address.
# This output file may be truncated or incomplete.
#
#  Out of Memory Error (./src/hotspot/share/memory/arena.cpp:197), pid=9380, tid=11112
#
# JRE version: OpenJDK Runtime Environment (11.0.10) (build 11.0.10+0-b96-7249189)
# Java VM: OpenJDK 64-Bit Server VM (11.0.10+0-b96-7249189, mixed mode, tiered, compressed oops, g1 gc, windows-amd64)
# No core dump will be written. Minidumps are not enabled by default on client versions of Windows
#

---------------  S U M M A R Y ------------

Command Line: --add-opens=java.base/java.util=ALL-UNNAMED --add-opens=java.base/java.lang=ALL-UNNAMED --add-opens=java.base/java.lang.invoke=ALL-UNNAMED --add-opens=java.base/java.util=ALL-UNNAMED --add-opens=java.prefs/java.util.prefs=ALL-UNNAMED --add-opens=java.prefs/java.util.prefs=ALL-UNNAMED --add-opens=java.base/java.nio.charset=ALL-UNNAMED --add-opens=java.base/java.net=ALL-UNNAMED --add-opens=java.base/java.util.concurrent.atomic=ALL-UNNAMED -Xmx2048m -Dfile.encoding=UTF-8 -Duser.country=US -Duser.language=en -Duser.variant org.gradle.launcher.daemon.bootstrap.GradleDaemon 7.0.2

Host: Intel(R) Celeron(R) N4020 CPU @ 1.10GHz, 2 cores, 3G,  Windows 10 , 64 bit Build 19041 (10.0.19041.1889)
Time: Fri Feb 24 11:47:15 2023 Haiti Standard Time elapsed time: 748.834641 seconds (0d 0h 12m 28s)

---------------  T H R E A D  ---------------

Current thread (0x00000253a46f5000):  JavaThread "C2 CompilerThread0" daemon [_thread_in_native, id=11112, stack(0x000000b89d400000,0x000000b89d500000)]


Current CompileTask:
C2: 748834 19910       4       org.codehaus.groovy.reflection.ReflectionUtils::checkCanSetAccessible (11 bytes)

Stack: [0x000000b89d400000,0x000000b89d500000]
Native frames: (J=compiled Java code, j=interpreted, Vv=VM code, C=native code)
V  [jvm.dll+0x5ecfaa]
V  [jvm.dll+0x722bd5]
V  [jvm.dll+0x72412d]
V  [jvm.dll+0x7247e3]
V  [jvm.dll+0x242928]
V  [jvm.dll+0xbc4fc]
V  [jvm.dll+0xbca0c]
V  [jvm.dll+0x352d7d]
V  [jvm.dll+0x320ad3]
V  [jvm.dll+0x31ffca]
V  [jvm.dll+0x1fb602]
V  [jvm.dll+0x1fa7f4]
V  [jvm.dll+0x18354c]
V  [jvm.dll+0x208ee7]
V  [jvm.dll+0x207731]
V  [jvm.dll+0x6eb1cf]
V  [jvm.dll+0x6e3d45]
V  [jvm.dll+0x5ebe96]
C  [ucrtbase.dll+0x21bb2]
C  [KERNEL32.DLL+0x17034]
C  [ntdll.dll+0x526a1]


---------------  P R O C E S S  ---------------

Threads class SMR info:
_java_thread_list=0x00000253ac1d3920, length=36, elements={
0x0000025388eae000, 0x00000253a468d800, 0x00000253a4692800, 0x00000253a46ee800,
0x00000253a46ef800, 0x00000253a46f2000, 0x00000253a46f5000, 0x00000253a5058800,
0x00000253a471e000, 0x00000253a50e2800, 0x00000253a6bcb000, 0x00000253a6729000,
0x00000253a5e66800, 0x00000253a5616000, 0x00000253a5614000, 0x00000253a5615800,
0x00000253a5618000, 0x00000253a5613000, 0x00000253a5618800, 0x00000253a5619800,
0x00000253a6157000, 0x00000253a615b000, 0x00000253a6160000, 0x00000253a9b90000,
0x00000253ac509800, 0x00000253ac508000, 0x00000253ac506800, 0x00000253ac505800,
0x00000253ac507000, 0x00000253ac509000, 0x00000253ac50a800, 0x00000253ac50b000,
0x00000253ac50c000, 0x00000253a6159800, 0x00000253a6159000, 0x00000253a6156800
}

Java Threads: ( => current thread )
  0x0000025388eae000 JavaThread "main" [_thread_blocked, id=9272, stack(0x000000b89c800000,0x000000b89c900000)]
  0x00000253a468d800 JavaThread "Reference Handler" daemon [_thread_blocked, id=3712, stack(0x000000b89cf00000,0x000000b89d000000)]
  0x00000253a4692800 JavaThread "Finalizer" daemon [_thread_blocked, id=500, stack(0x000000b89d000000,0x000000b89d100000)]
  0x00000253a46ee800 JavaThread "Signal Dispatcher" daemon [_thread_blocked, id=240, stack(0x000000b89d100000,0x000000b89d200000)]
  0x00000253a46ef800 JavaThread "Attach Listener" daemon [_thread_blocked, id=2948, stack(0x000000b89d200000,0x000000b89d300000)]
  0x00000253a46f2000 JavaThread "Service Thread" daemon [_thread_blocked, id=8908, stack(0x000000b89d300000,0x000000b89d400000)]
=>0x00000253a46f5000 JavaThread "C2 CompilerThread0" daemon [_thread_in_native, id=11112, stack(0x000000b89d400000,0x000000b89d500000)]
  0x00000253a5058800 JavaThread "C1 CompilerThread0" daemon [_thread_blocked, id=6552, stack(0x000000b89d500000,0x000000b89d600000)]
  0x00000253a471e000 JavaThread "Sweeper thread" daemon [_thread_blocked, id=4852, stack(0x000000b89d600000,0x000000b89d700000)]
  0x00000253a50e2800 JavaThread "Common-Cleaner" daemon [_thread_blocked, id=244, stack(0x000000b89d700000,0x000000b89d800000)]
  0x00000253a6bcb000 JavaThread "Daemon health stats" [_thread_blocked, id=9644, stack(0x000000b89da00000,0x000000b89db00000)]
  0x00000253a6729000 JavaThread "Incoming local TCP Connector on port 53231" [_thread_in_native, id=2080, stack(0x000000b89db00000,0x000000b89dc00000)]
  0x00000253a5e66800 JavaThread "Daemon periodic checks" [_thread_blocked, id=9664, stack(0x000000b89de00000,0x000000b89df00000)]
  0x00000253a5616000 JavaThread "Cache worker for file hash cache (C:\Users\sander kerby\.gradle\caches\7.0.2\fileHashes)" [_thread_blocked, id=4192, stack(0x000000b89e400000,0x000000b89e500000)]
  0x00000253a5614000 JavaThread "File lock request listener" [_thread_in_native, id=7892, stack(0x000000b89e500000,0x000000b89e600000)]
  0x00000253a5615800 JavaThread "Cache worker for journal cache (C:\Users\sander kerby\.gradle\caches\journal-1)" [_thread_blocked, id=8396, stack(0x000000b89e600000,0x000000b89e700000)]
  0x00000253a5618000 JavaThread "File watcher server" daemon [_thread_in_native, id=11076, stack(0x000000b89e800000,0x000000b89e900000)]
  0x00000253a5613000 JavaThread "File watcher consumer" daemon [_thread_blocked, id=5948, stack(0x000000b89e900000,0x000000b89ea00000)]
  0x00000253a5618800 JavaThread "jar transforms" [_thread_blocked, id=10768, stack(0x000000b89ea00000,0x000000b89eb00000)]
  0x00000253a5619800 JavaThread "jar transforms Thread 2" [_thread_blocked, id=9304, stack(0x000000b89eb00000,0x000000b89ec00000)]
  0x00000253a6157000 JavaThread "Cache worker for execution history cache (C:\Users\sander kerby\.gradle\caches\7.0.2\executionHistory)" [_thread_blocked, id=5924, stack(0x000000b89ef00000,0x000000b89f000000)]
  0x00000253a615b000 JavaThread "Cache worker for file content cache (C:\Users\sander kerby\.gradle\caches\7.0.2\fileContent)" [_thread_blocked, id=6408, stack(0x000000b89f000000,0x000000b89f100000)]
  0x00000253a6160000 JavaThread "Memory manager" [_thread_blocked, id=6864, stack(0x000000b89f700000,0x000000b89f800000)]
  0x00000253a9b90000 JavaThread "Cache worker for Java compile cache (C:\Users\sander kerby\.gradle\caches\7.0.2\javaCompile)" [_thread_blocked, id=4836, stack(0x000000b89fe00000,0x000000b89ff00000)]
  0x00000253ac509800 JavaThread "ForkJoinPool.commonPool-worker-3" daemon [_thread_blocked, id=10124, stack(0x000000b89f500000,0x000000b89f600000)]
  0x00000253ac508000 JavaThread "Daemon Thread 4" [_thread_blocked, id=9128, stack(0x000000b89c600000,0x000000b89c700000)]
  0x00000253ac506800 JavaThread "Handler for socket connection from /127.0.0.1:53231 to /127.0.0.1:53363" [_thread_in_native, id=6012, stack(0x000000b89c700000,0x000000b89c800000)]
  0x00000253ac505800 JavaThread "Cancel handler" [_thread_blocked, id=3388, stack(0x000000b89dc00000,0x000000b89dd00000)]
  0x00000253ac507000 JavaThread "Daemon worker Thread 4" [_thread_in_vm, id=1324, stack(0x000000b89dd00000,0x000000b89de00000)]
  0x00000253ac509000 JavaThread "Asynchronous log dispatcher for DefaultDaemonConnection: socket connection from /127.0.0.1:53231 to /127.0.0.1:53363" [_thread_blocked, id=7360, stack(0x000000b89df00000,0x000000b89e000000)]
  0x00000253ac50a800 JavaThread "Stdin handler" [_thread_blocked, id=3876, stack(0x000000b89e000000,0x000000b89e100000)]
  0x00000253ac50b000 JavaThread "Daemon client event forwarder" [_thread_blocked, id=4340, stack(0x000000b89e100000,0x000000b89e200000)]
  0x00000253ac50c000 JavaThread "Cache worker for file hash cache (C:\Users\sander kerby\AndroidStudioProjects\Image-Classification-App-with-Teachable-Machine-main\Image-Classification-App-with-Teachable-Machine-main\.gradle\7.0.2\fileHashes)" [_thread_blocked, id=2100, stack(0x000000b89e200000,0x000000b89e300000)]
  0x00000253a6159800 JavaThread "Cache worker for checksums cache (C:\Users\sander kerby\AndroidStudioProjects\Image-Classification-App-with-Teachable-Machine-main\Image-Classification-App-with-Teachable-Machine-main\.gradle\checksums)" [_thread_blocked, id=8152, stack(0x000000b89e300000,0x000000b89e400000)]
  0x00000253a6159000 JavaThread "Cache worker for cache directory md-supplier (C:\Users\sander kerby\.gradle\caches\7.0.2\md-supplier)" [_thread_blocked, id=7688, stack(0x000000b89e700000,0x000000b89e800000)]
  0x00000253a6156800 JavaThread "Cache worker for cache directory md-rule (C:\Users\sander kerby\.gradle\caches\7.0.2\md-rule)" [_thread_blocked, id=11172, stack(0x000000b89ec00000,0x000000b89ed00000)]

Other Threads:
  0x00000253a4688000 VMThread "VM Thread" [stack: 0x000000b89ce00000,0x000000b89cf00000] [id=7736]
  0x00000253a517c000 WatcherThread [stack: 0x000000b89d800000,0x000000b89d900000] [id=1144]
  0x000002538b026800 GCTaskThread "GC Thread#0" [stack: 0x000000b89c900000,0x000000b89ca00000] [id=8444]
  0x00000253a5375000 GCTaskThread "GC Thread#1" [stack: 0x000000b89d900000,0x000000b89da00000] [id=8988]
  0x000002538b057800 ConcurrentGCThread "G1 Main Marker" [stack: 0x000000b89ca00000,0x000000b89cb00000] [id=8544]
  0x000002538b058800 ConcurrentGCThread "G1 Conc#0" [stack: 0x000000b89cb00000,0x000000b89cc00000] [id=7768]
  0x000002538b0a8800 ConcurrentGCThread "G1 Refine#0" [stack: 0x000000b89cc00000,0x000000b89cd00000] [id=6800]
  0x000002538b0a9800 ConcurrentGCThread "G1 Young RemSet Sampling" [stack: 0x000000b89cd00000,0x000000b89ce00000] [id=8636]

Threads with active compile tasks:
C2 CompilerThread0 748874 19910       4       org.codehaus.groovy.reflection.ReflectionUtils::checkCanSetAccessible (11 bytes)

VM state:not at safepoint (normal execution)

VM Mutex/Monitor currently owned by a thread: None

Heap address: 0x0000000080000000, size: 2048 MB, Compressed Oops mode: 32-bit
Narrow klass base: 0x0000000000000000, Narrow klass shift: 3
Compressed class space size: 1073741824 Address: 0x0000000100000000

Heap:
 garbage-first heap   total 258048K, used 158860K [0x0000000080000000, 0x0000000100000000)
  region size 1024K, 17 young (17408K), 1 survivors (1024K)
 Metaspace       used 146703K, capacity 151121K, committed 151168K, reserved 1179648K
  class space    used 18575K, capacity 20076K, committed 20096K, reserved 1048576K
Heap Regions: E=young(eden), S=young(survivor), O=old, HS=humongous(starts), HC=humongous(continues), CS=collection set, F=free, A=archive, TAMS=top-at-mark-start (previous, next)
|   0|0x0000000080000000, 0x0000000080100000, 0x0000000080100000|100%| O|  |TAMS 0x0000000080100000, 0x0000000080000000| Untracked 
|   1|0x0000000080100000, 0x0000000080200000, 0x0000000080200000|100%| O|  |TAMS 0x0000000080200000, 0x0000000080100000| Untracked 
|   2|0x0000000080200000, 0x0000000080300000, 0x0000000080300000|100%| O|  |TAMS 0x0000000080300000, 0x0000000080200000| Untracked 
|   3|0x0000000080300000, 0x0000000080400000, 0x0000000080400000|100%| O|  |TAMS 0x0000000080400000, 0x0000000080300000| Untracked 
|   4|0x0000000080400000, 0x0000000080500000, 0x0000000080500000|100%|HS|  |TAMS 0x0000000080500000, 0x0000000080400000| Complete 
|   5|0x0000000080500000, 0x0000000080600000, 0x0000000080600000|100%|HC|  |TAMS 0x0000000080600000, 0x0000000080500000| Complete 
|   6|0x0000000080600000, 0x0000000080700000, 0x0000000080700000|100%|HC|  |TAMS 0x0000000080700000, 0x0000000080600000| Complete 
|   7|0x0000000080700000, 0x0000000080800000, 0x0000000080800000|100%| O|  |TAMS 0x0000000080800000, 0x0000000080700000| Untracked 
|   8|0x0000000080800000, 0x0000000080900000, 0x0000000080900000|100%| O|  |TAMS 0x0000000080900000, 0x0000000080800000| Untracked 
|   9|0x0000000080900000, 0x0000000080a00000, 0x0000000080a00000|100%| O|  |TAMS 0x0000000080a00000, 0x0000000080900000| Untracked 
|  10|0x0000000080a00000, 0x0000000080b00000, 0x0000000080b00000|100%| O|  |TAMS 0x0000000080b00000, 0x0000000080a00000| Untracked 
|  11|0x0000000080b00000, 0x0000000080c00000, 0x0000000080c00000|100%| O|  |TAMS 0x0000000080c00000, 0x0000000080b00000| Untracked 
|  12|0x0000000080c00000, 0x0000000080d00000, 0x0000000080d00000|100%| O|  |TAMS 0x0000000080d00000, 0x0000000080c00000| Untracked 
|  13|0x0000000080d00000, 0x0000000080e00000, 0x0000000080e00000|100%| O|  |TAMS 0x0000000080e00000, 0x0000000080d00000| Untracked 
|  14|0x0000000080e00000, 0x0000000080f00000, 0x0000000080f00000|100%| O|  |TAMS 0x0000000080f00000, 0x0000000080e00000| Untracked 
|  15|0x0000000080f00000, 0x0000000081000000, 0x0000000081000000|100%| O|  |TAMS 0x0000000081000000, 0x0000000080f00000| Untracked 
|  16|0x0000000081000000, 0x0000000081100000, 0x0000000081100000|100%|HS|  |TAMS 0x0000000081100000, 0x0000000081000000| Complete 
|  17|0x0000000081100000, 0x0000000081200000, 0x0000000081200000|100%|HC|  |TAMS 0x0000000081200000, 0x0000000081100000| Complete 
|  18|0x0000000081200000, 0x0000000081300000, 0x0000000081300000|100%|HS|  |TAMS 0x0000000081300000, 0x0000000081200000| Complete 
|  19|0x0000000081300000, 0x0000000081400000, 0x0000000081400000|100%|HC|  |TAMS 0x0000000081400000, 0x0000000081300000| Complete 
|  20|0x0000000081400000, 0x0000000081500000, 0x0000000081500000|100%|HC|  |TAMS 0x0000000081500000, 0x0000000081400000| Complete 
|  21|0x0000000081500000, 0x0000000081600000, 0x0000000081600000|100%|HS|  |TAMS 0x0000000081600000, 0x0000000081500000| Complete 
|  22|0x0000000081600000, 0x0000000081700000, 0x0000000081700000|100%|HC|  |TAMS 0x0000000081700000, 0x0000000081600000| Complete 
|  23|0x0000000081700000, 0x0000000081800000, 0x0000000081800000|100%|HS|  |TAMS 0x0000000081800000, 0x0000000081700000| Complete 
|  24|0x0000000081800000, 0x0000000081900000, 0x0000000081900000|100%|HC|  |TAMS 0x0000000081900000, 0x0000000081800000| Complete 
|  25|0x0000000081900000, 0x0000000081a00000, 0x0000000081a00000|100%|HC|  |TAMS 0x0000000081a00000, 0x0000000081900000| Complete 
|  26|0x0000000081a00000, 0x0000000081b00000, 0x0000000081b00000|100%| O|  |TAMS 0x0000000081b00000, 0x0000000081a00000| Untracked 
|  27|0x0000000081b00000, 0x0000000081c00000, 0x0000000081c00000|100%| O|  |TAMS 0x0000000081c00000, 0x0000000081b00000| Untracked 
|  28|0x0000000081c00000, 0x0000000081d00000, 0x0000000081d00000|100%| O|  |TAMS 0x0000000081d00000, 0x0000000081c00000| Untracked 
|  29|0x0000000081d00000, 0x0000000081e00000, 0x0000000081e00000|100%| O|  |TAMS 0x0000000081e00000, 0x0000000081d00000| Untracked 
|  30|0x0000000081e00000, 0x0000000081f00000, 0x0000000081f00000|100%| O|  |TAMS 0x0000000081f00000, 0x0000000081e00000| Untracked 
|  31|0x0000000081f00000, 0x0000000082000000, 0x0000000082000000|100%| O|  |TAMS 0x0000000082000000, 0x0000000081f00000| Untracked 
|  32|0x0000000082000000, 0x0000000082100000, 0x0000000082100000|100%| O|  |TAMS 0x0000000082100000, 0x0000000082000000| Untracked 
|  33|0x0000000082100000, 0x0000000082200000, 0x0000000082200000|100%| O|  |TAMS 0x0000000082200000, 0x0000000082100000| Untracked 
|  34|0x0000000082200000, 0x0000000082300000, 0x0000000082300000|100%| O|  |TAMS 0x0000000082300000, 0x0000000082200000| Untracked 
|  35|0x0000000082300000, 0x0000000082400000, 0x0000000082400000|100%|HS|  |TAMS 0x0000000082400000, 0x0000000082300000| Complete 
|  36|0x0000000082400000, 0x0000000082500000, 0x0000000082500000|100%|HC|  |TAMS 0x0000000082500000, 0x0000000082400000| Complete 
|  37|0x0000000082500000, 0x0000000082600000, 0x0000000082600000|100%|HC|  |TAMS 0x0000000082600000, 0x0000000082500000| Complete 
|  38|0x0000000082600000, 0x0000000082700000, 0x0000000082700000|100%|HC|  |TAMS 0x0000000082700000, 0x0000000082600000| Complete 
|  39|0x0000000082700000, 0x0000000082800000, 0x0000000082800000|100%|HC|  |TAMS 0x0000000082800000, 0x0000000082700000| Complete 
|  40|0x0000000082800000, 0x0000000082900000, 0x0000000082900000|100%| O|  |TAMS 0x0000000082900000, 0x0000000082800000| Untracked 
|  41|0x0000000082900000, 0x0000000082a00000, 0x0000000082a00000|100%| O|  |TAMS 0x0000000082a00000, 0x0000000082900000| Untracked 
|  42|0x0000000082a00000, 0x0000000082b00000, 0x0000000082b00000|100%| O|  |TAMS 0x0000000082b00000, 0x0000000082a00000| Untracked 
|  43|0x0000000082b00000, 0x0000000082c00000, 0x0000000082c00000|100%| O|  |TAMS 0x0000000082c00000, 0x0000000082b00000| Untracked 
|  44|0x0000000082c00000, 0x0000000082d00000, 0x0000000082d00000|100%| O|  |TAMS 0x0000000082d00000, 0x0000000082c00000| Untracked 
|  45|0x0000000082d00000, 0x0000000082e00000, 0x0000000082e00000|100%|HS|  |TAMS 0x0000000082e00000, 0x0000000082d00000| Complete 
|  46|0x0000000082e00000, 0x0000000082f00000, 0x0000000082f00000|100%|HC|  |TAMS 0x0000000082f00000, 0x0000000082e00000| Complete 
|  47|0x0000000082f00000, 0x0000000083000000, 0x0000000083000000|100%|HC|  |TAMS 0x0000000083000000, 0x0000000082f00000| Complete 
|  48|0x0000000083000000, 0x0000000083100000, 0x0000000083100000|100%|HC|  |TAMS 0x0000000083100000, 0x0000000083000000| Complete 
|  49|0x0000000083100000, 0x0000000083200000, 0x0000000083200000|100%|HC|  |TAMS 0x0000000083200000, 0x0000000083100000| Complete 
|  50|0x0000000083200000, 0x0000000083300000, 0x0000000083300000|100%| O|  |TAMS 0x0000000083300000, 0x0000000083200000| Untracked 
|  51|0x0000000083300000, 0x0000000083400000, 0x0000000083400000|100%| O|  |TAMS 0x0000000083400000, 0x0000000083300000| Untracked 
|  52|0x0000000083400000, 0x0000000083500000, 0x0000000083500000|100%| O|  |TAMS 0x0000000083500000, 0x0000000083400000| Untracked 
|  53|0x0000000083500000, 0x0000000083600000, 0x0000000083600000|100%| O|  |TAMS 0x0000000083600000, 0x0000000083500000| Untracked 
|  54|0x0000000083600000, 0x0000000083700000, 0x0000000083700000|100%|HS|  |TAMS 0x0000000083700000, 0x0000000083600000| Complete 
|  55|0x0000000083700000, 0x0000000083800000, 0x0000000083800000|100%|HC|  |TAMS 0x0000000083800000, 0x0000000083700000| Complete 
|  56|0x0000000083800000, 0x0000000083900000, 0x0000000083900000|100%|HC|  |TAMS 0x0000000083900000, 0x0000000083800000| Complete 
|  57|0x0000000083900000, 0x0000000083a00000, 0x0000000083a00000|100%| O|  |TAMS 0x0000000083a00000, 0x0000000083900000| Untracked 
|  58|0x0000000083a00000, 0x0000000083b00000, 0x0000000083b00000|100%| O|  |TAMS 0x0000000083b00000, 0x0000000083a00000| Untracked 
|  59|0x0000000083b00000, 0x0000000083c00000, 0x0000000083c00000|100%| O|  |TAMS 0x0000000083c00000, 0x0000000083b00000| Untracked 
|  60|0x0000000083c00000, 0x0000000083d00000, 0x0000000083d00000|100%| O|  |TAMS 0x0000000083d00000, 0x0000000083c00000| Untracked 
|  61|0x0000000083d00000, 0x0000000083e00000, 0x0000000083e00000|100%| O|  |TAMS 0x0000000083e00000, 0x0000000083d00000| Untracked 
|  62|0x0000000083e00000, 0x0000000083f00000, 0x0000000083f00000|100%| O|  |TAMS 0x0000000083f00000, 0x0000000083e00000| Untracked 
|  63|0x0000000083f00000, 0x0000000084000000, 0x0000000084000000|100%| O|  |TAMS 0x0000000084000000, 0x0000000083f00000| Untracked 
|  64|0x0000000084000000, 0x0000000084100000, 0x0000000084100000|100%| O|  |TAMS 0x0000000084100000, 0x0000000084000000| Untracked 
|  65|0x0000000084100000, 0x0000000084200000, 0x0000000084200000|100%| O|  |TAMS 0x0000000084200000, 0x0000000084100000| Untracked 
|  66|0x0000000084200000, 0x0000000084300000, 0x0000000084300000|100%|HS|  |TAMS 0x0000000084300000, 0x0000000084200000| Complete 
|  67|0x0000000084300000, 0x0000000084400000, 0x0000000084400000|100%|HS|  |TAMS 0x0000000084400000, 0x0000000084300000| Complete 
|  68|0x0000000084400000, 0x0000000084500000, 0x0000000084500000|100%|HS|  |TAMS 0x0000000084500000, 0x0000000084400000| Complete 
|  69|0x0000000084500000, 0x0000000084600000, 0x0000000084600000|100%|HC|  |TAMS 0x0000000084600000, 0x0000000084500000| Complete 
|  70|0x0000000084600000, 0x0000000084700000, 0x0000000084700000|100%| O|  |TAMS 0x0000000084700000, 0x0000000084600000| Untracked 
|  71|0x0000000084700000, 0x0000000084800000, 0x0000000084800000|100%| O|  |TAMS 0x0000000084800000, 0x0000000084700000| Untracked 
|  72|0x0000000084800000, 0x0000000084900000, 0x0000000084900000|100%| O|  |TAMS 0x0000000084900000, 0x0000000084800000| Untracked 
|  73|0x0000000084900000, 0x0000000084a00000, 0x0000000084a00000|100%| O|  |TAMS 0x0000000084a00000, 0x0000000084900000| Untracked 
|  74|0x0000000084a00000, 0x0000000084b00000, 0x0000000084b00000|100%| O|  |TAMS 0x0000000084b00000, 0x0000000084a00000| Untracked 
|  75|0x0000000084b00000, 0x0000000084c00000, 0x0000000084c00000|100%| O|  |TAMS 0x0000000084c00000, 0x0000000084b00000| Untracked 
|  76|0x0000000084c00000, 0x0000000084d00000, 0x0000000084d00000|100%| O|  |TAMS 0x0000000084d00000, 0x0000000084c00000| Untracked 
|  77|0x0000000084d00000, 0x0000000084e00000, 0x0000000084e00000|100%| O|  |TAMS 0x0000000084e00000, 0x0000000084d00000| Untracked 
|  78|0x0000000084e00000, 0x0000000084f00000, 0x0000000084f00000|100%| O|  |TAMS 0x0000000084f00000, 0x0000000084e00000| Untracked 
|  79|0x0000000084f00000, 0x0000000085000000, 0x0000000085000000|100%| O|  |TAMS 0x0000000085000000, 0x0000000084f00000| Untracked 
|  80|0x0000000085000000, 0x0000000085100000, 0x0000000085100000|100%| O|  |TAMS 0x0000000085100000, 0x0000000085000000| Untracked 
|  81|0x0000000085100000, 0x0000000085200000, 0x0000000085200000|100%| O|  |TAMS 0x0000000085200000, 0x0000000085100000| Untracked 
|  82|0x0000000085200000, 0x0000000085300000, 0x0000000085300000|100%| O|  |TAMS 0x0000000085300000, 0x0000000085200000| Untracked 
|  83|0x0000000085300000, 0x0000000085400000, 0x0000000085400000|100%| O|  |TAMS 0x0000000085400000, 0x0000000085300000| Untracked 
|  84|0x0000000085400000, 0x0000000085500000, 0x0000000085500000|100%| O|  |TAMS 0x0000000085500000, 0x0000000085400000| Untracked 
|  85|0x0000000085500000, 0x0000000085600000, 0x0000000085600000|100%| O|  |TAMS 0x0000000085600000, 0x0000000085500000| Untracked 
|  86|0x0000000085600000, 0x0000000085700000, 0x0000000085700000|100%| O|  |TAMS 0x0000000085700000, 0x0000000085600000| Untracked 
|  87|0x0000000085700000, 0x0000000085800000, 0x0000000085800000|100%| O|  |TAMS 0x0000000085800000, 0x0000000085700000| Untracked 
|  88|0x0000000085800000, 0x0000000085900000, 0x0000000085900000|100%| O|  |TAMS 0x0000000085900000, 0x0000000085800000| Untracked 
|  89|0x0000000085900000, 0x0000000085a00000, 0x0000000085a00000|100%| O|  |TAMS 0x0000000085a00000, 0x0000000085900000| Untracked 
|  90|0x0000000085a00000, 0x0000000085b00000, 0x0000000085b00000|100%| O|  |TAMS 0x0000000085b00000, 0x0000000085a00000| Untracked 
|  91|0x0000000085b00000, 0x0000000085c00000, 0x0000000085c00000|100%| O|  |TAMS 0x0000000085c00000, 0x0000000085b00000| Untracked 
|  92|0x0000000085c00000, 0x0000000085d00000, 0x0000000085d00000|100%| O|  |TAMS 0x0000000085d00000, 0x0000000085c00000| Untracked 
|  93|0x0000000085d00000, 0x0000000085e00000, 0x0000000085e00000|100%| O|  |TAMS 0x0000000085e00000, 0x0000000085d00000| Untracked 
|  94|0x0000000085e00000, 0x0000000085f00000, 0x0000000085f00000|100%| O|  |TAMS 0x0000000085f00000, 0x0000000085e00000| Untracked 
|  95|0x0000000085f00000, 0x0000000086000000, 0x0000000086000000|100%| O|  |TAMS 0x0000000086000000, 0x0000000085f00000| Untracked 
|  96|0x0000000086000000, 0x0000000086100000, 0x0000000086100000|100%| O|  |TAMS 0x0000000086100000, 0x0000000086000000| Untracked 
|  97|0x0000000086100000, 0x0000000086200000, 0x0000000086200000|100%| O|  |TAMS 0x0000000086200000, 0x0000000086100000| Untracked 
|  98|0x0000000086200000, 0x0000000086300000, 0x0000000086300000|100%| O|  |TAMS 0x0000000086300000, 0x0000000086200000| Untracked 
|  99|0x0000000086300000, 0x0000000086400000, 0x0000000086400000|100%| O|  |TAMS 0x0000000086400000, 0x0000000086300000| Untracked 
| 100|0x0000000086400000, 0x0000000086500000, 0x0000000086500000|100%| O|  |TAMS 0x0000000086500000, 0x0000000086400000| Untracked 
| 101|0x0000000086500000, 0x0000000086600000, 0x0000000086600000|100%| O|  |TAMS 0x0000000086600000, 0x0000000086500000| Untracked 
| 102|0x0000000086600000, 0x0000000086700000, 0x0000000086700000|100%| O|  |TAMS 0x0000000086700000, 0x0000000086600000| Untracked 
| 103|0x0000000086700000, 0x0000000086800000, 0x0000000086800000|100%| O|  |TAMS 0x0000000086800000, 0x0000000086700000| Untracked 
| 104|0x0000000086800000, 0x0000000086900000, 0x0000000086900000|100%| O|  |TAMS 0x0000000086900000, 0x0000000086800000| Untracked 
| 105|0x0000000086900000, 0x0000000086a00000, 0x0000000086a00000|100%| O|  |TAMS 0x0000000086a00000, 0x0000000086900000| Untracked 
| 106|0x0000000086a00000, 0x0000000086b00000, 0x0000000086b00000|100%| O|  |TAMS 0x0000000086b00000, 0x0000000086a00000| Untracked 
| 107|0x0000000086b00000, 0x0000000086c00000, 0x0000000086c00000|100%| O|  |TAMS 0x0000000086c00000, 0x0000000086b00000| Untracked 
| 108|0x0000000086c00000, 0x0000000086d00000, 0x0000000086d00000|100%| O|  |TAMS 0x0000000086d00000, 0x0000000086c00000| Untracked 
| 109|0x0000000086d00000, 0x0000000086e00000, 0x0000000086e00000|100%| O|  |TAMS 0x0000000086e00000, 0x0000000086d00000| Untracked 
| 110|0x0000000086e00000, 0x0000000086f00000, 0x0000000086f00000|100%| O|  |TAMS 0x0000000086f00000, 0x0000000086e00000| Untracked 
| 111|0x0000000086f00000, 0x0000000087000000, 0x0000000087000000|100%| O|  |TAMS 0x0000000087000000, 0x0000000086f00000| Untracked 
| 112|0x0000000087000000, 0x0000000087100000, 0x0000000087100000|100%| O|  |TAMS 0x0000000087100000, 0x0000000087000000| Untracked 
| 113|0x0000000087100000, 0x0000000087200000, 0x0000000087200000|100%| O|  |TAMS 0x0000000087200000, 0x0000000087100000| Untracked 
| 114|0x0000000087200000, 0x0000000087300000, 0x0000000087300000|100%| O|  |TAMS 0x0000000087300000, 0x0000000087200000| Untracked 
| 115|0x0000000087300000, 0x0000000087400000, 0x0000000087400000|100%| O|  |TAMS 0x0000000087400000, 0x0000000087300000| Untracked 
| 116|0x0000000087400000, 0x0000000087500000, 0x0000000087500000|100%| O|  |TAMS 0x0000000087500000, 0x0000000087400000| Untracked 
| 117|0x0000000087500000, 0x0000000087600000, 0x0000000087600000|100%| O|  |TAMS 0x0000000087600000, 0x0000000087500000| Untracked 
| 118|0x0000000087600000, 0x0000000087700000, 0x0000000087700000|100%| O|  |TAMS 0x0000000087700000, 0x0000000087600000| Untracked 
| 119|0x0000000087700000, 0x0000000087800000, 0x0000000087800000|100%| O|  |TAMS 0x0000000087800000, 0x0000000087700000| Untracked 
| 120|0x0000000087800000, 0x0000000087900000, 0x0000000087900000|100%| O|  |TAMS 0x0000000087900000, 0x0000000087800000| Untracked 
| 121|0x0000000087900000, 0x0000000087a00000, 0x0000000087a00000|100%| O|  |TAMS 0x0000000087a00000, 0x0000000087900000| Untracked 
| 122|0x0000000087a00000, 0x0000000087a00000, 0x0000000087b00000|  0%| F|  |TAMS 0x0000000087a00000, 0x0000000087a00000| Untracked 
| 123|0x0000000087b00000, 0x0000000087c00000, 0x0000000087c00000|100%| O|  |TAMS 0x0000000087c00000, 0x0000000087b00000| Untracked 
| 124|0x0000000087c00000, 0x0000000087d00000, 0x0000000087d00000|100%| O|  |TAMS 0x0000000087d00000, 0x0000000087c00000| Untracked 
| 125|0x0000000087d00000, 0x0000000087e00000, 0x0000000087e00000|100%| O|  |TAMS 0x0000000087e00000, 0x0000000087d00000| Untracked 
| 126|0x0000000087e00000, 0x0000000087e00000, 0x0000000087f00000|  0%| F|  |TAMS 0x0000000087e00000, 0x0000000087e00000| Untracked 
| 127|0x0000000087f00000, 0x0000000088000000, 0x0000000088000000|100%| O|  |TAMS 0x0000000088000000, 0x0000000087f00000| Untracked 
| 128|0x0000000088000000, 0x0000000088100000, 0x0000000088100000|100%| O|  |TAMS 0x0000000088100000, 0x0000000088000000| Untracked 
| 129|0x0000000088100000, 0x0000000088200000, 0x0000000088200000|100%| O|  |TAMS 0x0000000088200000, 0x0000000088100000| Untracked 
| 130|0x0000000088200000, 0x0000000088300000, 0x0000000088300000|100%| O|  |TAMS 0x0000000088300000, 0x0000000088200000| Untracked 
| 131|0x0000000088300000, 0x0000000088400000, 0x0000000088400000|100%| O|  |TAMS 0x0000000088400000, 0x0000000088300000| Untracked 
| 132|0x0000000088400000, 0x0000000088500000, 0x0000000088500000|100%| O|  |TAMS 0x0000000088500000, 0x0000000088400000| Untracked 
| 133|0x0000000088500000, 0x0000000088500000, 0x0000000088600000|  0%| F|  |TAMS 0x0000000088500000, 0x0000000088500000| Untracked 
| 134|0x0000000088600000, 0x0000000088700000, 0x0000000088700000|100%|HS|  |TAMS 0x0000000088700000, 0x0000000088600000| Complete 
| 135|0x0000000088700000, 0x0000000088800000, 0x0000000088800000|100%|HC|  |TAMS 0x0000000088800000, 0x0000000088700000| Complete 
| 136|0x0000000088800000, 0x0000000088900000, 0x0000000088900000|100%| O|  |TAMS 0x0000000088900000, 0x0000000088800000| Untracked 
| 137|0x0000000088900000, 0x0000000088a00000, 0x0000000088a00000|100%| O|  |TAMS 0x0000000088a00000, 0x0000000088900000| Untracked 
| 138|0x0000000088a00000, 0x0000000088b00000, 0x0000000088b00000|100%| O|  |TAMS 0x0000000088b00000, 0x0000000088a00000| Untracked 
| 139|0x0000000088b00000, 0x0000000088b00000, 0x0000000088c00000|  0%| F|  |TAMS 0x0000000088b00000, 0x0000000088b00000| Untracked 
| 140|0x0000000088c00000, 0x0000000088c00000, 0x0000000088d00000|  0%| F|  |TAMS 0x0000000088c00000, 0x0000000088c00000| Untracked 
| 141|0x0000000088d00000, 0x0000000088d00000, 0x0000000088e00000|  0%| F|  |TAMS 0x0000000088d00000, 0x0000000088d00000| Untracked 
| 142|0x0000000088e00000, 0x0000000088e00000, 0x0000000088f00000|  0%| F|  |TAMS 0x0000000088e00000, 0x0000000088e00000| Untracked 
| 143|0x0000000088f00000, 0x0000000088f00000, 0x0000000089000000|  0%| F|  |TAMS 0x0000000088f00000, 0x0000000088f00000| Untracked 
| 144|0x0000000089000000, 0x0000000089000000, 0x0000000089100000|  0%| F|  |TAMS 0x0000000089000000, 0x0000000089000000| Untracked 
| 145|0x0000000089100000, 0x0000000089200000, 0x0000000089200000|100%| O|  |TAMS 0x00000000891dbc00, 0x0000000089100000| Untracked 
| 146|0x0000000089200000, 0x0000000089200000, 0x0000000089300000|  0%| F|  |TAMS 0x0000000089200000, 0x0000000089200000| Untracked 
| 147|0x0000000089300000, 0x0000000089300000, 0x0000000089400000|  0%| F|  |TAMS 0x0000000089300000, 0x0000000089300000| Untracked 
| 148|0x0000000089400000, 0x0000000089400000, 0x0000000089500000|  0%| F|  |TAMS 0x0000000089400000, 0x0000000089400000| Untracked 
| 149|0x0000000089500000, 0x0000000089500000, 0x0000000089600000|  0%| F|  |TAMS 0x0000000089500000, 0x0000000089500000| Untracked 
| 150|0x0000000089600000, 0x0000000089600000, 0x0000000089700000|  0%| F|  |TAMS 0x0000000089600000, 0x0000000089600000| Untracked 
| 151|0x0000000089700000, 0x0000000089700000, 0x0000000089800000|  0%| F|  |TAMS 0x0000000089700000, 0x0000000089700000| Untracked 
| 152|0x0000000089800000, 0x0000000089800000, 0x0000000089900000|  0%| F|  |TAMS 0x0000000089800000, 0x0000000089800000| Untracked 
| 153|0x0000000089900000, 0x0000000089900000, 0x0000000089a00000|  0%| F|  |TAMS 0x0000000089900000, 0x0000000089900000| Untracked 
| 154|0x0000000089a00000, 0x0000000089a00000, 0x0000000089b00000|  0%| F|  |TAMS 0x0000000089a00000, 0x0000000089a00000| Untracked 
| 155|0x0000000089b00000, 0x0000000089b00000, 0x0000000089c00000|  0%| F|  |TAMS 0x0000000089b00000, 0x0000000089b00000| Untracked 
| 156|0x0000000089c00000, 0x0000000089c00000, 0x0000000089d00000|  0%| F|  |TAMS 0x0000000089c00000, 0x0000000089c00000| Untracked 
| 157|0x0000000089d00000, 0x0000000089d00000, 0x0000000089e00000|  0%| F|  |TAMS 0x0000000089d00000, 0x0000000089d00000| Untracked 
| 158|0x0000000089e00000, 0x0000000089e00000, 0x0000000089f00000|  0%| F|  |TAMS 0x0000000089e00000, 0x0000000089e00000| Untracked 
| 159|0x0000000089f00000, 0x0000000089f00000, 0x000000008a000000|  0%| F|  |TAMS 0x0000000089f00000, 0x0000000089f00000| Untracked 
| 160|0x000000008a000000, 0x000000008a100000, 0x000000008a100000|100%| O|  |TAMS 0x000000008a000000, 0x000000008a000000| Untracked 
| 161|0x000000008a100000, 0x000000008a200000, 0x000000008a200000|100%| O|  |TAMS 0x000000008a100000, 0x000000008a100000| Untracked 
| 162|0x000000008a200000, 0x000000008a300000, 0x000000008a300000|100%| O|  |TAMS 0x000000008a200000, 0x000000008a200000| Untracked 
| 163|0x000000008a300000, 0x000000008a323000, 0x000000008a400000| 13%| O|  |TAMS 0x000000008a300000, 0x000000008a300000| Untracked 
| 164|0x000000008a400000, 0x000000008a400000, 0x000000008a500000|  0%| F|  |TAMS 0x000000008a400000, 0x000000008a400000| Untracked 
| 165|0x000000008a500000, 0x000000008a500000, 0x000000008a600000|  0%| F|  |TAMS 0x000000008a500000, 0x000000008a500000| Untracked 
| 166|0x000000008a600000, 0x000000008a600000, 0x000000008a700000|  0%| F|  |TAMS 0x000000008a600000, 0x000000008a600000| Untracked 
| 167|0x000000008a700000, 0x000000008a700000, 0x000000008a800000|  0%| F|  |TAMS 0x000000008a700000, 0x000000008a700000| Untracked 
| 168|0x000000008a800000, 0x000000008a800000, 0x000000008a900000|  0%| F|  |TAMS 0x000000008a800000, 0x000000008a800000| Untracked 
| 169|0x000000008a900000, 0x000000008a900000, 0x000000008aa00000|  0%| F|  |TAMS 0x000000008a900000, 0x000000008a900000| Untracked 
| 170|0x000000008aa00000, 0x000000008aa00000, 0x000000008ab00000|  0%| F|  |TAMS 0x000000008aa00000, 0x000000008aa00000| Untracked 
| 171|0x000000008ab00000, 0x000000008ab00000, 0x000000008ac00000|  0%| F|  |TAMS 0x000000008ab00000, 0x000000008ab00000| Untracked 
| 172|0x000000008ac00000, 0x000000008ac00000, 0x000000008ad00000|  0%| F|  |TAMS 0x000000008ac00000, 0x000000008ac00000| Untracked 
| 173|0x000000008ad00000, 0x000000008ad00000, 0x000000008ae00000|  0%| F|  |TAMS 0x000000008ad00000, 0x000000008ad00000| Untracked 
| 174|0x000000008ae00000, 0x000000008ae00000, 0x000000008af00000|  0%| F|  |TAMS 0x000000008ae00000, 0x000000008ae00000| Untracked 
| 175|0x000000008af00000, 0x000000008af00000, 0x000000008b000000|  0%| F|  |TAMS 0x000000008af00000, 0x000000008af00000| Untracked 
| 176|0x000000008b000000, 0x000000008b000000, 0x000000008b100000|  0%| F|  |TAMS 0x000000008b000000, 0x000000008b000000| Untracked 
| 177|0x000000008b100000, 0x000000008b100000, 0x000000008b200000|  0%| F|  |TAMS 0x000000008b100000, 0x000000008b100000| Untracked 
| 178|0x000000008b200000, 0x000000008b200000, 0x000000008b300000|  0%| F|  |TAMS 0x000000008b200000, 0x000000008b200000| Untracked 
| 179|0x000000008b300000, 0x000000008b300000, 0x000000008b400000|  0%| F|  |TAMS 0x000000008b300000, 0x000000008b300000| Untracked 
| 180|0x000000008b400000, 0x000000008b400000, 0x000000008b500000|  0%| F|  |TAMS 0x000000008b400000, 0x000000008b400000| Untracked 
| 181|0x000000008b500000, 0x000000008b500000, 0x000000008b600000|  0%| F|  |TAMS 0x000000008b500000, 0x000000008b500000| Untracked 
| 182|0x000000008b600000, 0x000000008b600000, 0x000000008b700000|  0%| F|  |TAMS 0x000000008b600000, 0x000000008b600000| Untracked 
| 183|0x000000008b700000, 0x000000008b700000, 0x000000008b800000|  0%| F|  |TAMS 0x000000008b700000, 0x000000008b700000| Untracked 
| 184|0x000000008b800000, 0x000000008b800000, 0x000000008b900000|  0%| F|  |TAMS 0x000000008b800000, 0x000000008b800000| Untracked 
| 185|0x000000008b900000, 0x000000008b900000, 0x000000008ba00000|  0%| F|  |TAMS 0x000000008b900000, 0x000000008b900000| Untracked 
| 186|0x000000008ba00000, 0x000000008ba00000, 0x000000008bb00000|  0%| F|  |TAMS 0x000000008ba00000, 0x000000008ba00000| Untracked 
| 187|0x000000008bb00000, 0x000000008bb00000, 0x000000008bc00000|  0%| F|  |TAMS 0x000000008bb00000, 0x000000008bb00000| Untracked 
| 188|0x000000008bc00000, 0x000000008bc00000, 0x000000008bd00000|  0%| F|  |TAMS 0x000000008bc00000, 0x000000008bc00000| Untracked 
| 189|0x000000008bd00000, 0x000000008bd00000, 0x000000008be00000|  0%| F|  |TAMS 0x000000008bd00000, 0x000000008bd00000| Untracked 
| 190|0x000000008be00000, 0x000000008be00000, 0x000000008bf00000|  0%| F|  |TAMS 0x000000008be00000, 0x000000008be00000| Untracked 
| 191|0x000000008bf00000, 0x000000008bf00000, 0x000000008c000000|  0%| F|  |TAMS 0x000000008bf00000, 0x000000008bf00000| Untracked 
| 192|0x000000008c000000, 0x000000008c000000, 0x000000008c100000|  0%| F|  |TAMS 0x000000008c000000, 0x000000008c000000| Untracked 
| 193|0x000000008c100000, 0x000000008c100000, 0x000000008c200000|  0%| F|  |TAMS 0x000000008c100000, 0x000000008c100000| Untracked 
| 194|0x000000008c200000, 0x000000008c200000, 0x000000008c300000|  0%| F|  |TAMS 0x000000008c200000, 0x000000008c200000| Untracked 
| 195|0x000000008c300000, 0x000000008c300000, 0x000000008c400000|  0%| F|  |TAMS 0x000000008c300000, 0x000000008c300000| Untracked 
| 196|0x000000008c400000, 0x000000008c400000, 0x000000008c500000|  0%| F|  |TAMS 0x000000008c400000, 0x000000008c400000| Untracked 
| 197|0x000000008c500000, 0x000000008c500000, 0x000000008c600000|  0%| F|  |TAMS 0x000000008c500000, 0x000000008c500000| Untracked 
| 198|0x000000008c600000, 0x000000008c600000, 0x000000008c700000|  0%| F|  |TAMS 0x000000008c600000, 0x000000008c600000| Untracked 
| 199|0x000000008c700000, 0x000000008c700000, 0x000000008c800000|  0%| F|  |TAMS 0x000000008c700000, 0x000000008c700000| Untracked 
| 200|0x000000008c800000, 0x000000008c800000, 0x000000008c900000|  0%| F|  |TAMS 0x000000008c800000, 0x000000008c800000| Untracked 
| 201|0x000000008c900000, 0x000000008c900000, 0x000000008ca00000|  0%| F|  |TAMS 0x000000008c900000, 0x000000008c900000| Untracked 
| 202|0x000000008ca00000, 0x000000008ca00000, 0x000000008cb00000|  0%| F|  |TAMS 0x000000008ca00000, 0x000000008ca00000| Untracked 
| 203|0x000000008cb00000, 0x000000008cb00000, 0x000000008cc00000|  0%| F|  |TAMS 0x000000008cb00000, 0x000000008cb00000| Untracked 
| 204|0x000000008cc00000, 0x000000008cc00000, 0x000000008cd00000|  0%| F|  |TAMS 0x000000008cc00000, 0x000000008cc00000| Untracked 
| 205|0x000000008cd00000, 0x000000008cd00000, 0x000000008ce00000|  0%| F|  |TAMS 0x000000008cd00000, 0x000000008cd00000| Untracked 
| 206|0x000000008ce00000, 0x000000008ce00000, 0x000000008cf00000|  0%| F|  |TAMS 0x000000008ce00000, 0x000000008ce00000| Untracked 
| 207|0x000000008cf00000, 0x000000008cf00000, 0x000000008d000000|  0%| F|  |TAMS 0x000000008cf00000, 0x000000008cf00000| Untracked 
| 208|0x000000008d000000, 0x000000008d000000, 0x000000008d100000|  0%| F|  |TAMS 0x000000008d000000, 0x000000008d000000| Untracked 
| 209|0x000000008d100000, 0x000000008d100000, 0x000000008d200000|  0%| F|  |TAMS 0x000000008d100000, 0x000000008d100000| Untracked 
| 210|0x000000008d200000, 0x000000008d200000, 0x000000008d300000|  0%| F|  |TAMS 0x000000008d200000, 0x000000008d200000| Untracked 
| 211|0x000000008d300000, 0x000000008d300000, 0x000000008d400000|  0%| F|  |TAMS 0x000000008d300000, 0x000000008d300000| Untracked 
| 212|0x000000008d400000, 0x000000008d400000, 0x000000008d500000|  0%| F|  |TAMS 0x000000008d400000, 0x000000008d400000| Untracked 
| 213|0x000000008d500000, 0x000000008d500000, 0x000000008d600000|  0%| F|  |TAMS 0x000000008d500000, 0x000000008d500000| Untracked 
| 214|0x000000008d600000, 0x000000008d600000, 0x000000008d700000|  0%| F|  |TAMS 0x000000008d600000, 0x000000008d600000| Untracked 
| 215|0x000000008d700000, 0x000000008d700000, 0x000000008d800000|  0%| F|  |TAMS 0x000000008d700000, 0x000000008d700000| Untracked 
| 216|0x000000008d800000, 0x000000008d800000, 0x000000008d900000|  0%| F|  |TAMS 0x000000008d800000, 0x000000008d800000| Untracked 
| 217|0x000000008d900000, 0x000000008d900000, 0x000000008da00000|  0%| F|  |TAMS 0x000000008d900000, 0x000000008d900000| Untracked 
| 218|0x000000008da00000, 0x000000008da00000, 0x000000008db00000|  0%| F|  |TAMS 0x000000008da00000, 0x000000008da00000| Untracked 
| 219|0x000000008db00000, 0x000000008db00000, 0x000000008dc00000|  0%| F|  |TAMS 0x000000008db00000, 0x000000008db00000| Untracked 
| 220|0x000000008dc00000, 0x000000008dc00000, 0x000000008dd00000|  0%| F|  |TAMS 0x000000008dc00000, 0x000000008dc00000| Untracked 
| 221|0x000000008dd00000, 0x000000008dd00000, 0x000000008de00000|  0%| F|  |TAMS 0x000000008dd00000, 0x000000008dd00000| Untracked 
| 222|0x000000008de00000, 0x000000008de00000, 0x000000008df00000|  0%| F|  |TAMS 0x000000008de00000, 0x000000008de00000| Untracked 
| 223|0x000000008df00000, 0x000000008df00000, 0x000000008e000000|  0%| F|  |TAMS 0x000000008df00000, 0x000000008df00000| Untracked 
| 224|0x000000008e000000, 0x000000008e000000, 0x000000008e100000|  0%| F|  |TAMS 0x000000008e000000, 0x000000008e000000| Untracked 
| 225|0x000000008e100000, 0x000000008e100000, 0x000000008e200000|  0%| F|  |TAMS 0x000000008e100000, 0x000000008e100000| Untracked 
| 226|0x000000008e200000, 0x000000008e200000, 0x000000008e300000|  0%| F|  |TAMS 0x000000008e200000, 0x000000008e200000| Untracked 
| 227|0x000000008e300000, 0x000000008e300000, 0x000000008e400000|  0%| F|  |TAMS 0x000000008e300000, 0x000000008e300000| Untracked 
| 228|0x000000008e400000, 0x000000008e400000, 0x000000008e500000|  0%| F|  |TAMS 0x000000008e400000, 0x000000008e400000| Untracked 
| 229|0x000000008e500000, 0x000000008e500000, 0x000000008e600000|  0%| F|  |TAMS 0x000000008e500000, 0x000000008e500000| Untracked 
| 230|0x000000008e600000, 0x000000008e600000, 0x000000008e700000|  0%| F|  |TAMS 0x000000008e600000, 0x000000008e600000| Untracked 
| 231|0x000000008e700000, 0x000000008e700000, 0x000000008e800000|  0%| F|  |TAMS 0x000000008e700000, 0x000000008e700000| Untracked 
| 232|0x000000008e800000, 0x000000008e800000, 0x000000008e900000|  0%| F|  |TAMS 0x000000008e800000, 0x000000008e800000| Untracked 
| 233|0x000000008e900000, 0x000000008e900000, 0x000000008ea00000|  0%| F|  |TAMS 0x000000008e900000, 0x000000008e900000| Untracked 
| 234|0x000000008ea00000, 0x000000008ea8fc68, 0x000000008eb00000| 56%| E|  |TAMS 0x000000008ea00000, 0x000000008ea00000| Complete 
| 235|0x000000008eb00000, 0x000000008ec00000, 0x000000008ec00000|100%| E|CS|TAMS 0x000000008eb00000, 0x000000008eb00000| Complete 
| 236|0x000000008ec00000, 0x000000008ed00000, 0x000000008ed00000|100%| E|CS|TAMS 0x000000008ec00000, 0x000000008ec00000| Complete 
| 237|0x000000008ed00000, 0x000000008ee00000, 0x000000008ee00000|100%| E|CS|TAMS 0x000000008ed00000, 0x000000008ed00000| Complete 
| 238|0x000000008ee00000, 0x000000008ef00000, 0x000000008ef00000|100%| E|CS|TAMS 0x000000008ee00000, 0x000000008ee00000| Complete 
| 239|0x000000008ef00000, 0x000000008f000000, 0x000000008f000000|100%| E|CS|TAMS 0x000000008ef00000, 0x000000008ef00000| Complete 
| 240|0x000000008f000000, 0x000000008f100000, 0x000000008f100000|100%| E|CS|TAMS 0x000000008f000000, 0x000000008f000000| Complete 
| 241|0x000000008f100000, 0x000000008f200000, 0x000000008f200000|100%| E|CS|TAMS 0x000000008f100000, 0x000000008f100000| Complete 
| 242|0x000000008f200000, 0x000000008f300000, 0x000000008f300000|100%| S|CS|TAMS 0x000000008f200000, 0x000000008f200000| Complete 
| 243|0x000000008f300000, 0x000000008f400000, 0x000000008f400000|100%| E|CS|TAMS 0x000000008f300000, 0x000000008f300000| Complete 
| 244|0x000000008f400000, 0x000000008f500000, 0x000000008f500000|100%| E|CS|TAMS 0x000000008f400000, 0x000000008f400000| Complete 
| 245|0x000000008f500000, 0x000000008f600000, 0x000000008f600000|100%| E|  |TAMS 0x000000008f500000, 0x000000008f500000| Complete 
| 246|0x000000008f600000, 0x000000008f700000, 0x000000008f700000|100%| E|CS|TAMS 0x000000008f600000, 0x000000008f600000| Complete 
| 247|0x000000008f700000, 0x000000008f800000, 0x000000008f800000|100%| E|CS|TAMS 0x000000008f700000, 0x000000008f700000| Complete 
| 248|0x000000008f800000, 0x000000008f900000, 0x000000008f900000|100%| E|CS|TAMS 0x000000008f800000, 0x000000008f800000| Complete 
| 249|0x000000008f900000, 0x000000008fa00000, 0x000000008fa00000|100%| E|CS|TAMS 0x000000008f900000, 0x000000008f900000| Complete 
| 250|0x000000008fa00000, 0x000000008fb00000, 0x000000008fb00000|100%| E|CS|TAMS 0x000000008fa00000, 0x000000008fa00000| Complete 
| 251|0x000000008fb00000, 0x000000008fc00000, 0x000000008fc00000|100%| E|CS|TAMS 0x000000008fb00000, 0x000000008fb00000| Complete 

Card table byte_map: [0x000002539db00000,0x000002539df00000] _byte_map_base: 0x000002539d700000

Marking Bits (Prev, Next): (CMBitMap*) 0x000002538b04eb50, (CMBitMap*) 0x000002538b04eb18
 Prev Bits: [0x00000253a0300000, 0x00000253a2300000)
 Next Bits: [0x000002539e300000, 0x00000253a0300000)

Polling page: 0x0000025388d90000

Metaspace:

Usage:
  Non-class:    127.98 MB capacity,   125.13 MB ( 98%) used,     2.39 MB (  2%) free+waste,   478.56 KB ( <1%) overhead. 
      Class:     19.61 MB capacity,    18.14 MB ( 93%) used,     1.26 MB (  6%) free+waste,   214.00 KB (  1%) overhead. 
       Both:    147.59 MB capacity,   143.27 MB ( 97%) used,     3.64 MB (  2%) free+waste,   692.56 KB ( <1%) overhead. 

Virtual space:
  Non-class space:      128.00 MB reserved,     128.00 MB (100%) committed 
      Class space:        1.00 GB reserved,      19.63 MB (  2%) committed 
             Both:        1.13 GB reserved,     147.63 MB ( 13%) committed 

Chunk freelists:
   Non-Class:  3.00 KB
       Class:  0 bytes
        Both:  3.00 KB

MaxMetaspaceSize: 17179869184.00 GB
CompressedClassSpaceSize: 1.00 GB

CodeHeap 'non-profiled nmethods': size=120064Kb used=10524Kb max_used=10524Kb free=109540Kb
 bounds [0x00000253965c0000, 0x0000025397010000, 0x000002539db00000]
CodeHeap 'profiled nmethods': size=120000Kb used=43422Kb max_used=43422Kb free=76578Kb
 bounds [0x000002538f090000, 0x0000025391b10000, 0x00000253965c0000]
CodeHeap 'non-nmethods': size=5696Kb used=2388Kb max_used=2437Kb free=3307Kb
 bounds [0x000002538eb00000, 0x000002538ed70000, 0x000002538f090000]
 total_blobs=19929 nmethods=18890 adapters=950
 compilation: enabled
              stopped_count=0, restarted_count=0
 full_count=0

Compilation events (20 events):
Event: 748.646 Thread 0x00000253a46f5000 nmethod 19909 0x0000025397006f10 code [0x00000253970070c0, 0x0000025397007278]
Event: 748.650 Thread 0x00000253a46f5000 19910       4       org.codehaus.groovy.reflection.ReflectionUtils::checkCanSetAccessible (11 bytes)
Event: 748.777 Thread 0x00000253a5058800 19915       3       org.gradle.groovy.scripts.internal.FileCacheBackedScriptClassCompiler$BuildScriptRemapper::access$600 (7 bytes)
Event: 748.777 Thread 0x00000253a5058800 nmethod 19915 0x0000025391afb690 code [0x0000025391afb840, 0x0000025391afb948]
Event: 748.780 Thread 0x00000253a5058800 19916       3       org.gradle.internal.resource.UriTextResource$UriResourceLocation::getFile (8 bytes)
Event: 748.780 Thread 0x00000253a5058800 nmethod 19916 0x0000025391afba10 code [0x0000025391afbbc0, 0x0000025391afbcd8]
Event: 748.789 Thread 0x00000253a5058800 19918 % !   2       sun.net.www.ParseUtil::decode @ 70 (317 bytes)
Event: 748.794 Thread 0x00000253a5058800 nmethod 19918% 0x0000025391afbd90 code [0x0000025391afc160, 0x0000025391afd798]
Event: 748.794 Thread 0x00000253a5058800 19919   !   2       sun.net.www.ParseUtil::decode (317 bytes)
Event: 748.799 Thread 0x00000253a5058800 nmethod 19919 0x0000025391afe590 code [0x0000025391afe960, 0x0000025391afffd8]
Event: 748.800 Thread 0x00000253a5058800 19920       3       org.gradle.internal.reflect.JavaPropertyReflectionUtil::hasTypeVariable (267 bytes)
Event: 748.802 Thread 0x00000253a5058800 nmethod 19920 0x0000025391b00f90 code [0x0000025391b01380, 0x0000025391b03ae8]
Event: 748.803 Thread 0x00000253a5058800 19922       2       org.gradle.internal.instantiation.generator.AsmBackedClassGenerator$NoOpBuilder::applyConventionMappingToGetter (1 bytes)
Event: 748.804 Thread 0x00000253a5058800 nmethod 19922 0x0000025391b04190 code [0x0000025391b04340, 0x0000025391b04438]
Event: 748.804 Thread 0x00000253a5058800 19923       2       org.gradle.internal.instantiation.generator.AsmBackedClassGenerator$NoOpBuilder::applyConventionMappingToProperty (1 bytes)
Event: 748.804 Thread 0x00000253a5058800 nmethod 19923 0x0000025391b04510 code [0x0000025391b046c0, 0x0000025391b047b8]
Event: 748.806 Thread 0x00000253a5058800 19924 %     3       org.codehaus.groovy.runtime.metaclass.MetaMethodIndex::copyMethodsToSuper @ 13 (91 bytes)
Event: 748.807 Thread 0x00000253a5058800 nmethod 19924% 0x0000025391b04890 code [0x0000025391b04ac0, 0x0000025391b05408]
Event: 748.807 Thread 0x00000253a5058800 19925       3       org.codehaus.groovy.runtime.metaclass.MetaMethodIndex::copyMethodsToSuper (91 bytes)
Event: 748.807 Thread 0x00000253a5058800 nmethod 19925 0x0000025391b05710 code [0x0000025391b05920, 0x0000025391b061e8]

GC Heap History (20 events):
Event: 389.648 GC heap before
{Heap before GC invocations=80 (full 0):
 garbage-first heap   total 258048K, used 148480K [0x0000000080000000, 0x0000000100000000)
  region size 1024K, 12 young (12288K), 6 survivors (6144K)
 Metaspace       used 124675K, capacity 128366K, committed 128640K, reserved 1161216K
  class space    used 15717K, capacity 16923K, committed 17024K, reserved 1048576K
}
Event: 389.680 GC heap after
{Heap after GC invocations=81 (full 0):
 garbage-first heap   total 258048K, used 136882K [0x0000000080000000, 0x0000000100000000)
  region size 1024K, 1 young (1024K), 1 survivors (1024K)
 Metaspace       used 124675K, capacity 128366K, committed 128640K, reserved 1161216K
  class space    used 15717K, capacity 16923K, committed 17024K, reserved 1048576K
}
Event: 394.553 GC heap before
{Heap before GC invocations=81 (full 0):
 garbage-first heap   total 258048K, used 191154K [0x0000000080000000, 0x0000000100000000)
  region size 1024K, 55 young (56320K), 1 survivors (1024K)
 Metaspace       used 126162K, capacity 129750K, committed 130048K, reserved 1163264K
  class space    used 15869K, capacity 17077K, committed 17152K, reserved 1048576K
}
Event: 394.577 GC heap after
{Heap after GC invocations=82 (full 0):
 garbage-first heap   total 258048K, used 139234K [0x0000000080000000, 0x0000000100000000)
  region size 1024K, 4 young (4096K), 4 survivors (4096K)
 Metaspace       used 126162K, capacity 129750K, committed 130048K, reserved 1163264K
  class space    used 15869K, capacity 17077K, committed 17152K, reserved 1048576K
}
Event: 396.794 GC heap before
{Heap before GC invocations=83 (full 0):
 garbage-first heap   total 258048K, used 191458K [0x0000000080000000, 0x0000000100000000)
  region size 1024K, 60 young (61440K), 4 survivors (4096K)
 Metaspace       used 129969K, capacity 133718K, committed 133888K, reserved 1165312K
  class space    used 16379K, capacity 17650K, committed 17664K, reserved 1048576K
}
Event: 396.827 GC heap after
{Heap after GC invocations=84 (full 0):
 garbage-first heap   total 258048K, used 139798K [0x0000000080000000, 0x0000000100000000)
  region size 1024K, 8 young (8192K), 8 survivors (8192K)
 Metaspace       used 129969K, capacity 133718K, committed 133888K, reserved 1165312K
  class space    used 16379K, capacity 17650K, committed 17664K, reserved 1048576K
}
Event: 396.983 GC heap before
{Heap before GC invocations=84 (full 0):
 garbage-first heap   total 258048K, used 142870K [0x0000000080000000, 0x0000000100000000)
  region size 1024K, 12 young (12288K), 8 survivors (8192K)
 Metaspace       used 130937K, capacity 134700K, committed 134784K, reserved 1167360K
  class space    used 16504K, capacity 17786K, committed 17792K, reserved 1048576K
}
Event: 397.016 GC heap after
{Heap after GC invocations=85 (full 0):
 garbage-first heap   total 258048K, used 138322K [0x0000000080000000, 0x0000000100000000)
  region size 1024K, 1 young (1024K), 1 survivors (1024K)
 Metaspace       used 130937K, capacity 134700K, committed 134784K, reserved 1167360K
  class space    used 16504K, capacity 17786K, committed 17792K, reserved 1048576K
}
Event: 397.389 GC heap before
{Heap before GC invocations=85 (full 0):
 garbage-first heap   total 258048K, used 146514K [0x0000000080000000, 0x0000000100000000)
  region size 1024K, 10 young (10240K), 1 survivors (1024K)
 Metaspace       used 133268K, capacity 137014K, committed 137088K, reserved 1169408K
  class space    used 16772K, capacity 18048K, committed 18048K, reserved 1048576K
}
Event: 397.399 GC heap after
{Heap after GC invocations=86 (full 0):
 garbage-first heap   total 258048K, used 138278K [0x0000000080000000, 0x0000000100000000)
  region size 1024K, 1 young (1024K), 1 survivors (1024K)
 Metaspace       used 133268K, capacity 137014K, committed 137088K, reserved 1169408K
  class space    used 16772K, capacity 18048K, committed 18048K, reserved 1048576K
}
Event: 400.896 GC heap before
{Heap before GC invocations=87 (full 0):
 garbage-first heap   total 258048K, used 204838K [0x0000000080000000, 0x0000000100000000)
  region size 1024K, 62 young (63488K), 1 survivors (1024K)
 Metaspace       used 136893K, capacity 140830K, committed 140928K, reserved 1171456K
  class space    used 17213K, capacity 18535K, committed 18560K, reserved 1048576K
}
Event: 400.936 GC heap after
{Heap after GC invocations=88 (full 0):
 garbage-first heap   total 258048K, used 149251K [0x0000000080000000, 0x0000000100000000)
  region size 1024K, 8 young (8192K), 8 survivors (8192K)
 Metaspace       used 136893K, capacity 140830K, committed 140928K, reserved 1171456K
  class space    used 17213K, capacity 18535K, committed 18560K, reserved 1048576K
}
Event: 401.037 GC heap before
{Heap before GC invocations=88 (full 0):
 garbage-first heap   total 258048K, used 152323K [0x0000000080000000, 0x0000000100000000)
  region size 1024K, 12 young (12288K), 8 survivors (8192K)
 Metaspace       used 137210K, capacity 141182K, committed 141312K, reserved 1171456K
  class space    used 17258K, capacity 18567K, committed 18688K, reserved 1048576K
}
Event: 401.068 GC heap after
{Heap after GC invocations=89 (full 0):
 garbage-first heap   total 258048K, used 149871K [0x0000000080000000, 0x0000000100000000)
  region size 1024K, 2 young (2048K), 2 survivors (2048K)
 Metaspace       used 137210K, capacity 141182K, committed 141312K, reserved 1171456K
  class space    used 17258K, capacity 18567K, committed 18688K, reserved 1048576K
}
Event: 404.579 GC heap before
{Heap before GC invocations=89 (full 0):
 garbage-first heap   total 258048K, used 204143K [0x0000000080000000, 0x0000000100000000)
  region size 1024K, 56 young (57344K), 2 survivors (2048K)
 Metaspace       used 142833K, capacity 147023K, committed 147200K, reserved 1177600K
  class space    used 17984K, capacity 19422K, committed 19456K, reserved 1048576K
}
Event: 404.616 GC heap after
{Heap after GC invocations=90 (full 0):
 garbage-first heap   total 258048K, used 152431K [0x0000000080000000, 0x0000000100000000)
  region size 1024K, 4 young (4096K), 4 survivors (4096K)
 Metaspace       used 142833K, capacity 147023K, committed 147200K, reserved 1177600K
  class space    used 17984K, capacity 19422K, committed 19456K, reserved 1048576K
}
Event: 407.747 GC heap before
{Heap before GC invocations=91 (full 0):
 garbage-first heap   total 258048K, used 209775K [0x0000000080000000, 0x0000000100000000)
  region size 1024K, 59 young (60416K), 4 survivors (4096K)
 Metaspace       used 145653K, capacity 149992K, committed 150272K, reserved 1179648K
  class space    used 18429K, capacity 19896K, committed 19968K, reserved 1048576K
}
Event: 407.770 GC heap after
{Heap after GC invocations=92 (full 0):
 garbage-first heap   total 258048K, used 151407K [0x0000000080000000, 0x0000000100000000)
  region size 1024K, 3 young (3072K), 3 survivors (3072K)
 Metaspace       used 145653K, capacity 149992K, committed 150272K, reserved 1179648K
  class space    used 18429K, capacity 19896K, committed 19968K, reserved 1048576K
}
Event: 408.254 GC heap before
{Heap before GC invocations=92 (full 0):
 garbage-first heap   total 258048K, used 174959K [0x0000000080000000, 0x0000000100000000)
  region size 1024K, 12 young (12288K), 3 survivors (3072K)
 Metaspace       used 146476K, capacity 150864K, committed 150912K, reserved 1179648K
  class space    used 18555K, capacity 20061K, committed 20096K, reserved 1048576K
}
Event: 408.279 GC heap after
{Heap after GC invocations=93 (full 0):
 garbage-first heap   total 258048K, used 144524K [0x0000000080000000, 0x0000000100000000)
  region size 1024K, 1 young (1024K), 1 survivors (1024K)
 Metaspace       used 146476K, capacity 150864K, committed 150912K, reserved 1179648K
  class space    used 18555K, capacity 20061K, committed 20096K, reserved 1048576K
}

Deoptimization events (20 events):
Event: 748.314 Thread 0x00000253ac507000 DEOPT PACKING pc=0x0000025396bc7378 sp=0x000000b89ddfc130
Event: 748.314 Thread 0x00000253ac507000 DEOPT UNPACKING pc=0x000002538eb26ca9 sp=0x000000b89ddfc078 mode 2
Event: 748.314 Thread 0x00000253ac507000 Uncommon trap: trap_request=0xffffffd6 fr.pc=0x0000025396e93498 relative=0x0000000000000b78
Event: 748.314 Thread 0x00000253ac507000 Uncommon trap: reason=array_check action=maybe_recompile pc=0x0000025396e93498 method=com.google.common.collect.ImmutableSet.construct(I[Ljava/lang/Object;)Lcom/google/common/collect/ImmutableSet; @ 122 c2
Event: 748.314 Thread 0x00000253ac507000 DEOPT PACKING pc=0x0000025396e93498 sp=0x000000b89ddfbc40
Event: 748.315 Thread 0x00000253ac507000 DEOPT UNPACKING pc=0x000002538eb26ca9 sp=0x000000b89ddfbbd8 mode 2
Event: 748.315 Thread 0x00000253ac507000 Uncommon trap: trap_request=0xffffffd6 fr.pc=0x0000025396e93498 relative=0x0000000000000b78
Event: 748.315 Thread 0x00000253ac507000 Uncommon trap: reason=array_check action=maybe_recompile pc=0x0000025396e93498 method=com.google.common.collect.ImmutableSet.construct(I[Ljava/lang/Object;)Lcom/google/common/collect/ImmutableSet; @ 122 c2
Event: 748.315 Thread 0x00000253ac507000 DEOPT PACKING pc=0x0000025396e93498 sp=0x000000b89ddfb730
Event: 748.315 Thread 0x00000253ac507000 DEOPT UNPACKING pc=0x000002538eb26ca9 sp=0x000000b89ddfb6c8 mode 2
Event: 748.316 Thread 0x00000253ac507000 Uncommon trap: trap_request=0xffffffd6 fr.pc=0x0000025396e93498 relative=0x0000000000000b78
Event: 748.316 Thread 0x00000253ac507000 Uncommon trap: reason=array_check action=maybe_recompile pc=0x0000025396e93498 method=com.google.common.collect.ImmutableSet.construct(I[Ljava/lang/Object;)Lcom/google/common/collect/ImmutableSet; @ 122 c2
Event: 748.316 Thread 0x00000253ac507000 DEOPT PACKING pc=0x0000025396e93498 sp=0x000000b89ddfaa80
Event: 748.316 Thread 0x00000253ac507000 DEOPT UNPACKING pc=0x000002538eb26ca9 sp=0x000000b89ddfaa18 mode 2
Event: 748.372 Thread 0x00000253ac507000 Uncommon trap: trap_request=0xffffffbe fr.pc=0x0000025396fd6540 relative=0x00000000000001e0
Event: 748.372 Thread 0x00000253ac507000 Uncommon trap: reason=profile_predicate action=maybe_recompile pc=0x0000025396fd6540 method=java.util.ComparableTimSort.binarySort([Ljava/lang/Object;III)V @ 34 c2
Event: 748.373 Thread 0x00000253ac507000 DEOPT PACKING pc=0x0000025396fd6540 sp=0x000000b89ddf76b0
Event: 748.373 Thread 0x00000253ac507000 DEOPT UNPACKING pc=0x000002538eb26ca9 sp=0x000000b89ddf75e8 mode 2
Event: 748.780 Thread 0x00000253a5618800 DEOPT PACKING pc=0x000002538f2f2e00 sp=0x000000b89eafdb30
Event: 748.781 Thread 0x00000253a5618800 DEOPT UNPACKING pc=0x000002538eb26abf sp=0x000000b89eafcfe8 mode 0

Classes redefined (0 events):
No events

Internal exceptions (20 events):
Event: 406.996 Thread 0x00000253ac506800 Exception <a 'sun/nio/fs/WindowsException'{0x000000008d9f7518}> (0x000000008d9f7518) thrown at [./src/hotspot/share/prims/jni.cpp, line 615]
Event: 407.139 Thread 0x00000253a9b8f800 Exception <a 'sun/nio/fs/WindowsException'{0x000000008d567b10}> (0x000000008d567b10) thrown at [./src/hotspot/share/prims/jni.cpp, line 615]
Event: 407.554 Thread 0x00000253a9b93800 Exception <a 'java/lang/NoSuchMethodError'{0x000000008cd6e910}: 'java.lang.Object java.lang.invoke.DirectMethodHandle$Holder.invokeStatic(java.lang.Object, java.lang.Object, java.lang.Object, java.lang.Object, java.lang.Object, int, java.lang.Object)'> (0x000000008cd6e910) thrown at [./src/hotspot/share/interpreter/linkResolver.cpp, line 773]
Event: 407.555 Thread 0x00000253a9b93800 Exception <a 'java/lang/NoSuchMethodError'{0x000000008cd75b10}: 'java.lang.Object java.lang.invoke.Invokers$Holder.linkToTargetMethod(java.lang.Object, java.lang.Object, java.lang.Object, java.lang.Object, int, java.lang.Object, java.lang.Object)'> (0x000000008cd75b10) thrown at [./src/hotspot/share/interpreter/linkResolver.cpp, line 773]
Event: 407.642 Thread 0x00000253a9b93800 Exception <a 'java/lang/NoSuchMethodError'{0x000000008c95bd00}: 'java.lang.Object java.lang.invoke.DirectMethodHandle$Holder.invokeStatic(java.lang.Object, java.lang.Object, java.lang.Object, java.lang.Object, java.lang.Object, java.lang.Object, java.lang.Object, int)'> (0x000000008c95bd00) thrown at [./src/hotspot/share/interpreter/linkResolver.cpp, line 773]
Event: 407.644 Thread 0x00000253a9b93800 Exception <a 'java/lang/NoSuchMethodError'{0x000000008c960138}: 'java.lang.Object java.lang.invoke.DirectMethodHandle$Holder.invokeSpecial(java.lang.Object, java.lang.Object, java.lang.Object, java.lang.Object, java.lang.Object, java.lang.Object, java.lang.Object, java.lang.Object, int)'> (0x000000008c960138) thrown at [./src/hotspot/share/interpreter/linkResolver.cpp, line 773]
Event: 407.644 Thread 0x00000253a9b93800 Exception <a 'java/lang/NoSuchMethodError'{0x000000008c963ef0}: 'java.lang.Object java.lang.invoke.Invokers$Holder.linkToTargetMethod(java.lang.Object, java.lang.Object, java.lang.Object, java.lang.Object, java.lang.Object, java.lang.Object, int, java.lang.Object)'> (0x000000008c963ef0) thrown at [./src/hotspot/share/interpreter/linkResolver.cpp, line 773]
Event: 408.237 Thread 0x00000253a9b93800 Implicit null exception at 0x0000025396ba976d to 0x0000025396ba9798
Event: 408.237 Thread 0x00000253a9b93800 Implicit null exception at 0x0000025396ba576b to 0x0000025396ba578c
Event: 748.377 Thread 0x00000253ac507000 Exception <a 'java/lang/NoSuchMethodError'{0x000000008ee5aa98}: <clinit>> (0x000000008ee5aa98) thrown at [./src/hotspot/share/prims/jni.cpp, line 1362]
Event: 748.517 Thread 0x00000253a5619800 Exception <a 'sun/nio/fs/WindowsException'{0x000000008ed020b8}> (0x000000008ed020b8) thrown at [./src/hotspot/share/prims/jni.cpp, line 615]
Event: 748.581 Thread 0x00000253a5619800 Exception <a 'sun/nio/fs/WindowsException'{0x000000008ed8c1a0}> (0x000000008ed8c1a0) thrown at [./src/hotspot/share/prims/jni.cpp, line 615]
Event: 748.596 Thread 0x00000253a5619800 Exception <a 'sun/nio/fs/WindowsException'{0x000000008ed8c330}> (0x000000008ed8c330) thrown at [./src/hotspot/share/prims/jni.cpp, line 615]
Event: 748.663 Thread 0x00000253ac507000 Exception <a 'java/lang/ClassNotFoundException'{0x000000008ec04778}: sync_studio_tooling8_bq3cbgdppnmb90186f7t3rqt9BeanInfo> (0x000000008ec04778) thrown at [./src/hotspot/share/classfile/systemDictionary.cpp, line 231]
Event: 748.668 Thread 0x00000253ac507000 Exception <a 'java/lang/ClassNotFoundException'{0x000000008ec10910}: sync_studio_tooling8_bq3cbgdppnmb90186f7t3rqt9Customizer> (0x000000008ec10910) thrown at [./src/hotspot/share/classfile/systemDictionary.cpp, line 231]
Event: 748.769 Thread 0x00000253a5618800 Exception <a 'sun/nio/fs/WindowsException'{0x000000008ec76488}> (0x000000008ec76488) thrown at [./src/hotspot/share/prims/jni.cpp, line 615]
Event: 748.783 Thread 0x00000253a5618800 Exception <a 'sun/nio/fs/WindowsException'{0x000000008ecd4460}> (0x000000008ecd4460) thrown at [./src/hotspot/share/prims/jni.cpp, line 615]
Event: 748.784 Thread 0x00000253a5618800 Exception <a 'sun/nio/fs/WindowsException'{0x000000008ecd45e8}> (0x000000008ecd45e8) thrown at [./src/hotspot/share/prims/jni.cpp, line 615]
Event: 748.809 Thread 0x00000253ac507000 Exception <a 'java/lang/ClassNotFoundException'{0x000000008eb48b08}: sync_studio_tooling8_bq3cbgdppnmb90186f7t3rqt9BeanInfo> (0x000000008eb48b08) thrown at [./src/hotspot/share/classfile/systemDictionary.cpp, line 231]
Event: 748.809 Thread 0x00000253ac507000 Exception <a 'java/lang/ClassNotFoundException'{0x000000008eb54c40}: sync_studio_tooling8_bq3cbgdppnmb90186f7t3rqt9Customizer> (0x000000008eb54c40) thrown at [./src/hotspot/share/classfile/systemDictionary.cpp, line 231]

Events (20 events):
Event: 748.668 loading class sync_studio_tooling8_bq3cbgdppnmb90186f7t3rqt9Customizer
Event: 748.668 loading class sync_studio_tooling8_bq3cbgdppnmb90186f7t3rqt9Customizer done
Event: 748.668 loading class sync_studio_tooling8_bq3cbgdppnmb90186f7t3rqt9Customizer
Event: 748.668 loading class sync_studio_tooling8_bq3cbgdppnmb90186f7t3rqt9Customizer done
Event: 748.679 loading class groovy/runtime/metaclass/sync_studio_tooling8_bq3cbgdppnmb90186f7t3rqt9$_run_closure1MetaClass
Event: 748.679 loading class groovy/runtime/metaclass/sync_studio_tooling8_bq3cbgdppnmb90186f7t3rqt9$_run_closure1MetaClass done
Event: 748.683 loading class groovy/runtime/metaclass/sync_studio_tooling8_bq3cbgdppnmb90186f7t3rqt9$_run_closure1$_closure2MetaClass
Event: 748.683 loading class groovy/runtime/metaclass/sync_studio_tooling8_bq3cbgdppnmb90186f7t3rqt9$_run_closure1$_closure2MetaClass done
Event: 748.804 loading class groovy/runtime/metaclass/sync_studio_tooling8_bq3cbgdppnmb90186f7t3rqt9MetaClass
Event: 748.804 loading class groovy/runtime/metaclass/sync_studio_tooling8_bq3cbgdppnmb90186f7t3rqt9MetaClass done
Event: 748.808 loading class sync_studio_tooling8_bq3cbgdppnmb90186f7t3rqt9BeanInfo
Event: 748.808 loading class sync_studio_tooling8_bq3cbgdppnmb90186f7t3rqt9BeanInfo done
Event: 748.809 loading class sync_studio_tooling8_bq3cbgdppnmb90186f7t3rqt9BeanInfo
Event: 748.809 loading class sync_studio_tooling8_bq3cbgdppnmb90186f7t3rqt9BeanInfo done
Event: 748.809 loading class sync_studio_tooling8_bq3cbgdppnmb90186f7t3rqt9Customizer
Event: 748.809 loading class sync_studio_tooling8_bq3cbgdppnmb90186f7t3rqt9Customizer done
Event: 748.809 loading class sync_studio_tooling8_bq3cbgdppnmb90186f7t3rqt9Customizer
Event: 748.809 loading class sync_studio_tooling8_bq3cbgdppnmb90186f7t3rqt9Customizer done
Event: 748.812 loading class groovy/runtime/metaclass/sync_studio_tooling8_bq3cbgdppnmb90186f7t3rqt9$_run_closure1MetaClass
Event: 748.812 loading class groovy/runtime/metaclass/sync_studio_tooling8_bq3cbgdppnmb90186f7t3rqt9$_run_closure1MetaClass done


Dynamic libraries:
0x00007ff66a450000 - 0x00007ff66a45a000 	C:\Program Files\Android\Android Studio\jre\bin\java.exe
0x00007ffec4710000 - 0x00007ffec4908000 	C:\windows\SYSTEM32\ntdll.dll
0x00007ffec3e20000 - 0x00007ffec3edd000 	C:\windows\System32\KERNEL32.DLL
0x00007ffec2060000 - 0x00007ffec2332000 	C:\windows\System32\KERNELBASE.dll
0x00007ffec25d0000 - 0x00007ffec26d0000 	C:\windows\System32\ucrtbase.dll
0x00007ffebe750000 - 0x00007ffebe769000 	C:\Program Files\Android\Android Studio\jre\bin\jli.dll
0x00007ffec3000000 - 0x00007ffec319d000 	C:\windows\System32\USER32.dll
0x00007ffec2370000 - 0x00007ffec2392000 	C:\windows\System32\win32u.dll
0x00007ffec3600000 - 0x00007ffec362b000 	C:\windows\System32\GDI32.dll
0x00007ffec2450000 - 0x00007ffec255f000 	C:\windows\System32\gdi32full.dll
0x00007ffec26d0000 - 0x00007ffec276d000 	C:\windows\System32\msvcp_win.dll
0x00007ffebe730000 - 0x00007ffebe747000 	C:\Program Files\Android\Android Studio\jre\bin\VCRUNTIME140.dll
0x00007ffea7f50000 - 0x00007ffea81ea000 	C:\windows\WinSxS\amd64_microsoft.windows.common-controls_6595b64144ccf1df_6.0.19041.1110_none_60b5254171f9507e\COMCTL32.dll
0x00007ffec3ee0000 - 0x00007ffec3f7e000 	C:\windows\System32\msvcrt.dll
0x00007ffec3d20000 - 0x00007ffec3d50000 	C:\windows\System32\IMM32.DLL
0x00007ffe9d3e0000 - 0x00007ffe9d47d000 	C:\Program Files\Android\Android Studio\jre\bin\msvcp140.dll
0x00007ffe4a5a0000 - 0x00007ffe4b06f000 	C:\Program Files\Android\Android Studio\jre\bin\server\jvm.dll
0x00007ffec31d0000 - 0x00007ffec327e000 	C:\windows\System32\ADVAPI32.dll
0x00007ffec3630000 - 0x00007ffec36cc000 	C:\windows\System32\sechost.dll
0x00007ffec37b0000 - 0x00007ffec38d5000 	C:\windows\System32\RPCRT4.dll
0x00007ffec3c40000 - 0x00007ffec3c48000 	C:\windows\System32\PSAPI.DLL
0x00007ffebcc50000 - 0x00007ffebcc59000 	C:\windows\SYSTEM32\WSOCK32.dll
0x00007ffec3cb0000 - 0x00007ffec3d1b000 	C:\windows\System32\WS2_32.dll
0x00007ffea3ac0000 - 0x00007ffea3ae7000 	C:\windows\SYSTEM32\WINMM.dll
0x00007ffeb3550000 - 0x00007ffeb355a000 	C:\windows\SYSTEM32\VERSION.dll
0x00007ffec0670000 - 0x00007ffec0682000 	C:\windows\SYSTEM32\kernel.appcore.dll
0x00007ffebbb00000 - 0x00007ffebbb11000 	C:\Program Files\Android\Android Studio\jre\bin\verify.dll
0x00007ffec0390000 - 0x00007ffec0574000 	C:\windows\SYSTEM32\DBGHELP.DLL
0x00007ffea86f0000 - 0x00007ffea871c000 	C:\windows\SYSTEM32\dbgcore.DLL
0x00007ffec1e70000 - 0x00007ffec1ef2000 	C:\windows\System32\bcryptPrimitives.dll
0x00007ffebbad0000 - 0x00007ffebbaf9000 	C:\Program Files\Android\Android Studio\jre\bin\java.dll
0x00007ffebbac0000 - 0x00007ffebbacb000 	C:\Program Files\Android\Android Studio\jre\bin\jimage.dll
0x00007ffebaeb0000 - 0x00007ffebaec8000 	C:\Program Files\Android\Android Studio\jre\bin\zip.dll
0x00007ffec2820000 - 0x00007ffec2f63000 	C:\windows\System32\SHELL32.dll
0x00007ffebfb20000 - 0x00007ffec02b1000 	C:\windows\SYSTEM32\windows.storage.dll
0x00007ffec38e0000 - 0x00007ffec3c34000 	C:\windows\System32\combase.dll
0x00007ffec17a0000 - 0x00007ffec17d0000 	C:\windows\SYSTEM32\Wldp.dll
0x00007ffec2770000 - 0x00007ffec281d000 	C:\windows\System32\SHCORE.dll
0x00007ffec3420000 - 0x00007ffec3475000 	C:\windows\System32\shlwapi.dll
0x00007ffec1d60000 - 0x00007ffec1d7f000 	C:\windows\SYSTEM32\profapi.dll
0x00007ffebadf0000 - 0x00007ffebae0a000 	C:\Program Files\Android\Android Studio\jre\bin\net.dll
0x00007ffeaa5f0000 - 0x00007ffeaa6fd000 	C:\windows\SYSTEM32\WINHTTP.dll
0x00007ffec1500000 - 0x00007ffec156a000 	C:\windows\system32\mswsock.dll
0x00007ffebadd0000 - 0x00007ffebade4000 	C:\Program Files\Android\Android Studio\jre\bin\nio.dll
0x00007ffebdeb0000 - 0x00007ffebded7000 	C:\Users\sander kerby\.gradle\native\8bec1ad78214c89d9ad589b4d07fe93259594b29d510b10fafb7a158f7737e5d\windows-amd64\native-platform.dll
0x00007ffe95700000 - 0x00007ffe9583d000 	C:\Users\sander kerby\.gradle\native\53dbd7edfb1c66fb8903c78663c9afc45aea4f116125fa6feffd364cf09443e8\windows-amd64\native-platform-file-events.dll
0x00007ffebbab0000 - 0x00007ffebbaba000 	C:\Program Files\Android\Android Studio\jre\bin\management.dll
0x00007ffebadc0000 - 0x00007ffebadcc000 	C:\Program Files\Android\Android Studio\jre\bin\management_ext.dll
0x00007ffec1700000 - 0x00007ffec1718000 	C:\windows\SYSTEM32\CRYPTSP.dll
0x00007ffec0e20000 - 0x00007ffec0e54000 	C:\windows\system32\rsaenh.dll
0x00007ffec2340000 - 0x00007ffec2367000 	C:\windows\System32\bcrypt.dll
0x00007ffec1ce0000 - 0x00007ffec1d0e000 	C:\windows\SYSTEM32\USERENV.dll
0x00007ffec16f0000 - 0x00007ffec16fc000 	C:\windows\SYSTEM32\CRYPTBASE.dll
0x00007ffec11f0000 - 0x00007ffec122b000 	C:\windows\SYSTEM32\IPHLPAPI.DLL
0x00007ffec31a0000 - 0x00007ffec31a8000 	C:\windows\System32\NSI.dll
0x00007ffeb1e60000 - 0x00007ffeb1e77000 	C:\windows\SYSTEM32\dhcpcsvc6.DLL
0x00007ffeb2ff0000 - 0x00007ffeb300d000 	C:\windows\SYSTEM32\dhcpcsvc.DLL
0x00007ffec1230000 - 0x00007ffec12fa000 	C:\windows\SYSTEM32\DNSAPI.dll
0x00007ffebab20000 - 0x00007ffebab47000 	C:\Program Files\Android\Android Studio\jre\bin\sunec.dll
0x00007ffeaa360000 - 0x00007ffeaa36a000 	C:\Windows\System32\rasadhlp.dll
0x00007ffeada20000 - 0x00007ffeadaa0000 	C:\windows\System32\fwpuclnt.dll
0x00007ffebe880000 - 0x00007ffebe911000 	C:\windows\system32\apphelp.dll

dbghelp: loaded successfully - version: 4.0.5 - missing functions: none
symbol engine: initialized successfully - sym options: 0x614 - pdb path: .;C:\Program Files\Android\Android Studio\jre\bin;C:\windows\SYSTEM32;C:\windows\WinSxS\amd64_microsoft.windows.common-controls_6595b64144ccf1df_6.0.19041.1110_none_60b5254171f9507e;C:\Program Files\Android\Android Studio\jre\bin\server;C:\Users\sander kerby\.gradle\native\8bec1ad78214c89d9ad589b4d07fe93259594b29d510b10fafb7a158f7737e5d\windows-amd64;C:\Users\sander kerby\.gradle\native\53dbd7edfb1c66fb8903c78663c9afc45aea4f116125fa6feffd364cf09443e8\windows-amd64

VM Arguments:
jvm_args: --add-opens=java.base/java.util=ALL-UNNAMED --add-opens=java.base/java.lang=ALL-UNNAMED --add-opens=java.base/java.lang.invoke=ALL-UNNAMED --add-opens=java.base/java.util=ALL-UNNAMED --add-opens=java.prefs/java.util.prefs=ALL-UNNAMED --add-opens=java.prefs/java.util.prefs=ALL-UNNAMED --add-opens=java.base/java.nio.charset=ALL-UNNAMED --add-opens=java.base/java.net=ALL-UNNAMED --add-opens=java.base/java.util.concurrent.atomic=ALL-UNNAMED -Xmx2048m -Dfile.encoding=UTF-8 -Duser.country=US -Duser.language=en -Duser.variant 
java_command: org.gradle.launcher.daemon.bootstrap.GradleDaemon 7.0.2
java_class_path (initial): C:\Users\sander kerby\.gradle\wrapper\dists\gradle-7.0.2-bin\857tjihv64xamwrf0h14cai3r\gradle-7.0.2\lib\gradle-launcher-7.0.2.jar
Launcher Type: SUN_STANDARD

[Global flags]
     intx CICompilerCount                          = 2                                         {product} {ergonomic}
     uint ConcGCThreads                            = 1                                         {product} {ergonomic}
     uint G1ConcRefinementThreads                  = 2                                         {product} {ergonomic}
   size_t G1HeapRegionSize                         = 1048576                                   {product} {ergonomic}
    uintx GCDrainStackTargetSize                   = 64                                        {product} {ergonomic}
   size_t InitialHeapSize                          = 65011712                                  {product} {ergonomic}
   size_t MarkStackSize                            = 4194304                                   {product} {ergonomic}
   size_t MaxHeapSize                              = 2147483648                                {product} {command line}
   size_t MaxNewSize                               = 1287651328                                {product} {ergonomic}
   size_t MinHeapDeltaBytes                        = 1048576                                   {product} {ergonomic}
    uintx NonNMethodCodeHeapSize                   = 5825164                                {pd product} {ergonomic}
    uintx NonProfiledCodeHeapSize                  = 122916538                              {pd product} {ergonomic}
    uintx ProfiledCodeHeapSize                     = 122916538                              {pd product} {ergonomic}
    uintx ReservedCodeCacheSize                    = 251658240                              {pd product} {ergonomic}
     bool SegmentedCodeCache                       = true                                      {product} {ergonomic}
     bool UseCompressedClassPointers               = true                                 {lp64_product} {ergonomic}
     bool UseCompressedOops                        = true                                 {lp64_product} {ergonomic}
     bool UseG1GC                                  = true                                      {product} {ergonomic}
     bool UseLargePagesIndividualAllocation        = false                                  {pd product} {ergonomic}

Logging:
Log output configuration:
 #0: stdout all=warning uptime,level,tags
 #1: stderr all=off uptime,level,tags

Environment Variables:
JAVA_HOME=C:\Program Files\Java\jdk-16.0.2
PATH=C:\Program Files\Common Files\Oracle\Java\javapath;C:\app\sanderkerby\product\11.2.0\dbhome_1\bin;C:\windows\system32;C:\windows;C:\windows\System32\Wbem;C:\windows\System32\WindowsPowerShell\v1.0\;C:\windows\System32\OpenSSH\;C:\Windows\System32;C:\Program Files\Java\jdk-16.0.2\bin;C:\Program Files\Git\cmd;C:\Users\sander kerby\AppData\Local\Programs\Python\Python38;C:\Users\sander kerby\AppData\Local\Programs\Python\Python38\Scripts;C:\Users\sander kerby\AppData\Roaming\npm\yarn.ps1;C:\Program Files\nodejs\;C:\Users\sander kerby\AppData\Local\Microsoft\WindowsApps;C:\Program Files\JetBrains\PyCharm Community Edition 2021.1.3\bin;;C:\Windows\System32;D:\tout\cours pour 2022\php-8.1.2-nts-Win32-vs16-x64;C:\Users\sander kerby\AppData\Local\Programs\Python\Python38;C:\Users\sander kerby\AppData\Local\Programs\Python\Python38\Scripts;E:\tout\VS CODE\Microsoft VS Code\bin;C:\Users\sander kerby\AppData\Roaming\npm\node_modules\yarn;C:\Users\sander kerby\AppData\Roaming\npm\yarn.ps1;E:\tout\nodejs;C:\Users\sander kerby\AppData\Roaming\npm
USERNAME=sander kerby
OS=Windows_NT
PROCESSOR_IDENTIFIER=Intel64 Family 6 Model 122 Stepping 8, GenuineIntel



---------------  S Y S T E M  ---------------

OS: Windows 10 , 64 bit Build 19041 (10.0.19041.1889)
OS uptime: 0 days 9:32 hours

CPU:total 2 (initial active 2) (2 cores per cpu, 1 threads per core) family 6 model 122 stepping 8 microcode 0x1c, cmov, cx8, fxsr, mmx, sse, sse2, sse3, ssse3, sse4.1, sse4.2, popcnt, aes, clmul, erms, 3dnowpref, tsc, tscinvbit, sha

Memory: 4k page, system-wide physical 3912M (429M free)
TotalPageFile size 5395M (AvailPageFile size 3M)
current process WorkingSet (physical memory assigned to process): 375M, peak: 573M
current process commit charge ("private bytes"): 617M, peak: 636M

vm_info: OpenJDK 64-Bit Server VM (11.0.10+0-b96-7249189) for windows-amd64 JRE (11.0.10+0-b96-7249189), built on Mar 31 2021 21:44:00 by "builder" with MS VC++ 14.0 (VS2015)

END.
