#
# There is insufficient memory for the Java Runtime Environment to continue.
# Native memory allocation (mmap) failed to map 15728640 bytes for Failed to commit area from 0x0000000084b00000 to 0x0000000085a00000 of length 15728640.
# Possible reasons:
#   The system is out of physical RAM or swap space
#   The process is running with CompressedOops enabled, and the Java Heap may be blocking the growth of the native heap
# Possible solutions:
#   Reduce memory load on the system
#   Increase physical memory or swap space
#   Check if swap backing store is full
#   Decrease Java heap size (-Xmx/-Xms)
#   Decrease number of Java threads
#   Decrease Java thread stack sizes (-Xss)
#   Set larger code cache with -XX:ReservedCodeCacheSize=
#   JVM is running with Unscaled Compressed Oops mode in which the Java heap is
#     placed in the first 4GB address space. The Java Heap base address is the
#     maximum limit for the native heap growth. Please use -XX:HeapBaseMinAddress
#     to set the Java Heap base and to place the Java Heap above 4GB virtual address.
# This output file may be truncated or incomplete.
#
#  Out of Memory Error (./src/hotspot/os/windows/os_windows.cpp:3301), pid=2816, tid=2348
#
# JRE version: OpenJDK Runtime Environment (11.0.10) (build 11.0.10+0-b96-7249189)
# Java VM: OpenJDK 64-Bit Server VM (11.0.10+0-b96-7249189, mixed mode, tiered, compressed oops, g1 gc, windows-amd64)
# No core dump will be written. Minidumps are not enabled by default on client versions of Windows
#

---------------  S U M M A R Y ------------

Command Line: --add-opens=java.base/java.util=ALL-UNNAMED --add-opens=java.base/java.lang=ALL-UNNAMED --add-opens=java.base/java.lang.invoke=ALL-UNNAMED --add-opens=java.base/java.util=ALL-UNNAMED --add-opens=java.prefs/java.util.prefs=ALL-UNNAMED --add-opens=java.prefs/java.util.prefs=ALL-UNNAMED --add-opens=java.base/java.nio.charset=ALL-UNNAMED --add-opens=java.base/java.net=ALL-UNNAMED --add-opens=java.base/java.util.concurrent.atomic=ALL-UNNAMED -Xmx2048m -Dfile.encoding=UTF-8 -Duser.country=US -Duser.language=en -Duser.variant org.gradle.launcher.daemon.bootstrap.GradleDaemon 7.0.2

Host: Intel(R) Celeron(R) N4020 CPU @ 1.10GHz, 2 cores, 3G,  Windows 10 , 64 bit Build 19041 (10.0.19041.1889)
Time: Fri Feb 24 00:04:03 2023 Haiti Standard Time elapsed time: 28.036116 seconds (0d 0h 0m 28s)

---------------  T H R E A D  ---------------

Current thread (0x00000189ae6c7800):  VMThread "VM Thread" [stack: 0x0000007bf7f00000,0x0000007bf8000000] [id=2348]

Stack: [0x0000007bf7f00000,0x0000007bf8000000]
[error occurred during error reporting (printing stack bounds), id 0xc0000005, EXCEPTION_ACCESS_VIOLATION (0xc0000005) at pc=0x0000018998b40f3d]

Native frames: (J=compiled Java code, j=interpreted, Vv=VM code, C=native code)
V  [jvm.dll+0x5ecfaa]
V  [jvm.dll+0x722bd5]
V  [jvm.dll+0x72412d]
V  [jvm.dll+0x724745]
V  [jvm.dll+0x7246fb]
V  [jvm.dll+0x5ec348]
V  [jvm.dll+0x5ecad8]
C  [ntdll.dll+0xa241f]
C  [ntdll.dll+0x514a4]
C  [ntdll.dll+0xa0f4e]
C  0x0000018998b40f3d

VM_Operation (0x0000007bf91f7fd0): G1CollectForAllocation, mode: safepoint, requested by thread 0x00000189afdaa800


---------------  P R O C E S S  ---------------

Threads class SMR info:
_java_thread_list=0x00000189b2e0dcc0, length=33, elements={
0x0000018995050000, 0x00000189ae6ce800, 0x00000189ae6da800, 0x00000189ae72d800,
0x00000189ae72f000, 0x00000189ae730800, 0x00000189ae735000, 0x00000189ae738000,
0x00000189ae73f000, 0x00000189af19a800, 0x00000189b0448800, 0x00000189b03f9800,
0x00000189b006b800, 0x00000189b028a000, 0x00000189b0793800, 0x00000189b07aa000,
0x00000189afdaa800, 0x00000189b0b4f000, 0x00000189b0b4f800, 0x00000189b105e000,
0x00000189b105c800, 0x00000189b105b000, 0x00000189b1059000, 0x00000189b105b800,
0x00000189b1060000, 0x00000189b105d800, 0x00000189b105f000, 0x00000189b105a000,
0x00000189b1782800, 0x00000189b1783800, 0x00000189b1781000, 0x00000189b1786800,
0x00000189b1786000
}

Java Threads: ( => current thread )
  0x0000018995050000 JavaThread "main" [_thread_blocked, id=8152, stack(0x0000007bf7900000,0x0000007bf7a00000)]
  0x00000189ae6ce800 JavaThread "Reference Handler" daemon [_thread_blocked, id=9904, stack(0x0000007bf8000000,0x0000007bf8100000)]
  0x00000189ae6da800 JavaThread "Finalizer" daemon [_thread_blocked, id=11948, stack(0x0000007bf8100000,0x0000007bf8200000)]
  0x00000189ae72d800 JavaThread "Signal Dispatcher" daemon [_thread_blocked, id=8596, stack(0x0000007bf8200000,0x0000007bf8300000)]
  0x00000189ae72f000 JavaThread "Attach Listener" daemon [_thread_blocked, id=9272, stack(0x0000007bf8300000,0x0000007bf8400000)]
  0x00000189ae730800 JavaThread "Service Thread" daemon [_thread_blocked, id=12992, stack(0x0000007bf8400000,0x0000007bf8500000)]
  0x00000189ae735000 JavaThread "C2 CompilerThread0" daemon [_thread_in_native, id=10932, stack(0x0000007bf8500000,0x0000007bf8600000)]
  0x00000189ae738000 JavaThread "C1 CompilerThread0" daemon [_thread_blocked, id=8072, stack(0x0000007bf8600000,0x0000007bf8700000)]
  0x00000189ae73f000 JavaThread "Sweeper thread" daemon [_thread_blocked, id=13028, stack(0x0000007bf8700000,0x0000007bf8800000)]
  0x00000189af19a800 JavaThread "Common-Cleaner" daemon [_thread_blocked, id=7708, stack(0x0000007bf8800000,0x0000007bf8900000)]
  0x00000189b0448800 JavaThread "Daemon health stats" [_thread_blocked, id=10252, stack(0x0000007bf8b00000,0x0000007bf8c00000)]
  0x00000189b03f9800 JavaThread "Incoming local TCP Connector on port 53814" [_thread_in_native, id=7364, stack(0x0000007bf8c00000,0x0000007bf8d00000)]
  0x00000189b006b800 JavaThread "Daemon periodic checks" [_thread_blocked, id=6160, stack(0x0000007bf8d00000,0x0000007bf8e00000)]
  0x00000189b028a000 JavaThread "Daemon" [_thread_blocked, id=5328, stack(0x0000007bf8e00000,0x0000007bf8f00000)]
  0x00000189b0793800 JavaThread "Handler for socket connection from /127.0.0.1:53814 to /127.0.0.1:53815" [_thread_in_native, id=12212, stack(0x0000007bf8f00000,0x0000007bf9000000)]
  0x00000189b07aa000 JavaThread "Cancel handler" [_thread_blocked, id=7836, stack(0x0000007bf9000000,0x0000007bf9100000)]
  0x00000189afdaa800 JavaThread "Daemon worker" [_thread_blocked, id=13192, stack(0x0000007bf9100000,0x0000007bf9200000)]
  0x00000189b0b4f000 JavaThread "Asynchronous log dispatcher for DefaultDaemonConnection: socket connection from /127.0.0.1:53814 to /127.0.0.1:53815" [_thread_blocked, id=10532, stack(0x0000007bf9200000,0x0000007bf9300000)]
  0x00000189b0b4f800 JavaThread "Stdin handler" [_thread_blocked, id=11876, stack(0x0000007bf9300000,0x0000007bf9400000)]
  0x00000189b105e000 JavaThread "Daemon client event forwarder" [_thread_blocked, id=10920, stack(0x0000007bf9400000,0x0000007bf9500000)]
  0x00000189b105c800 JavaThread "Cache worker for file hash cache (C:\Users\sander kerby\.gradle\caches\7.0.2\fileHashes)" [_thread_blocked, id=9232, stack(0x0000007bf9500000,0x0000007bf9600000)]
  0x00000189b105b000 JavaThread "File lock request listener" [_thread_in_native, id=12804, stack(0x0000007bf9600000,0x0000007bf9700000)]
  0x00000189b1059000 JavaThread "Cache worker for journal cache (C:\Users\sander kerby\.gradle\caches\journal-1)" [_thread_blocked, id=2960, stack(0x0000007bf9700000,0x0000007bf9800000)]
  0x00000189b105b800 JavaThread "Cache worker for file hash cache (C:\Users\sander kerby\AndroidStudioProjects\Image-Classification-App-with-Teachable-Machine-main\Image-Classification-App-with-Teachable-Machine-main\.gradle\7.0.2\fileHashes)" [_thread_blocked, id=13152, stack(0x0000007bf9800000,0x0000007bf9900000)]
  0x00000189b1060000 JavaThread "File watcher server" daemon [_thread_in_native, id=9488, stack(0x0000007bf9900000,0x0000007bf9a00000)]
  0x00000189b105d800 JavaThread "File watcher consumer" daemon [_thread_blocked, id=9292, stack(0x0000007bf9a00000,0x0000007bf9b00000)]
  0x00000189b105f000 JavaThread "jar transforms" [_thread_blocked, id=10224, stack(0x0000007bf9b00000,0x0000007bf9c00000)]
  0x00000189b105a000 JavaThread "jar transforms Thread 2" [_thread_blocked, id=10992, stack(0x0000007bf9c00000,0x0000007bf9d00000)]
  0x00000189b1782800 JavaThread "Cache worker for checksums cache (C:\Users\sander kerby\AndroidStudioProjects\Image-Classification-App-with-Teachable-Machine-main\Image-Classification-App-with-Teachable-Machine-main\.gradle\checksums)" [_thread_blocked, id=11372, stack(0x0000007bf9d00000,0x0000007bf9e00000)]
  0x00000189b1783800 JavaThread "Cache worker for cache directory md-supplier (C:\Users\sander kerby\.gradle\caches\7.0.2\md-supplier)" [_thread_blocked, id=4912, stack(0x0000007bf9e00000,0x0000007bf9f00000)]
  0x00000189b1781000 JavaThread "Cache worker for cache directory md-rule (C:\Users\sander kerby\.gradle\caches\7.0.2\md-rule)" [_thread_blocked, id=7392, stack(0x0000007bf9f00000,0x0000007bfa000000)]
  0x00000189b1786800 JavaThread "Cache worker for execution history cache (C:\Users\sander kerby\.gradle\caches\7.0.2\executionHistory)" [_thread_blocked, id=2276, stack(0x0000007bfa000000,0x0000007bfa100000)]
  0x00000189b1786000 JavaThread "Cache worker for file content cache (C:\Users\sander kerby\.gradle\caches\7.0.2\fileContent)" [_thread_blocked, id=13216, stack(0x0000007bfa100000,0x0000007bfa200000)]

Other Threads:
=>0x00000189ae6c7800 VMThread "VM Thread" [stack: 0x0000007bf7f00000,0x0000007bf8000000] [id=2348]
  0x00000189af1bc000 WatcherThread [stack: 0x0000007bf8900000,0x0000007bf8a00000] [id=11588]
  0x0000018995068800 GCTaskThread "GC Thread#0" [stack: 0x0000007bf7a00000,0x0000007bf7b00000] [id=9936]
  0x00000189af26f800 GCTaskThread "GC Thread#1" [stack: 0x0000007bf8a00000,0x0000007bf8b00000] [id=780]
  0x0000018995099800 ConcurrentGCThread "G1 Main Marker" [stack: 0x0000007bf7b00000,0x0000007bf7c00000] [id=5552]
  0x000001899509a800 ConcurrentGCThread "G1 Conc#0" [stack: 0x0000007bf7c00000,0x0000007bf7d00000] [id=8140]
  0x00000189950ea000 ConcurrentGCThread "G1 Refine#0" [stack: 0x0000007bf7d00000,0x0000007bf7e00000] [id=9780]
  0x00000189950eb000 ConcurrentGCThread "G1 Young RemSet Sampling" [stack: 0x0000007bf7e00000,0x0000007bf7f00000] [id=3460]

Threads with active compile tasks:
C2 CompilerThread0  28080 4180       4       groovyjarjarantlr4.v4.runtime.atn.PredictionContext::join (569 bytes)

VM state:at safepoint (normal execution)

VM Mutex/Monitor currently owned by a thread:  ([mutex/lock_event])
[0x000001899504d3c0] Threads_lock - owner thread: 0x00000189ae6c7800
[0x000001899504c9a0] Heap_lock - owner thread: 0x00000189afdaa800

Heap address: 0x0000000080000000, size: 2048 MB, Compressed Oops mode: 32-bit
Narrow klass base: 0x0000000000000000, Narrow klass shift: 3
Compressed class space size: 1073741824 Address: 0x0000000100000000

Heap:
 garbage-first heap   total 92160K, used 54133K [0x0000000080000000, 0x0000000100000000)
  region size 1024K, 1 young (1024K), 1 survivors (1024K)
 Metaspace       used 45094K, capacity 46171K, committed 46336K, reserved 1089536K
  class space    used 5890K, capacity 6289K, committed 6400K, reserved 1048576K
Heap Regions: E=young(eden), S=young(survivor), O=old, HS=humongous(starts), HC=humongous(continues), CS=collection set, F=free, A=archive, TAMS=top-at-mark-start (previous, next)
|   0|0x0000000080000000, 0x0000000080100000, 0x0000000080100000|100%| O|  |TAMS 0x0000000080100000, 0x0000000080100000| Untracked 
|   1|0x0000000080100000, 0x0000000080200000, 0x0000000080200000|100%| O|  |TAMS 0x0000000080200000, 0x0000000080200000| Untracked 
|   2|0x0000000080200000, 0x0000000080300000, 0x0000000080300000|100%| O|  |TAMS 0x0000000080300000, 0x0000000080300000| Untracked 
|   3|0x0000000080300000, 0x0000000080400000, 0x0000000080400000|100%| O|  |TAMS 0x0000000080400000, 0x0000000080400000| Untracked 
|   4|0x0000000080400000, 0x0000000080500000, 0x0000000080500000|100%|HS|  |TAMS 0x0000000080500000, 0x0000000080500000| Complete 
|   5|0x0000000080500000, 0x0000000080600000, 0x0000000080600000|100%|HC|  |TAMS 0x0000000080600000, 0x0000000080600000| Complete 
|   6|0x0000000080600000, 0x0000000080700000, 0x0000000080700000|100%|HC|  |TAMS 0x0000000080700000, 0x0000000080700000| Complete 
|   7|0x0000000080700000, 0x0000000080800000, 0x0000000080800000|100%| O|  |TAMS 0x0000000080800000, 0x0000000080800000| Untracked 
|   8|0x0000000080800000, 0x0000000080900000, 0x0000000080900000|100%| O|  |TAMS 0x0000000080900000, 0x0000000080900000| Untracked 
|   9|0x0000000080900000, 0x0000000080a00000, 0x0000000080a00000|100%| O|  |TAMS 0x0000000080a00000, 0x0000000080a00000| Untracked 
|  10|0x0000000080a00000, 0x0000000080b00000, 0x0000000080b00000|100%| O|  |TAMS 0x0000000080b00000, 0x0000000080b00000| Untracked 
|  11|0x0000000080b00000, 0x0000000080c00000, 0x0000000080c00000|100%| O|  |TAMS 0x0000000080c00000, 0x0000000080c00000| Untracked 
|  12|0x0000000080c00000, 0x0000000080d00000, 0x0000000080d00000|100%| O|  |TAMS 0x0000000080d00000, 0x0000000080d00000| Untracked 
|  13|0x0000000080d00000, 0x0000000080e00000, 0x0000000080e00000|100%| O|  |TAMS 0x0000000080e00000, 0x0000000080e00000| Untracked 
|  14|0x0000000080e00000, 0x0000000080f00000, 0x0000000080f00000|100%| O|  |TAMS 0x0000000080f00000, 0x0000000080f00000| Untracked 
|  15|0x0000000080f00000, 0x0000000081000000, 0x0000000081000000|100%| O|  |TAMS 0x0000000081000000, 0x0000000081000000| Untracked 
|  16|0x0000000081000000, 0x0000000081100000, 0x0000000081100000|100%|HS|  |TAMS 0x0000000081100000, 0x0000000081100000| Complete 
|  17|0x0000000081100000, 0x0000000081200000, 0x0000000081200000|100%|HC|  |TAMS 0x0000000081200000, 0x0000000081200000| Complete 
|  18|0x0000000081200000, 0x0000000081300000, 0x0000000081300000|100%|HS|  |TAMS 0x0000000081300000, 0x0000000081300000| Complete 
|  19|0x0000000081300000, 0x0000000081400000, 0x0000000081400000|100%|HC|  |TAMS 0x0000000081400000, 0x0000000081400000| Complete 
|  20|0x0000000081400000, 0x0000000081500000, 0x0000000081500000|100%|HC|  |TAMS 0x0000000081500000, 0x0000000081500000| Complete 
|  21|0x0000000081500000, 0x0000000081600000, 0x0000000081600000|100%|HS|  |TAMS 0x0000000081600000, 0x0000000081600000| Complete 
|  22|0x0000000081600000, 0x0000000081700000, 0x0000000081700000|100%|HC|  |TAMS 0x0000000081700000, 0x0000000081700000| Complete 
|  23|0x0000000081700000, 0x0000000081800000, 0x0000000081800000|100%|HS|  |TAMS 0x0000000081800000, 0x0000000081800000| Complete 
|  24|0x0000000081800000, 0x0000000081900000, 0x0000000081900000|100%|HC|  |TAMS 0x0000000081900000, 0x0000000081900000| Complete 
|  25|0x0000000081900000, 0x0000000081a00000, 0x0000000081a00000|100%|HC|  |TAMS 0x0000000081a00000, 0x0000000081a00000| Complete 
|  26|0x0000000081a00000, 0x0000000081b00000, 0x0000000081b00000|100%| O|  |TAMS 0x0000000081b00000, 0x0000000081b00000| Untracked 
|  27|0x0000000081b00000, 0x0000000081c00000, 0x0000000081c00000|100%|HS|  |TAMS 0x0000000081c00000, 0x0000000081c00000| Complete 
|  28|0x0000000081c00000, 0x0000000081d00000, 0x0000000081d00000|100%|HC|  |TAMS 0x0000000081d00000, 0x0000000081d00000| Complete 
|  29|0x0000000081d00000, 0x0000000081e00000, 0x0000000081e00000|100%|HC|  |TAMS 0x0000000081e00000, 0x0000000081e00000| Complete 
|  30|0x0000000081e00000, 0x0000000081f00000, 0x0000000081f00000|100%|HC|  |TAMS 0x0000000081f00000, 0x0000000081f00000| Complete 
|  31|0x0000000081f00000, 0x0000000082000000, 0x0000000082000000|100%|HC|  |TAMS 0x0000000082000000, 0x0000000082000000| Complete 
|  32|0x0000000082000000, 0x0000000082100000, 0x0000000082100000|100%| O|  |TAMS 0x0000000082100000, 0x0000000082100000| Untracked 
|  33|0x0000000082100000, 0x0000000082200000, 0x0000000082200000|100%| O|  |TAMS 0x0000000082200000, 0x0000000082200000| Untracked 
|  34|0x0000000082200000, 0x0000000082300000, 0x0000000082300000|100%| O|  |TAMS 0x0000000082300000, 0x0000000082300000| Untracked 
|  35|0x0000000082300000, 0x0000000082400000, 0x0000000082400000|100%| O|  |TAMS 0x0000000082400000, 0x0000000082400000| Untracked 
|  36|0x0000000082400000, 0x0000000082500000, 0x0000000082500000|100%| O|  |TAMS 0x0000000082500000, 0x0000000082500000| Untracked 
|  37|0x0000000082500000, 0x0000000082600000, 0x0000000082600000|100%| O|  |TAMS 0x0000000082600000, 0x0000000082600000| Untracked 
|  38|0x0000000082600000, 0x0000000082700000, 0x0000000082700000|100%| O|  |TAMS 0x0000000082700000, 0x0000000082700000| Untracked 
|  39|0x0000000082700000, 0x0000000082800000, 0x0000000082800000|100%| O|  |TAMS 0x0000000082800000, 0x0000000082800000| Untracked 
|  40|0x0000000082800000, 0x0000000082900000, 0x0000000082900000|100%| O|  |TAMS 0x0000000082900000, 0x0000000082900000| Untracked 
|  41|0x0000000082900000, 0x0000000082a00000, 0x0000000082a00000|100%| O|  |TAMS 0x0000000082a00000, 0x0000000082a00000| Untracked 
|  42|0x0000000082a00000, 0x0000000082b00000, 0x0000000082b00000|100%| O|  |TAMS 0x0000000082b00000, 0x0000000082b00000| Untracked 
|  43|0x0000000082b00000, 0x0000000082c00000, 0x0000000082c00000|100%| O|  |TAMS 0x0000000082c00000, 0x0000000082c00000| Untracked 
|  44|0x0000000082c00000, 0x0000000082d00000, 0x0000000082d00000|100%| O|  |TAMS 0x0000000082d00000, 0x0000000082d00000| Untracked 
|  45|0x0000000082d00000, 0x0000000082defc00, 0x0000000082e00000| 93%| O|  |TAMS 0x0000000082d2e400, 0x0000000082defc00| Untracked 
|  46|0x0000000082e00000, 0x0000000082f00000, 0x0000000082f00000|100%| O|  |TAMS 0x0000000082f00000, 0x0000000082f00000| Untracked 
|  47|0x0000000082f00000, 0x0000000083000000, 0x0000000083000000|100%|HS|  |TAMS 0x0000000083000000, 0x0000000083000000| Complete 
|  48|0x0000000083000000, 0x0000000083100000, 0x0000000083100000|100%|HC|  |TAMS 0x0000000083100000, 0x0000000083100000| Complete 
|  49|0x0000000083100000, 0x0000000083200000, 0x0000000083200000|100%|HC|  |TAMS 0x0000000083200000, 0x0000000083200000| Complete 
|  50|0x0000000083200000, 0x0000000083300000, 0x0000000083300000|100%|HC|  |TAMS 0x0000000083300000, 0x0000000083300000| Complete 
|  51|0x0000000083300000, 0x0000000083400000, 0x0000000083400000|100%|HC|  |TAMS 0x0000000083400000, 0x0000000083400000| Complete 
|  52|0x0000000083400000, 0x0000000083400000, 0x0000000083500000|  0%| F|  |TAMS 0x0000000083400000, 0x0000000083400000| Untracked 
|  53|0x0000000083500000, 0x0000000083500000, 0x0000000083600000|  0%| F|  |TAMS 0x0000000083500000, 0x0000000083500000| Untracked 
|  54|0x0000000083600000, 0x0000000083600000, 0x0000000083700000|  0%| F|  |TAMS 0x0000000083600000, 0x0000000083600000| Untracked 
|  55|0x0000000083700000, 0x0000000083700000, 0x0000000083800000|  0%| F|  |TAMS 0x0000000083700000, 0x0000000083700000| Untracked 
|  56|0x0000000083800000, 0x0000000083800000, 0x0000000083900000|  0%| F|  |TAMS 0x0000000083800000, 0x0000000083800000| Untracked 
|  57|0x0000000083900000, 0x0000000083900000, 0x0000000083a00000|  0%| F|  |TAMS 0x0000000083900000, 0x0000000083900000| Untracked 
|  58|0x0000000083a00000, 0x0000000083a00000, 0x0000000083b00000|  0%| F|  |TAMS 0x0000000083a00000, 0x0000000083a00000| Untracked 
|  59|0x0000000083b00000, 0x0000000083b00000, 0x0000000083c00000|  0%| F|  |TAMS 0x0000000083b00000, 0x0000000083b00000| Untracked 
|  60|0x0000000083c00000, 0x0000000083c00000, 0x0000000083d00000|  0%| F|  |TAMS 0x0000000083c00000, 0x0000000083c00000| Untracked 
|  61|0x0000000083d00000, 0x0000000083d00000, 0x0000000083e00000|  0%| F|  |TAMS 0x0000000083d00000, 0x0000000083d00000| Untracked 
|  62|0x0000000083e00000, 0x0000000083e00000, 0x0000000083f00000|  0%| F|  |TAMS 0x0000000083e00000, 0x0000000083e00000| Untracked 
|  63|0x0000000083f00000, 0x0000000083f00000, 0x0000000084000000|  0%| F|  |TAMS 0x0000000083f00000, 0x0000000083f00000| Untracked 
|  64|0x0000000084000000, 0x0000000084000000, 0x0000000084100000|  0%| F|  |TAMS 0x0000000084000000, 0x0000000084000000| Untracked 
|  65|0x0000000084100000, 0x0000000084100000, 0x0000000084200000|  0%| F|  |TAMS 0x0000000084100000, 0x0000000084100000| Untracked 
|  66|0x0000000084200000, 0x00000000842edbd8, 0x0000000084300000| 92%| S|CS|TAMS 0x0000000084200000, 0x0000000084200000| Complete 
|  67|0x0000000084300000, 0x0000000084300000, 0x0000000084400000|  0%| F|  |TAMS 0x0000000084300000, 0x0000000084300000| Untracked 
|  68|0x0000000084400000, 0x0000000084400000, 0x0000000084500000|  0%| F|  |TAMS 0x0000000084400000, 0x0000000084400000| Untracked 
|  69|0x0000000084500000, 0x0000000084500000, 0x0000000084600000|  0%| F|  |TAMS 0x0000000084500000, 0x0000000084500000| Untracked 
|  70|0x0000000084600000, 0x0000000084600000, 0x0000000084700000|  0%| F|  |TAMS 0x0000000084600000, 0x0000000084600000| Untracked 
|  71|0x0000000084700000, 0x0000000084700000, 0x0000000084800000|  0%| F|  |TAMS 0x0000000084700000, 0x0000000084700000| Untracked 
|  72|0x0000000084800000, 0x0000000084800000, 0x0000000084900000|  0%| F|  |TAMS 0x0000000084800000, 0x0000000084800000| Untracked 
|  73|0x0000000084900000, 0x0000000084900000, 0x0000000084a00000|  0%| F|  |TAMS 0x0000000084900000, 0x0000000084900000| Untracked 
|  74|0x0000000084a00000, 0x0000000084a00000, 0x0000000084b00000|  0%| F|  |TAMS 0x0000000084a00000, 0x0000000084a00000| Untracked 

Card table byte_map: [0x00000189a7b40000,0x00000189a7f40000] _byte_map_base: 0x00000189a7740000

Marking Bits (Prev, Next): (CMBitMap*) 0x0000018995090858, (CMBitMap*) 0x0000018995090890
 Prev Bits: [0x00000189a8340000, 0x00000189aa340000)
 Next Bits: [0x00000189aa340000, 0x00000189ac340000)

Polling page: 0x0000018992f90000

Metaspace:

Usage:
  Non-class:     38.95 MB capacity,    38.29 MB ( 98%) used,   567.63 KB (  1%) free+waste,   109.88 KB ( <1%) overhead. 
      Class:      6.14 MB capacity,     5.75 MB ( 94%) used,   345.88 KB (  5%) free+waste,    53.13 KB ( <1%) overhead. 
       Both:     45.09 MB capacity,    44.04 MB ( 98%) used,   913.51 KB (  2%) free+waste,   163.00 KB ( <1%) overhead. 

Virtual space:
  Non-class space:       40.00 MB reserved,      39.00 MB ( 98%) committed 
      Class space:        1.00 GB reserved,       6.25 MB ( <1%) committed 
             Both:        1.04 GB reserved,      45.25 MB (  4%) committed 

Chunk freelists:
   Non-Class:  54.00 KB
       Class:  15.00 KB
        Both:  69.00 KB

MaxMetaspaceSize: 17179869184.00 GB
CompressedClassSpaceSize: 1.00 GB

CodeHeap 'non-profiled nmethods': size=120064Kb used=2195Kb max_used=2195Kb free=117868Kb
 bounds [0x00000189a0600000, 0x00000189a0870000, 0x00000189a7b40000]
CodeHeap 'profiled nmethods': size=120000Kb used=8969Kb max_used=8969Kb free=111030Kb
 bounds [0x00000189990d0000, 0x00000189999a0000, 0x00000189a0600000]
CodeHeap 'non-nmethods': size=5696Kb used=2203Kb max_used=2253Kb free=3492Kb
 bounds [0x0000018998b40000, 0x0000018998db0000, 0x00000189990d0000]
 total_blobs=4999 nmethods=4215 adapters=696
 compilation: enabled
              stopped_count=0, restarted_count=0
 full_count=0

Compilation events (20 events):
Event: 27.965 Thread 0x00000189ae738000 4248       1       groovyjarjarantlr4.v4.runtime.CommonToken::setCharPositionInLine (6 bytes)
Event: 27.965 Thread 0x00000189ae738000 nmethod 4248 0x00000189a0824110 code [0x00000189a08242c0, 0x00000189a0824378]
Event: 27.967 Thread 0x00000189ae738000 4249       1       groovyjarjarantlr4.v4.runtime.Lexer::emit (6 bytes)
Event: 27.967 Thread 0x00000189ae738000 nmethod 4249 0x00000189a0824410 code [0x00000189a08245c0, 0x00000189a08246b8]
Event: 27.967 Thread 0x00000189ae738000 4250       1       groovyjarjarantlr4.v4.runtime.CommonToken::setTokenIndex (6 bytes)
Event: 27.967 Thread 0x00000189ae738000 nmethod 4250 0x00000189a0824710 code [0x00000189a08248c0, 0x00000189a0824978]
Event: 27.981 Thread 0x00000189ae738000 4251       2       groovyjarjarantlr4.v4.runtime.atn.ParserATNSimulator::getUniqueAlt (58 bytes)
Event: 27.982 Thread 0x00000189ae738000 nmethod 4251 0x000001899998de10 code [0x000001899998e000, 0x000001899998e268]
Event: 27.989 Thread 0x00000189ae738000 4252 %     3       groovyjarjarantlr4.v4.runtime.atn.ParserATNSimulator::closure @ 46 (98 bytes)
Event: 27.991 Thread 0x00000189ae738000 nmethod 4252% 0x000001899998e410 code [0x000001899998e6a0, 0x000001899998f738]
Event: 27.991 Thread 0x00000189ae738000 4253       3       groovyjarjarantlr4.v4.runtime.atn.ParserATNSimulator::closure (98 bytes)
Event: 27.992 Thread 0x00000189ae738000 nmethod 4253 0x000001899998fc90 code [0x000001899998ff20, 0x0000018999990d78]
Event: 28.009 Thread 0x00000189ae738000 4255       2       java.util.TimSort::<init> (181 bytes)
Event: 28.011 Thread 0x00000189ae738000 nmethod 4255 0x0000018999991290 code [0x0000018999991480, 0x0000018999991a58]
Event: 28.011 Thread 0x00000189ae738000 4256       2       java.util.TimSort::minRunLength (43 bytes)
Event: 28.011 Thread 0x00000189ae738000 nmethod 4256 0x0000018999991c10 code [0x0000018999991dc0, 0x0000018999991ef8]
Event: 28.011 Thread 0x00000189ae738000 4257       2       java.util.TimSort::mergeForceCollapse (50 bytes)
Event: 28.011 Thread 0x00000189ae738000 nmethod 4257 0x0000018999991f90 code [0x0000018999992160, 0x0000018999992348]
Event: 28.011 Thread 0x00000189ae738000 4258       1       groovyjarjarantlr4.v4.runtime.misc.IntegerList::size (5 bytes)
Event: 28.012 Thread 0x00000189ae738000 nmethod 4258 0x00000189a0824a10 code [0x00000189a0824bc0, 0x00000189a0824c78]

GC Heap History (20 events):
Event: 22.888 GC heap after
{Heap after GC invocations=26 (full 0):
 garbage-first heap   total 63488K, used 44887K [0x0000000080000000, 0x0000000100000000)
  region size 1024K, 1 young (1024K), 1 survivors (1024K)
 Metaspace       used 39551K, capacity 40580K, committed 40832K, reserved 1085440K
  class space    used 5028K, capacity 5400K, committed 5504K, reserved 1048576K
}
Event: 23.061 GC heap before
{Heap before GC invocations=26 (full 0):
 garbage-first heap   total 63488K, used 51031K [0x0000000080000000, 0x0000000100000000)
  region size 1024K, 7 young (7168K), 1 survivors (1024K)
 Metaspace       used 40003K, capacity 41034K, committed 41088K, reserved 1085440K
  class space    used 5094K, capacity 5466K, committed 5504K, reserved 1048576K
}
Event: 23.066 GC heap after
{Heap after GC invocations=27 (full 0):
 garbage-first heap   total 63488K, used 45043K [0x0000000080000000, 0x0000000100000000)
  region size 1024K, 1 young (1024K), 1 survivors (1024K)
 Metaspace       used 40003K, capacity 41034K, committed 41088K, reserved 1085440K
  class space    used 5094K, capacity 5466K, committed 5504K, reserved 1048576K
}
Event: 23.422 GC heap before
{Heap before GC invocations=28 (full 0):
 garbage-first heap   total 63488K, used 51187K [0x0000000080000000, 0x0000000100000000)
  region size 1024K, 7 young (7168K), 1 survivors (1024K)
 Metaspace       used 40614K, capacity 41602K, committed 41728K, reserved 1085440K
  class space    used 5201K, capacity 5572K, committed 5632K, reserved 1048576K
}
Event: 23.429 GC heap after
{Heap after GC invocations=29 (full 0):
 garbage-first heap   total 63488K, used 45309K [0x0000000080000000, 0x0000000100000000)
  region size 1024K, 1 young (1024K), 1 survivors (1024K)
 Metaspace       used 40614K, capacity 41602K, committed 41728K, reserved 1085440K
  class space    used 5201K, capacity 5572K, committed 5632K, reserved 1048576K
}
Event: 23.570 GC heap before
{Heap before GC invocations=29 (full 0):
 garbage-first heap   total 63488K, used 51453K [0x0000000080000000, 0x0000000100000000)
  region size 1024K, 7 young (7168K), 1 survivors (1024K)
 Metaspace       used 41023K, capacity 42007K, committed 42368K, reserved 1085440K
  class space    used 5260K, capacity 5644K, committed 5760K, reserved 1048576K
}
Event: 23.575 GC heap after
{Heap after GC invocations=30 (full 0):
 garbage-first heap   total 63488K, used 45399K [0x0000000080000000, 0x0000000100000000)
  region size 1024K, 1 young (1024K), 1 survivors (1024K)
 Metaspace       used 41023K, capacity 42007K, committed 42368K, reserved 1085440K
  class space    used 5260K, capacity 5644K, committed 5760K, reserved 1048576K
}
Event: 23.815 GC heap before
{Heap before GC invocations=31 (full 0):
 garbage-first heap   total 63488K, used 51543K [0x0000000080000000, 0x0000000100000000)
  region size 1024K, 7 young (7168K), 1 survivors (1024K)
 Metaspace       used 41553K, capacity 42648K, committed 42880K, reserved 1087488K
  class space    used 5330K, capacity 5731K, committed 5760K, reserved 1048576K
}
Event: 23.821 GC heap after
{Heap after GC invocations=32 (full 0):
 garbage-first heap   total 63488K, used 45487K [0x0000000080000000, 0x0000000100000000)
  region size 1024K, 1 young (1024K), 1 survivors (1024K)
 Metaspace       used 41553K, capacity 42648K, committed 42880K, reserved 1087488K
  class space    used 5330K, capacity 5731K, committed 5760K, reserved 1048576K
}
Event: 24.054 GC heap before
{Heap before GC invocations=32 (full 0):
 garbage-first heap   total 63488K, used 51631K [0x0000000080000000, 0x0000000100000000)
  region size 1024K, 7 young (7168K), 1 survivors (1024K)
 Metaspace       used 41946K, capacity 43080K, committed 43264K, reserved 1087488K
  class space    used 5396K, capacity 5811K, committed 5888K, reserved 1048576K
}
Event: 24.059 GC heap after
{Heap after GC invocations=33 (full 0):
 garbage-first heap   total 63488K, used 45662K [0x0000000080000000, 0x0000000100000000)
  region size 1024K, 1 young (1024K), 1 survivors (1024K)
 Metaspace       used 41946K, capacity 43080K, committed 43264K, reserved 1087488K
  class space    used 5396K, capacity 5811K, committed 5888K, reserved 1048576K
}
Event: 24.243 GC heap before
{Heap before GC invocations=34 (full 0):
 garbage-first heap   total 63488K, used 46686K [0x0000000080000000, 0x0000000100000000)
  region size 1024K, 3 young (3072K), 1 survivors (1024K)
 Metaspace       used 42035K, capacity 43150K, committed 43264K, reserved 1087488K
  class space    used 5406K, capacity 5813K, committed 5888K, reserved 1048576K
}
Event: 24.251 GC heap after
{Heap after GC invocations=35 (full 0):
 garbage-first heap   total 76800K, used 45950K [0x0000000080000000, 0x0000000100000000)
  region size 1024K, 1 young (1024K), 1 survivors (1024K)
 Metaspace       used 42035K, capacity 43150K, committed 43264K, reserved 1087488K
  class space    used 5406K, capacity 5813K, committed 5888K, reserved 1048576K
}
Event: 26.262 GC heap before
{Heap before GC invocations=36 (full 0):
 garbage-first heap   total 76800K, used 61310K [0x0000000080000000, 0x0000000100000000)
  region size 1024K, 12 young (12288K), 1 survivors (1024K)
 Metaspace       used 43823K, capacity 44914K, committed 45056K, reserved 1087488K
  class space    used 5725K, capacity 6126K, committed 6144K, reserved 1048576K
}
Event: 26.273 GC heap after
{Heap after GC invocations=37 (full 0):
 garbage-first heap   total 76800K, used 52431K [0x0000000080000000, 0x0000000100000000)
  region size 1024K, 2 young (2048K), 2 survivors (2048K)
 Metaspace       used 43823K, capacity 44914K, committed 45056K, reserved 1087488K
  class space    used 5725K, capacity 6126K, committed 6144K, reserved 1048576K
}
Event: 26.797 GC heap before
{Heap before GC invocations=37 (full 0):
 garbage-first heap   total 76800K, used 60623K [0x0000000080000000, 0x0000000100000000)
  region size 1024K, 10 young (10240K), 2 survivors (2048K)
 Metaspace       used 44911K, capacity 46034K, committed 46336K, reserved 1089536K
  class space    used 5879K, capacity 6286K, committed 6400K, reserved 1048576K
}
Event: 26.811 GC heap after
{Heap after GC invocations=38 (full 0):
 garbage-first heap   total 76800K, used 53396K [0x0000000080000000, 0x0000000100000000)
  region size 1024K, 1 young (1024K), 1 survivors (1024K)
 Metaspace       used 44911K, capacity 46034K, committed 46336K, reserved 1089536K
  class space    used 5879K, capacity 6286K, committed 6400K, reserved 1048576K
}
Event: 27.810 GC heap before
{Heap before GC invocations=39 (full 0):
 garbage-first heap   total 76800K, used 61588K [0x0000000080000000, 0x0000000100000000)
  region size 1024K, 9 young (9216K), 1 survivors (1024K)
 Metaspace       used 45058K, capacity 46171K, committed 46336K, reserved 1089536K
  class space    used 5890K, capacity 6289K, committed 6400K, reserved 1048576K
}
Event: 27.819 GC heap after
{Heap after GC invocations=40 (full 0):
 garbage-first heap   total 76800K, used 53663K [0x0000000080000000, 0x0000000100000000)
  region size 1024K, 2 young (2048K), 2 survivors (2048K)
 Metaspace       used 45058K, capacity 46171K, committed 46336K, reserved 1089536K
  class space    used 5890K, capacity 6289K, committed 6400K, reserved 1048576K
}
Event: 28.018 GC heap before
{Heap before GC invocations=40 (full 0):
 garbage-first heap   total 76800K, used 61855K [0x0000000080000000, 0x0000000100000000)
  region size 1024K, 10 young (10240K), 2 survivors (2048K)
 Metaspace       used 45094K, capacity 46171K, committed 46336K, reserved 1089536K
  class space    used 5890K, capacity 6289K, committed 6400K, reserved 1048576K
}

Deoptimization events (20 events):
Event: 27.701 Thread 0x00000189afdaa800 DEOPT PACKING pc=0x00000189a081b1e8 sp=0x0000007bf91f7400
Event: 27.701 Thread 0x00000189afdaa800 DEOPT UNPACKING pc=0x0000018998b66ca9 sp=0x0000007bf91f73d8 mode 2
Event: 27.702 Thread 0x00000189afdaa800 Uncommon trap: trap_request=0xffffff4d fr.pc=0x00000189a081a598 relative=0x0000000000002fb8
Event: 27.702 Thread 0x00000189afdaa800 Uncommon trap: reason=unstable_if action=reinterpret pc=0x00000189a081a598 method=groovyjarjarantlr4.v4.runtime.atn.ParserATNSimulator.closure(Lgroovyjarjarantlr4/v4/runtime/atn/ATNConfig;Lgroovyjarjarantlr4/v4/runtime/atn/ATNConfigSet;Lgroovyjarjarantlr4
Event: 27.702 Thread 0x00000189afdaa800 DEOPT PACKING pc=0x00000189a081a598 sp=0x0000007bf91f7220
Event: 27.702 Thread 0x00000189afdaa800 DEOPT UNPACKING pc=0x0000018998b66ca9 sp=0x0000007bf91f71f8 mode 2
Event: 27.715 Thread 0x00000189afdaa800 Uncommon trap: trap_request=0xffffffde fr.pc=0x00000189a06f1aec relative=0x00000000000012ac
Event: 27.715 Thread 0x00000189afdaa800 Uncommon trap: reason=class_check action=maybe_recompile pc=0x00000189a06f1aec method=java.util.concurrent.ConcurrentHashMap.putVal(Ljava/lang/Object;Ljava/lang/Object;Z)Ljava/lang/Object; @ 242 c2
Event: 27.715 Thread 0x00000189afdaa800 DEOPT PACKING pc=0x00000189a06f1aec sp=0x0000007bf91f7ca0
Event: 27.715 Thread 0x00000189afdaa800 DEOPT UNPACKING pc=0x0000018998b66ca9 sp=0x0000007bf91f7c20 mode 2
Event: 27.756 Thread 0x00000189afdaa800 DEOPT PACKING pc=0x000001899994f662 sp=0x0000007bf91f7f60
Event: 27.756 Thread 0x00000189afdaa800 DEOPT UNPACKING pc=0x0000018998b66abf sp=0x0000007bf91f7520 mode 0
Event: 27.776 Thread 0x00000189afdaa800 DEOPT PACKING pc=0x0000018999900ad6 sp=0x0000007bf91f8890
Event: 27.776 Thread 0x00000189afdaa800 DEOPT UNPACKING pc=0x0000018998b66abf sp=0x0000007bf91f7d20 mode 0
Event: 27.889 Thread 0x00000189afdaa800 DEOPT PACKING pc=0x000001899994374f sp=0x0000007bf91f7fc0
Event: 27.889 Thread 0x00000189afdaa800 DEOPT UNPACKING pc=0x0000018998b66abf sp=0x0000007bf91f7518 mode 0
Event: 27.957 Thread 0x00000189afdaa800 DEOPT PACKING pc=0x0000018999906e74 sp=0x0000007bf91f82a0
Event: 27.957 Thread 0x00000189afdaa800 DEOPT UNPACKING pc=0x0000018998b66abf sp=0x0000007bf91f7750 mode 0
Event: 27.993 Thread 0x00000189afdaa800 DEOPT PACKING pc=0x00000189999674c1 sp=0x0000007bf91f8b00
Event: 27.993 Thread 0x00000189afdaa800 DEOPT UNPACKING pc=0x0000018998b66abf sp=0x0000007bf91f8018 mode 0

Classes redefined (0 events):
No events

Internal exceptions (20 events):
Event: 23.054 Thread 0x00000189afdaa800 Exception <a 'java/lang/ClassNotFoundException'{0x00000000838ad928}: org/gradle/api/internal/artifacts/dsl/dependencies/DefaultDependencyHandlerCustomizer> (0x00000000838ad928) thrown at [./src/hotspot/share/classfile/systemDictionary.cpp, line 231]
Event: 23.189 Thread 0x00000189afdaa800 Exception <a 'java/lang/ClassNotFoundException'{0x0000000083d149c8}: org/gradle/api/internal/artifacts/dsl/dependencies/DefaultDependencyHandler_DecoratedCustomizer> (0x0000000083d149c8) thrown at [./src/hotspot/share/classfile/systemDictionary.cpp, line 231]
Event: 23.246 Thread 0x00000189afdaa800 Exception <a 'java/lang/NoSuchMethodError'{0x0000000083df8148}: 'int java.lang.invoke.DirectMethodHandle$Holder.invokeVirtual(java.lang.Object, java.lang.Object)'> (0x0000000083df8148) thrown at [./src/hotspot/share/interpreter/linkResolver.cpp, line 773]
Event: 23.304 Thread 0x00000189afdaa800 Exception <a 'java/lang/NoSuchMethodError'{0x0000000083b53930}: 'java.lang.Object java.lang.invoke.DirectMethodHandle$Holder.invokeStatic(java.lang.Object, java.lang.Object, int, java.lang.Object)'> (0x0000000083b53930) thrown at [./src/hotspot/share/interpreter/linkResolver.cpp, line 773]
Event: 23.305 Thread 0x00000189afdaa800 Exception <a 'java/lang/NoSuchMethodError'{0x0000000083b5ab60}: 'java.lang.Object java.lang.invoke.Invokers$Holder.linkToTargetMethod(java.lang.Object, int, java.lang.Object, java.lang.Object)'> (0x0000000083b5ab60) thrown at [./src/hotspot/share/interpreter/linkResolver.cpp, line 773]
Event: 23.755 Thread 0x00000189afdaa800 Exception <a 'java/lang/IncompatibleClassChangeError'{0x0000000083a5b6a8}: Found class java.lang.Object, but interface was expected> (0x0000000083a5b6a8) thrown at [./src/hotspot/share/interpreter/linkResolver.cpp, line 839]
Event: 23.803 Thread 0x00000189afdaa800 Exception <a 'java/lang/NoSuchMethodError'{0x0000000083826c30}: 'java.lang.Object java.lang.invoke.Invokers$Holder.linkToTargetMethod(java.lang.Object, int, java.lang.Object)'> (0x0000000083826c30) thrown at [./src/hotspot/share/interpreter/linkResolver.cpp, line 773]
Event: 23.886 Thread 0x00000189afdaa800 Exception <a 'java/lang/NoSuchMethodError'{0x0000000083a7f5d8}: 'int java.lang.invoke.DirectMethodHandle$Holder.invokeStaticInit(java.lang.Object)'> (0x0000000083a7f5d8) thrown at [./src/hotspot/share/interpreter/linkResolver.cpp, line 773]
Event: 24.002 Thread 0x00000189b105f000 Exception <a 'sun/nio/fs/WindowsException'{0x000000008397c658}> (0x000000008397c658) thrown at [./src/hotspot/share/prims/jni.cpp, line 615]
Event: 24.026 Thread 0x00000189b105f000 Exception <a 'sun/nio/fs/WindowsException'{0x00000000838cc870}> (0x00000000838cc870) thrown at [./src/hotspot/share/prims/jni.cpp, line 615]
Event: 24.030 Thread 0x00000189b105f000 Exception <a 'sun/nio/fs/WindowsException'{0x00000000838cc9f8}> (0x00000000838cc9f8) thrown at [./src/hotspot/share/prims/jni.cpp, line 615]
Event: 24.181 Thread 0x00000189afdaa800 Exception <a 'java/lang/ClassNotFoundException'{0x0000000083d44b68}: sync_studio_tooling7_5jhs76bnon11i9ecnxvnzpik8BeanInfo> (0x0000000083d44b68) thrown at [./src/hotspot/share/classfile/systemDictionary.cpp, line 231]
Event: 24.182 Thread 0x00000189afdaa800 Exception <a 'java/lang/ClassNotFoundException'{0x0000000083d50ca0}: sync_studio_tooling7_5jhs76bnon11i9ecnxvnzpik8Customizer> (0x0000000083d50ca0) thrown at [./src/hotspot/share/classfile/systemDictionary.cpp, line 231]
Event: 24.415 Thread 0x00000189afdaa800 Exception <a 'java/lang/ClassNotFoundException'{0x0000000084a999a8}: org/gradle/invocation/DefaultGradle_DecoratedBeanInfo> (0x0000000084a999a8) thrown at [./src/hotspot/share/classfile/systemDictionary.cpp, line 231]
Event: 24.418 Thread 0x00000189afdaa800 Exception <a 'java/lang/ClassNotFoundException'{0x0000000084abca60}: org/gradle/invocation/DefaultGradleBeanInfo> (0x0000000084abca60) thrown at [./src/hotspot/share/classfile/systemDictionary.cpp, line 231]
Event: 24.419 Thread 0x00000189afdaa800 Exception <a 'java/lang/ClassNotFoundException'{0x0000000084ae4130}: org/gradle/api/internal/project/AbstractPluginAwareBeanInfo> (0x0000000084ae4130) thrown at [./src/hotspot/share/classfile/systemDictionary.cpp, line 231]
Event: 24.421 Thread 0x00000189afdaa800 Exception <a 'java/lang/ClassNotFoundException'{0x000000008490bb68}: org/gradle/api/internal/project/AbstractPluginAwareCustomizer> (0x000000008490bb68) thrown at [./src/hotspot/share/classfile/systemDictionary.cpp, line 231]
Event: 24.423 Thread 0x00000189afdaa800 Exception <a 'java/lang/ClassNotFoundException'{0x0000000084935080}: org/gradle/invocation/DefaultGradleCustomizer> (0x0000000084935080) thrown at [./src/hotspot/share/classfile/systemDictionary.cpp, line 231]
Event: 24.434 Thread 0x00000189afdaa800 Exception <a 'java/lang/ClassNotFoundException'{0x0000000084988130}: org/gradle/invocation/DefaultGradle_DecoratedCustomizer> (0x0000000084988130) thrown at [./src/hotspot/share/classfile/systemDictionary.cpp, line 231]
Event: 24.784 Thread 0x00000189afdaa800 Exception <a 'java/lang/NoSuchMethodError'{0x0000000084787de0}: 'void java.lang.invoke.DirectMethodHandle$Holder.invokeVirtual(java.lang.Object, java.lang.Object)'> (0x0000000084787de0) thrown at [./src/hotspot/share/interpreter/linkResolver.cpp, line 773]

Events (20 events):
Event: 27.683 loading class java/util/stream/IntPipeline$StatelessOp
Event: 27.683 loading class java/util/stream/IntPipeline$StatelessOp done
Event: 27.686 loading class java/util/stream/ReferencePipeline$4 done
Event: 27.687 loading class java/util/stream/ReferencePipeline$4$1
Event: 27.687 loading class java/util/stream/ReferencePipeline$4$1 done
Event: 27.729 loading class java/util/Collections$SingletonMap
Event: 27.729 loading class java/util/Collections$SingletonMap done
Event: 27.776 Executing VM operation: ICBufferFull
Event: 27.776 Executing VM operation: ICBufferFull done
Event: 27.790 loading class org/apache/groovy/parser/antlr4/AstBuilder$1
Event: 27.790 loading class org/apache/groovy/parser/antlr4/AstBuilder$1 done
Event: 27.790 loading class groovyjarjarantlr4/v4/runtime/misc/Args
Event: 27.790 loading class groovyjarjarantlr4/v4/runtime/misc/Args done
Event: 27.795 loading class groovyjarjarantlr4/v4/runtime/ProxyParserErrorListener
Event: 27.795 loading class groovyjarjarantlr4/v4/runtime/ProxyParserErrorListener done
Event: 27.796 loading class groovyjarjarantlr4/v4/runtime/ProxyErrorListener
Event: 27.796 loading class groovyjarjarantlr4/v4/runtime/ProxyErrorListener done
Event: 27.810 Executing VM operation: G1CollectForAllocation
Event: 27.819 Executing VM operation: G1CollectForAllocation done
Event: 28.017 Executing VM operation: G1CollectForAllocation


Dynamic libraries:
0x00007ff7294b0000 - 0x00007ff7294ba000 	C:\Program Files\Android\Android Studio\jre\bin\java.exe
0x00007ff8a3470000 - 0x00007ff8a3668000 	C:\windows\SYSTEM32\ntdll.dll
0x00007ff8a1d80000 - 0x00007ff8a1e3d000 	C:\windows\System32\KERNEL32.DLL
0x00007ff8a0eb0000 - 0x00007ff8a1182000 	C:\windows\System32\KERNELBASE.dll
0x00007ff8a0c50000 - 0x00007ff8a0d50000 	C:\windows\System32\ucrtbase.dll
0x00007ff870660000 - 0x00007ff870677000 	C:\Program Files\Android\Android Studio\jre\bin\VCRUNTIME140.dll
0x00007ff86da10000 - 0x00007ff86da29000 	C:\Program Files\Android\Android Studio\jre\bin\jli.dll
0x00007ff8a2f70000 - 0x00007ff8a310d000 	C:\windows\System32\USER32.dll
0x00007ff8a0b80000 - 0x00007ff8a0ba2000 	C:\windows\System32\win32u.dll
0x00007ff8a3170000 - 0x00007ff8a319b000 	C:\windows\System32\GDI32.dll
0x00007ff8a11c0000 - 0x00007ff8a12cf000 	C:\windows\System32\gdi32full.dll
0x00007ff8a0bb0000 - 0x00007ff8a0c4d000 	C:\windows\System32\msvcp_win.dll
0x00007ff886750000 - 0x00007ff8869ea000 	C:\windows\WinSxS\amd64_microsoft.windows.common-controls_6595b64144ccf1df_6.0.19041.1110_none_60b5254171f9507e\COMCTL32.dll
0x00007ff8a1ef0000 - 0x00007ff8a1f8e000 	C:\windows\System32\msvcrt.dll
0x00007ff8a2360000 - 0x00007ff8a2390000 	C:\windows\System32\IMM32.DLL
0x00007ff83c1e0000 - 0x00007ff83c27d000 	C:\Program Files\Android\Android Studio\jre\bin\msvcp140.dll
0x00007ff836110000 - 0x00007ff836bdf000 	C:\Program Files\Android\Android Studio\jre\bin\server\jvm.dll
0x00007ff8a1e40000 - 0x00007ff8a1eee000 	C:\windows\System32\ADVAPI32.dll
0x00007ff8a2ed0000 - 0x00007ff8a2f6c000 	C:\windows\System32\sechost.dll
0x00007ff8a1940000 - 0x00007ff8a1a65000 	C:\windows\System32\RPCRT4.dll
0x00007ff881ea0000 - 0x00007ff881ec7000 	C:\windows\SYSTEM32\WINMM.dll
0x00007ff8a3230000 - 0x00007ff8a3238000 	C:\windows\System32\PSAPI.DLL
0x00007ff89ba30000 - 0x00007ff89ba39000 	C:\windows\SYSTEM32\WSOCK32.dll
0x00007ff8a33c0000 - 0x00007ff8a342b000 	C:\windows\System32\WS2_32.dll
0x00007ff892250000 - 0x00007ff89225a000 	C:\windows\SYSTEM32\VERSION.dll
0x00007ff89f3d0000 - 0x00007ff89f3e2000 	C:\windows\SYSTEM32\kernel.appcore.dll
0x00007ff87b1f0000 - 0x00007ff87b201000 	C:\Program Files\Android\Android Studio\jre\bin\verify.dll
0x00007ff89f0f0000 - 0x00007ff89f2d4000 	C:\windows\SYSTEM32\DBGHELP.DLL
0x00007ff886bf0000 - 0x00007ff886c1c000 	C:\windows\SYSTEM32\dbgcore.DLL
0x00007ff8a1320000 - 0x00007ff8a13a2000 	C:\windows\System32\bcryptPrimitives.dll
0x00007ff872230000 - 0x00007ff872259000 	C:\Program Files\Android\Android Studio\jre\bin\java.dll
0x00007ff89ba20000 - 0x00007ff89ba2b000 	C:\Program Files\Android\Android Studio\jre\bin\jimage.dll
0x00007ff8757e0000 - 0x00007ff8757f8000 	C:\Program Files\Android\Android Studio\jre\bin\zip.dll
0x00007ff8a2390000 - 0x00007ff8a2ad3000 	C:\windows\System32\SHELL32.dll
0x00007ff89e7f0000 - 0x00007ff89ef81000 	C:\windows\SYSTEM32\windows.storage.dll
0x00007ff8a2b10000 - 0x00007ff8a2e64000 	C:\windows\System32\combase.dll
0x00007ff8a0500000 - 0x00007ff8a0530000 	C:\windows\SYSTEM32\Wldp.dll
0x00007ff8a1a70000 - 0x00007ff8a1b1d000 	C:\windows\System32\SHCORE.dll
0x00007ff8a3110000 - 0x00007ff8a3165000 	C:\windows\System32\shlwapi.dll
0x00007ff8a0ac0000 - 0x00007ff8a0adf000 	C:\windows\SYSTEM32\profapi.dll
0x00007ff875370000 - 0x00007ff87538a000 	C:\Program Files\Android\Android Studio\jre\bin\net.dll
0x00007ff8891d0000 - 0x00007ff8892dd000 	C:\windows\SYSTEM32\WINHTTP.dll
0x00007ff8a0260000 - 0x00007ff8a02ca000 	C:\windows\system32\mswsock.dll
0x00007ff874c10000 - 0x00007ff874c24000 	C:\Program Files\Android\Android Studio\jre\bin\nio.dll
0x00007ff87b220000 - 0x00007ff87b247000 	C:\Users\sander kerby\.gradle\native\8bec1ad78214c89d9ad589b4d07fe93259594b29d510b10fafb7a158f7737e5d\windows-amd64\native-platform.dll
0x00007ff83d450000 - 0x00007ff83d58d000 	C:\Users\sander kerby\.gradle\native\53dbd7edfb1c66fb8903c78663c9afc45aea4f116125fa6feffd364cf09443e8\windows-amd64\native-platform-file-events.dll
0x00007ff87ec70000 - 0x00007ff87ec7a000 	C:\Program Files\Android\Android Studio\jre\bin\management.dll
0x00007ff87a8e0000 - 0x00007ff87a8ec000 	C:\Program Files\Android\Android Studio\jre\bin\management_ext.dll
0x00007ff8a0460000 - 0x00007ff8a0478000 	C:\windows\SYSTEM32\CRYPTSP.dll
0x00007ff89fb80000 - 0x00007ff89fbb4000 	C:\windows\system32\rsaenh.dll
0x00007ff8a1190000 - 0x00007ff8a11b7000 	C:\windows\System32\bcrypt.dll
0x00007ff8a0a40000 - 0x00007ff8a0a6e000 	C:\windows\SYSTEM32\USERENV.dll
0x00007ff8a0450000 - 0x00007ff8a045c000 	C:\windows\SYSTEM32\CRYPTBASE.dll
0x00007ff89ff50000 - 0x00007ff89ff8b000 	C:\windows\SYSTEM32\IPHLPAPI.DLL
0x00007ff8a2ae0000 - 0x00007ff8a2ae8000 	C:\windows\System32\NSI.dll
0x00007ff891d80000 - 0x00007ff891d97000 	C:\windows\SYSTEM32\dhcpcsvc6.DLL
0x00007ff891f30000 - 0x00007ff891f4d000 	C:\windows\SYSTEM32\dhcpcsvc.DLL
0x00007ff89ff90000 - 0x00007ff8a005a000 	C:\windows\SYSTEM32\DNSAPI.dll

dbghelp: loaded successfully - version: 4.0.5 - missing functions: none
symbol engine: initialized successfully - sym options: 0x614 - pdb path: .;C:\Program Files\Android\Android Studio\jre\bin;C:\windows\SYSTEM32;C:\windows\WinSxS\amd64_microsoft.windows.common-controls_6595b64144ccf1df_6.0.19041.1110_none_60b5254171f9507e;C:\Program Files\Android\Android Studio\jre\bin\server;C:\Users\sander kerby\.gradle\native\8bec1ad78214c89d9ad589b4d07fe93259594b29d510b10fafb7a158f7737e5d\windows-amd64;C:\Users\sander kerby\.gradle\native\53dbd7edfb1c66fb8903c78663c9afc45aea4f116125fa6feffd364cf09443e8\windows-amd64

VM Arguments:
jvm_args: --add-opens=java.base/java.util=ALL-UNNAMED --add-opens=java.base/java.lang=ALL-UNNAMED --add-opens=java.base/java.lang.invoke=ALL-UNNAMED --add-opens=java.base/java.util=ALL-UNNAMED --add-opens=java.prefs/java.util.prefs=ALL-UNNAMED --add-opens=java.prefs/java.util.prefs=ALL-UNNAMED --add-opens=java.base/java.nio.charset=ALL-UNNAMED --add-opens=java.base/java.net=ALL-UNNAMED --add-opens=java.base/java.util.concurrent.atomic=ALL-UNNAMED -Xmx2048m -Dfile.encoding=UTF-8 -Duser.country=US -Duser.language=en -Duser.variant 
java_command: org.gradle.launcher.daemon.bootstrap.GradleDaemon 7.0.2
java_class_path (initial): C:\Users\sander kerby\.gradle\wrapper\dists\gradle-7.0.2-bin\857tjihv64xamwrf0h14cai3r\gradle-7.0.2\lib\gradle-launcher-7.0.2.jar
Launcher Type: SUN_STANDARD

[Global flags]
     intx CICompilerCount                          = 2                                         {product} {ergonomic}
     uint ConcGCThreads                            = 1                                         {product} {ergonomic}
     uint G1ConcRefinementThreads                  = 2                                         {product} {ergonomic}
   size_t G1HeapRegionSize                         = 1048576                                   {product} {ergonomic}
    uintx GCDrainStackTargetSize                   = 64                                        {product} {ergonomic}
   size_t InitialHeapSize                          = 65011712                                  {product} {ergonomic}
   size_t MarkStackSize                            = 4194304                                   {product} {ergonomic}
   size_t MaxHeapSize                              = 2147483648                                {product} {command line}
   size_t MaxNewSize                               = 1287651328                                {product} {ergonomic}
   size_t MinHeapDeltaBytes                        = 1048576                                   {product} {ergonomic}
    uintx NonNMethodCodeHeapSize                   = 5825164                                {pd product} {ergonomic}
    uintx NonProfiledCodeHeapSize                  = 122916538                              {pd product} {ergonomic}
    uintx ProfiledCodeHeapSize                     = 122916538                              {pd product} {ergonomic}
    uintx ReservedCodeCacheSize                    = 251658240                              {pd product} {ergonomic}
     bool SegmentedCodeCache                       = true                                      {product} {ergonomic}
     bool UseCompressedClassPointers               = true                                 {lp64_product} {ergonomic}
     bool UseCompressedOops                        = true                                 {lp64_product} {ergonomic}
     bool UseG1GC                                  = true                                      {product} {ergonomic}
     bool UseLargePagesIndividualAllocation        = false                                  {pd product} {ergonomic}

Logging:
Log output configuration:
 #0: stdout all=warning uptime,level,tags
 #1: stderr all=off uptime,level,tags

Environment Variables:
JAVA_HOME=C:\Program Files\Java\jdk-16.0.2
PATH=C:\Program Files\Common Files\Oracle\Java\javapath;C:\app\sanderkerby\product\11.2.0\dbhome_1\bin;C:\windows\system32;C:\windows;C:\windows\System32\Wbem;C:\windows\System32\WindowsPowerShell\v1.0\;C:\windows\System32\OpenSSH\;C:\Windows\System32;C:\Program Files\Java\jdk-16.0.2\bin;C:\Program Files\Git\cmd;C:\Users\sander kerby\AppData\Local\Programs\Python\Python38;C:\Users\sander kerby\AppData\Local\Programs\Python\Python38\Scripts;C:\Users\sander kerby\AppData\Roaming\npm\yarn.ps1;C:\Program Files\nodejs\;C:\Users\sander kerby\AppData\Local\Microsoft\WindowsApps;C:\Program Files\JetBrains\PyCharm Community Edition 2021.1.3\bin;;C:\Windows\System32;D:\tout\cours pour 2022\php-8.1.2-nts-Win32-vs16-x64;C:\Users\sander kerby\AppData\Local\Programs\Python\Python38;C:\Users\sander kerby\AppData\Local\Programs\Python\Python38\Scripts;E:\tout\VS CODE\Microsoft VS Code\bin;C:\Users\sander kerby\AppData\Roaming\npm\node_modules\yarn;C:\Users\sander kerby\AppData\Roaming\npm\yarn.ps1;E:\tout\nodejs;C:\Users\sander kerby\AppData\Roaming\npm
USERNAME=sander kerby
OS=Windows_NT
PROCESSOR_IDENTIFIER=Intel64 Family 6 Model 122 Stepping 8, GenuineIntel



---------------  S Y S T E M  ---------------

OS: Windows 10 , 64 bit Build 19041 (10.0.19041.1889)
OS uptime: 0 days 16:44 hours

CPU:total 2 (initial active 2) (2 cores per cpu, 1 threads per core) family 6 model 122 stepping 8 microcode 0x1c, cmov, cx8, fxsr, mmx, sse, sse2, sse3, ssse3, sse4.1, sse4.2, popcnt, aes, clmul, erms, 3dnowpref, tsc, tscinvbit, sha

Memory: 4k page, system-wide physical 3912M (335M free)
TotalPageFile size 6965M (AvailPageFile size 23M)
current process WorkingSet (physical memory assigned to process): 229M, peak: 231M
current process commit charge ("private bytes"): 252M, peak: 267M

vm_info: OpenJDK 64-Bit Server VM (11.0.10+0-b96-7249189) for windows-amd64 JRE (11.0.10+0-b96-7249189), built on Mar 31 2021 21:44:00 by "builder" with MS VC++ 14.0 (VS2015)

END.
