#
# There is insufficient memory for the Java Runtime Environment to continue.
# Native memory allocation (malloc) failed to allocate 1752336 bytes for Chunk::new
# Possible reasons:
#   The system is out of physical RAM or swap space
#   The process is running with CompressedOops enabled, and the Java Heap may be blocking the growth of the native heap
# Possible solutions:
#   Reduce memory load on the system
#   Increase physical memory or swap space
#   Check if swap backing store is full
#   Decrease Java heap size (-Xmx/-Xms)
#   Decrease number of Java threads
#   Decrease Java thread stack sizes (-Xss)
#   Set larger code cache with -XX:ReservedCodeCacheSize=
#   JVM is running with Unscaled Compressed Oops mode in which the Java heap is
#     placed in the first 4GB address space. The Java Heap base address is the
#     maximum limit for the native heap growth. Please use -XX:HeapBaseMinAddress
#     to set the Java Heap base and to place the Java Heap above 4GB virtual address.
# This output file may be truncated or incomplete.
#
#  Out of Memory Error (./src/hotspot/share/memory/arena.cpp:197), pid=9452, tid=9184
#
# JRE version: OpenJDK Runtime Environment (11.0.10) (build 11.0.10+0-b96-7249189)
# Java VM: OpenJDK 64-Bit Server VM (11.0.10+0-b96-7249189, mixed mode, tiered, compressed oops, g1 gc, windows-amd64)
# No core dump will be written. Minidumps are not enabled by default on client versions of Windows
#

---------------  S U M M A R Y ------------

Command Line: --add-opens=java.base/java.util=ALL-UNNAMED --add-opens=java.base/java.lang=ALL-UNNAMED --add-opens=java.base/java.lang.invoke=ALL-UNNAMED --add-opens=java.base/java.util=ALL-UNNAMED --add-opens=java.prefs/java.util.prefs=ALL-UNNAMED --add-opens=java.prefs/java.util.prefs=ALL-UNNAMED --add-opens=java.base/java.nio.charset=ALL-UNNAMED --add-opens=java.base/java.net=ALL-UNNAMED --add-opens=java.base/java.util.concurrent.atomic=ALL-UNNAMED -Xmx2048m -Dfile.encoding=UTF-8 -Duser.country=US -Duser.language=en -Duser.variant org.gradle.launcher.daemon.bootstrap.GradleDaemon 7.0.2

Host: Intel(R) Celeron(R) N4020 CPU @ 1.10GHz, 2 cores, 3G,  Windows 10 , 64 bit Build 19041 (10.0.19041.1889)
Time: Fri Feb 24 16:15:11 2023 Haiti Standard Time elapsed time: 41.168199 seconds (0d 0h 0m 41s)

---------------  T H R E A D  ---------------

Current thread (0x000001cdd9a32000):  JavaThread "C2 CompilerThread0" daemon [_thread_in_native, id=9184, stack(0x00000065f3e00000,0x00000065f3f00000)]


Current CompileTask:
C2:  41168 9512       4       org.apache.xerces.impl.XMLNSDocumentScannerImpl::scanStartElement (873 bytes)

Stack: [0x00000065f3e00000,0x00000065f3f00000]
Native frames: (J=compiled Java code, j=interpreted, Vv=VM code, C=native code)
V  [jvm.dll+0x5ecfaa]
V  [jvm.dll+0x722bd5]
V  [jvm.dll+0x72412d]
V  [jvm.dll+0x7247e3]
V  [jvm.dll+0x242928]
V  [jvm.dll+0xbc4fc]
V  [jvm.dll+0xbca0c]
V  [jvm.dll+0x352d7d]
V  [jvm.dll+0x320ad3]
V  [jvm.dll+0x31ffca]
V  [jvm.dll+0x1fb602]
V  [jvm.dll+0x1fa7f4]
V  [jvm.dll+0x18354c]
V  [jvm.dll+0x208ee7]
V  [jvm.dll+0x207731]
V  [jvm.dll+0x6eb1cf]
V  [jvm.dll+0x6e3d45]
V  [jvm.dll+0x5ebe96]
C  [ucrtbase.dll+0x21bb2]
C  [KERNEL32.DLL+0x17034]
C  [ntdll.dll+0x526a1]


---------------  P R O C E S S  ---------------

Threads class SMR info:
_java_thread_list=0x000001cddec073e0, length=41, elements={
0x000001cdbe31d800, 0x000001cdd99cf000, 0x000001cdd99db000, 0x000001cdd9a2b800,
0x000001cdd9a2d800, 0x000001cdd9a2e800, 0x000001cdd9a32000, 0x000001cdd9a35000,
0x000001cdd9a39000, 0x000001cdda4bc000, 0x000001cddc505800, 0x000001cddc25c800,
0x000001cddb2ea800, 0x000001cddb2eb000, 0x000001cddbb28800, 0x000001cddbd83000,
0x000001cddbd53000, 0x000001cddb3dd800, 0x000001cddb7d1800, 0x000001cddafd2000,
0x000001cddafd0800, 0x000001cddafd1000, 0x000001cddafd3000, 0x000001cdde4b3800,
0x000001cdde4b5800, 0x000001cdde4b3000, 0x000001cdde4b1000, 0x000001cdde4b2000,
0x000001cdde4b7000, 0x000001cdde4b9800, 0x000001cdde4bc000, 0x000001cdde4bb000,
0x000001cdde4b6000, 0x000001cdde4bd800, 0x000001cdde4bc800, 0x000001cdde4b7800,
0x000001cdde4be800, 0x000001cdde4bf000, 0x000001cde1091000, 0x000001cde1094000,
0x000001cde1091800
}

Java Threads: ( => current thread )
  0x000001cdbe31d800 JavaThread "main" [_thread_blocked, id=2680, stack(0x00000065f3200000,0x00000065f3300000)]
  0x000001cdd99cf000 JavaThread "Reference Handler" daemon [_thread_blocked, id=9148, stack(0x00000065f3900000,0x00000065f3a00000)]
  0x000001cdd99db000 JavaThread "Finalizer" daemon [_thread_blocked, id=7036, stack(0x00000065f3a00000,0x00000065f3b00000)]
  0x000001cdd9a2b800 JavaThread "Signal Dispatcher" daemon [_thread_blocked, id=9044, stack(0x00000065f3b00000,0x00000065f3c00000)]
  0x000001cdd9a2d800 JavaThread "Attach Listener" daemon [_thread_blocked, id=7944, stack(0x00000065f3c00000,0x00000065f3d00000)]
  0x000001cdd9a2e800 JavaThread "Service Thread" daemon [_thread_blocked, id=9448, stack(0x00000065f3d00000,0x00000065f3e00000)]
=>0x000001cdd9a32000 JavaThread "C2 CompilerThread0" daemon [_thread_in_native, id=9184, stack(0x00000065f3e00000,0x00000065f3f00000)]
  0x000001cdd9a35000 JavaThread "C1 CompilerThread0" daemon [_thread_blocked, id=7140, stack(0x00000065f3f00000,0x00000065f4000000)]
  0x000001cdd9a39000 JavaThread "Sweeper thread" daemon [_thread_blocked, id=6688, stack(0x00000065f4000000,0x00000065f4100000)]
  0x000001cdda4bc000 JavaThread "Common-Cleaner" daemon [_thread_blocked, id=5316, stack(0x00000065f4100000,0x00000065f4200000)]
  0x000001cddc505800 JavaThread "Daemon health stats" [_thread_blocked, id=9132, stack(0x00000065f4400000,0x00000065f4500000)]
  0x000001cddc25c800 JavaThread "Incoming local TCP Connector on port 49969" [_thread_in_native, id=7508, stack(0x00000065f4500000,0x00000065f4600000)]
  0x000001cddb2ea800 JavaThread "Daemon" [_thread_blocked, id=1328, stack(0x00000065f4600000,0x00000065f4700000)]
  0x000001cddb2eb000 JavaThread "Daemon periodic checks" [_thread_blocked, id=8492, stack(0x00000065f4700000,0x00000065f4800000)]
  0x000001cddbb28800 JavaThread "Handler for socket connection from /127.0.0.1:49969 to /127.0.0.1:49970" [_thread_in_native, id=1316, stack(0x00000065f4800000,0x00000065f4900000)]
  0x000001cddbd83000 JavaThread "Cancel handler" [_thread_blocked, id=8636, stack(0x00000065f4900000,0x00000065f4a00000)]
  0x000001cddbd53000 JavaThread "Daemon worker" [_thread_blocked, id=472, stack(0x00000065f4a00000,0x00000065f4b00000)]
  0x000001cddb3dd800 JavaThread "Asynchronous log dispatcher for DefaultDaemonConnection: socket connection from /127.0.0.1:49969 to /127.0.0.1:49970" [_thread_blocked, id=5652, stack(0x00000065f4b00000,0x00000065f4c00000)]
  0x000001cddb7d1800 JavaThread "Stdin handler" [_thread_blocked, id=9108, stack(0x00000065f4c00000,0x00000065f4d00000)]
  0x000001cddafd2000 JavaThread "Daemon client event forwarder" [_thread_blocked, id=3408, stack(0x00000065f4d00000,0x00000065f4e00000)]
  0x000001cddafd0800 JavaThread "Cache worker for file hash cache (C:\Users\sander kerby\.gradle\caches\7.0.2\fileHashes)" [_thread_blocked, id=3492, stack(0x00000065f4e00000,0x00000065f4f00000)]
  0x000001cddafd1000 JavaThread "File lock request listener" [_thread_in_native, id=7496, stack(0x00000065f4f00000,0x00000065f5000000)]
  0x000001cddafd3000 JavaThread "Cache worker for journal cache (C:\Users\sander kerby\.gradle\caches\journal-1)" [_thread_blocked, id=2736, stack(0x00000065f5000000,0x00000065f5100000)]
  0x000001cdde4b3800 JavaThread "Cache worker for file hash cache (C:\Users\sander kerby\AndroidStudioProjects\Image-Classification-App-with-Teachable-Machine-main\Image-Classification-App-with-Teachable-Machine-main\.gradle\7.0.2\fileHashes)" [_thread_blocked, id=5876, stack(0x00000065f5100000,0x00000065f5200000)]
  0x000001cdde4b5800 JavaThread "File watcher server" daemon [_thread_in_native, id=7684, stack(0x00000065f5200000,0x00000065f5300000)]
  0x000001cdde4b3000 JavaThread "File watcher consumer" daemon [_thread_blocked, id=5132, stack(0x00000065f5300000,0x00000065f5400000)]
  0x000001cdde4b1000 JavaThread "Cache worker for checksums cache (C:\Users\sander kerby\AndroidStudioProjects\Image-Classification-App-with-Teachable-Machine-main\Image-Classification-App-with-Teachable-Machine-main\.gradle\checksums)" [_thread_blocked, id=2084, stack(0x00000065f5400000,0x00000065f5500000)]
  0x000001cdde4b2000 JavaThread "Cache worker for cache directory md-supplier (C:\Users\sander kerby\.gradle\caches\7.0.2\md-supplier)" [_thread_blocked, id=2260, stack(0x00000065f5500000,0x00000065f5600000)]
  0x000001cdde4b7000 JavaThread "Cache worker for cache directory md-rule (C:\Users\sander kerby\.gradle\caches\7.0.2\md-rule)" [_thread_blocked, id=4492, stack(0x00000065f5600000,0x00000065f5700000)]
  0x000001cdde4b9800 JavaThread "Cache worker for execution history cache (C:\Users\sander kerby\.gradle\caches\7.0.2\executionHistory)" [_thread_blocked, id=4576, stack(0x00000065f5700000,0x00000065f5800000)]
  0x000001cdde4bc000 JavaThread "jar transforms" [_thread_blocked, id=3052, stack(0x00000065f5800000,0x00000065f5900000)]
  0x000001cdde4bb000 JavaThread "jar transforms Thread 2" [_thread_blocked, id=1624, stack(0x00000065f5900000,0x00000065f5a00000)]
  0x000001cdde4b6000 JavaThread "Cache worker for file content cache (C:\Users\sander kerby\.gradle\caches\7.0.2\fileContent)" [_thread_blocked, id=3740, stack(0x00000065f5a00000,0x00000065f5b00000)]
  0x000001cdde4bd800 JavaThread "Cache worker for dependencies-accessors (C:\Users\sander kerby\AndroidStudioProjects\Image-Classification-App-with-Teachable-Machine-main\Image-Classification-App-with-Teachable-Machine-main\.gradle\7.0.2\dependencies-accessors)" [_thread_blocked, id=3900, stack(0x00000065f5b00000,0x00000065f5c00000)]
  0x000001cdde4bc800 JavaThread "Cache worker for Build Output Cleanup Cache (C:\Users\sander kerby\AndroidStudioProjects\Image-Classification-App-with-Teachable-Machine-main\Image-Classification-App-with-Teachable-Machine-main\.gradle\buildOutputCleanup)" [_thread_blocked, id=6304, stack(0x00000065f5c00000,0x00000065f5d00000)]
  0x000001cdde4b7800 JavaThread "Build operations" [_thread_blocked, id=5512, stack(0x00000065f5d00000,0x00000065f5e00000)]
  0x000001cdde4be800 JavaThread "Build operations Thread 2" [_thread_blocked, id=5920, stack(0x00000065f5e00000,0x00000065f5f00000)]
  0x000001cdde4bf000 JavaThread "Memory manager" [_thread_blocked, id=3016, stack(0x00000065f5f00000,0x00000065f6000000)]
  0x000001cde1091000 JavaThread "build event listener" [_thread_blocked, id=6948, stack(0x00000065f6000000,0x00000065f6100000)]
  0x000001cde1094000 JavaThread "Execution worker for ':'" [_thread_blocked, id=3340, stack(0x00000065f6100000,0x00000065f6200000)]
  0x000001cde1091800 JavaThread "Cache worker for execution history cache (C:\Users\sander kerby\AndroidStudioProjects\Image-Classification-App-with-Teachable-Machine-main\Image-Classification-App-with-Teachable-Machine-main\.gradle\7.0.2\executionHistory)" [_thread_blocked, id=9200, stack(0x00000065f6200000,0x00000065f6300000)]

Other Threads:
  0x000001cdd99cc000 VMThread "VM Thread" [stack: 0x00000065f3800000,0x00000065f3900000] [id=2992]
  0x000001cdda4f2000 WatcherThread [stack: 0x00000065f4200000,0x00000065f4300000] [id=3452]
  0x000001cdbe338000 GCTaskThread "GC Thread#0" [stack: 0x00000065f3300000,0x00000065f3400000] [id=7432]
  0x000001cdda6f8000 GCTaskThread "GC Thread#1" [stack: 0x00000065f4300000,0x00000065f4400000] [id=3208]
  0x000001cdbe367000 ConcurrentGCThread "G1 Main Marker" [stack: 0x00000065f3400000,0x00000065f3500000] [id=4872]
  0x000001cdbe368800 ConcurrentGCThread "G1 Conc#0" [stack: 0x00000065f3500000,0x00000065f3600000] [id=3012]
  0x000001cdbe3b8000 ConcurrentGCThread "G1 Refine#0" [stack: 0x00000065f3600000,0x00000065f3700000] [id=9012]
  0x000001cdbe3b9000 ConcurrentGCThread "G1 Young RemSet Sampling" [stack: 0x00000065f3700000,0x00000065f3800000] [id=5888]

Threads with active compile tasks:
C2 CompilerThread0  41247 9512       4       org.apache.xerces.impl.XMLNSDocumentScannerImpl::scanStartElement (873 bytes)

VM state:not at safepoint (normal execution)

VM Mutex/Monitor currently owned by a thread:  ([mutex/lock_event])
[0x000001cdbe31ab00] Heap_lock - owner thread: 0x000001cde1094000

Heap address: 0x0000000080000000, size: 2048 MB, Compressed Oops mode: 32-bit
Narrow klass base: 0x0000000000000000, Narrow klass shift: 3
Compressed class space size: 1073741824 Address: 0x0000000100000000

Heap:
 garbage-first heap   total 194560K, used 86528K [0x0000000080000000, 0x0000000100000000)
  region size 1024K, 1 young (1024K), 1 survivors (1024K)
 Metaspace       used 81449K, capacity 83415K, committed 83568K, reserved 1122304K
  class space    used 10493K, capacity 11234K, committed 11340K, reserved 1048576K
Heap Regions: E=young(eden), S=young(survivor), O=old, HS=humongous(starts), HC=humongous(continues), CS=collection set, F=free, A=archive, TAMS=top-at-mark-start (previous, next)
|   0|0x0000000080000000, 0x0000000080100000, 0x0000000080100000|100%| O|  |TAMS 0x0000000080100000, 0x0000000080100000| Untracked 
|   1|0x0000000080100000, 0x0000000080200000, 0x0000000080200000|100%| O|  |TAMS 0x0000000080200000, 0x0000000080200000| Untracked 
|   2|0x0000000080200000, 0x0000000080300000, 0x0000000080300000|100%| O|  |TAMS 0x0000000080300000, 0x0000000080300000| Untracked 
|   3|0x0000000080300000, 0x0000000080400000, 0x0000000080400000|100%| O|  |TAMS 0x0000000080400000, 0x0000000080400000| Untracked 
|   4|0x0000000080400000, 0x0000000080500000, 0x0000000080500000|100%|HS|  |TAMS 0x0000000080500000, 0x0000000080500000| Complete 
|   5|0x0000000080500000, 0x0000000080600000, 0x0000000080600000|100%|HC|  |TAMS 0x0000000080600000, 0x0000000080600000| Complete 
|   6|0x0000000080600000, 0x0000000080700000, 0x0000000080700000|100%|HC|  |TAMS 0x0000000080700000, 0x0000000080700000| Complete 
|   7|0x0000000080700000, 0x0000000080800000, 0x0000000080800000|100%| O|  |TAMS 0x0000000080800000, 0x0000000080800000| Untracked 
|   8|0x0000000080800000, 0x0000000080900000, 0x0000000080900000|100%| O|  |TAMS 0x0000000080900000, 0x0000000080900000| Untracked 
|   9|0x0000000080900000, 0x0000000080a00000, 0x0000000080a00000|100%| O|  |TAMS 0x0000000080a00000, 0x0000000080a00000| Untracked 
|  10|0x0000000080a00000, 0x0000000080b00000, 0x0000000080b00000|100%| O|  |TAMS 0x0000000080b00000, 0x0000000080b00000| Untracked 
|  11|0x0000000080b00000, 0x0000000080c00000, 0x0000000080c00000|100%| O|  |TAMS 0x0000000080c00000, 0x0000000080c00000| Untracked 
|  12|0x0000000080c00000, 0x0000000080d00000, 0x0000000080d00000|100%| O|  |TAMS 0x0000000080d00000, 0x0000000080d00000| Untracked 
|  13|0x0000000080d00000, 0x0000000080e00000, 0x0000000080e00000|100%| O|  |TAMS 0x0000000080e00000, 0x0000000080e00000| Untracked 
|  14|0x0000000080e00000, 0x0000000080f00000, 0x0000000080f00000|100%| O|  |TAMS 0x0000000080f00000, 0x0000000080f00000| Untracked 
|  15|0x0000000080f00000, 0x0000000081000000, 0x0000000081000000|100%| O|  |TAMS 0x0000000081000000, 0x0000000081000000| Untracked 
|  16|0x0000000081000000, 0x0000000081100000, 0x0000000081100000|100%| O|  |TAMS 0x0000000081100000, 0x0000000081100000| Untracked 
|  17|0x0000000081100000, 0x0000000081200000, 0x0000000081200000|100%| O|  |TAMS 0x0000000081200000, 0x0000000081200000| Untracked 
|  18|0x0000000081200000, 0x0000000081300000, 0x0000000081300000|100%| O|  |TAMS 0x0000000081300000, 0x0000000081300000| Untracked 
|  19|0x0000000081300000, 0x0000000081400000, 0x0000000081400000|100%| O|  |TAMS 0x0000000081400000, 0x0000000081400000| Untracked 
|  20|0x0000000081400000, 0x0000000081500000, 0x0000000081500000|100%| O|  |TAMS 0x0000000081500000, 0x0000000081500000| Untracked 
|  21|0x0000000081500000, 0x0000000081600000, 0x0000000081600000|100%| O|  |TAMS 0x0000000081600000, 0x0000000081600000| Untracked 
|  22|0x0000000081600000, 0x0000000081700000, 0x0000000081700000|100%|HS|  |TAMS 0x0000000081700000, 0x0000000081700000| Complete 
|  23|0x0000000081700000, 0x0000000081800000, 0x0000000081800000|100%| O|  |TAMS 0x0000000081800000, 0x0000000081800000| Untracked 
|  24|0x0000000081800000, 0x0000000081900000, 0x0000000081900000|100%| O|  |TAMS 0x0000000081900000, 0x0000000081900000| Untracked 
|  25|0x0000000081900000, 0x0000000081a00000, 0x0000000081a00000|100%| O|  |TAMS 0x0000000081a00000, 0x0000000081a00000| Untracked 
|  26|0x0000000081a00000, 0x0000000081b00000, 0x0000000081b00000|100%| O|  |TAMS 0x0000000081b00000, 0x0000000081b00000| Untracked 
|  27|0x0000000081b00000, 0x0000000081c00000, 0x0000000081c00000|100%|HS|  |TAMS 0x0000000081c00000, 0x0000000081c00000| Complete 
|  28|0x0000000081c00000, 0x0000000081d00000, 0x0000000081d00000|100%| O|  |TAMS 0x0000000081d00000, 0x0000000081d00000| Untracked 
|  29|0x0000000081d00000, 0x0000000081e00000, 0x0000000081e00000|100%|HS|  |TAMS 0x0000000081e00000, 0x0000000081e00000| Complete 
|  30|0x0000000081e00000, 0x0000000081f00000, 0x0000000081f00000|100%|HC|  |TAMS 0x0000000081f00000, 0x0000000081f00000| Complete 
|  31|0x0000000081f00000, 0x0000000082000000, 0x0000000082000000|100%| O|  |TAMS 0x0000000082000000, 0x0000000082000000| Untracked 
|  32|0x0000000082000000, 0x0000000082100000, 0x0000000082100000|100%| O|  |TAMS 0x0000000082100000, 0x0000000082100000| Untracked 
|  33|0x0000000082100000, 0x0000000082200000, 0x0000000082200000|100%| O|  |TAMS 0x0000000082200000, 0x0000000082200000| Untracked 
|  34|0x0000000082200000, 0x0000000082300000, 0x0000000082300000|100%| O|  |TAMS 0x0000000082300000, 0x0000000082300000| Untracked 
|  35|0x0000000082300000, 0x0000000082400000, 0x0000000082400000|100%| O|  |TAMS 0x0000000082400000, 0x0000000082400000| Untracked 
|  36|0x0000000082400000, 0x0000000082500000, 0x0000000082500000|100%| O|  |TAMS 0x0000000082500000, 0x0000000082500000| Untracked 
|  37|0x0000000082500000, 0x0000000082600000, 0x0000000082600000|100%| O|  |TAMS 0x0000000082600000, 0x0000000082600000| Untracked 
|  38|0x0000000082600000, 0x0000000082700000, 0x0000000082700000|100%| O|  |TAMS 0x0000000082700000, 0x0000000082700000| Untracked 
|  39|0x0000000082700000, 0x0000000082800000, 0x0000000082800000|100%| O|  |TAMS 0x0000000082800000, 0x0000000082800000| Untracked 
|  40|0x0000000082800000, 0x0000000082900000, 0x0000000082900000|100%| O|  |TAMS 0x0000000082900000, 0x0000000082900000| Untracked 
|  41|0x0000000082900000, 0x0000000082a00000, 0x0000000082a00000|100%| O|  |TAMS 0x0000000082952e00, 0x0000000082a00000| Untracked 
|  42|0x0000000082a00000, 0x0000000082b00000, 0x0000000082b00000|100%| O|  |TAMS 0x0000000082a00000, 0x0000000082b00000| Untracked 
|  43|0x0000000082b00000, 0x0000000082c00000, 0x0000000082c00000|100%| O|  |TAMS 0x0000000082b00000, 0x0000000082c00000| Untracked 
|  44|0x0000000082c00000, 0x0000000082d00000, 0x0000000082d00000|100%| O|  |TAMS 0x0000000082c00000, 0x0000000082d00000| Untracked 
|  45|0x0000000082d00000, 0x0000000082e00000, 0x0000000082e00000|100%| O|  |TAMS 0x0000000082d00000, 0x0000000082e00000| Untracked 
|  46|0x0000000082e00000, 0x0000000082f00000, 0x0000000082f00000|100%| O|  |TAMS 0x0000000082e00000, 0x0000000082f00000| Untracked 
|  47|0x0000000082f00000, 0x0000000083000000, 0x0000000083000000|100%| O|  |TAMS 0x0000000082f00000, 0x0000000083000000| Untracked 
|  48|0x0000000083000000, 0x0000000083100000, 0x0000000083100000|100%| O|  |TAMS 0x0000000083000000, 0x0000000083100000| Untracked 
|  49|0x0000000083100000, 0x0000000083200000, 0x0000000083200000|100%| O|  |TAMS 0x0000000083100000, 0x0000000083200000| Untracked 
|  50|0x0000000083200000, 0x0000000083300000, 0x0000000083300000|100%| O|  |TAMS 0x0000000083200000, 0x0000000083300000| Untracked 
|  51|0x0000000083300000, 0x0000000083400000, 0x0000000083400000|100%| O|  |TAMS 0x0000000083300000, 0x0000000083400000| Untracked 
|  52|0x0000000083400000, 0x0000000083500000, 0x0000000083500000|100%| O|  |TAMS 0x0000000083400000, 0x0000000083500000| Untracked 
|  53|0x0000000083500000, 0x0000000083600000, 0x0000000083600000|100%| O|  |TAMS 0x0000000083500000, 0x0000000083600000| Untracked 
|  54|0x0000000083600000, 0x0000000083700000, 0x0000000083700000|100%| O|  |TAMS 0x0000000083600000, 0x0000000083700000| Untracked 
|  55|0x0000000083700000, 0x0000000083800000, 0x0000000083800000|100%| O|  |TAMS 0x0000000083700000, 0x0000000083800000| Untracked 
|  56|0x0000000083800000, 0x0000000083900000, 0x0000000083900000|100%| O|  |TAMS 0x0000000083800000, 0x0000000083900000| Untracked 
|  57|0x0000000083900000, 0x0000000083a00000, 0x0000000083a00000|100%| O|  |TAMS 0x0000000083900000, 0x0000000083a00000| Untracked 
|  58|0x0000000083a00000, 0x0000000083b00000, 0x0000000083b00000|100%| O|  |TAMS 0x0000000083a00000, 0x0000000083b00000| Untracked 
|  59|0x0000000083b00000, 0x0000000083c00000, 0x0000000083c00000|100%|HS|  |TAMS 0x0000000083b00000, 0x0000000083c00000| Complete 
|  60|0x0000000083c00000, 0x0000000083d00000, 0x0000000083d00000|100%| O|  |TAMS 0x0000000083c00000, 0x0000000083d00000| Untracked 
|  61|0x0000000083d00000, 0x0000000083e00000, 0x0000000083e00000|100%| O|  |TAMS 0x0000000083d00000, 0x0000000083e00000| Untracked 
|  62|0x0000000083e00000, 0x0000000083f00000, 0x0000000083f00000|100%| O|  |TAMS 0x0000000083e00000, 0x0000000083f00000| Untracked 
|  63|0x0000000083f00000, 0x0000000084000000, 0x0000000084000000|100%| O|  |TAMS 0x0000000083f00000, 0x0000000084000000| Untracked 
|  64|0x0000000084000000, 0x0000000084100000, 0x0000000084100000|100%| O|  |TAMS 0x0000000084000000, 0x0000000084100000| Untracked 
|  65|0x0000000084100000, 0x0000000084200000, 0x0000000084200000|100%| O|  |TAMS 0x0000000084100000, 0x0000000084200000| Untracked 
|  66|0x0000000084200000, 0x0000000084300000, 0x0000000084300000|100%| O|  |TAMS 0x0000000084200000, 0x0000000084300000| Untracked 
|  67|0x0000000084300000, 0x0000000084400000, 0x0000000084400000|100%| O|  |TAMS 0x0000000084300000, 0x0000000084400000| Untracked 
|  68|0x0000000084400000, 0x0000000084500000, 0x0000000084500000|100%| O|  |TAMS 0x0000000084400000, 0x0000000084500000| Untracked 
|  69|0x0000000084500000, 0x0000000084600000, 0x0000000084600000|100%| O|  |TAMS 0x0000000084500000, 0x0000000084600000| Untracked 
|  70|0x0000000084600000, 0x0000000084700000, 0x0000000084700000|100%| O|  |TAMS 0x0000000084600000, 0x0000000084700000| Untracked 
|  71|0x0000000084700000, 0x0000000084800000, 0x0000000084800000|100%| O|  |TAMS 0x0000000084700000, 0x0000000084800000| Untracked 
|  72|0x0000000084800000, 0x0000000084900000, 0x0000000084900000|100%| O|  |TAMS 0x0000000084800000, 0x0000000084900000| Untracked 
|  73|0x0000000084900000, 0x0000000084a00000, 0x0000000084a00000|100%| O|  |TAMS 0x0000000084900000, 0x0000000084a00000| Untracked 
|  74|0x0000000084a00000, 0x0000000084b00000, 0x0000000084b00000|100%| O|  |TAMS 0x0000000084a00000, 0x0000000084b00000| Untracked 
|  75|0x0000000084b00000, 0x0000000084c00000, 0x0000000084c00000|100%| O|  |TAMS 0x0000000084b00000, 0x0000000084c00000| Untracked 
|  76|0x0000000084c00000, 0x0000000084d00000, 0x0000000084d00000|100%| O|  |TAMS 0x0000000084c00000, 0x0000000084d00000| Untracked 
|  77|0x0000000084d00000, 0x0000000084e00000, 0x0000000084e00000|100%| O|  |TAMS 0x0000000084d00000, 0x0000000084e00000| Untracked 
|  78|0x0000000084e00000, 0x0000000084f00000, 0x0000000084f00000|100%| O|  |TAMS 0x0000000084e00000, 0x0000000084f00000| Untracked 
|  79|0x0000000084f00000, 0x0000000085000000, 0x0000000085000000|100%| O|  |TAMS 0x0000000084f00000, 0x0000000085000000| Untracked 
|  80|0x0000000085000000, 0x0000000085100000, 0x0000000085100000|100%| O|  |TAMS 0x0000000085000000, 0x0000000085100000| Untracked 
|  81|0x0000000085100000, 0x0000000085200000, 0x0000000085200000|100%| O|  |TAMS 0x0000000085100000, 0x0000000085200000| Untracked 
|  82|0x0000000085200000, 0x0000000085300000, 0x0000000085300000|100%| O|  |TAMS 0x0000000085200000, 0x0000000085300000| Untracked 
|  83|0x0000000085300000, 0x0000000085380000, 0x0000000085400000| 50%| O|  |TAMS 0x0000000085300000, 0x0000000085380000| Untracked 
|  84|0x0000000085400000, 0x0000000085400000, 0x0000000085500000|  0%| F|  |TAMS 0x0000000085400000, 0x0000000085400000| Untracked 
|  85|0x0000000085500000, 0x0000000085500000, 0x0000000085600000|  0%| F|  |TAMS 0x0000000085500000, 0x0000000085500000| Untracked 
|  86|0x0000000085600000, 0x0000000085600000, 0x0000000085700000|  0%| F|  |TAMS 0x0000000085600000, 0x0000000085600000| Untracked 
|  87|0x0000000085700000, 0x0000000085700000, 0x0000000085800000|  0%| F|  |TAMS 0x0000000085700000, 0x0000000085700000| Untracked 
|  88|0x0000000085800000, 0x0000000085800000, 0x0000000085900000|  0%| F|  |TAMS 0x0000000085800000, 0x0000000085800000| Untracked 
|  89|0x0000000085900000, 0x0000000085900000, 0x0000000085a00000|  0%| F|  |TAMS 0x0000000085900000, 0x0000000085900000| Untracked 
|  90|0x0000000085a00000, 0x0000000085a00000, 0x0000000085b00000|  0%| F|  |TAMS 0x0000000085a00000, 0x0000000085a00000| Untracked 
|  91|0x0000000085b00000, 0x0000000085b00000, 0x0000000085c00000|  0%| F|  |TAMS 0x0000000085b00000, 0x0000000085b00000| Untracked 
|  92|0x0000000085c00000, 0x0000000085c00000, 0x0000000085d00000|  0%| F|  |TAMS 0x0000000085c00000, 0x0000000085c00000| Untracked 
|  93|0x0000000085d00000, 0x0000000085d00000, 0x0000000085e00000|  0%| F|  |TAMS 0x0000000085d00000, 0x0000000085d00000| Untracked 
|  94|0x0000000085e00000, 0x0000000085e00000, 0x0000000085f00000|  0%| F|  |TAMS 0x0000000085e00000, 0x0000000085e00000| Untracked 
|  95|0x0000000085f00000, 0x0000000085f00000, 0x0000000086000000|  0%| F|  |TAMS 0x0000000085f00000, 0x0000000085f00000| Untracked 
|  96|0x0000000086000000, 0x0000000086000000, 0x0000000086100000|  0%| F|  |TAMS 0x0000000086000000, 0x0000000086000000| Untracked 
|  97|0x0000000086100000, 0x0000000086100000, 0x0000000086200000|  0%| F|  |TAMS 0x0000000086100000, 0x0000000086100000| Untracked 
|  98|0x0000000086200000, 0x0000000086200000, 0x0000000086300000|  0%| F|  |TAMS 0x0000000086200000, 0x0000000086200000| Untracked 
|  99|0x0000000086300000, 0x0000000086300000, 0x0000000086400000|  0%| F|  |TAMS 0x0000000086300000, 0x0000000086300000| Untracked 
| 100|0x0000000086400000, 0x0000000086400000, 0x0000000086500000|  0%| F|  |TAMS 0x0000000086400000, 0x0000000086400000| Untracked 
| 101|0x0000000086500000, 0x0000000086500000, 0x0000000086600000|  0%| F|  |TAMS 0x0000000086500000, 0x0000000086500000| Untracked 
| 102|0x0000000086600000, 0x0000000086600000, 0x0000000086700000|  0%| F|  |TAMS 0x0000000086600000, 0x0000000086600000| Untracked 
| 103|0x0000000086700000, 0x0000000086700000, 0x0000000086800000|  0%| F|  |TAMS 0x0000000086700000, 0x0000000086700000| Untracked 
| 104|0x0000000086800000, 0x0000000086800000, 0x0000000086900000|  0%| F|  |TAMS 0x0000000086800000, 0x0000000086800000| Untracked 
| 105|0x0000000086900000, 0x0000000086900000, 0x0000000086a00000|  0%| F|  |TAMS 0x0000000086900000, 0x0000000086900000| Untracked 
| 106|0x0000000086a00000, 0x0000000086a00000, 0x0000000086b00000|  0%| F|  |TAMS 0x0000000086a00000, 0x0000000086a00000| Untracked 
| 107|0x0000000086b00000, 0x0000000086b00000, 0x0000000086c00000|  0%| F|  |TAMS 0x0000000086b00000, 0x0000000086b00000| Untracked 
| 108|0x0000000086c00000, 0x0000000086c00000, 0x0000000086d00000|  0%| F|  |TAMS 0x0000000086c00000, 0x0000000086c00000| Untracked 
| 109|0x0000000086d00000, 0x0000000086d00000, 0x0000000086e00000|  0%| F|  |TAMS 0x0000000086d00000, 0x0000000086d00000| Untracked 
| 110|0x0000000086e00000, 0x0000000086e00000, 0x0000000086f00000|  0%| F|  |TAMS 0x0000000086e00000, 0x0000000086e00000| Untracked 
| 111|0x0000000086f00000, 0x0000000086f00000, 0x0000000087000000|  0%| F|  |TAMS 0x0000000086f00000, 0x0000000086f00000| Untracked 
| 112|0x0000000087000000, 0x0000000087000000, 0x0000000087100000|  0%| F|  |TAMS 0x0000000087000000, 0x0000000087000000| Untracked 
| 113|0x0000000087100000, 0x0000000087100000, 0x0000000087200000|  0%| F|  |TAMS 0x0000000087100000, 0x0000000087100000| Untracked 
| 114|0x0000000087200000, 0x0000000087200000, 0x0000000087300000|  0%| F|  |TAMS 0x0000000087200000, 0x0000000087200000| Untracked 
| 115|0x0000000087300000, 0x0000000087300000, 0x0000000087400000|  0%| F|  |TAMS 0x0000000087300000, 0x0000000087300000| Untracked 
| 116|0x0000000087400000, 0x0000000087400000, 0x0000000087500000|  0%| F|  |TAMS 0x0000000087400000, 0x0000000087400000| Untracked 
| 117|0x0000000087500000, 0x0000000087500000, 0x0000000087600000|  0%| F|  |TAMS 0x0000000087500000, 0x0000000087500000| Untracked 
| 118|0x0000000087600000, 0x0000000087600000, 0x0000000087700000|  0%| F|  |TAMS 0x0000000087600000, 0x0000000087600000| Untracked 
| 119|0x0000000087700000, 0x0000000087700000, 0x0000000087800000|  0%| F|  |TAMS 0x0000000087700000, 0x0000000087700000| Untracked 
| 120|0x0000000087800000, 0x0000000087800000, 0x0000000087900000|  0%| F|  |TAMS 0x0000000087800000, 0x0000000087800000| Untracked 
| 121|0x0000000087900000, 0x0000000087900000, 0x0000000087a00000|  0%| F|  |TAMS 0x0000000087900000, 0x0000000087900000| Untracked 
| 122|0x0000000087a00000, 0x0000000087a00000, 0x0000000087b00000|  0%| F|  |TAMS 0x0000000087a00000, 0x0000000087a00000| Untracked 
| 123|0x0000000087b00000, 0x0000000087b00000, 0x0000000087c00000|  0%| F|  |TAMS 0x0000000087b00000, 0x0000000087b00000| Untracked 
| 124|0x0000000087c00000, 0x0000000087c00000, 0x0000000087d00000|  0%| F|  |TAMS 0x0000000087c00000, 0x0000000087c00000| Untracked 
| 125|0x0000000087d00000, 0x0000000087d00000, 0x0000000087e00000|  0%| F|  |TAMS 0x0000000087d00000, 0x0000000087d00000| Untracked 
| 126|0x0000000087e00000, 0x0000000087e00000, 0x0000000087f00000|  0%| F|  |TAMS 0x0000000087e00000, 0x0000000087e00000| Untracked 
| 127|0x0000000087f00000, 0x0000000087f00000, 0x0000000088000000|  0%| F|  |TAMS 0x0000000087f00000, 0x0000000087f00000| Untracked 
| 128|0x0000000088000000, 0x0000000088000000, 0x0000000088100000|  0%| F|  |TAMS 0x0000000088000000, 0x0000000088000000| Untracked 
| 129|0x0000000088100000, 0x0000000088100000, 0x0000000088200000|  0%| F|  |TAMS 0x0000000088100000, 0x0000000088100000| Untracked 
| 130|0x0000000088200000, 0x0000000088200000, 0x0000000088300000|  0%| F|  |TAMS 0x0000000088200000, 0x0000000088200000| Untracked 
| 131|0x0000000088300000, 0x0000000088300000, 0x0000000088400000|  0%| F|  |TAMS 0x0000000088300000, 0x0000000088300000| Untracked 
| 132|0x0000000088400000, 0x0000000088400000, 0x0000000088500000|  0%| F|  |TAMS 0x0000000088400000, 0x0000000088400000| Untracked 
| 133|0x0000000088500000, 0x0000000088500000, 0x0000000088600000|  0%| F|  |TAMS 0x0000000088500000, 0x0000000088500000| Untracked 
| 134|0x0000000088600000, 0x0000000088600000, 0x0000000088700000|  0%| F|  |TAMS 0x0000000088600000, 0x0000000088600000| Untracked 
| 135|0x0000000088700000, 0x0000000088700000, 0x0000000088800000|  0%| F|  |TAMS 0x0000000088700000, 0x0000000088700000| Untracked 
| 136|0x0000000088800000, 0x0000000088800000, 0x0000000088900000|  0%| F|  |TAMS 0x0000000088800000, 0x0000000088800000| Untracked 
| 137|0x0000000088900000, 0x0000000088900000, 0x0000000088a00000|  0%| F|  |TAMS 0x0000000088900000, 0x0000000088900000| Untracked 
| 138|0x0000000088a00000, 0x0000000088a00000, 0x0000000088b00000|  0%| F|  |TAMS 0x0000000088a00000, 0x0000000088a00000| Untracked 
| 139|0x0000000088b00000, 0x0000000088b00000, 0x0000000088c00000|  0%| F|  |TAMS 0x0000000088b00000, 0x0000000088b00000| Untracked 
| 140|0x0000000088c00000, 0x0000000088c00000, 0x0000000088d00000|  0%| F|  |TAMS 0x0000000088c00000, 0x0000000088c00000| Untracked 
| 141|0x0000000088d00000, 0x0000000088d00000, 0x0000000088e00000|  0%| F|  |TAMS 0x0000000088d00000, 0x0000000088d00000| Untracked 
| 142|0x0000000088e00000, 0x0000000088e00000, 0x0000000088f00000|  0%| F|  |TAMS 0x0000000088e00000, 0x0000000088e00000| Untracked 
| 143|0x0000000088f00000, 0x0000000088f00000, 0x0000000089000000|  0%| F|  |TAMS 0x0000000088f00000, 0x0000000088f00000| Untracked 
| 144|0x0000000089000000, 0x0000000089000000, 0x0000000089100000|  0%| F|  |TAMS 0x0000000089000000, 0x0000000089000000| Untracked 
| 145|0x0000000089100000, 0x0000000089100000, 0x0000000089200000|  0%| F|  |TAMS 0x0000000089100000, 0x0000000089100000| Untracked 
| 146|0x0000000089200000, 0x0000000089200000, 0x0000000089300000|  0%| F|  |TAMS 0x0000000089200000, 0x0000000089200000| Untracked 
| 147|0x0000000089300000, 0x0000000089300000, 0x0000000089400000|  0%| F|  |TAMS 0x0000000089300000, 0x0000000089300000| Untracked 
| 148|0x0000000089400000, 0x0000000089400000, 0x0000000089500000|  0%| F|  |TAMS 0x0000000089400000, 0x0000000089400000| Untracked 
| 149|0x0000000089500000, 0x0000000089500000, 0x0000000089600000|  0%| F|  |TAMS 0x0000000089500000, 0x0000000089500000| Untracked 
| 150|0x0000000089600000, 0x0000000089600000, 0x0000000089700000|  0%| F|  |TAMS 0x0000000089600000, 0x0000000089600000| Untracked 
| 151|0x0000000089700000, 0x0000000089700000, 0x0000000089800000|  0%| F|  |TAMS 0x0000000089700000, 0x0000000089700000| Untracked 
| 152|0x0000000089800000, 0x0000000089800000, 0x0000000089900000|  0%| F|  |TAMS 0x0000000089800000, 0x0000000089800000| Untracked 
| 153|0x0000000089900000, 0x0000000089900000, 0x0000000089a00000|  0%| F|  |TAMS 0x0000000089900000, 0x0000000089900000| Untracked 
| 154|0x0000000089a00000, 0x0000000089a00000, 0x0000000089b00000|  0%| F|  |TAMS 0x0000000089a00000, 0x0000000089a00000| Untracked 
| 155|0x0000000089b00000, 0x0000000089b00000, 0x0000000089c00000|  0%| F|  |TAMS 0x0000000089b00000, 0x0000000089b00000| Untracked 
| 156|0x0000000089c00000, 0x0000000089c00000, 0x0000000089d00000|  0%| F|  |TAMS 0x0000000089c00000, 0x0000000089c00000| Untracked 
| 157|0x0000000089d00000, 0x0000000089d00000, 0x0000000089e00000|  0%| F|  |TAMS 0x0000000089d00000, 0x0000000089d00000| Untracked 
| 158|0x0000000089e00000, 0x0000000089e00000, 0x0000000089f00000|  0%| F|  |TAMS 0x0000000089e00000, 0x0000000089e00000| Untracked 
| 159|0x0000000089f00000, 0x0000000089f00000, 0x000000008a000000|  0%| F|  |TAMS 0x0000000089f00000, 0x0000000089f00000| Untracked 
| 160|0x000000008a000000, 0x000000008a000000, 0x000000008a100000|  0%| F|  |TAMS 0x000000008a000000, 0x000000008a000000| Untracked 
| 161|0x000000008a100000, 0x000000008a100000, 0x000000008a200000|  0%| F|  |TAMS 0x000000008a100000, 0x000000008a100000| Untracked 
| 162|0x000000008a200000, 0x000000008a200000, 0x000000008a300000|  0%| F|  |TAMS 0x000000008a200000, 0x000000008a200000| Untracked 
| 163|0x000000008a300000, 0x000000008a300000, 0x000000008a400000|  0%| F|  |TAMS 0x000000008a300000, 0x000000008a300000| Untracked 
| 164|0x000000008a400000, 0x000000008a400000, 0x000000008a500000|  0%| F|  |TAMS 0x000000008a400000, 0x000000008a400000| Untracked 
| 165|0x000000008a500000, 0x000000008a500000, 0x000000008a600000|  0%| F|  |TAMS 0x000000008a500000, 0x000000008a500000| Untracked 
| 166|0x000000008a600000, 0x000000008a600000, 0x000000008a700000|  0%| F|  |TAMS 0x000000008a600000, 0x000000008a600000| Untracked 
| 167|0x000000008a700000, 0x000000008a700000, 0x000000008a800000|  0%| F|  |TAMS 0x000000008a700000, 0x000000008a700000| Untracked 
| 168|0x000000008a800000, 0x000000008a800000, 0x000000008a900000|  0%| F|  |TAMS 0x000000008a800000, 0x000000008a800000| Untracked 
| 169|0x000000008a900000, 0x000000008a900000, 0x000000008aa00000|  0%| F|  |TAMS 0x000000008a900000, 0x000000008a900000| Untracked 
| 170|0x000000008aa00000, 0x000000008aa00000, 0x000000008ab00000|  0%| F|  |TAMS 0x000000008aa00000, 0x000000008aa00000| Untracked 
| 171|0x000000008ab00000, 0x000000008ab00000, 0x000000008ac00000|  0%| F|  |TAMS 0x000000008ab00000, 0x000000008ab00000| Untracked 
| 172|0x000000008ac00000, 0x000000008ac00000, 0x000000008ad00000|  0%| F|  |TAMS 0x000000008ac00000, 0x000000008ac00000| Untracked 
| 173|0x000000008ad00000, 0x000000008ad00000, 0x000000008ae00000|  0%| F|  |TAMS 0x000000008ad00000, 0x000000008ad00000| Untracked 
| 174|0x000000008ae00000, 0x000000008ae00000, 0x000000008af00000|  0%| F|  |TAMS 0x000000008ae00000, 0x000000008ae00000| Untracked 
| 175|0x000000008af00000, 0x000000008af00000, 0x000000008b000000|  0%| F|  |TAMS 0x000000008af00000, 0x000000008af00000| Untracked 
| 176|0x000000008b000000, 0x000000008b000000, 0x000000008b100000|  0%| F|  |TAMS 0x000000008b000000, 0x000000008b000000| Untracked 
| 177|0x000000008b100000, 0x000000008b100000, 0x000000008b200000|  0%| F|  |TAMS 0x000000008b100000, 0x000000008b100000| Untracked 
| 178|0x000000008b200000, 0x000000008b200000, 0x000000008b300000|  0%| F|  |TAMS 0x000000008b200000, 0x000000008b200000| Untracked 
| 179|0x000000008b300000, 0x000000008b300000, 0x000000008b400000|  0%| F|  |TAMS 0x000000008b300000, 0x000000008b300000| Untracked 
| 180|0x000000008b400000, 0x000000008b400000, 0x000000008b500000|  0%| F|  |TAMS 0x000000008b400000, 0x000000008b400000| Untracked 
| 181|0x000000008b500000, 0x000000008b500000, 0x000000008b600000|  0%| F|  |TAMS 0x000000008b500000, 0x000000008b500000| Untracked 
| 182|0x000000008b600000, 0x000000008b600000, 0x000000008b700000|  0%| F|  |TAMS 0x000000008b600000, 0x000000008b600000| Untracked 
| 183|0x000000008b700000, 0x000000008b700000, 0x000000008b800000|  0%| F|  |TAMS 0x000000008b700000, 0x000000008b700000| Untracked 
| 184|0x000000008b800000, 0x000000008b800000, 0x000000008b900000|  0%| F|  |TAMS 0x000000008b800000, 0x000000008b800000| Untracked 
| 185|0x000000008b900000, 0x000000008b900000, 0x000000008ba00000|  0%| F|  |TAMS 0x000000008b900000, 0x000000008b900000| Untracked 
| 186|0x000000008ba00000, 0x000000008bb00000, 0x000000008bb00000|100%| S|CS|TAMS 0x000000008ba00000, 0x000000008ba00000| Complete 
| 187|0x000000008bb00000, 0x000000008bb00000, 0x000000008bc00000|  0%| F|  |TAMS 0x000000008bb00000, 0x000000008bb00000| Untracked 
| 188|0x000000008bc00000, 0x000000008bc00000, 0x000000008bd00000|  0%| F|  |TAMS 0x000000008bc00000, 0x000000008bc00000| Untracked 
| 189|0x000000008bd00000, 0x000000008bd6ec60, 0x000000008be00000| 43%| E|  |TAMS 0x000000008bd00000, 0x000000008bd00000| Complete 

Card table byte_map: [0x000001cdd2df0000,0x000001cdd31f0000] _byte_map_base: 0x000001cdd29f0000

Marking Bits (Prev, Next): (CMBitMap*) 0x000001cdbe35e298, (CMBitMap*) 0x000001cdbe35e2d0
 Prev Bits: [0x000001cdd35f0000, 0x000001cdd55f0000)
 Next Bits: [0x000001cdd55f0000, 0x000001cdd75f0000)

Polling page: 0x000001cdbe120000

Metaspace:

Usage:
  Non-class:     70.49 MB capacity,    69.29 MB ( 98%) used,  1000.59 KB (  1%) free+waste,   224.31 KB ( <1%) overhead. 
      Class:     10.97 MB capacity,    10.25 MB ( 93%) used,   638.54 KB (  6%) free+waste,   101.75 KB ( <1%) overhead. 
       Both:     81.46 MB capacity,    79.54 MB ( 98%) used,     1.60 MB (  2%) free+waste,   326.06 KB ( <1%) overhead. 

Virtual space:
  Non-class space:       72.00 MB reserved,      70.54 MB ( 98%) committed 
      Class space:        1.00 GB reserved,      11.07 MB (  1%) committed 
             Both:        1.07 GB reserved,      81.61 MB (  7%) committed 

Chunk freelists:
   Non-Class:  47.00 KB
       Class:  30.00 KB
        Both:  77.00 KB

MaxMetaspaceSize: 17179869184.00 GB
CompressedClassSpaceSize: 1.00 GB

CodeHeap 'non-profiled nmethods': size=120064Kb used=4972Kb max_used=4972Kb free=115091Kb
 bounds [0x000001cdcb0b0000, 0x000001cdcb590000, 0x000001cdd25f0000]
CodeHeap 'profiled nmethods': size=120000Kb used=20883Kb max_used=20883Kb free=99116Kb
 bounds [0x000001cdc3b80000, 0x000001cdc4ff0000, 0x000001cdcb0b0000]
CodeHeap 'non-nmethods': size=5696Kb used=2263Kb max_used=2306Kb free=3432Kb
 bounds [0x000001cdc35f0000, 0x000001cdc3860000, 0x000001cdc3b80000]
 total_blobs=10348 nmethods=9477 adapters=783
 compilation: enabled
              stopped_count=0, restarted_count=0
 full_count=0

Compilation events (20 events):
Event: 41.148 Thread 0x000001cdd9a35000 nmethod 9524 0x000001cdc4fd5e10 code [0x000001cdc4fd6020, 0x000001cdc4fd63c8]
Event: 41.148 Thread 0x000001cdd9a35000 9525       2       com.sun.org.apache.xerces.internal.util.SymbolTable::addSymbol (110 bytes)
Event: 41.149 Thread 0x000001cdd9a35000 nmethod 9525 0x000001cdc4fd6690 code [0x000001cdc4fd6880, 0x000001cdc4fd6bb8]
Event: 41.149 Thread 0x000001cdd9a35000 9526       2       com.sun.org.apache.xerces.internal.impl.XMLEntityScanner::scanChar (236 bytes)
Event: 41.150 Thread 0x000001cdd9a35000 nmethod 9526 0x000001cdc4fd6e10 code [0x000001cdc4fd7000, 0x000001cdc4fd7358]
Event: 41.150 Thread 0x000001cdd9a35000 9527       2       com.sun.org.apache.xerces.internal.util.XMLChar::isNameStart (22 bytes)
Event: 41.150 Thread 0x000001cdd9a35000 nmethod 9527 0x000001cdc4fd7610 code [0x000001cdc4fd77c0, 0x000001cdc4fd78f8]
Event: 41.150 Thread 0x000001cdd9a35000 9528       2       com.sun.org.apache.xerces.internal.impl.XMLEntityScanner::checkLimit (253 bytes)
Event: 41.154 Thread 0x000001cdd9a35000 nmethod 9528 0x000001cdc4fd7a10 code [0x000001cdc4fd7d60, 0x000001cdc4fd9148]
Event: 41.154 Thread 0x000001cdd9a35000 9529       2       com.sun.org.apache.xerces.internal.impl.XMLEntityScanner::scanLiteral (755 bytes)
Event: 41.156 Thread 0x000001cdd9a35000 nmethod 9529 0x000001cdc4fd9f90 code [0x000001cdc4fda220, 0x000001cdc4fdac68]
Event: 41.156 Thread 0x000001cdd9a35000 9530       2       com.sun.org.apache.xerces.internal.util.NamespaceSupport::getURI (38 bytes)
Event: 41.157 Thread 0x000001cdd9a35000 nmethod 9530 0x000001cdc4fdb390 code [0x000001cdc4fdb540, 0x000001cdc4fdb718]
Event: 41.159 Thread 0x000001cdd9a35000 9531       2       com.sun.org.apache.xerces.internal.xni.QName::setValues (33 bytes)
Event: 41.159 Thread 0x000001cdd9a35000 nmethod 9531 0x000001cdc4fdb810 code [0x000001cdc4fdb9c0, 0x000001cdc4fdbc38]
Event: 41.159 Thread 0x000001cdd9a35000 9532       2       com.sun.org.apache.xerces.internal.impl.XMLEntityScanner::scanQName (502 bytes)
Event: 41.161 Thread 0x000001cdd9a35000 nmethod 9532 0x000001cdc4fdbd10 code [0x000001cdc4fdbfe0, 0x000001cdc4fdcaa8]
Event: 41.162 Thread 0x000001cdd9a35000 9533       2       com.sun.org.apache.xerces.internal.impl.XMLNSDocumentScannerImpl::next (39 bytes)
Event: 41.163 Thread 0x000001cdd9a35000 nmethod 9533 0x000001cdc4fdd290 code [0x000001cdc4fdd460, 0x000001cdc4fdd628]
Event: 41.163 Thread 0x000001cdd9a35000 9534       2       com.sun.org.apache.xerces.internal.impl.XMLDocumentFragmentScannerImpl::seekCloseOfStartTag (136 bytes)

GC Heap History (20 events):
Event: 16.988 GC heap before
{Heap before GC invocations=18 (full 0):
 garbage-first heap   total 110592K, used 80837K [0x0000000080000000, 0x0000000100000000)
  region size 1024K, 48 young (49152K), 6 survivors (6144K)
 Metaspace       used 51876K, capacity 53287K, committed 53372K, reserved 1095680K
  class space    used 6588K, capacity 7091K, committed 7168K, reserved 1048576K
}
Event: 17.015 GC heap after
{Heap after GC invocations=19 (full 0):
 garbage-first heap   total 110592K, used 42274K [0x0000000080000000, 0x0000000100000000)
  region size 1024K, 4 young (4096K), 4 survivors (4096K)
 Metaspace       used 51876K, capacity 53287K, committed 53372K, reserved 1095680K
  class space    used 6588K, capacity 7091K, committed 7168K, reserved 1048576K
}
Event: 18.722 GC heap before
{Heap before GC invocations=19 (full 0):
 garbage-first heap   total 110592K, used 81186K [0x0000000080000000, 0x0000000100000000)
  region size 1024K, 42 young (43008K), 4 survivors (4096K)
 Metaspace       used 58061K, capacity 59462K, committed 59772K, reserved 1101824K
  class space    used 7355K, capacity 7865K, committed 7936K, reserved 1048576K
}
Event: 18.742 GC heap after
{Heap after GC invocations=20 (full 0):
 garbage-first heap   total 134144K, used 44061K [0x0000000080000000, 0x0000000100000000)
  region size 1024K, 2 young (2048K), 2 survivors (2048K)
 Metaspace       used 58061K, capacity 59462K, committed 59772K, reserved 1101824K
  class space    used 7355K, capacity 7865K, committed 7936K, reserved 1048576K
}
Event: 18.852 GC heap before
{Heap before GC invocations=20 (full 0):
 garbage-first heap   total 134144K, used 47133K [0x0000000080000000, 0x0000000100000000)
  region size 1024K, 6 young (6144K), 2 survivors (2048K)
 Metaspace       used 58411K, capacity 59852K, committed 59940K, reserved 1101824K
  class space    used 7392K, capacity 7931K, committed 7936K, reserved 1048576K
}
Event: 18.864 GC heap after
{Heap after GC invocations=21 (full 0):
 garbage-first heap   total 134144K, used 44647K [0x0000000080000000, 0x0000000100000000)
  region size 1024K, 3 young (3072K), 3 survivors (3072K)
 Metaspace       used 58411K, capacity 59852K, committed 59940K, reserved 1101824K
  class space    used 7392K, capacity 7931K, committed 7936K, reserved 1048576K
}
Event: 20.614 GC heap before
{Heap before GC invocations=22 (full 0):
 garbage-first heap   total 134144K, used 87655K [0x0000000080000000, 0x0000000100000000)
  region size 1024K, 45 young (46080K), 3 survivors (3072K)
 Metaspace       used 62665K, capacity 64157K, committed 64368K, reserved 1105920K
  class space    used 7919K, capacity 8459K, committed 8524K, reserved 1048576K
}
Event: 20.637 GC heap after
{Heap after GC invocations=23 (full 0):
 garbage-first heap   total 134144K, used 49279K [0x0000000080000000, 0x0000000100000000)
  region size 1024K, 6 young (6144K), 6 survivors (6144K)
 Metaspace       used 62665K, capacity 64157K, committed 64368K, reserved 1105920K
  class space    used 7919K, capacity 8459K, committed 8524K, reserved 1048576K
}
Event: 22.017 GC heap before
{Heap before GC invocations=24 (full 0):
 garbage-first heap   total 134144K, used 92287K [0x0000000080000000, 0x0000000100000000)
  region size 1024K, 48 young (49152K), 6 survivors (6144K)
 Metaspace       used 64900K, capacity 66456K, committed 66800K, reserved 1107968K
  class space    used 8236K, capacity 8794K, committed 8908K, reserved 1048576K
}
Event: 22.052 GC heap after
{Heap after GC invocations=25 (full 0):
 garbage-first heap   total 134144K, used 51867K [0x0000000080000000, 0x0000000100000000)
  region size 1024K, 4 young (4096K), 4 survivors (4096K)
 Metaspace       used 64900K, capacity 66456K, committed 66800K, reserved 1107968K
  class space    used 8236K, capacity 8794K, committed 8908K, reserved 1048576K
}
Event: 23.908 GC heap before
{Heap before GC invocations=25 (full 0):
 garbage-first heap   total 134144K, used 95899K [0x0000000080000000, 0x0000000100000000)
  region size 1024K, 47 young (48128K), 4 survivors (4096K)
 Metaspace       used 69779K, capacity 71475K, committed 71664K, reserved 1112064K
  class space    used 9022K, capacity 9622K, committed 9676K, reserved 1048576K
}
Event: 23.936 GC heap after
{Heap after GC invocations=26 (full 0):
 garbage-first heap   total 161792K, used 54838K [0x0000000080000000, 0x0000000100000000)
  region size 1024K, 3 young (3072K), 3 survivors (3072K)
 Metaspace       used 69779K, capacity 71475K, committed 71664K, reserved 1112064K
  class space    used 9022K, capacity 9622K, committed 9676K, reserved 1048576K
}
Event: 29.706 GC heap before
{Heap before GC invocations=26 (full 0):
 garbage-first heap   total 161792K, used 109110K [0x0000000080000000, 0x0000000100000000)
  region size 1024K, 56 young (57344K), 3 survivors (3072K)
 Metaspace       used 75830K, capacity 77636K, committed 77936K, reserved 1116160K
  class space    used 9856K, capacity 10505K, committed 10572K, reserved 1048576K
}
Event: 29.733 GC heap after
{Heap after GC invocations=27 (full 0):
 garbage-first heap   total 161792K, used 58031K [0x0000000080000000, 0x0000000100000000)
  region size 1024K, 6 young (6144K), 6 survivors (6144K)
 Metaspace       used 75830K, capacity 77636K, committed 77936K, reserved 1116160K
  class space    used 9856K, capacity 10505K, committed 10572K, reserved 1048576K
}
Event: 35.151 GC heap before
{Heap before GC invocations=27 (full 0):
 garbage-first heap   total 161792K, used 114351K [0x0000000080000000, 0x0000000100000000)
  region size 1024K, 62 young (63488K), 6 survivors (6144K)
 Metaspace       used 78850K, capacity 80811K, committed 81008K, reserved 1120256K
  class space    used 10284K, capacity 10998K, committed 11084K, reserved 1048576K
}
Event: 35.195 GC heap after
{Heap after GC invocations=28 (full 0):
 garbage-first heap   total 161792K, used 62417K [0x0000000080000000, 0x0000000100000000)
  region size 1024K, 8 young (8192K), 8 survivors (8192K)
 Metaspace       used 78850K, capacity 80811K, committed 81008K, reserved 1120256K
  class space    used 10284K, capacity 10998K, committed 11084K, reserved 1048576K
}
Event: 38.953 GC heap before
{Heap before GC invocations=28 (full 0):
 garbage-first heap   total 161792K, used 118737K [0x0000000080000000, 0x0000000100000000)
  region size 1024K, 64 young (65536K), 8 survivors (8192K)
 Metaspace       used 81015K, capacity 82988K, committed 83184K, reserved 1122304K
  class space    used 10472K, capacity 11198K, committed 11212K, reserved 1048576K
}
Event: 38.993 GC heap after
{Heap after GC invocations=29 (full 0):
 garbage-first heap   total 161792K, used 66392K [0x0000000080000000, 0x0000000100000000)
  region size 1024K, 8 young (8192K), 8 survivors (8192K)
 Metaspace       used 81015K, capacity 82988K, committed 83184K, reserved 1122304K
  class space    used 10472K, capacity 11198K, committed 11212K, reserved 1048576K
}
Event: 40.942 GC heap before
{Heap before GC invocations=29 (full 0):
 garbage-first heap   total 161792K, used 126808K [0x0000000080000000, 0x0000000100000000)
  region size 1024K, 65 young (66560K), 8 survivors (8192K)
 Metaspace       used 81208K, capacity 83180K, committed 83440K, reserved 1122304K
  class space    used 10473K, capacity 11198K, committed 11212K, reserved 1048576K
}
Event: 41.021 GC heap after
{Heap after GC invocations=30 (full 0):
 garbage-first heap   total 194560K, used 84992K [0x0000000080000000, 0x0000000100000000)
  region size 1024K, 9 young (9216K), 9 survivors (9216K)
 Metaspace       used 81208K, capacity 83180K, committed 83440K, reserved 1122304K
  class space    used 10473K, capacity 11198K, committed 11212K, reserved 1048576K
}

Deoptimization events (20 events):
Event: 40.396 Thread 0x000001cde1094000 Uncommon trap: trap_request=0xffffffc6 fr.pc=0x000001cdcb5649dc relative=0x000000000000047c
Event: 40.396 Thread 0x000001cde1094000 Uncommon trap: reason=bimorphic_or_optimized_type_check action=maybe_recompile pc=0x000001cdcb5649dc method=org.apache.xerces.dom.NamedNodeMapImpl.findNamePoint(Ljava/lang/String;I)I @ 50 c2
Event: 40.396 Thread 0x000001cde1094000 DEOPT PACKING pc=0x000001cdcb5649dc sp=0x00000065f61f99b0
Event: 40.396 Thread 0x000001cde1094000 DEOPT UNPACKING pc=0x000001cdc3616ca9 sp=0x00000065f61f9958 mode 2
Event: 40.399 Thread 0x000001cde1094000 Uncommon trap: trap_request=0xffffff4d fr.pc=0x000001cdcb576630 relative=0x0000000000000910
Event: 40.399 Thread 0x000001cde1094000 Uncommon trap: reason=unstable_if action=reinterpret pc=0x000001cdcb576630 method=org.apache.xerces.impl.XMLNSDocumentScannerImpl.scanAttribute(Lorg/apache/xerces/util/XMLAttributesImpl;)V @ 276 c2
Event: 40.399 Thread 0x000001cde1094000 DEOPT PACKING pc=0x000001cdcb576630 sp=0x00000065f61f9d10
Event: 40.399 Thread 0x000001cde1094000 DEOPT UNPACKING pc=0x000001cdc3616ca9 sp=0x00000065f61f9cc8 mode 2
Event: 40.406 Thread 0x000001cde1094000 Uncommon trap: trap_request=0xffffff4d fr.pc=0x000001cdcb556f0c relative=0x000000000000066c
Event: 40.406 Thread 0x000001cde1094000 Uncommon trap: reason=unstable_if action=reinterpret pc=0x000001cdcb556f0c method=org.apache.xerces.impl.XMLEntityScanner.scanLiteral(ILorg/apache/xerces/xni/XMLString;)I @ 606 c2
Event: 40.406 Thread 0x000001cde1094000 DEOPT PACKING pc=0x000001cdcb556f0c sp=0x00000065f61f9b30
Event: 40.406 Thread 0x000001cde1094000 DEOPT UNPACKING pc=0x000001cdc3616ca9 sp=0x00000065f61f9ab8 mode 2
Event: 40.406 Thread 0x000001cde1094000 Uncommon trap: trap_request=0xffffff4d fr.pc=0x000001cdcb56e144 relative=0x00000000000012e4
Event: 40.406 Thread 0x000001cde1094000 Uncommon trap: reason=unstable_if action=reinterpret pc=0x000001cdcb56e144 method=org.apache.xerces.impl.XMLScanner.scanAttributeValue(Lorg/apache/xerces/xni/XMLString;Lorg/apache/xerces/xni/XMLString;Ljava/lang/String;ZLjava/lang/String;)Z @ 642 c2
Event: 40.406 Thread 0x000001cde1094000 DEOPT PACKING pc=0x000001cdcb56e144 sp=0x00000065f61f9b90
Event: 40.406 Thread 0x000001cde1094000 DEOPT UNPACKING pc=0x000001cdc3616ca9 sp=0x00000065f61f9b30 mode 2
Event: 41.109 Thread 0x000001cde1094000 Uncommon trap: trap_request=0xffffffde fr.pc=0x000001cdcb50b258 relative=0x00000000000000b8
Event: 41.109 Thread 0x000001cde1094000 Uncommon trap: reason=class_check action=maybe_recompile pc=0x000001cdcb50b258 method=java.util.RegularEnumSet.contains(Ljava/lang/Object;)Z @ 38 c2
Event: 41.109 Thread 0x000001cde1094000 DEOPT PACKING pc=0x000001cdcb50b258 sp=0x00000065f61fa750
Event: 41.109 Thread 0x000001cde1094000 DEOPT UNPACKING pc=0x000001cdc3616ca9 sp=0x00000065f61fa6d8 mode 2

Classes redefined (0 events):
No events

Internal exceptions (20 events):
Event: 28.464 Thread 0x000001cddbd53000 Exception <a 'sun/nio/fs/WindowsException'{0x0000000086e53bd0}> (0x0000000086e53bd0) thrown at [./src/hotspot/share/prims/jni.cpp, line 615]
Event: 28.465 Thread 0x000001cddbd53000 Exception <a 'sun/nio/fs/WindowsException'{0x0000000086e54ce8}> (0x0000000086e54ce8) thrown at [./src/hotspot/share/prims/jni.cpp, line 615]
Event: 28.465 Thread 0x000001cddbd53000 Exception <a 'sun/nio/fs/WindowsException'{0x0000000086e55e38}> (0x0000000086e55e38) thrown at [./src/hotspot/share/prims/jni.cpp, line 615]
Event: 28.465 Thread 0x000001cddbd53000 Exception <a 'sun/nio/fs/WindowsException'{0x0000000086e56f88}> (0x0000000086e56f88) thrown at [./src/hotspot/share/prims/jni.cpp, line 615]
Event: 29.753 Thread 0x000001cddbd53000 Exception <a 'java/lang/NoSuchMethodError'{0x0000000089db23d0}: 'java.lang.Object java.lang.invoke.Invokers$Holder.linkToTargetMethod(java.lang.Object, int, int, java.lang.Object)'> (0x0000000089db23d0) thrown at [./src/hotspot/share/interpreter/linkResolver.cpp, line 773]
Event: 31.567 Thread 0x000001cddafd2000 Exception <a 'java/lang/NoSuchMethodError'{0x00000000891085e0}: <clinit>> (0x00000000891085e0) thrown at [./src/hotspot/share/prims/jni.cpp, line 1362]
Event: 31.568 Thread 0x000001cddafd2000 Exception <a 'java/lang/NoSuchMethodError'{0x0000000089113f40}: <clinit>> (0x0000000089113f40) thrown at [./src/hotspot/share/prims/jni.cpp, line 1362]
Event: 31.593 Thread 0x000001cddafd2000 Exception <a 'java/lang/NoSuchMethodError'{0x0000000089120aa0}: <clinit>> (0x0000000089120aa0) thrown at [./src/hotspot/share/prims/jni.cpp, line 1362]
Event: 31.595 Thread 0x000001cddafd2000 Exception <a 'java/lang/NoSuchMethodError'{0x0000000089134dc8}: <clinit>> (0x0000000089134dc8) thrown at [./src/hotspot/share/prims/jni.cpp, line 1362]
Event: 31.595 Thread 0x000001cddafd2000 Exception <a 'java/lang/NoSuchMethodError'{0x0000000089136540}: <clinit>> (0x0000000089136540) thrown at [./src/hotspot/share/prims/jni.cpp, line 1362]
Event: 31.745 Thread 0x000001cde1091000 Exception <a 'java/lang/NoSuchMethodError'{0x00000000890d7758}: <clinit>> (0x00000000890d7758) thrown at [./src/hotspot/share/prims/jni.cpp, line 1362]
Event: 31.887 Thread 0x000001cde1091000 Exception <a 'java/lang/NoSuchMethodError'{0x00000000890ebb40}: <clinit>> (0x00000000890ebb40) thrown at [./src/hotspot/share/prims/jni.cpp, line 1362]
Event: 31.900 Thread 0x000001cde1091000 Exception <a 'java/lang/NoSuchMethodError'{0x0000000088fae390}: <clinit>> (0x0000000088fae390) thrown at [./src/hotspot/share/prims/jni.cpp, line 1362]
Event: 32.109 Thread 0x000001cddafd2000 Exception <a 'java/lang/NoSuchMethodError'{0x0000000088c3a488}: <clinit>> (0x0000000088c3a488) thrown at [./src/hotspot/share/prims/jni.cpp, line 1362]
Event: 32.302 Thread 0x000001cde1094000 Exception <a 'java/lang/NoSuchMethodError'{0x0000000088b2f448}: 'java.lang.Object java.lang.invoke.Invokers$Holder.linkToTargetMethod(java.lang.Object, java.lang.Object, java.lang.Object, int, java.lang.Object, java.lang.Object)'> (0x0000000088b2f448) thrown at [./src/hotspot/share/interpreter/linkResolver.cpp, line 773]
Event: 32.324 Thread 0x000001cde1094000 Exception <a 'java/lang/IncompatibleClassChangeError'{0x0000000088b909f8}: Found class java.lang.Object, but interface was expected> (0x0000000088b909f8) thrown at [./src/hotspot/share/interpreter/linkResolver.cpp, line 839]
Event: 32.373 Thread 0x000001cde1094000 Exception <a 'java/lang/NoSuchMethodError'{0x000000008895ef38}: 'int java.lang.invoke.DirectMethodHandle$Holder.invokeStaticInit(java.lang.Object, java.lang.Object, java.lang.Object, java.lang.Object, java.lang.Object)'> (0x000000008895ef38) thrown at [./src/hotspot/share/interpreter/linkResolver.cpp, line 773]
Event: 33.781 Thread 0x000001cdde4b7800 Exception <a 'java/lang/NoSuchMethodError'{0x0000000087dcbec0}: 'java.lang.Object java.lang.invoke.DirectMethodHandle$Holder.invokeSpecialIFC(java.lang.Object, java.lang.Object, java.lang.Object)'> (0x0000000087dcbec0) thrown at [./src/hotspot/share/interpreter/linkResolver.cpp, line 773]
Event: 34.844 Thread 0x000001cdde4b7800 Exception <a 'java/lang/NoSuchMethodError'{0x0000000086db81e0}: 'void java.lang.invoke.DirectMethodHandle$Holder.invokeVirtual(java.lang.Object, java.lang.Object)'> (0x0000000086db81e0) thrown at [./src/hotspot/share/interpreter/linkResolver.cpp, line 773]
Event: 40.377 Thread 0x000001cde1094000 Implicit null exception at 0x000001cdcb565075 to 0x000001cdcb5652bc

Events (20 events):
Event: 41.127 loading class javax/xml/stream/XMLInputFactory
Event: 41.127 loading class javax/xml/stream/XMLInputFactory done
Event: 41.128 loading class javax/xml/stream/FactoryFinder
Event: 41.128 loading class javax/xml/stream/FactoryFinder done
Event: 41.132 loading class javax/xml/stream/FactoryFinder$1
Event: 41.132 loading class javax/xml/stream/FactoryFinder$1 done
Event: 41.133 loading class com/sun/xml/internal/stream/XMLInputFactoryImpl
Event: 41.133 loading class com/sun/xml/internal/stream/XMLInputFactoryImpl done
Event: 41.134 loading class com/sun/org/apache/xerces/internal/impl/PropertyManager
Event: 41.134 loading class com/sun/org/apache/xerces/internal/impl/PropertyManager done
Event: 41.135 loading class com/sun/org/apache/xerces/internal/impl/XMLStreamReaderImpl
Event: 41.136 loading class javax/xml/stream/XMLStreamReader
Event: 41.136 loading class javax/xml/stream/XMLStreamConstants
Event: 41.136 loading class javax/xml/stream/XMLStreamConstants done
Event: 41.136 loading class javax/xml/stream/XMLStreamReader done
Event: 41.136 loading class com/sun/org/apache/xerces/internal/impl/XMLStreamReaderImpl done
Event: 41.136 loading class com/sun/org/apache/xerces/internal/util/NamespaceContextWrapper
Event: 41.137 loading class com/sun/org/apache/xerces/internal/util/NamespaceContextWrapper done
Event: 41.137 loading class com/sun/xml/internal/stream/StaxErrorReporter
Event: 41.137 loading class com/sun/xml/internal/stream/StaxErrorReporter done


Dynamic libraries:
0x00007ff6be780000 - 0x00007ff6be78a000 	C:\Program Files\Android\Android Studio\jre\bin\java.exe
0x00007ffeddd10000 - 0x00007ffeddf08000 	C:\windows\SYSTEM32\ntdll.dll
0x00007ffeddc10000 - 0x00007ffeddccd000 	C:\windows\System32\KERNEL32.DLL
0x00007ffedb8c0000 - 0x00007ffedbb92000 	C:\windows\System32\KERNELBASE.dll
0x00007ffedb660000 - 0x00007ffedb760000 	C:\windows\System32\ucrtbase.dll
0x00007ffed7cb0000 - 0x00007ffed7cc9000 	C:\Program Files\Android\Android Studio\jre\bin\jli.dll
0x00007ffed3d40000 - 0x00007ffed3d57000 	C:\Program Files\Android\Android Studio\jre\bin\VCRUNTIME140.dll
0x00007ffedc600000 - 0x00007ffedc79d000 	C:\windows\System32\USER32.dll
0x00007ffec0a30000 - 0x00007ffec0cca000 	C:\windows\WinSxS\amd64_microsoft.windows.common-controls_6595b64144ccf1df_6.0.19041.1110_none_60b5254171f9507e\COMCTL32.dll
0x00007ffedbd40000 - 0x00007ffedbd62000 	C:\windows\System32\win32u.dll
0x00007ffedd3c0000 - 0x00007ffedd45e000 	C:\windows\System32\msvcrt.dll
0x00007ffedc1e0000 - 0x00007ffedc20b000 	C:\windows\System32\GDI32.dll
0x00007ffedbc30000 - 0x00007ffedbd3f000 	C:\windows\System32\gdi32full.dll
0x00007ffedb520000 - 0x00007ffedb5bd000 	C:\windows\System32\msvcp_win.dll
0x00007ffedc7a0000 - 0x00007ffedc7d0000 	C:\windows\System32\IMM32.DLL
0x00007ffec1080000 - 0x00007ffec111d000 	C:\Program Files\Android\Android Studio\jre\bin\msvcp140.dll
0x00007ffe6e300000 - 0x00007ffe6edcf000 	C:\Program Files\Android\Android Studio\jre\bin\server\jvm.dll
0x00007ffedc2f0000 - 0x00007ffedc39e000 	C:\windows\System32\ADVAPI32.dll
0x00007ffedc7e0000 - 0x00007ffedc87c000 	C:\windows\System32\sechost.dll
0x00007ffedc890000 - 0x00007ffedc9b5000 	C:\windows\System32\RPCRT4.dll
0x00007ffedc7d0000 - 0x00007ffedc7d8000 	C:\windows\System32\PSAPI.DLL
0x00007ffed7c90000 - 0x00007ffed7c99000 	C:\windows\SYSTEM32\WSOCK32.dll
0x00007ffedd280000 - 0x00007ffedd2eb000 	C:\windows\System32\WS2_32.dll
0x00007ffeb87f0000 - 0x00007ffeb8817000 	C:\windows\SYSTEM32\WINMM.dll
0x00007ffed0030000 - 0x00007ffed003a000 	C:\windows\SYSTEM32\VERSION.dll
0x00007ffed9c70000 - 0x00007ffed9c82000 	C:\windows\SYSTEM32\kernel.appcore.dll
0x00007ffed7c70000 - 0x00007ffed7c81000 	C:\Program Files\Android\Android Studio\jre\bin\verify.dll
0x00007ffed9990000 - 0x00007ffed9b74000 	C:\windows\SYSTEM32\DBGHELP.DLL
0x00007ffebbad0000 - 0x00007ffebbafc000 	C:\windows\SYSTEM32\dbgcore.DLL
0x00007ffedbba0000 - 0x00007ffedbc22000 	C:\windows\System32\bcryptPrimitives.dll
0x00007ffed7360000 - 0x00007ffed7389000 	C:\Program Files\Android\Android Studio\jre\bin\java.dll
0x00007ffed7350000 - 0x00007ffed735b000 	C:\Program Files\Android\Android Studio\jre\bin\jimage.dll
0x00007ffed5f20000 - 0x00007ffed5f38000 	C:\Program Files\Android\Android Studio\jre\bin\zip.dll
0x00007ffedd460000 - 0x00007ffeddba3000 	C:\windows\System32\SHELL32.dll
0x00007ffed9120000 - 0x00007ffed98b1000 	C:\windows\SYSTEM32\windows.storage.dll
0x00007ffedcf20000 - 0x00007ffedd274000 	C:\windows\System32\combase.dll
0x00007ffedada0000 - 0x00007ffedadd0000 	C:\windows\SYSTEM32\Wldp.dll
0x00007ffedc550000 - 0x00007ffedc5fd000 	C:\windows\System32\SHCORE.dll
0x00007ffedcaf0000 - 0x00007ffedcb45000 	C:\windows\System32\shlwapi.dll
0x00007ffedb360000 - 0x00007ffedb37f000 	C:\windows\SYSTEM32\profapi.dll
0x00007ffed5950000 - 0x00007ffed596a000 	C:\Program Files\Android\Android Studio\jre\bin\net.dll
0x00007ffec0920000 - 0x00007ffec0a2d000 	C:\windows\SYSTEM32\WINHTTP.dll
0x00007ffedab00000 - 0x00007ffedab6a000 	C:\windows\system32\mswsock.dll
0x00007ffed5240000 - 0x00007ffed5254000 	C:\Program Files\Android\Android Studio\jre\bin\nio.dll
0x00007ffec1610000 - 0x00007ffec1637000 	C:\Users\sander kerby\.gradle\native\8bec1ad78214c89d9ad589b4d07fe93259594b29d510b10fafb7a158f7737e5d\windows-amd64\native-platform.dll
0x00007ffeb93e0000 - 0x00007ffeb951d000 	C:\Users\sander kerby\.gradle\native\53dbd7edfb1c66fb8903c78663c9afc45aea4f116125fa6feffd364cf09443e8\windows-amd64\native-platform-file-events.dll
0x00007ffed7340000 - 0x00007ffed734a000 	C:\Program Files\Android\Android Studio\jre\bin\management.dll
0x00007ffed61e0000 - 0x00007ffed61ec000 	C:\Program Files\Android\Android Studio\jre\bin\management_ext.dll
0x00007ffedad00000 - 0x00007ffedad18000 	C:\windows\SYSTEM32\CRYPTSP.dll
0x00007ffeda420000 - 0x00007ffeda454000 	C:\windows\system32\rsaenh.dll
0x00007ffedb630000 - 0x00007ffedb657000 	C:\windows\System32\bcrypt.dll
0x00007ffedb2e0000 - 0x00007ffedb30e000 	C:\windows\SYSTEM32\USERENV.dll
0x00007ffedacf0000 - 0x00007ffedacfc000 	C:\windows\SYSTEM32\CRYPTBASE.dll
0x00007ffeda7f0000 - 0x00007ffeda82b000 	C:\windows\SYSTEM32\IPHLPAPI.DLL
0x00007ffedc880000 - 0x00007ffedc888000 	C:\windows\System32\NSI.dll
0x00007ffecb660000 - 0x00007ffecb677000 	C:\windows\SYSTEM32\dhcpcsvc6.DLL
0x00007ffecfe60000 - 0x00007ffecfe7d000 	C:\windows\SYSTEM32\dhcpcsvc.DLL
0x00007ffeda830000 - 0x00007ffeda8fa000 	C:\windows\SYSTEM32\DNSAPI.dll

dbghelp: loaded successfully - version: 4.0.5 - missing functions: none
symbol engine: initialized successfully - sym options: 0x614 - pdb path: .;C:\Program Files\Android\Android Studio\jre\bin;C:\windows\SYSTEM32;C:\windows\WinSxS\amd64_microsoft.windows.common-controls_6595b64144ccf1df_6.0.19041.1110_none_60b5254171f9507e;C:\Program Files\Android\Android Studio\jre\bin\server;C:\Users\sander kerby\.gradle\native\8bec1ad78214c89d9ad589b4d07fe93259594b29d510b10fafb7a158f7737e5d\windows-amd64;C:\Users\sander kerby\.gradle\native\53dbd7edfb1c66fb8903c78663c9afc45aea4f116125fa6feffd364cf09443e8\windows-amd64

VM Arguments:
jvm_args: --add-opens=java.base/java.util=ALL-UNNAMED --add-opens=java.base/java.lang=ALL-UNNAMED --add-opens=java.base/java.lang.invoke=ALL-UNNAMED --add-opens=java.base/java.util=ALL-UNNAMED --add-opens=java.prefs/java.util.prefs=ALL-UNNAMED --add-opens=java.prefs/java.util.prefs=ALL-UNNAMED --add-opens=java.base/java.nio.charset=ALL-UNNAMED --add-opens=java.base/java.net=ALL-UNNAMED --add-opens=java.base/java.util.concurrent.atomic=ALL-UNNAMED -Xmx2048m -Dfile.encoding=UTF-8 -Duser.country=US -Duser.language=en -Duser.variant 
java_command: org.gradle.launcher.daemon.bootstrap.GradleDaemon 7.0.2
java_class_path (initial): C:\Users\sander kerby\.gradle\wrapper\dists\gradle-7.0.2-bin\857tjihv64xamwrf0h14cai3r\gradle-7.0.2\lib\gradle-launcher-7.0.2.jar
Launcher Type: SUN_STANDARD

[Global flags]
     intx CICompilerCount                          = 2                                         {product} {ergonomic}
     uint ConcGCThreads                            = 1                                         {product} {ergonomic}
     uint G1ConcRefinementThreads                  = 2                                         {product} {ergonomic}
   size_t G1HeapRegionSize                         = 1048576                                   {product} {ergonomic}
    uintx GCDrainStackTargetSize                   = 64                                        {product} {ergonomic}
   size_t InitialHeapSize                          = 65011712                                  {product} {ergonomic}
   size_t MarkStackSize                            = 4194304                                   {product} {ergonomic}
   size_t MaxHeapSize                              = 2147483648                                {product} {command line}
   size_t MaxNewSize                               = 1287651328                                {product} {ergonomic}
   size_t MinHeapDeltaBytes                        = 1048576                                   {product} {ergonomic}
    uintx NonNMethodCodeHeapSize                   = 5825164                                {pd product} {ergonomic}
    uintx NonProfiledCodeHeapSize                  = 122916538                              {pd product} {ergonomic}
    uintx ProfiledCodeHeapSize                     = 122916538                              {pd product} {ergonomic}
    uintx ReservedCodeCacheSize                    = 251658240                              {pd product} {ergonomic}
     bool SegmentedCodeCache                       = true                                      {product} {ergonomic}
     bool UseCompressedClassPointers               = true                                 {lp64_product} {ergonomic}
     bool UseCompressedOops                        = true                                 {lp64_product} {ergonomic}
     bool UseG1GC                                  = true                                      {product} {ergonomic}
     bool UseLargePagesIndividualAllocation        = false                                  {pd product} {ergonomic}

Logging:
Log output configuration:
 #0: stdout all=warning uptime,level,tags
 #1: stderr all=off uptime,level,tags

Environment Variables:
JAVA_HOME=C:\Program Files\Java\jdk-16.0.2
PATH=C:\Program Files\Common Files\Oracle\Java\javapath;C:\app\sanderkerby\product\11.2.0\dbhome_1\bin;C:\windows\system32;C:\windows;C:\windows\System32\Wbem;C:\windows\System32\WindowsPowerShell\v1.0\;C:\windows\System32\OpenSSH\;C:\Windows\System32;C:\Program Files\Java\jdk-16.0.2\bin;C:\Program Files\Git\cmd;C:\Users\sander kerby\AppData\Local\Programs\Python\Python38;C:\Users\sander kerby\AppData\Local\Programs\Python\Python38\Scripts;C:\Users\sander kerby\AppData\Roaming\npm\yarn.ps1;C:\Users\sander kerby\AppData\Local\Microsoft\WindowsApps;C:\Program Files\JetBrains\PyCharm Community Edition 2021.1.3\bin;;C:\Windows\System32;D:\tout\cours pour 2022\php-8.1.2-nts-Win32-vs16-x64;C:\Users\sander kerby\AppData\Local\Programs\Python\Python38;C:\Users\sander kerby\AppData\Local\Programs\Python\Python38\Scripts;E:\tout\VS CODE\Microsoft VS Code\bin;C:\Users\sander kerby\AppData\Roaming\npm\node_modules\yarn;C:\Users\sander kerby\AppData\Roaming\npm\yarn.ps1;E:\tout\nodejs
USERNAME=sander kerby
OS=Windows_NT
PROCESSOR_IDENTIFIER=Intel64 Family 6 Model 122 Stepping 8, GenuineIntel



---------------  S Y S T E M  ---------------

OS: Windows 10 , 64 bit Build 19041 (10.0.19041.1889)
OS uptime: 0 days 1:52 hours

CPU:total 2 (initial active 2) (2 cores per cpu, 1 threads per core) family 6 model 122 stepping 8 microcode 0x1c, cmov, cx8, fxsr, mmx, sse, sse2, sse3, ssse3, sse4.1, sse4.2, popcnt, aes, clmul, erms, 3dnowpref, tsc, tscinvbit, sha

Memory: 4k page, system-wide physical 3912M (296M free)
TotalPageFile size 5494M (AvailPageFile size 4M)
current process WorkingSet (physical memory assigned to process): 374M, peak: 375M
current process commit charge ("private bytes"): 435M, peak: 436M

vm_info: OpenJDK 64-Bit Server VM (11.0.10+0-b96-7249189) for windows-amd64 JRE (11.0.10+0-b96-7249189), built on Mar 31 2021 21:44:00 by "builder" with MS VC++ 14.0 (VS2015)

END.
